[0.024s] Invoking command in '/home/r/ros2_ws/build/bringup': CMAKE_PREFIX_PATH=/home/r/ros2_ws/install/robot_description:/home/r/ros2_ws/install/bringup:/home/r/lidar_ws/install/sllidar_ros2:/opt/ros/humble /usr/bin/cmake --build /home/r/ros2_ws/build/bringup -- -j2 -l2
[0.130s] Invoked command in '/home/r/ros2_ws/build/bringup' returned '0': CMAKE_PREFIX_PATH=/home/r/ros2_ws/install/robot_description:/home/r/ros2_ws/install/bringup:/home/r/lidar_ws/install/sllidar_ros2:/opt/ros/humble /usr/bin/cmake --build /home/r/ros2_ws/build/bringup -- -j2 -l2
[0.225s] Invoking command in '/home/r/ros2_ws/build/bringup': CMAKE_PREFIX_PATH=/home/r/ros2_ws/install/robot_description:/home/r/ros2_ws/install/bringup:/home/r/lidar_ws/install/sllidar_ros2:/opt/ros/humble /usr/bin/cmake --install /home/r/ros2_ws/build/bringup
[0.247s] -- Install configuration: ""
[0.248s] -- Up-to-date: /home/r/ros2_ws/install/bringup/share/bringup/launch
[0.248s] -- Up-to-date: /home/r/ros2_ws/install/bringup/share/bringup/launch/rviz.launch.py
[0.248s] -- Up-to-date: /home/r/ros2_ws/install/bringup/share/bringup/launch/robot_state_publisher.launch.py
[0.248s] -- Installing: /home/r/ros2_ws/install/bringup/share/bringup/launch/robot.launch.py
[0.249s] -- Up-to-date: /home/r/ros2_ws/install/bringup/share/ament_index/resource_index/package_run_dependencies/bringup
[0.249s] -- Up-to-date: /home/r/ros2_ws/install/bringup/share/ament_index/resource_index/parent_prefix_path/bringup
[0.249s] -- Up-to-date: /home/r/ros2_ws/install/bringup/share/bringup/environment/ament_prefix_path.sh
[0.250s] -- Up-to-date: /home/r/ros2_ws/install/bringup/share/bringup/environment/ament_prefix_path.dsv
[0.250s] -- Up-to-date: /home/r/ros2_ws/install/bringup/share/bringup/environment/path.sh
[0.250s] -- Up-to-date: /home/r/ros2_ws/install/bringup/share/bringup/environment/path.dsv
[0.250s] -- Up-to-date: /home/r/ros2_ws/install/bringup/share/bringup/local_setup.bash
[0.251s] -- Up-to-date: /home/r/ros2_ws/install/bringup/share/bringup/local_setup.sh
[0.251s] -- Up-to-date: /home/r/ros2_ws/install/bringup/share/bringup/local_setup.zsh
[0.252s] -- Up-to-date: /home/r/ros2_ws/install/bringup/share/bringup/local_setup.dsv
[0.252s] -- Installing: /home/r/ros2_ws/install/bringup/share/bringup/package.dsv
[0.254s] -- Up-to-date: /home/r/ros2_ws/install/bringup/share/ament_index/resource_index/packages/bringup
[0.254s] -- Up-to-date: /home/r/ros2_ws/install/bringup/share/bringup/cmake/bringupConfig.cmake
[0.254s] -- Up-to-date: /home/r/ros2_ws/install/bringup/share/bringup/cmake/bringupConfig-version.cmake
[0.255s] -- Up-to-date: /home/r/ros2_ws/install/bringup/share/bringup/package.xml
[0.261s] Invoked command in '/home/r/ros2_ws/build/bringup' returned '0': CMAKE_PREFIX_PATH=/home/r/ros2_ws/install/robot_description:/home/r/ros2_ws/install/bringup:/home/r/lidar_ws/install/sllidar_ros2:/opt/ros/humble /usr/bin/cmake --install /home/r/ros2_ws/build/bringup
