[0.449s] DEBUG:colcon:Command line arguments: ['/usr/bin/colcon', 'build', '--packages-select', 'bringup', 'robot_description', 'robot_navigation', 'robot_node1']
[0.449s] DEBUG:colcon:Parsed command line arguments: Namespace(log_base=None, log_level=None, verb_name='build', build_base='build', install_base='install', merge_install=False, symlink_install=False, test_result_base=None, continue_on_error=False, executor='parallel', parallel_workers=4, event_handlers=None, ignore_user_meta=False, metas=['./colcon.meta'], base_paths=['.'], packages_ignore=None, packages_ignore_regex=None, paths=None, packages_up_to=None, packages_up_to_regex=None, packages_above=None, packages_above_and_dependencies=None, packages_above_depth=None, packages_select_by_dep=None, packages_skip_by_dep=None, packages_skip_up_to=None, packages_select_build_failed=False, packages_skip_build_finished=False, packages_select_test_failures=False, packages_skip_test_passed=False, packages_select=['bringup', 'robot_description', 'robot_navigation', 'robot_node1'], packages_skip=None, packages_select_regex=None, packages_skip_regex=None, packages_start=None, packages_end=None, allow_overriding=[], cmake_args=None, cmake_target=None, cmake_target_skip_unavailable=False, cmake_clean_cache=False, cmake_clean_first=False, cmake_force_configure=False, ament_cmake_args=None, catkin_cmake_args=None, catkin_skip_building_tests=False, verb_parser=<colcon_defaults.argument_parser.defaults.DefaultArgumentsDecorator object at 0xffff9c6d8130>, verb_extension=<colcon_core.verb.build.BuildVerb object at 0xffff9c810d60>, main=<bound method BuildVerb.main of <colcon_core.verb.build.BuildVerb object at 0xffff9c810d60>>)
[1.214s] Level 1:colcon.colcon_core.package_discovery:discover_packages(colcon_meta) check parameters
[1.215s] Level 1:colcon.colcon_core.package_discovery:discover_packages(recursive) check parameters
[1.215s] Level 1:colcon.colcon_core.package_discovery:discover_packages(ignore) check parameters
[1.215s] Level 1:colcon.colcon_core.package_discovery:discover_packages(path) check parameters
[1.215s] Level 1:colcon.colcon_core.package_discovery:discover_packages(colcon_meta) discover
[1.216s] Level 1:colcon.colcon_core.package_discovery:discover_packages(recursive) discover
[1.216s] INFO:colcon.colcon_core.package_discovery:Crawling recursively for packages in '/home/hi/ros2_ws'
[1.216s] Level 1:colcon.colcon_core.package_identification:_identify(.) by extensions ['ignore', 'ignore_ament_install']
[1.217s] Level 1:colcon.colcon_core.package_identification:_identify(.) by extension 'ignore'
[1.217s] Level 1:colcon.colcon_core.package_identification:_identify(.) by extension 'ignore_ament_install'
[1.217s] Level 1:colcon.colcon_core.package_identification:_identify(.) by extensions ['colcon_pkg']
[1.217s] Level 1:colcon.colcon_core.package_identification:_identify(.) by extension 'colcon_pkg'
[1.217s] Level 1:colcon.colcon_core.package_identification:_identify(.) by extensions ['colcon_meta']
[1.217s] Level 1:colcon.colcon_core.package_identification:_identify(.) by extension 'colcon_meta'
[1.218s] Level 1:colcon.colcon_core.package_identification:_identify(.) by extensions ['ros']
[1.218s] Level 1:colcon.colcon_core.package_identification:_identify(.) by extension 'ros'
[1.268s] Level 1:colcon.colcon_core.package_identification:_identify(.) by extensions ['cmake', 'python']
[1.269s] Level 1:colcon.colcon_core.package_identification:_identify(.) by extension 'cmake'
[1.269s] Level 1:colcon.colcon_core.package_identification:_identify(.) by extension 'python'
[1.269s] Level 1:colcon.colcon_core.package_identification:_identify(.) by extensions ['python_setup_py']
[1.269s] Level 1:colcon.colcon_core.package_identification:_identify(.) by extension 'python_setup_py'
[1.270s] Level 1:colcon.colcon_core.package_identification:_identify(build) by extensions ['ignore', 'ignore_ament_install']
[1.270s] Level 1:colcon.colcon_core.package_identification:_identify(build) by extension 'ignore'
[1.270s] Level 1:colcon.colcon_core.package_identification:_identify(build) ignored
[1.271s] Level 1:colcon.colcon_core.package_identification:_identify(install) by extensions ['ignore', 'ignore_ament_install']
[1.271s] Level 1:colcon.colcon_core.package_identification:_identify(install) by extension 'ignore'
[1.271s] Level 1:colcon.colcon_core.package_identification:_identify(install) ignored
[1.272s] Level 1:colcon.colcon_core.package_identification:_identify(log) by extensions ['ignore', 'ignore_ament_install']
[1.272s] Level 1:colcon.colcon_core.package_identification:_identify(log) by extension 'ignore'
[1.272s] Level 1:colcon.colcon_core.package_identification:_identify(log) ignored
[1.273s] Level 1:colcon.colcon_core.package_identification:_identify(src) by extensions ['ignore', 'ignore_ament_install']
[1.273s] Level 1:colcon.colcon_core.package_identification:_identify(src) by extension 'ignore'
[1.273s] Level 1:colcon.colcon_core.package_identification:_identify(src) by extension 'ignore_ament_install'
[1.274s] Level 1:colcon.colcon_core.package_identification:_identify(src) by extensions ['colcon_pkg']
[1.274s] Level 1:colcon.colcon_core.package_identification:_identify(src) by extension 'colcon_pkg'
[1.274s] Level 1:colcon.colcon_core.package_identification:_identify(src) by extensions ['colcon_meta']
[1.274s] Level 1:colcon.colcon_core.package_identification:_identify(src) by extension 'colcon_meta'
[1.274s] Level 1:colcon.colcon_core.package_identification:_identify(src) by extensions ['ros']
[1.274s] Level 1:colcon.colcon_core.package_identification:_identify(src) by extension 'ros'
[1.275s] Level 1:colcon.colcon_core.package_identification:_identify(src) by extensions ['cmake', 'python']
[1.275s] Level 1:colcon.colcon_core.package_identification:_identify(src) by extension 'cmake'
[1.275s] Level 1:colcon.colcon_core.package_identification:_identify(src) by extension 'python'
[1.275s] Level 1:colcon.colcon_core.package_identification:_identify(src) by extensions ['python_setup_py']
[1.275s] Level 1:colcon.colcon_core.package_identification:_identify(src) by extension 'python_setup_py'
[1.276s] Level 1:colcon.colcon_core.package_identification:_identify(src/bringup) by extensions ['ignore', 'ignore_ament_install']
[1.276s] Level 1:colcon.colcon_core.package_identification:_identify(src/bringup) by extension 'ignore'
[1.276s] Level 1:colcon.colcon_core.package_identification:_identify(src/bringup) by extension 'ignore_ament_install'
[1.276s] Level 1:colcon.colcon_core.package_identification:_identify(src/bringup) by extensions ['colcon_pkg']
[1.276s] Level 1:colcon.colcon_core.package_identification:_identify(src/bringup) by extension 'colcon_pkg'
[1.277s] Level 1:colcon.colcon_core.package_identification:_identify(src/bringup) by extensions ['colcon_meta']
[1.277s] Level 1:colcon.colcon_core.package_identification:_identify(src/bringup) by extension 'colcon_meta'
[1.277s] Level 1:colcon.colcon_core.package_identification:_identify(src/bringup) by extensions ['ros']
[1.277s] Level 1:colcon.colcon_core.package_identification:_identify(src/bringup) by extension 'ros'
[1.286s] DEBUG:colcon.colcon_core.package_identification:Package 'src/bringup' with type 'ros.ament_cmake' and name 'bringup'
[1.286s] Level 1:colcon.colcon_core.package_identification:_identify(src/robot_description) by extensions ['ignore', 'ignore_ament_install']
[1.287s] Level 1:colcon.colcon_core.package_identification:_identify(src/robot_description) by extension 'ignore'
[1.287s] Level 1:colcon.colcon_core.package_identification:_identify(src/robot_description) by extension 'ignore_ament_install'
[1.287s] Level 1:colcon.colcon_core.package_identification:_identify(src/robot_description) by extensions ['colcon_pkg']
[1.287s] Level 1:colcon.colcon_core.package_identification:_identify(src/robot_description) by extension 'colcon_pkg'
[1.287s] Level 1:colcon.colcon_core.package_identification:_identify(src/robot_description) by extensions ['colcon_meta']
[1.287s] Level 1:colcon.colcon_core.package_identification:_identify(src/robot_description) by extension 'colcon_meta'
[1.288s] Level 1:colcon.colcon_core.package_identification:_identify(src/robot_description) by extensions ['ros']
[1.288s] Level 1:colcon.colcon_core.package_identification:_identify(src/robot_description) by extension 'ros'
[1.290s] DEBUG:colcon.colcon_core.package_identification:Package 'src/robot_description' with type 'ros.ament_cmake' and name 'robot_description'
[1.291s] Level 1:colcon.colcon_core.package_identification:_identify(src/robot_navigation) by extensions ['ignore', 'ignore_ament_install']
[1.291s] Level 1:colcon.colcon_core.package_identification:_identify(src/robot_navigation) by extension 'ignore'
[1.291s] Level 1:colcon.colcon_core.package_identification:_identify(src/robot_navigation) by extension 'ignore_ament_install'
[1.292s] Level 1:colcon.colcon_core.package_identification:_identify(src/robot_navigation) by extensions ['colcon_pkg']
[1.292s] Level 1:colcon.colcon_core.package_identification:_identify(src/robot_navigation) by extension 'colcon_pkg'
[1.292s] Level 1:colcon.colcon_core.package_identification:_identify(src/robot_navigation) by extensions ['colcon_meta']
[1.292s] Level 1:colcon.colcon_core.package_identification:_identify(src/robot_navigation) by extension 'colcon_meta'
[1.292s] Level 1:colcon.colcon_core.package_identification:_identify(src/robot_navigation) by extensions ['ros']
[1.292s] Level 1:colcon.colcon_core.package_identification:_identify(src/robot_navigation) by extension 'ros'
[1.295s] DEBUG:colcon.colcon_core.package_identification:Package 'src/robot_navigation' with type 'ros.ament_cmake' and name 'robot_navigation'
[1.295s] Level 1:colcon.colcon_core.package_identification:_identify(src/robot_node1) by extensions ['ignore', 'ignore_ament_install']
[1.295s] Level 1:colcon.colcon_core.package_identification:_identify(src/robot_node1) by extension 'ignore'
[1.296s] Level 1:colcon.colcon_core.package_identification:_identify(src/robot_node1) by extension 'ignore_ament_install'
[1.296s] Level 1:colcon.colcon_core.package_identification:_identify(src/robot_node1) by extensions ['colcon_pkg']
[1.296s] Level 1:colcon.colcon_core.package_identification:_identify(src/robot_node1) by extension 'colcon_pkg'
[1.296s] Level 1:colcon.colcon_core.package_identification:_identify(src/robot_node1) by extensions ['colcon_meta']
[1.296s] Level 1:colcon.colcon_core.package_identification:_identify(src/robot_node1) by extension 'colcon_meta'
[1.297s] Level 1:colcon.colcon_core.package_identification:_identify(src/robot_node1) by extensions ['ros']
[1.297s] Level 1:colcon.colcon_core.package_identification:_identify(src/robot_node1) by extension 'ros'
[1.299s] DEBUG:colcon.colcon_core.package_identification:Package 'src/robot_node1' with type 'ros.ament_cmake' and name 'robot_node1'
[1.299s] Level 1:colcon.colcon_core.package_discovery:discover_packages(recursive) using defaults
[1.300s] Level 1:colcon.colcon_core.package_discovery:discover_packages(ignore) discover
[1.300s] Level 1:colcon.colcon_core.package_discovery:discover_packages(ignore) using defaults
[1.300s] Level 1:colcon.colcon_core.package_discovery:discover_packages(path) discover
[1.300s] Level 1:colcon.colcon_core.package_discovery:discover_packages(path) using defaults
[1.378s] Level 1:colcon.colcon_core.package_discovery:discover_packages(prefix_path) check parameters
[1.378s] Level 1:colcon.colcon_core.package_discovery:discover_packages(prefix_path) discover
[1.387s] DEBUG:colcon.colcon_installed_package_information.package_discovery:Found 1 installed packages in /home/hi/work_s/install
[1.389s] DEBUG:colcon.colcon_installed_package_information.package_discovery:Found 4 installed packages in /home/hi/ros2_ws/install
[1.399s] DEBUG:colcon.colcon_installed_package_information.package_discovery:Found 323 installed packages in /opt/ros/humble
[1.407s] Level 1:colcon.colcon_core.package_discovery:discover_packages(prefix_path) using defaults
[1.644s] Level 5:colcon.colcon_core.verb:set package 'robot_description' build argument 'cmake_args' from command line to 'None'
[1.644s] Level 5:colcon.colcon_core.verb:set package 'robot_description' build argument 'cmake_target' from command line to 'None'
[1.644s] Level 5:colcon.colcon_core.verb:set package 'robot_description' build argument 'cmake_target_skip_unavailable' from command line to 'False'
[1.644s] Level 5:colcon.colcon_core.verb:set package 'robot_description' build argument 'cmake_clean_cache' from command line to 'False'
[1.645s] Level 5:colcon.colcon_core.verb:set package 'robot_description' build argument 'cmake_clean_first' from command line to 'False'
[1.645s] Level 5:colcon.colcon_core.verb:set package 'robot_description' build argument 'cmake_force_configure' from command line to 'False'
[1.645s] Level 5:colcon.colcon_core.verb:set package 'robot_description' build argument 'ament_cmake_args' from command line to 'None'
[1.645s] Level 5:colcon.colcon_core.verb:set package 'robot_description' build argument 'catkin_cmake_args' from command line to 'None'
[1.645s] Level 5:colcon.colcon_core.verb:set package 'robot_description' build argument 'catkin_skip_building_tests' from command line to 'False'
[1.645s] DEBUG:colcon.colcon_core.verb:Building package 'robot_description' with the following arguments: {'ament_cmake_args': None, 'build_base': '/home/hi/ros2_ws/build/robot_description', 'catkin_cmake_args': None, 'catkin_skip_building_tests': False, 'cmake_args': None, 'cmake_clean_cache': False, 'cmake_clean_first': False, 'cmake_force_configure': False, 'cmake_target': None, 'cmake_target_skip_unavailable': False, 'install_base': '/home/hi/ros2_ws/install/robot_description', 'merge_install': False, 'path': '/home/hi/ros2_ws/src/robot_description', 'symlink_install': False, 'test_result_base': None}
[1.647s] Level 5:colcon.colcon_core.verb:set package 'robot_navigation' build argument 'cmake_args' from command line to 'None'
[1.647s] Level 5:colcon.colcon_core.verb:set package 'robot_navigation' build argument 'cmake_target' from command line to 'None'
[1.647s] Level 5:colcon.colcon_core.verb:set package 'robot_navigation' build argument 'cmake_target_skip_unavailable' from command line to 'False'
[1.647s] Level 5:colcon.colcon_core.verb:set package 'robot_navigation' build argument 'cmake_clean_cache' from command line to 'False'
[1.647s] Level 5:colcon.colcon_core.verb:set package 'robot_navigation' build argument 'cmake_clean_first' from command line to 'False'
[1.647s] Level 5:colcon.colcon_core.verb:set package 'robot_navigation' build argument 'cmake_force_configure' from command line to 'False'
[1.647s] Level 5:colcon.colcon_core.verb:set package 'robot_navigation' build argument 'ament_cmake_args' from command line to 'None'
[1.647s] Level 5:colcon.colcon_core.verb:set package 'robot_navigation' build argument 'catkin_cmake_args' from command line to 'None'
[1.647s] Level 5:colcon.colcon_core.verb:set package 'robot_navigation' build argument 'catkin_skip_building_tests' from command line to 'False'
[1.648s] DEBUG:colcon.colcon_core.verb:Building package 'robot_navigation' with the following arguments: {'ament_cmake_args': None, 'build_base': '/home/hi/ros2_ws/build/robot_navigation', 'catkin_cmake_args': None, 'catkin_skip_building_tests': False, 'cmake_args': None, 'cmake_clean_cache': False, 'cmake_clean_first': False, 'cmake_force_configure': False, 'cmake_target': None, 'cmake_target_skip_unavailable': False, 'install_base': '/home/hi/ros2_ws/install/robot_navigation', 'merge_install': False, 'path': '/home/hi/ros2_ws/src/robot_navigation', 'symlink_install': False, 'test_result_base': None}
[1.649s] Level 5:colcon.colcon_core.verb:set package 'robot_node1' build argument 'cmake_args' from command line to 'None'
[1.649s] Level 5:colcon.colcon_core.verb:set package 'robot_node1' build argument 'cmake_target' from command line to 'None'
[1.649s] Level 5:colcon.colcon_core.verb:set package 'robot_node1' build argument 'cmake_target_skip_unavailable' from command line to 'False'
[1.649s] Level 5:colcon.colcon_core.verb:set package 'robot_node1' build argument 'cmake_clean_cache' from command line to 'False'
[1.649s] Level 5:colcon.colcon_core.verb:set package 'robot_node1' build argument 'cmake_clean_first' from command line to 'False'
[1.650s] Level 5:colcon.colcon_core.verb:set package 'robot_node1' build argument 'cmake_force_configure' from command line to 'False'
[1.650s] Level 5:colcon.colcon_core.verb:set package 'robot_node1' build argument 'ament_cmake_args' from command line to 'None'
[1.650s] Level 5:colcon.colcon_core.verb:set package 'robot_node1' build argument 'catkin_cmake_args' from command line to 'None'
[1.650s] Level 5:colcon.colcon_core.verb:set package 'robot_node1' build argument 'catkin_skip_building_tests' from command line to 'False'
[1.650s] DEBUG:colcon.colcon_core.verb:Building package 'robot_node1' with the following arguments: {'ament_cmake_args': None, 'build_base': '/home/hi/ros2_ws/build/robot_node1', 'catkin_cmake_args': None, 'catkin_skip_building_tests': False, 'cmake_args': None, 'cmake_clean_cache': False, 'cmake_clean_first': False, 'cmake_force_configure': False, 'cmake_target': None, 'cmake_target_skip_unavailable': False, 'install_base': '/home/hi/ros2_ws/install/robot_node1', 'merge_install': False, 'path': '/home/hi/ros2_ws/src/robot_node1', 'symlink_install': False, 'test_result_base': None}
[1.651s] Level 5:colcon.colcon_core.verb:set package 'bringup' build argument 'cmake_args' from command line to 'None'
[1.652s] Level 5:colcon.colcon_core.verb:set package 'bringup' build argument 'cmake_target' from command line to 'None'
[1.652s] Level 5:colcon.colcon_core.verb:set package 'bringup' build argument 'cmake_target_skip_unavailable' from command line to 'False'
[1.652s] Level 5:colcon.colcon_core.verb:set package 'bringup' build argument 'cmake_clean_cache' from command line to 'False'
[1.652s] Level 5:colcon.colcon_core.verb:set package 'bringup' build argument 'cmake_clean_first' from command line to 'False'
[1.652s] Level 5:colcon.colcon_core.verb:set package 'bringup' build argument 'cmake_force_configure' from command line to 'False'
[1.652s] Level 5:colcon.colcon_core.verb:set package 'bringup' build argument 'ament_cmake_args' from command line to 'None'
[1.652s] Level 5:colcon.colcon_core.verb:set package 'bringup' build argument 'catkin_cmake_args' from command line to 'None'
[1.652s] Level 5:colcon.colcon_core.verb:set package 'bringup' build argument 'catkin_skip_building_tests' from command line to 'False'
[1.652s] DEBUG:colcon.colcon_core.verb:Building package 'bringup' with the following arguments: {'ament_cmake_args': None, 'build_base': '/home/hi/ros2_ws/build/bringup', 'catkin_cmake_args': None, 'catkin_skip_building_tests': False, 'cmake_args': None, 'cmake_clean_cache': False, 'cmake_clean_first': False, 'cmake_force_configure': False, 'cmake_target': None, 'cmake_target_skip_unavailable': False, 'install_base': '/home/hi/ros2_ws/install/bringup', 'merge_install': False, 'path': '/home/hi/ros2_ws/src/bringup', 'symlink_install': False, 'test_result_base': None}
[1.653s] INFO:colcon.colcon_core.executor:Executing jobs using 'parallel' executor
[1.656s] DEBUG:colcon.colcon_parallel_executor.executor.parallel:run_until_complete
[1.657s] INFO:colcon.colcon_ros.task.ament_cmake.build:Building ROS package in '/home/hi/ros2_ws/src/robot_description' with build type 'ament_cmake'
[1.658s] INFO:colcon.colcon_cmake.task.cmake.build:Building CMake package in '/home/hi/ros2_ws/src/robot_description'
[1.667s] INFO:colcon.colcon_core.plugin_system:Skipping extension 'colcon_core.shell.bat': Not used on non-Windows systems
[1.668s] INFO:colcon.colcon_core.shell:Skip shell extension 'powershell' for command environment: Not usable outside of PowerShell
[1.668s] DEBUG:colcon.colcon_core.shell:Skip shell extension 'dsv' for command environment
[1.699s] INFO:colcon.colcon_ros.task.ament_cmake.build:Building ROS package in '/home/hi/ros2_ws/src/robot_navigation' with build type 'ament_cmake'
[1.701s] INFO:colcon.colcon_cmake.task.cmake.build:Building CMake package in '/home/hi/ros2_ws/src/robot_navigation'
[1.702s] INFO:colcon.colcon_core.shell:Skip shell extension 'powershell' for command environment: Not usable outside of PowerShell
[1.703s] DEBUG:colcon.colcon_core.shell:Skip shell extension 'dsv' for command environment
[1.737s] INFO:colcon.colcon_ros.task.ament_cmake.build:Building ROS package in '/home/hi/ros2_ws/src/robot_node1' with build type 'ament_cmake'
[1.737s] INFO:colcon.colcon_cmake.task.cmake.build:Building CMake package in '/home/hi/ros2_ws/src/robot_node1'
[1.739s] INFO:colcon.colcon_core.shell:Skip shell extension 'powershell' for command environment: Not usable outside of PowerShell
[1.739s] DEBUG:colcon.colcon_core.shell:Skip shell extension 'dsv' for command environment
[1.811s] DEBUG:colcon.colcon_core.event_handler.log_command:Invoking command in '/home/hi/ros2_ws/build/robot_description': CMAKE_PREFIX_PATH=${CMAKE_PREFIX_PATH}:/opt/ros/humble /usr/bin/cmake --build /home/hi/ros2_ws/build/robot_description -- -j4 -l4
[1.830s] DEBUG:colcon.colcon_core.event_handler.log_command:Invoking command in '/home/hi/ros2_ws/build/robot_navigation': CMAKE_PREFIX_PATH=${CMAKE_PREFIX_PATH}:/opt/ros/humble /usr/bin/cmake --build /home/hi/ros2_ws/build/robot_navigation -- -j4 -l4
[1.862s] DEBUG:colcon.colcon_core.event_handler.log_command:Invoking command in '/home/hi/ros2_ws/build/robot_node1': CMAKE_PREFIX_PATH=${CMAKE_PREFIX_PATH}:/opt/ros/humble /usr/bin/cmake --build /home/hi/ros2_ws/build/robot_node1 -- -j4 -l4
[2.010s] DEBUG:colcon.colcon_core.event_handler.log_command:Invoked command in '/home/hi/ros2_ws/build/robot_description' returned '0': CMAKE_PREFIX_PATH=${CMAKE_PREFIX_PATH}:/opt/ros/humble /usr/bin/cmake --build /home/hi/ros2_ws/build/robot_description -- -j4 -l4
[2.017s] DEBUG:colcon.colcon_core.event_handler.log_command:Invoked command in '/home/hi/ros2_ws/build/robot_navigation' returned '0': CMAKE_PREFIX_PATH=${CMAKE_PREFIX_PATH}:/opt/ros/humble /usr/bin/cmake --build /home/hi/ros2_ws/build/robot_navigation -- -j4 -l4
[2.184s] DEBUG:colcon.colcon_core.event_handler.log_command:Invoking command in '/home/hi/ros2_ws/build/robot_description': CMAKE_PREFIX_PATH=${CMAKE_PREFIX_PATH}:/opt/ros/humble /usr/bin/cmake --install /home/hi/ros2_ws/build/robot_description
[2.193s] DEBUG:colcon.colcon_core.event_handler.log_command:Invoking command in '/home/hi/ros2_ws/build/robot_navigation': CMAKE_PREFIX_PATH=${CMAKE_PREFIX_PATH}:/opt/ros/humble /usr/bin/cmake --install /home/hi/ros2_ws/build/robot_navigation
[2.211s] DEBUG:colcon.colcon_core.event_handler.log_command:Invoked command in '/home/hi/ros2_ws/build/robot_node1' returned '0': CMAKE_PREFIX_PATH=${CMAKE_PREFIX_PATH}:/opt/ros/humble /usr/bin/cmake --build /home/hi/ros2_ws/build/robot_node1 -- -j4 -l4
[2.239s] Level 1:colcon.colcon_core.environment:create_environment_scripts_only(robot_description)
[2.248s] DEBUG:colcon.colcon_core.event_handler.log_command:Invoked command in '/home/hi/ros2_ws/build/robot_description' returned '0': CMAKE_PREFIX_PATH=${CMAKE_PREFIX_PATH}:/opt/ros/humble /usr/bin/cmake --install /home/hi/ros2_ws/build/robot_description
[2.278s] Level 1:colcon.colcon_core.environment:checking '/home/hi/ros2_ws/install/robot_description' for CMake module files
[2.281s] Level 1:colcon.colcon_core.environment:checking '/home/hi/ros2_ws/install/robot_description' for CMake config files
[2.283s] Level 1:colcon.colcon_core.shell:create_environment_hook('robot_description', 'cmake_prefix_path')
[2.285s] INFO:colcon.colcon_core.shell:Creating environment hook '/home/hi/ros2_ws/install/robot_description/share/robot_description/hook/cmake_prefix_path.ps1'
[2.287s] INFO:colcon.colcon_core.shell:Creating environment descriptor '/home/hi/ros2_ws/install/robot_description/share/robot_description/hook/cmake_prefix_path.dsv'
[2.290s] INFO:colcon.colcon_core.shell:Creating environment hook '/home/hi/ros2_ws/install/robot_description/share/robot_description/hook/cmake_prefix_path.sh'
[2.295s] Level 1:colcon.colcon_core.environment:checking '/home/hi/ros2_ws/install/robot_description/bin'
[2.295s] Level 1:colcon.colcon_core.environment:checking '/home/hi/ros2_ws/install/robot_description/lib/pkgconfig/robot_description.pc'
[2.297s] Level 1:colcon.colcon_core.environment:checking '/home/hi/ros2_ws/install/robot_description/lib/python3.10/site-packages'
[2.298s] Level 1:colcon.colcon_core.environment:checking '/home/hi/ros2_ws/install/robot_description/bin'
[2.300s] INFO:colcon.colcon_core.shell:Creating package script '/home/hi/ros2_ws/install/robot_description/share/robot_description/package.ps1'
[2.307s] INFO:colcon.colcon_core.shell:Creating package descriptor '/home/hi/ros2_ws/install/robot_description/share/robot_description/package.dsv'
[2.311s] INFO:colcon.colcon_core.shell:Creating package script '/home/hi/ros2_ws/install/robot_description/share/robot_description/package.sh'
[2.314s] INFO:colcon.colcon_core.shell:Creating package script '/home/hi/ros2_ws/install/robot_description/share/robot_description/package.bash'
[2.318s] INFO:colcon.colcon_core.shell:Creating package script '/home/hi/ros2_ws/install/robot_description/share/robot_description/package.zsh'
[2.321s] Level 1:colcon.colcon_core.environment:create_file_with_runtime_dependencies(/home/hi/ros2_ws/install/robot_description/share/colcon-core/packages/robot_description)
[2.330s] Level 1:colcon.colcon_core.environment:create_environment_scripts_only(robot_navigation)
[2.331s] Level 1:colcon.colcon_core.environment:checking '/home/hi/ros2_ws/install/robot_navigation' for CMake module files
[2.334s] DEBUG:colcon.colcon_core.event_handler.log_command:Invoked command in '/home/hi/ros2_ws/build/robot_navigation' returned '0': CMAKE_PREFIX_PATH=${CMAKE_PREFIX_PATH}:/opt/ros/humble /usr/bin/cmake --install /home/hi/ros2_ws/build/robot_navigation
[2.337s] Level 1:colcon.colcon_core.environment:checking '/home/hi/ros2_ws/install/robot_navigation' for CMake config files
[2.339s] Level 1:colcon.colcon_core.shell:create_environment_hook('robot_navigation', 'cmake_prefix_path')
[2.341s] INFO:colcon.colcon_core.shell:Creating environment hook '/home/hi/ros2_ws/install/robot_navigation/share/robot_navigation/hook/cmake_prefix_path.ps1'
[2.343s] INFO:colcon.colcon_core.shell:Creating environment descriptor '/home/hi/ros2_ws/install/robot_navigation/share/robot_navigation/hook/cmake_prefix_path.dsv'
[2.346s] INFO:colcon.colcon_core.shell:Creating environment hook '/home/hi/ros2_ws/install/robot_navigation/share/robot_navigation/hook/cmake_prefix_path.sh'
[2.350s] Level 1:colcon.colcon_core.environment:checking '/home/hi/ros2_ws/install/robot_navigation/bin'
[2.350s] Level 1:colcon.colcon_core.environment:checking '/home/hi/ros2_ws/install/robot_navigation/lib/pkgconfig/robot_navigation.pc'
[2.352s] Level 1:colcon.colcon_core.environment:checking '/home/hi/ros2_ws/install/robot_navigation/lib/python3.10/site-packages'
[2.353s] Level 1:colcon.colcon_core.environment:checking '/home/hi/ros2_ws/install/robot_navigation/bin'
[2.354s] INFO:colcon.colcon_core.shell:Creating package script '/home/hi/ros2_ws/install/robot_navigation/share/robot_navigation/package.ps1'
[2.357s] INFO:colcon.colcon_core.shell:Creating package descriptor '/home/hi/ros2_ws/install/robot_navigation/share/robot_navigation/package.dsv'
[2.360s] INFO:colcon.colcon_core.shell:Creating package script '/home/hi/ros2_ws/install/robot_navigation/share/robot_navigation/package.sh'
[2.363s] INFO:colcon.colcon_core.shell:Creating package script '/home/hi/ros2_ws/install/robot_navigation/share/robot_navigation/package.bash'
[2.366s] INFO:colcon.colcon_core.shell:Creating package script '/home/hi/ros2_ws/install/robot_navigation/share/robot_navigation/package.zsh'
[2.369s] Level 1:colcon.colcon_core.environment:create_file_with_runtime_dependencies(/home/hi/ros2_ws/install/robot_navigation/share/colcon-core/packages/robot_navigation)
[2.385s] DEBUG:colcon.colcon_core.event_handler.log_command:Invoking command in '/home/hi/ros2_ws/build/robot_node1': CMAKE_PREFIX_PATH=${CMAKE_PREFIX_PATH}:/opt/ros/humble /usr/bin/cmake --install /home/hi/ros2_ws/build/robot_node1
[2.445s] Level 1:colcon.colcon_core.environment:create_environment_scripts_only(robot_node1)
[2.446s] Level 1:colcon.colcon_core.environment:checking '/home/hi/ros2_ws/install/robot_node1' for CMake module files
[2.449s] DEBUG:colcon.colcon_core.event_handler.log_command:Invoked command in '/home/hi/ros2_ws/build/robot_node1' returned '0': CMAKE_PREFIX_PATH=${CMAKE_PREFIX_PATH}:/opt/ros/humble /usr/bin/cmake --install /home/hi/ros2_ws/build/robot_node1
[2.451s] Level 1:colcon.colcon_core.environment:checking '/home/hi/ros2_ws/install/robot_node1' for CMake config files
[2.454s] Level 1:colcon.colcon_core.shell:create_environment_hook('robot_node1', 'cmake_prefix_path')
[2.455s] INFO:colcon.colcon_core.shell:Creating environment hook '/home/hi/ros2_ws/install/robot_node1/share/robot_node1/hook/cmake_prefix_path.ps1'
[2.458s] INFO:colcon.colcon_core.shell:Creating environment descriptor '/home/hi/ros2_ws/install/robot_node1/share/robot_node1/hook/cmake_prefix_path.dsv'
[2.460s] INFO:colcon.colcon_core.shell:Creating environment hook '/home/hi/ros2_ws/install/robot_node1/share/robot_node1/hook/cmake_prefix_path.sh'
[2.463s] Level 1:colcon.colcon_core.environment:checking '/home/hi/ros2_ws/install/robot_node1/lib'
[2.464s] Level 1:colcon.colcon_core.environment:checking '/home/hi/ros2_ws/install/robot_node1/bin'
[2.465s] Level 1:colcon.colcon_core.environment:checking '/home/hi/ros2_ws/install/robot_node1/lib/pkgconfig/robot_node1.pc'
[2.466s] Level 1:colcon.colcon_core.environment:checking '/home/hi/ros2_ws/install/robot_node1/lib/python3.10/site-packages'
[2.467s] Level 1:colcon.colcon_core.environment:checking '/home/hi/ros2_ws/install/robot_node1/bin'
[2.469s] INFO:colcon.colcon_core.shell:Creating package script '/home/hi/ros2_ws/install/robot_node1/share/robot_node1/package.ps1'
[2.471s] INFO:colcon.colcon_core.shell:Creating package descriptor '/home/hi/ros2_ws/install/robot_node1/share/robot_node1/package.dsv'
[2.473s] INFO:colcon.colcon_core.shell:Creating package script '/home/hi/ros2_ws/install/robot_node1/share/robot_node1/package.sh'
[2.476s] INFO:colcon.colcon_core.shell:Creating package script '/home/hi/ros2_ws/install/robot_node1/share/robot_node1/package.bash'
[2.478s] INFO:colcon.colcon_core.shell:Creating package script '/home/hi/ros2_ws/install/robot_node1/share/robot_node1/package.zsh'
[2.480s] Level 1:colcon.colcon_core.environment:create_file_with_runtime_dependencies(/home/hi/ros2_ws/install/robot_node1/share/colcon-core/packages/robot_node1)
[2.488s] Level 1:colcon.colcon_core.environment:create_environment_scripts_only(robot_description)
[2.490s] Level 1:colcon.colcon_core.environment:checking '/home/hi/ros2_ws/install/robot_description' for CMake module files
[2.493s] Level 1:colcon.colcon_core.environment:checking '/home/hi/ros2_ws/install/robot_description' for CMake config files
[2.496s] Level 1:colcon.colcon_core.shell:create_environment_hook('robot_description', 'cmake_prefix_path')
[2.497s] INFO:colcon.colcon_core.shell:Creating environment hook '/home/hi/ros2_ws/install/robot_description/share/robot_description/hook/cmake_prefix_path.ps1'
[2.500s] INFO:colcon.colcon_core.shell:Creating environment descriptor '/home/hi/ros2_ws/install/robot_description/share/robot_description/hook/cmake_prefix_path.dsv'
[2.506s] INFO:colcon.colcon_core.shell:Creating environment hook '/home/hi/ros2_ws/install/robot_description/share/robot_description/hook/cmake_prefix_path.sh'
[2.509s] Level 1:colcon.colcon_core.environment:checking '/home/hi/ros2_ws/install/robot_description/bin'
[2.510s] Level 1:colcon.colcon_core.environment:checking '/home/hi/ros2_ws/install/robot_description/lib/pkgconfig/robot_description.pc'
[2.511s] Level 1:colcon.colcon_core.environment:checking '/home/hi/ros2_ws/install/robot_description/lib/python3.10/site-packages'
[2.512s] Level 1:colcon.colcon_core.environment:checking '/home/hi/ros2_ws/install/robot_description/bin'
[2.514s] INFO:colcon.colcon_core.shell:Creating package script '/home/hi/ros2_ws/install/robot_description/share/robot_description/package.ps1'
[2.517s] INFO:colcon.colcon_core.shell:Creating package descriptor '/home/hi/ros2_ws/install/robot_description/share/robot_description/package.dsv'
[2.520s] INFO:colcon.colcon_core.shell:Creating package script '/home/hi/ros2_ws/install/robot_description/share/robot_description/package.sh'
[2.525s] INFO:colcon.colcon_core.shell:Creating package script '/home/hi/ros2_ws/install/robot_description/share/robot_description/package.bash'
[2.528s] INFO:colcon.colcon_core.shell:Creating package script '/home/hi/ros2_ws/install/robot_description/share/robot_description/package.zsh'
[2.530s] Level 1:colcon.colcon_core.environment:create_file_with_runtime_dependencies(/home/hi/ros2_ws/install/robot_description/share/colcon-core/packages/robot_description)
[2.533s] INFO:colcon.colcon_ros.task.ament_cmake.build:Building ROS package in '/home/hi/ros2_ws/src/bringup' with build type 'ament_cmake'
[2.534s] INFO:colcon.colcon_cmake.task.cmake.build:Building CMake package in '/home/hi/ros2_ws/src/bringup'
[2.535s] INFO:colcon.colcon_core.shell:Skip shell extension 'powershell' for command environment: Not usable outside of PowerShell
[2.535s] DEBUG:colcon.colcon_core.shell:Skip shell extension 'dsv' for command environment
[2.581s] Level 1:colcon.colcon_core.environment:create_environment_scripts_only(robot_navigation)
[2.584s] Level 1:colcon.colcon_core.environment:checking '/home/hi/ros2_ws/install/robot_navigation' for CMake module files
[2.588s] Level 1:colcon.colcon_core.environment:checking '/home/hi/ros2_ws/install/robot_navigation' for CMake config files
[2.594s] Level 1:colcon.colcon_core.shell:create_environment_hook('robot_navigation', 'cmake_prefix_path')
[2.596s] INFO:colcon.colcon_core.shell:Creating environment hook '/home/hi/ros2_ws/install/robot_navigation/share/robot_navigation/hook/cmake_prefix_path.ps1'
[2.599s] INFO:colcon.colcon_core.shell:Creating environment descriptor '/home/hi/ros2_ws/install/robot_navigation/share/robot_navigation/hook/cmake_prefix_path.dsv'
[2.602s] INFO:colcon.colcon_core.shell:Creating environment hook '/home/hi/ros2_ws/install/robot_navigation/share/robot_navigation/hook/cmake_prefix_path.sh'
[2.606s] Level 1:colcon.colcon_core.environment:checking '/home/hi/ros2_ws/install/robot_navigation/bin'
[2.607s] Level 1:colcon.colcon_core.environment:checking '/home/hi/ros2_ws/install/robot_navigation/lib/pkgconfig/robot_navigation.pc'
[2.608s] Level 1:colcon.colcon_core.environment:checking '/home/hi/ros2_ws/install/robot_navigation/lib/python3.10/site-packages'
[2.609s] Level 1:colcon.colcon_core.environment:checking '/home/hi/ros2_ws/install/robot_navigation/bin'
[2.611s] INFO:colcon.colcon_core.shell:Creating package script '/home/hi/ros2_ws/install/robot_navigation/share/robot_navigation/package.ps1'
[2.616s] INFO:colcon.colcon_core.shell:Creating package descriptor '/home/hi/ros2_ws/install/robot_navigation/share/robot_navigation/package.dsv'
[2.621s] INFO:colcon.colcon_core.shell:Creating package script '/home/hi/ros2_ws/install/robot_navigation/share/robot_navigation/package.sh'
[2.625s] INFO:colcon.colcon_core.shell:Creating package script '/home/hi/ros2_ws/install/robot_navigation/share/robot_navigation/package.bash'
[2.628s] INFO:colcon.colcon_core.shell:Creating package script '/home/hi/ros2_ws/install/robot_navigation/share/robot_navigation/package.zsh'
[2.632s] Level 1:colcon.colcon_core.environment:create_file_with_runtime_dependencies(/home/hi/ros2_ws/install/robot_navigation/share/colcon-core/packages/robot_navigation)
[2.658s] DEBUG:colcon.colcon_core.event_handler.log_command:Invoking command in '/home/hi/ros2_ws/build/bringup': CMAKE_PREFIX_PATH=/home/hi/ros2_ws/install/robot_description:/home/hi/work_s/install/sllidar_ros2:/home/hi/ros2_ws/install/robot_node1:/home/hi/ros2_ws/install/robot_navigation:/home/hi/ros2_ws/install/bringup:/opt/ros/humble /usr/bin/cmake --build /home/hi/ros2_ws/build/bringup -- -j4 -l4
[2.681s] Level 1:colcon.colcon_core.environment:create_environment_scripts_only(robot_node1)
[2.683s] Level 1:colcon.colcon_core.environment:checking '/home/hi/ros2_ws/install/robot_node1' for CMake module files
[2.687s] Level 1:colcon.colcon_core.environment:checking '/home/hi/ros2_ws/install/robot_node1' for CMake config files
[2.689s] Level 1:colcon.colcon_core.shell:create_environment_hook('robot_node1', 'cmake_prefix_path')
[2.691s] INFO:colcon.colcon_core.shell:Creating environment hook '/home/hi/ros2_ws/install/robot_node1/share/robot_node1/hook/cmake_prefix_path.ps1'
[2.694s] INFO:colcon.colcon_core.shell:Creating environment descriptor '/home/hi/ros2_ws/install/robot_node1/share/robot_node1/hook/cmake_prefix_path.dsv'
[2.697s] INFO:colcon.colcon_core.shell:Creating environment hook '/home/hi/ros2_ws/install/robot_node1/share/robot_node1/hook/cmake_prefix_path.sh'
[2.701s] Level 1:colcon.colcon_core.environment:checking '/home/hi/ros2_ws/install/robot_node1/lib'
[2.702s] Level 1:colcon.colcon_core.environment:checking '/home/hi/ros2_ws/install/robot_node1/bin'
[2.703s] Level 1:colcon.colcon_core.environment:checking '/home/hi/ros2_ws/install/robot_node1/lib/pkgconfig/robot_node1.pc'
[2.705s] Level 1:colcon.colcon_core.environment:checking '/home/hi/ros2_ws/install/robot_node1/lib/python3.10/site-packages'
[2.706s] Level 1:colcon.colcon_core.environment:checking '/home/hi/ros2_ws/install/robot_node1/bin'
[2.708s] INFO:colcon.colcon_core.shell:Creating package script '/home/hi/ros2_ws/install/robot_node1/share/robot_node1/package.ps1'
[2.711s] INFO:colcon.colcon_core.shell:Creating package descriptor '/home/hi/ros2_ws/install/robot_node1/share/robot_node1/package.dsv'
[2.715s] INFO:colcon.colcon_core.shell:Creating package script '/home/hi/ros2_ws/install/robot_node1/share/robot_node1/package.sh'
[2.720s] INFO:colcon.colcon_core.shell:Creating package script '/home/hi/ros2_ws/install/robot_node1/share/robot_node1/package.bash'
[2.726s] INFO:colcon.colcon_core.shell:Creating package script '/home/hi/ros2_ws/install/robot_node1/share/robot_node1/package.zsh'
[2.730s] Level 1:colcon.colcon_core.environment:create_file_with_runtime_dependencies(/home/hi/ros2_ws/install/robot_node1/share/colcon-core/packages/robot_node1)
[2.843s] DEBUG:colcon.colcon_core.event_handler.log_command:Invoked command in '/home/hi/ros2_ws/build/bringup' returned '0': CMAKE_PREFIX_PATH=/home/hi/ros2_ws/install/robot_description:/home/hi/work_s/install/sllidar_ros2:/home/hi/ros2_ws/install/robot_node1:/home/hi/ros2_ws/install/robot_navigation:/home/hi/ros2_ws/install/bringup:/opt/ros/humble /usr/bin/cmake --build /home/hi/ros2_ws/build/bringup -- -j4 -l4
[2.979s] DEBUG:colcon.colcon_core.event_handler.log_command:Invoking command in '/home/hi/ros2_ws/build/bringup': CMAKE_PREFIX_PATH=/home/hi/ros2_ws/install/robot_description:/home/hi/work_s/install/sllidar_ros2:/home/hi/ros2_ws/install/robot_node1:/home/hi/ros2_ws/install/robot_navigation:/home/hi/ros2_ws/install/bringup:/opt/ros/humble /usr/bin/cmake --install /home/hi/ros2_ws/build/bringup
[3.025s] Level 1:colcon.colcon_core.environment:create_environment_scripts_only(bringup)
[3.027s] Level 1:colcon.colcon_core.environment:checking '/home/hi/ros2_ws/install/bringup' for CMake module files
[3.028s] DEBUG:colcon.colcon_core.event_handler.log_command:Invoked command in '/home/hi/ros2_ws/build/bringup' returned '0': CMAKE_PREFIX_PATH=/home/hi/ros2_ws/install/robot_description:/home/hi/work_s/install/sllidar_ros2:/home/hi/ros2_ws/install/robot_node1:/home/hi/ros2_ws/install/robot_navigation:/home/hi/ros2_ws/install/bringup:/opt/ros/humble /usr/bin/cmake --install /home/hi/ros2_ws/build/bringup
[3.031s] Level 1:colcon.colcon_core.environment:checking '/home/hi/ros2_ws/install/bringup' for CMake config files
[3.033s] Level 1:colcon.colcon_core.shell:create_environment_hook('bringup', 'cmake_prefix_path')
[3.034s] INFO:colcon.colcon_core.shell:Creating environment hook '/home/hi/ros2_ws/install/bringup/share/bringup/hook/cmake_prefix_path.ps1'
[3.036s] INFO:colcon.colcon_core.shell:Creating environment descriptor '/home/hi/ros2_ws/install/bringup/share/bringup/hook/cmake_prefix_path.dsv'
[3.038s] INFO:colcon.colcon_core.shell:Creating environment hook '/home/hi/ros2_ws/install/bringup/share/bringup/hook/cmake_prefix_path.sh'
[3.041s] Level 1:colcon.colcon_core.environment:checking '/home/hi/ros2_ws/install/bringup/bin'
[3.041s] Level 1:colcon.colcon_core.environment:checking '/home/hi/ros2_ws/install/bringup/lib/pkgconfig/bringup.pc'
[3.042s] Level 1:colcon.colcon_core.environment:checking '/home/hi/ros2_ws/install/bringup/lib/python3.10/site-packages'
[3.043s] Level 1:colcon.colcon_core.environment:checking '/home/hi/ros2_ws/install/bringup/bin'
[3.044s] INFO:colcon.colcon_core.shell:Creating package script '/home/hi/ros2_ws/install/bringup/share/bringup/package.ps1'
[3.046s] INFO:colcon.colcon_core.shell:Creating package descriptor '/home/hi/ros2_ws/install/bringup/share/bringup/package.dsv'
[3.048s] INFO:colcon.colcon_core.shell:Creating package script '/home/hi/ros2_ws/install/bringup/share/bringup/package.sh'
[3.050s] INFO:colcon.colcon_core.shell:Creating package script '/home/hi/ros2_ws/install/bringup/share/bringup/package.bash'
[3.052s] INFO:colcon.colcon_core.shell:Creating package script '/home/hi/ros2_ws/install/bringup/share/bringup/package.zsh'
[3.053s] Level 1:colcon.colcon_core.environment:create_file_with_runtime_dependencies(/home/hi/ros2_ws/install/bringup/share/colcon-core/packages/bringup)
[3.168s] Level 1:colcon.colcon_core.environment:create_environment_scripts_only(bringup)
[3.169s] Level 1:colcon.colcon_core.environment:checking '/home/hi/ros2_ws/install/bringup' for CMake module files
[3.173s] Level 1:colcon.colcon_core.environment:checking '/home/hi/ros2_ws/install/bringup' for CMake config files
[3.175s] Level 1:colcon.colcon_core.shell:create_environment_hook('bringup', 'cmake_prefix_path')
[3.177s] INFO:colcon.colcon_core.shell:Creating environment hook '/home/hi/ros2_ws/install/bringup/share/bringup/hook/cmake_prefix_path.ps1'
[3.179s] INFO:colcon.colcon_core.shell:Creating environment descriptor '/home/hi/ros2_ws/install/bringup/share/bringup/hook/cmake_prefix_path.dsv'
[3.180s] INFO:colcon.colcon_core.shell:Creating environment hook '/home/hi/ros2_ws/install/bringup/share/bringup/hook/cmake_prefix_path.sh'
[3.183s] Level 1:colcon.colcon_core.environment:checking '/home/hi/ros2_ws/install/bringup/bin'
[3.184s] Level 1:colcon.colcon_core.environment:checking '/home/hi/ros2_ws/install/bringup/lib/pkgconfig/bringup.pc'
[3.185s] Level 1:colcon.colcon_core.environment:checking '/home/hi/ros2_ws/install/bringup/lib/python3.10/site-packages'
[3.186s] Level 1:colcon.colcon_core.environment:checking '/home/hi/ros2_ws/install/bringup/bin'
[3.187s] INFO:colcon.colcon_core.shell:Creating package script '/home/hi/ros2_ws/install/bringup/share/bringup/package.ps1'
[3.189s] INFO:colcon.colcon_core.shell:Creating package descriptor '/home/hi/ros2_ws/install/bringup/share/bringup/package.dsv'
[3.191s] INFO:colcon.colcon_core.shell:Creating package script '/home/hi/ros2_ws/install/bringup/share/bringup/package.sh'
[3.193s] INFO:colcon.colcon_core.shell:Creating package script '/home/hi/ros2_ws/install/bringup/share/bringup/package.bash'
[3.195s] INFO:colcon.colcon_core.shell:Creating package script '/home/hi/ros2_ws/install/bringup/share/bringup/package.zsh'
[3.197s] Level 1:colcon.colcon_core.environment:create_file_with_runtime_dependencies(/home/hi/ros2_ws/install/bringup/share/colcon-core/packages/bringup)
[3.198s] DEBUG:colcon.colcon_parallel_executor.executor.parallel:closing loop
[3.200s] DEBUG:colcon.colcon_parallel_executor.executor.parallel:loop closed
[3.201s] DEBUG:colcon.colcon_parallel_executor.executor.parallel:run_until_complete finished with '0'
[3.201s] DEBUG:colcon.colcon_core.event_reactor:joining thread
[3.232s] INFO:colcon.colcon_core.plugin_system:Skipping extension 'colcon_notification.desktop_notification.terminal_notifier': Not used on non-Darwin systems
[3.232s] INFO:colcon.colcon_core.plugin_system:Skipping extension 'colcon_notification.desktop_notification.win32': Not used on non-Windows systems
[3.233s] INFO:colcon.colcon_notification.desktop_notification:Sending desktop notification using 'notify2'
[3.292s] DEBUG:colcon.colcon_core.event_reactor:joined thread
[3.293s] INFO:colcon.colcon_core.shell:Creating prefix script '/home/hi/ros2_ws/install/local_setup.ps1'
[3.297s] INFO:colcon.colcon_core.shell:Creating prefix util module '/home/hi/ros2_ws/install/_local_setup_util_ps1.py'
[3.305s] INFO:colcon.colcon_core.shell:Creating prefix chain script '/home/hi/ros2_ws/install/setup.ps1'
[3.313s] INFO:colcon.colcon_core.shell:Creating prefix script '/home/hi/ros2_ws/install/local_setup.sh'
[3.316s] INFO:colcon.colcon_core.shell:Creating prefix util module '/home/hi/ros2_ws/install/_local_setup_util_sh.py'
[3.319s] INFO:colcon.colcon_core.shell:Creating prefix chain script '/home/hi/ros2_ws/install/setup.sh'
[3.328s] INFO:colcon.colcon_core.shell:Creating prefix script '/home/hi/ros2_ws/install/local_setup.bash'
[3.331s] INFO:colcon.colcon_core.shell:Creating prefix chain script '/home/hi/ros2_ws/install/setup.bash'
[3.338s] INFO:colcon.colcon_core.shell:Creating prefix script '/home/hi/ros2_ws/install/local_setup.zsh'
[3.341s] INFO:colcon.colcon_core.shell:Creating prefix chain script '/home/hi/ros2_ws/install/setup.zsh'
