[0.126s] Invoking command in '/home/hi/ros2_ws/build/bringup': AMENT_PREFIX_PATH=/home/hi/ros2_ws/install/robot_description:${AMENT_PREFIX_PATH} CMAKE_PREFIX_PATH=/home/hi/ros2_ws/install/robot_description:/home/hi/ros2_ws/install/robot_node1:/home/hi/ros2_ws/install/robot_navigation:/home/hi/ros2_ws/install/bringup:/opt/ros/humble /usr/bin/cmake /home/hi/ros2_ws/src/bringup -DCMAKE_INSTALL_PREFIX=/home/hi/ros2_ws/install/bringup
[0.431s] -- The C compiler identification is GNU 11.4.0
[0.704s] -- The CXX compiler identification is GNU 11.4.0
[0.732s] -- Detecting C compiler ABI info
[1.065s] -- Detecting C compiler ABI info - done
[1.092s] -- Check for working C compiler: /usr/bin/cc - skipped
[1.093s] -- Detecting C compile features
[1.094s] -- Detecting C compile features - done
[1.106s] -- Detecting CXX compiler ABI info
[1.491s] -- Detecting CXX compiler ABI info - done
[1.519s] -- Check for working CXX compiler: /usr/bin/c++ - skipped
[1.520s] -- Detecting CXX compile features
[1.521s] -- Detecting CXX compile features - done
[1.551s] -- Found ament_cmake: 1.3.9 (/opt/ros/humble/share/ament_cmake/cmake)
[2.385s] -- Found Python3: /usr/bin/python3 (found version "3.10.12") found components: Interpreter 
[3.075s] -- Found ament_lint_auto: 0.12.11 (/opt/ros/humble/share/ament_lint_auto/cmake)
[3.637s] -- Added test 'flake8' to check Python code syntax and style conventions
[3.641s] -- Added test 'lint_cmake' to check CMake code style
[3.644s] -- Added test 'pep257' to check Python code against some of the docstring style conventions in PEP 257
[3.653s] -- Added test 'xmllint' to check XML markup files
[3.661s] -- Configuring done
[3.680s] -- Generating done
[3.685s] -- Build files have been written to: /home/hi/ros2_ws/build/bringup
[3.709s] Invoked command in '/home/hi/ros2_ws/build/bringup' returned '0': AMENT_PREFIX_PATH=/home/hi/ros2_ws/install/robot_description:${AMENT_PREFIX_PATH} CMAKE_PREFIX_PATH=/home/hi/ros2_ws/install/robot_description:/home/hi/ros2_ws/install/robot_node1:/home/hi/ros2_ws/install/robot_navigation:/home/hi/ros2_ws/install/bringup:/opt/ros/humble /usr/bin/cmake /home/hi/ros2_ws/src/bringup -DCMAKE_INSTALL_PREFIX=/home/hi/ros2_ws/install/bringup
[3.723s] Invoking command in '/home/hi/ros2_ws/build/bringup': AMENT_PREFIX_PATH=/home/hi/ros2_ws/install/robot_description:${AMENT_PREFIX_PATH} CMAKE_PREFIX_PATH=/home/hi/ros2_ws/install/robot_description:/home/hi/ros2_ws/install/robot_node1:/home/hi/ros2_ws/install/robot_navigation:/home/hi/ros2_ws/install/bringup:/opt/ros/humble /usr/bin/cmake --build /home/hi/ros2_ws/build/bringup -- -j4 -l4
[3.879s] Invoked command in '/home/hi/ros2_ws/build/bringup' returned '0': AMENT_PREFIX_PATH=/home/hi/ros2_ws/install/robot_description:${AMENT_PREFIX_PATH} CMAKE_PREFIX_PATH=/home/hi/ros2_ws/install/robot_description:/home/hi/ros2_ws/install/robot_node1:/home/hi/ros2_ws/install/robot_navigation:/home/hi/ros2_ws/install/bringup:/opt/ros/humble /usr/bin/cmake --build /home/hi/ros2_ws/build/bringup -- -j4 -l4
[4.005s] Invoking command in '/home/hi/ros2_ws/build/bringup': AMENT_PREFIX_PATH=/home/hi/ros2_ws/install/robot_description:${AMENT_PREFIX_PATH} CMAKE_PREFIX_PATH=/home/hi/ros2_ws/install/robot_description:/home/hi/ros2_ws/install/robot_node1:/home/hi/ros2_ws/install/robot_navigation:/home/hi/ros2_ws/install/bringup:/opt/ros/humble /usr/bin/cmake --install /home/hi/ros2_ws/build/bringup
[4.035s] -- Install configuration: ""
[4.036s] -- Installing: /home/hi/ros2_ws/install/bringup/share/bringup/launch
[4.037s] -- Installing: /home/hi/ros2_ws/install/bringup/share/bringup/launch/robot.launch.py
[4.038s] -- Installing: /home/hi/ros2_ws/install/bringup/share/bringup/launch/robot_localization.launch.py
[4.039s] -- Installing: /home/hi/ros2_ws/install/bringup/share/bringup/launch/rviz.launch.py
[4.040s] -- Installing: /home/hi/ros2_ws/install/bringup/share/bringup/launch/robot_state_publisher.launch.py
[4.041s] -- Installing: /home/hi/ros2_ws/install/bringup/share/ament_index/resource_index/package_run_dependencies/bringup
[4.043s] -- Installing: /home/hi/ros2_ws/install/bringup/share/ament_index/resource_index/parent_prefix_path/bringup
[4.044s] -- Installing: /home/hi/ros2_ws/install/bringup/share/bringup/environment/ament_prefix_path.sh
[4.045s] -- Installing: /home/hi/ros2_ws/install/bringup/share/bringup/environment/ament_prefix_path.dsv
[4.046s] -- Installing: /home/hi/ros2_ws/install/bringup/share/bringup/environment/path.sh
[4.048s] -- Installing: /home/hi/ros2_ws/install/bringup/share/bringup/environment/path.dsv
[4.048s] -- Installing: /home/hi/ros2_ws/install/bringup/share/bringup/local_setup.bash
[4.049s] -- Installing: /home/hi/ros2_ws/install/bringup/share/bringup/local_setup.sh
[4.050s] -- Installing: /home/hi/ros2_ws/install/bringup/share/bringup/local_setup.zsh
[4.052s] -- Installing: /home/hi/ros2_ws/install/bringup/share/bringup/local_setup.dsv
[4.053s] -- Installing: /home/hi/ros2_ws/install/bringup/share/bringup/package.dsv
[4.054s] -- Installing: /home/hi/ros2_ws/install/bringup/share/ament_index/resource_index/packages/bringup
[4.056s] -- Installing: /home/hi/ros2_ws/install/bringup/share/bringup/cmake/bringupConfig.cmake
[4.056s] -- Installing: /home/hi/ros2_ws/install/bringup/share/bringup/cmake/bringupConfig-version.cmake
[4.058s] -- Installing: /home/hi/ros2_ws/install/bringup/share/bringup/package.xml
[4.065s] Invoked command in '/home/hi/ros2_ws/build/bringup' returned '0': AMENT_PREFIX_PATH=/home/hi/ros2_ws/install/robot_description:${AMENT_PREFIX_PATH} CMAKE_PREFIX_PATH=/home/hi/ros2_ws/install/robot_description:/home/hi/ros2_ws/install/robot_node1:/home/hi/ros2_ws/install/robot_navigation:/home/hi/ros2_ws/install/bringup:/opt/ros/humble /usr/bin/cmake --install /home/hi/ros2_ws/build/bringup
