[0.084s] DEBUG:colcon:Command line arguments: ['/usr/bin/colcon', 'build', '--packages-select', 'bringup', 'robot_description', 'robot_navigation']
[0.084s] DEBUG:colcon:Parsed command line arguments: Namespace(log_base=None, log_level=None, verb_name='build', build_base='build', install_base='install', merge_install=False, symlink_install=False, test_result_base=None, continue_on_error=False, executor='parallel', parallel_workers=2, event_handlers=None, ignore_user_meta=False, metas=['./colcon.meta'], base_paths=['.'], packages_ignore=None, packages_ignore_regex=None, paths=None, packages_up_to=None, packages_up_to_regex=None, packages_above=None, packages_above_and_dependencies=None, packages_above_depth=None, packages_select_by_dep=None, packages_skip_by_dep=None, packages_skip_up_to=None, packages_select_build_failed=False, packages_skip_build_finished=False, packages_select_test_failures=False, packages_skip_test_passed=False, packages_select=['bringup', 'robot_description', 'robot_navigation'], packages_skip=None, packages_select_regex=None, packages_skip_regex=None, packages_start=None, packages_end=None, allow_overriding=[], cmake_args=None, cmake_target=None, cmake_target_skip_unavailable=False, cmake_clean_cache=False, cmake_clean_first=False, cmake_force_configure=False, ament_cmake_args=None, catkin_cmake_args=None, catkin_skip_building_tests=False, mixin_files=None, mixin=None, verb_parser=<colcon_mixin.mixin.mixin_argument.MixinArgumentDecorator object at 0x758b2d93e560>, verb_extension=<colcon_core.verb.build.BuildVerb object at 0x758b2d93e0b0>, main=<bound method BuildVerb.main of <colcon_core.verb.build.BuildVerb object at 0x758b2d93e0b0>>, mixin_verb=('build',))
[0.451s] Level 1:colcon.colcon_core.package_discovery:discover_packages(colcon_meta) check parameters
[0.451s] Level 1:colcon.colcon_core.package_discovery:discover_packages(recursive) check parameters
[0.451s] Level 1:colcon.colcon_core.package_discovery:discover_packages(ignore) check parameters
[0.451s] Level 1:colcon.colcon_core.package_discovery:discover_packages(path) check parameters
[0.451s] Level 1:colcon.colcon_core.package_discovery:discover_packages(colcon_meta) discover
[0.451s] Level 1:colcon.colcon_core.package_discovery:discover_packages(recursive) discover
[0.451s] INFO:colcon.colcon_core.package_discovery:Crawling recursively for packages in '/home/r/ros2_ws'
[0.451s] Level 1:colcon.colcon_core.package_identification:_identify(.) by extensions ['ignore', 'ignore_ament_install']
[0.451s] Level 1:colcon.colcon_core.package_identification:_identify(.) by extension 'ignore'
[0.452s] Level 1:colcon.colcon_core.package_identification:_identify(.) by extension 'ignore_ament_install'
[0.452s] Level 1:colcon.colcon_core.package_identification:_identify(.) by extensions ['colcon_pkg']
[0.452s] Level 1:colcon.colcon_core.package_identification:_identify(.) by extension 'colcon_pkg'
[0.452s] Level 1:colcon.colcon_core.package_identification:_identify(.) by extensions ['colcon_meta']
[0.452s] Level 1:colcon.colcon_core.package_identification:_identify(.) by extension 'colcon_meta'
[0.452s] Level 1:colcon.colcon_core.package_identification:_identify(.) by extensions ['ros']
[0.452s] Level 1:colcon.colcon_core.package_identification:_identify(.) by extension 'ros'
[0.476s] Level 1:colcon.colcon_core.package_identification:_identify(.) by extensions ['cmake', 'python']
[0.476s] Level 1:colcon.colcon_core.package_identification:_identify(.) by extension 'cmake'
[0.476s] Level 1:colcon.colcon_core.package_identification:_identify(.) by extension 'python'
[0.476s] Level 1:colcon.colcon_core.package_identification:_identify(.) by extensions ['python_setup_py']
[0.476s] Level 1:colcon.colcon_core.package_identification:_identify(.) by extension 'python_setup_py'
[0.476s] Level 1:colcon.colcon_core.package_identification:_identify(build) by extensions ['ignore', 'ignore_ament_install']
[0.476s] Level 1:colcon.colcon_core.package_identification:_identify(build) by extension 'ignore'
[0.476s] Level 1:colcon.colcon_core.package_identification:_identify(build) ignored
[0.476s] Level 1:colcon.colcon_core.package_identification:_identify(install) by extensions ['ignore', 'ignore_ament_install']
[0.476s] Level 1:colcon.colcon_core.package_identification:_identify(install) by extension 'ignore'
[0.476s] Level 1:colcon.colcon_core.package_identification:_identify(install) ignored
[0.476s] Level 1:colcon.colcon_core.package_identification:_identify(log) by extensions ['ignore', 'ignore_ament_install']
[0.476s] Level 1:colcon.colcon_core.package_identification:_identify(log) by extension 'ignore'
[0.476s] Level 1:colcon.colcon_core.package_identification:_identify(log) ignored
[0.477s] Level 1:colcon.colcon_core.package_identification:_identify(src) by extensions ['ignore', 'ignore_ament_install']
[0.477s] Level 1:colcon.colcon_core.package_identification:_identify(src) by extension 'ignore'
[0.477s] Level 1:colcon.colcon_core.package_identification:_identify(src) by extension 'ignore_ament_install'
[0.477s] Level 1:colcon.colcon_core.package_identification:_identify(src) by extensions ['colcon_pkg']
[0.477s] Level 1:colcon.colcon_core.package_identification:_identify(src) by extension 'colcon_pkg'
[0.477s] Level 1:colcon.colcon_core.package_identification:_identify(src) by extensions ['colcon_meta']
[0.477s] Level 1:colcon.colcon_core.package_identification:_identify(src) by extension 'colcon_meta'
[0.477s] Level 1:colcon.colcon_core.package_identification:_identify(src) by extensions ['ros']
[0.477s] Level 1:colcon.colcon_core.package_identification:_identify(src) by extension 'ros'
[0.477s] Level 1:colcon.colcon_core.package_identification:_identify(src) by extensions ['cmake', 'python']
[0.477s] Level 1:colcon.colcon_core.package_identification:_identify(src) by extension 'cmake'
[0.477s] Level 1:colcon.colcon_core.package_identification:_identify(src) by extension 'python'
[0.477s] Level 1:colcon.colcon_core.package_identification:_identify(src) by extensions ['python_setup_py']
[0.477s] Level 1:colcon.colcon_core.package_identification:_identify(src) by extension 'python_setup_py'
[0.477s] Level 1:colcon.colcon_core.package_identification:_identify(src/bringup) by extensions ['ignore', 'ignore_ament_install']
[0.477s] Level 1:colcon.colcon_core.package_identification:_identify(src/bringup) by extension 'ignore'
[0.477s] Level 1:colcon.colcon_core.package_identification:_identify(src/bringup) by extension 'ignore_ament_install'
[0.477s] Level 1:colcon.colcon_core.package_identification:_identify(src/bringup) by extensions ['colcon_pkg']
[0.477s] Level 1:colcon.colcon_core.package_identification:_identify(src/bringup) by extension 'colcon_pkg'
[0.477s] Level 1:colcon.colcon_core.package_identification:_identify(src/bringup) by extensions ['colcon_meta']
[0.477s] Level 1:colcon.colcon_core.package_identification:_identify(src/bringup) by extension 'colcon_meta'
[0.477s] Level 1:colcon.colcon_core.package_identification:_identify(src/bringup) by extensions ['ros']
[0.477s] Level 1:colcon.colcon_core.package_identification:_identify(src/bringup) by extension 'ros'
[0.481s] DEBUG:colcon.colcon_core.package_identification:Package 'src/bringup' with type 'ros.ament_cmake' and name 'bringup'
[0.482s] Level 1:colcon.colcon_core.package_identification:_identify(src/robot_description) by extensions ['ignore', 'ignore_ament_install']
[0.482s] Level 1:colcon.colcon_core.package_identification:_identify(src/robot_description) by extension 'ignore'
[0.482s] Level 1:colcon.colcon_core.package_identification:_identify(src/robot_description) by extension 'ignore_ament_install'
[0.482s] Level 1:colcon.colcon_core.package_identification:_identify(src/robot_description) by extensions ['colcon_pkg']
[0.482s] Level 1:colcon.colcon_core.package_identification:_identify(src/robot_description) by extension 'colcon_pkg'
[0.482s] Level 1:colcon.colcon_core.package_identification:_identify(src/robot_description) by extensions ['colcon_meta']
[0.482s] Level 1:colcon.colcon_core.package_identification:_identify(src/robot_description) by extension 'colcon_meta'
[0.482s] Level 1:colcon.colcon_core.package_identification:_identify(src/robot_description) by extensions ['ros']
[0.482s] Level 1:colcon.colcon_core.package_identification:_identify(src/robot_description) by extension 'ros'
[0.483s] DEBUG:colcon.colcon_core.package_identification:Package 'src/robot_description' with type 'ros.ament_cmake' and name 'robot_description'
[0.483s] Level 1:colcon.colcon_core.package_identification:_identify(src/robot_navigation) by extensions ['ignore', 'ignore_ament_install']
[0.483s] Level 1:colcon.colcon_core.package_identification:_identify(src/robot_navigation) by extension 'ignore'
[0.483s] Level 1:colcon.colcon_core.package_identification:_identify(src/robot_navigation) by extension 'ignore_ament_install'
[0.483s] Level 1:colcon.colcon_core.package_identification:_identify(src/robot_navigation) by extensions ['colcon_pkg']
[0.483s] Level 1:colcon.colcon_core.package_identification:_identify(src/robot_navigation) by extension 'colcon_pkg'
[0.483s] Level 1:colcon.colcon_core.package_identification:_identify(src/robot_navigation) by extensions ['colcon_meta']
[0.483s] Level 1:colcon.colcon_core.package_identification:_identify(src/robot_navigation) by extension 'colcon_meta'
[0.483s] Level 1:colcon.colcon_core.package_identification:_identify(src/robot_navigation) by extensions ['ros']
[0.483s] Level 1:colcon.colcon_core.package_identification:_identify(src/robot_navigation) by extension 'ros'
[0.484s] DEBUG:colcon.colcon_core.package_identification:Package 'src/robot_navigation' with type 'ros.ament_cmake' and name 'robot_navigation'
[0.484s] Level 1:colcon.colcon_core.package_identification:_identify(src/robot_node1) by extensions ['ignore', 'ignore_ament_install']
[0.484s] Level 1:colcon.colcon_core.package_identification:_identify(src/robot_node1) by extension 'ignore'
[0.484s] Level 1:colcon.colcon_core.package_identification:_identify(src/robot_node1) by extension 'ignore_ament_install'
[0.484s] Level 1:colcon.colcon_core.package_identification:_identify(src/robot_node1) by extensions ['colcon_pkg']
[0.484s] Level 1:colcon.colcon_core.package_identification:_identify(src/robot_node1) by extension 'colcon_pkg'
[0.484s] Level 1:colcon.colcon_core.package_identification:_identify(src/robot_node1) by extensions ['colcon_meta']
[0.484s] Level 1:colcon.colcon_core.package_identification:_identify(src/robot_node1) by extension 'colcon_meta'
[0.484s] Level 1:colcon.colcon_core.package_identification:_identify(src/robot_node1) by extensions ['ros']
[0.484s] Level 1:colcon.colcon_core.package_identification:_identify(src/robot_node1) by extension 'ros'
[0.485s] DEBUG:colcon.colcon_core.package_identification:Package 'src/robot_node1' with type 'ros.ament_cmake' and name 'robot_node1'
[0.485s] Level 1:colcon.colcon_core.package_discovery:discover_packages(recursive) using defaults
[0.485s] Level 1:colcon.colcon_core.package_discovery:discover_packages(ignore) discover
[0.485s] Level 1:colcon.colcon_core.package_discovery:discover_packages(ignore) using defaults
[0.485s] Level 1:colcon.colcon_core.package_discovery:discover_packages(path) discover
[0.485s] Level 1:colcon.colcon_core.package_discovery:discover_packages(path) using defaults
[0.547s] INFO:colcon.colcon_core.package_selection:Skipping not selected package 'robot_node1' in 'src/robot_node1'
[0.548s] Level 1:colcon.colcon_core.package_discovery:discover_packages(prefix_path) check parameters
[0.548s] Level 1:colcon.colcon_core.package_discovery:discover_packages(prefix_path) discover
[0.552s] DEBUG:colcon.colcon_installed_package_information.package_discovery:Found 1 installed packages in /home/r/lidar_ws/install
[0.554s] DEBUG:colcon.colcon_installed_package_information.package_discovery:Found 354 installed packages in /opt/ros/humble
[0.564s] Level 1:colcon.colcon_core.package_discovery:discover_packages(prefix_path) using defaults
[0.613s] Level 5:colcon.colcon_core.verb:set package 'robot_description' build argument 'cmake_args' from command line to 'None'
[0.614s] Level 5:colcon.colcon_core.verb:set package 'robot_description' build argument 'cmake_target' from command line to 'None'
[0.614s] Level 5:colcon.colcon_core.verb:set package 'robot_description' build argument 'cmake_target_skip_unavailable' from command line to 'False'
[0.614s] Level 5:colcon.colcon_core.verb:set package 'robot_description' build argument 'cmake_clean_cache' from command line to 'False'
[0.614s] Level 5:colcon.colcon_core.verb:set package 'robot_description' build argument 'cmake_clean_first' from command line to 'False'
[0.614s] Level 5:colcon.colcon_core.verb:set package 'robot_description' build argument 'cmake_force_configure' from command line to 'False'
[0.614s] Level 5:colcon.colcon_core.verb:set package 'robot_description' build argument 'ament_cmake_args' from command line to 'None'
[0.614s] Level 5:colcon.colcon_core.verb:set package 'robot_description' build argument 'catkin_cmake_args' from command line to 'None'
[0.614s] Level 5:colcon.colcon_core.verb:set package 'robot_description' build argument 'catkin_skip_building_tests' from command line to 'False'
[0.614s] DEBUG:colcon.colcon_core.verb:Building package 'robot_description' with the following arguments: {'ament_cmake_args': None, 'build_base': '/home/r/ros2_ws/build/robot_description', 'catkin_cmake_args': None, 'catkin_skip_building_tests': False, 'cmake_args': None, 'cmake_clean_cache': False, 'cmake_clean_first': False, 'cmake_force_configure': False, 'cmake_target': None, 'cmake_target_skip_unavailable': False, 'install_base': '/home/r/ros2_ws/install/robot_description', 'merge_install': False, 'path': '/home/r/ros2_ws/src/robot_description', 'symlink_install': False, 'test_result_base': None}
[0.614s] Level 5:colcon.colcon_core.verb:set package 'robot_navigation' build argument 'cmake_args' from command line to 'None'
[0.614s] Level 5:colcon.colcon_core.verb:set package 'robot_navigation' build argument 'cmake_target' from command line to 'None'
[0.614s] Level 5:colcon.colcon_core.verb:set package 'robot_navigation' build argument 'cmake_target_skip_unavailable' from command line to 'False'
[0.614s] Level 5:colcon.colcon_core.verb:set package 'robot_navigation' build argument 'cmake_clean_cache' from command line to 'False'
[0.614s] Level 5:colcon.colcon_core.verb:set package 'robot_navigation' build argument 'cmake_clean_first' from command line to 'False'
[0.614s] Level 5:colcon.colcon_core.verb:set package 'robot_navigation' build argument 'cmake_force_configure' from command line to 'False'
[0.614s] Level 5:colcon.colcon_core.verb:set package 'robot_navigation' build argument 'ament_cmake_args' from command line to 'None'
[0.614s] Level 5:colcon.colcon_core.verb:set package 'robot_navigation' build argument 'catkin_cmake_args' from command line to 'None'
[0.614s] Level 5:colcon.colcon_core.verb:set package 'robot_navigation' build argument 'catkin_skip_building_tests' from command line to 'False'
[0.614s] DEBUG:colcon.colcon_core.verb:Building package 'robot_navigation' with the following arguments: {'ament_cmake_args': None, 'build_base': '/home/r/ros2_ws/build/robot_navigation', 'catkin_cmake_args': None, 'catkin_skip_building_tests': False, 'cmake_args': None, 'cmake_clean_cache': False, 'cmake_clean_first': False, 'cmake_force_configure': False, 'cmake_target': None, 'cmake_target_skip_unavailable': False, 'install_base': '/home/r/ros2_ws/install/robot_navigation', 'merge_install': False, 'path': '/home/r/ros2_ws/src/robot_navigation', 'symlink_install': False, 'test_result_base': None}
[0.614s] Level 5:colcon.colcon_core.verb:set package 'bringup' build argument 'cmake_args' from command line to 'None'
[0.614s] Level 5:colcon.colcon_core.verb:set package 'bringup' build argument 'cmake_target' from command line to 'None'
[0.614s] Level 5:colcon.colcon_core.verb:set package 'bringup' build argument 'cmake_target_skip_unavailable' from command line to 'False'
[0.614s] Level 5:colcon.colcon_core.verb:set package 'bringup' build argument 'cmake_clean_cache' from command line to 'False'
[0.614s] Level 5:colcon.colcon_core.verb:set package 'bringup' build argument 'cmake_clean_first' from command line to 'False'
[0.614s] Level 5:colcon.colcon_core.verb:set package 'bringup' build argument 'cmake_force_configure' from command line to 'False'
[0.614s] Level 5:colcon.colcon_core.verb:set package 'bringup' build argument 'ament_cmake_args' from command line to 'None'
[0.614s] Level 5:colcon.colcon_core.verb:set package 'bringup' build argument 'catkin_cmake_args' from command line to 'None'
[0.614s] Level 5:colcon.colcon_core.verb:set package 'bringup' build argument 'catkin_skip_building_tests' from command line to 'False'
[0.614s] DEBUG:colcon.colcon_core.verb:Building package 'bringup' with the following arguments: {'ament_cmake_args': None, 'build_base': '/home/r/ros2_ws/build/bringup', 'catkin_cmake_args': None, 'catkin_skip_building_tests': False, 'cmake_args': None, 'cmake_clean_cache': False, 'cmake_clean_first': False, 'cmake_force_configure': False, 'cmake_target': None, 'cmake_target_skip_unavailable': False, 'install_base': '/home/r/ros2_ws/install/bringup', 'merge_install': False, 'path': '/home/r/ros2_ws/src/bringup', 'symlink_install': False, 'test_result_base': None}
[0.615s] INFO:colcon.colcon_core.executor:Executing jobs using 'parallel' executor
[0.615s] DEBUG:colcon.colcon_parallel_executor.executor.parallel:run_until_complete
[0.616s] INFO:colcon.colcon_ros.task.ament_cmake.build:Building ROS package in '/home/r/ros2_ws/src/robot_description' with build type 'ament_cmake'
[0.616s] INFO:colcon.colcon_cmake.task.cmake.build:Building CMake package in '/home/r/ros2_ws/src/robot_description'
[0.624s] INFO:colcon.colcon_core.plugin_system:Skipping extension 'colcon_core.shell.bat': Not used on non-Windows systems
[0.624s] INFO:colcon.colcon_core.shell:Skip shell extension 'powershell' for command environment: Not usable outside of PowerShell
[0.624s] DEBUG:colcon.colcon_core.shell:Skip shell extension 'dsv' for command environment
[0.629s] INFO:colcon.colcon_ros.task.ament_cmake.build:Building ROS package in '/home/r/ros2_ws/src/robot_navigation' with build type 'ament_cmake'
[0.629s] INFO:colcon.colcon_cmake.task.cmake.build:Building CMake package in '/home/r/ros2_ws/src/robot_navigation'
[0.629s] INFO:colcon.colcon_core.shell:Skip shell extension 'powershell' for command environment: Not usable outside of PowerShell
[0.629s] DEBUG:colcon.colcon_core.shell:Skip shell extension 'dsv' for command environment
[0.641s] DEBUG:colcon.colcon_core.event_handler.log_command:Invoking command in '/home/r/ros2_ws/build/robot_description': CMAKE_PREFIX_PATH=${CMAKE_PREFIX_PATH}:/opt/ros/humble /usr/bin/cmake --build /home/r/ros2_ws/build/robot_description -- -j2 -l2
[0.656s] DEBUG:colcon.colcon_core.event_handler.log_command:Invoking command in '/home/r/ros2_ws/build/robot_navigation': CMAKE_PREFIX_PATH=${CMAKE_PREFIX_PATH}:/opt/ros/humble /usr/bin/cmake --build /home/r/ros2_ws/build/robot_navigation -- -j2 -l2
[0.805s] DEBUG:colcon.colcon_core.event_handler.log_command:Invoked command in '/home/r/ros2_ws/build/robot_description' returned '0': CMAKE_PREFIX_PATH=${CMAKE_PREFIX_PATH}:/opt/ros/humble /usr/bin/cmake --build /home/r/ros2_ws/build/robot_description -- -j2 -l2
[0.858s] DEBUG:colcon.colcon_core.event_handler.log_command:Invoking command in '/home/r/ros2_ws/build/robot_description': CMAKE_PREFIX_PATH=${CMAKE_PREFIX_PATH}:/opt/ros/humble /usr/bin/cmake --install /home/r/ros2_ws/build/robot_description
[0.873s] Level 1:colcon.colcon_core.environment:create_environment_scripts_only(robot_description)
[0.874s] DEBUG:colcon.colcon_core.event_handler.log_command:Invoked command in '/home/r/ros2_ws/build/robot_description' returned '0': CMAKE_PREFIX_PATH=${CMAKE_PREFIX_PATH}:/opt/ros/humble /usr/bin/cmake --install /home/r/ros2_ws/build/robot_description
[0.883s] Level 1:colcon.colcon_core.environment:checking '/home/r/ros2_ws/install/robot_description' for CMake module files
[0.884s] Level 1:colcon.colcon_core.environment:checking '/home/r/ros2_ws/install/robot_description' for CMake config files
[0.884s] Level 1:colcon.colcon_core.shell:create_environment_hook('robot_description', 'cmake_prefix_path')
[0.884s] INFO:colcon.colcon_core.shell:Creating environment hook '/home/r/ros2_ws/install/robot_description/share/robot_description/hook/cmake_prefix_path.ps1'
[0.885s] INFO:colcon.colcon_core.shell:Creating environment descriptor '/home/r/ros2_ws/install/robot_description/share/robot_description/hook/cmake_prefix_path.dsv'
[0.886s] INFO:colcon.colcon_core.shell:Creating environment hook '/home/r/ros2_ws/install/robot_description/share/robot_description/hook/cmake_prefix_path.sh'
[0.887s] Level 1:colcon.colcon_core.environment:checking '/home/r/ros2_ws/install/robot_description/bin'
[0.887s] Level 1:colcon.colcon_core.environment:checking '/home/r/ros2_ws/install/robot_description/lib/pkgconfig/robot_description.pc'
[0.887s] Level 1:colcon.colcon_core.environment:checking '/home/r/ros2_ws/install/robot_description/lib/python3.10/site-packages'
[0.888s] Level 1:colcon.colcon_core.environment:checking '/home/r/ros2_ws/install/robot_description/bin'
[0.888s] INFO:colcon.colcon_core.shell:Creating package script '/home/r/ros2_ws/install/robot_description/share/robot_description/package.ps1'
[0.889s] INFO:colcon.colcon_core.shell:Creating package descriptor '/home/r/ros2_ws/install/robot_description/share/robot_description/package.dsv'
[0.890s] INFO:colcon.colcon_core.shell:Creating package script '/home/r/ros2_ws/install/robot_description/share/robot_description/package.sh'
[0.890s] INFO:colcon.colcon_core.shell:Creating package script '/home/r/ros2_ws/install/robot_description/share/robot_description/package.bash'
[0.892s] INFO:colcon.colcon_core.shell:Creating package script '/home/r/ros2_ws/install/robot_description/share/robot_description/package.zsh'
[0.893s] Level 1:colcon.colcon_core.environment:create_file_with_runtime_dependencies(/home/r/ros2_ws/install/robot_description/share/colcon-core/packages/robot_description)
[0.939s] Level 1:colcon.colcon_core.environment:create_environment_scripts_only(robot_description)
[0.940s] Level 1:colcon.colcon_core.environment:checking '/home/r/ros2_ws/install/robot_description' for CMake module files
[0.940s] Level 1:colcon.colcon_core.environment:checking '/home/r/ros2_ws/install/robot_description' for CMake config files
[0.940s] Level 1:colcon.colcon_core.shell:create_environment_hook('robot_description', 'cmake_prefix_path')
[0.940s] INFO:colcon.colcon_core.shell:Creating environment hook '/home/r/ros2_ws/install/robot_description/share/robot_description/hook/cmake_prefix_path.ps1'
[0.941s] INFO:colcon.colcon_core.shell:Creating environment descriptor '/home/r/ros2_ws/install/robot_description/share/robot_description/hook/cmake_prefix_path.dsv'
[0.941s] INFO:colcon.colcon_core.shell:Creating environment hook '/home/r/ros2_ws/install/robot_description/share/robot_description/hook/cmake_prefix_path.sh'
[0.943s] Level 1:colcon.colcon_core.environment:checking '/home/r/ros2_ws/install/robot_description/bin'
[0.944s] Level 1:colcon.colcon_core.environment:checking '/home/r/ros2_ws/install/robot_description/lib/pkgconfig/robot_description.pc'
[0.944s] Level 1:colcon.colcon_core.environment:checking '/home/r/ros2_ws/install/robot_description/lib/python3.10/site-packages'
[0.944s] Level 1:colcon.colcon_core.environment:checking '/home/r/ros2_ws/install/robot_description/bin'
[0.944s] INFO:colcon.colcon_core.shell:Creating package script '/home/r/ros2_ws/install/robot_description/share/robot_description/package.ps1'
[0.945s] INFO:colcon.colcon_core.shell:Creating package descriptor '/home/r/ros2_ws/install/robot_description/share/robot_description/package.dsv'
[0.946s] INFO:colcon.colcon_core.shell:Creating package script '/home/r/ros2_ws/install/robot_description/share/robot_description/package.sh'
[0.947s] INFO:colcon.colcon_core.shell:Creating package script '/home/r/ros2_ws/install/robot_description/share/robot_description/package.bash'
[0.947s] INFO:colcon.colcon_core.shell:Creating package script '/home/r/ros2_ws/install/robot_description/share/robot_description/package.zsh'
[0.948s] Level 1:colcon.colcon_core.environment:create_file_with_runtime_dependencies(/home/r/ros2_ws/install/robot_description/share/colcon-core/packages/robot_description)
[0.948s] INFO:colcon.colcon_ros.task.ament_cmake.build:Building ROS package in '/home/r/ros2_ws/src/bringup' with build type 'ament_cmake'
[0.949s] INFO:colcon.colcon_cmake.task.cmake.build:Building CMake package in '/home/r/ros2_ws/src/bringup'
[0.949s] INFO:colcon.colcon_core.shell:Skip shell extension 'powershell' for command environment: Not usable outside of PowerShell
[0.949s] DEBUG:colcon.colcon_core.shell:Skip shell extension 'dsv' for command environment
[0.985s] DEBUG:colcon.colcon_core.event_handler.log_command:Invoking command in '/home/r/ros2_ws/build/bringup': AMENT_PREFIX_PATH=/home/r/ros2_ws/install/robot_description:${AMENT_PREFIX_PATH} CMAKE_PREFIX_PATH=/home/r/ros2_ws/install/robot_description:/home/r/lidar_ws/install/sllidar_ros2:/opt/ros/humble /usr/bin/cmake --build /home/r/ros2_ws/build/bringup -- -j2 -l2
[1.053s] DEBUG:colcon.colcon_core.event_handler.log_command:Invoked command in '/home/r/ros2_ws/build/bringup' returned '0': AMENT_PREFIX_PATH=/home/r/ros2_ws/install/robot_description:${AMENT_PREFIX_PATH} CMAKE_PREFIX_PATH=/home/r/ros2_ws/install/robot_description:/home/r/lidar_ws/install/sllidar_ros2:/opt/ros/humble /usr/bin/cmake --build /home/r/ros2_ws/build/bringup -- -j2 -l2
[1.110s] DEBUG:colcon.colcon_core.event_handler.log_command:Invoking command in '/home/r/ros2_ws/build/bringup': AMENT_PREFIX_PATH=/home/r/ros2_ws/install/robot_description:${AMENT_PREFIX_PATH} CMAKE_PREFIX_PATH=/home/r/ros2_ws/install/robot_description:/home/r/lidar_ws/install/sllidar_ros2:/opt/ros/humble /usr/bin/cmake --install /home/r/ros2_ws/build/bringup
[1.121s] Level 1:colcon.colcon_core.environment:create_environment_scripts_only(bringup)
[1.121s] Level 1:colcon.colcon_core.environment:checking '/home/r/ros2_ws/install/bringup' for CMake module files
[1.122s] DEBUG:colcon.colcon_core.event_handler.log_command:Invoked command in '/home/r/ros2_ws/build/bringup' returned '0': AMENT_PREFIX_PATH=/home/r/ros2_ws/install/robot_description:${AMENT_PREFIX_PATH} CMAKE_PREFIX_PATH=/home/r/ros2_ws/install/robot_description:/home/r/lidar_ws/install/sllidar_ros2:/opt/ros/humble /usr/bin/cmake --install /home/r/ros2_ws/build/bringup
[1.122s] Level 1:colcon.colcon_core.environment:checking '/home/r/ros2_ws/install/bringup' for CMake config files
[1.123s] Level 1:colcon.colcon_core.shell:create_environment_hook('bringup', 'cmake_prefix_path')
[1.123s] INFO:colcon.colcon_core.shell:Creating environment hook '/home/r/ros2_ws/install/bringup/share/bringup/hook/cmake_prefix_path.ps1'
[1.124s] INFO:colcon.colcon_core.shell:Creating environment descriptor '/home/r/ros2_ws/install/bringup/share/bringup/hook/cmake_prefix_path.dsv'
[1.124s] INFO:colcon.colcon_core.shell:Creating environment hook '/home/r/ros2_ws/install/bringup/share/bringup/hook/cmake_prefix_path.sh'
[1.125s] Level 1:colcon.colcon_core.environment:checking '/home/r/ros2_ws/install/bringup/bin'
[1.125s] Level 1:colcon.colcon_core.environment:checking '/home/r/ros2_ws/install/bringup/lib/pkgconfig/bringup.pc'
[1.125s] Level 1:colcon.colcon_core.environment:checking '/home/r/ros2_ws/install/bringup/lib/python3.10/site-packages'
[1.126s] Level 1:colcon.colcon_core.environment:checking '/home/r/ros2_ws/install/bringup/bin'
[1.126s] INFO:colcon.colcon_core.shell:Creating package script '/home/r/ros2_ws/install/bringup/share/bringup/package.ps1'
[1.127s] INFO:colcon.colcon_core.shell:Creating package descriptor '/home/r/ros2_ws/install/bringup/share/bringup/package.dsv'
[1.127s] INFO:colcon.colcon_core.shell:Creating package script '/home/r/ros2_ws/install/bringup/share/bringup/package.sh'
[1.128s] INFO:colcon.colcon_core.shell:Creating package script '/home/r/ros2_ws/install/bringup/share/bringup/package.bash'
[1.128s] INFO:colcon.colcon_core.shell:Creating package script '/home/r/ros2_ws/install/bringup/share/bringup/package.zsh'
[1.129s] Level 1:colcon.colcon_core.environment:create_file_with_runtime_dependencies(/home/r/ros2_ws/install/bringup/share/colcon-core/packages/bringup)
[1.181s] Level 1:colcon.colcon_core.environment:create_environment_scripts_only(bringup)
[1.181s] Level 1:colcon.colcon_core.environment:checking '/home/r/ros2_ws/install/bringup' for CMake module files
[1.182s] Level 1:colcon.colcon_core.environment:checking '/home/r/ros2_ws/install/bringup' for CMake config files
[1.182s] Level 1:colcon.colcon_core.shell:create_environment_hook('bringup', 'cmake_prefix_path')
[1.182s] INFO:colcon.colcon_core.shell:Creating environment hook '/home/r/ros2_ws/install/bringup/share/bringup/hook/cmake_prefix_path.ps1'
[1.183s] INFO:colcon.colcon_core.shell:Creating environment descriptor '/home/r/ros2_ws/install/bringup/share/bringup/hook/cmake_prefix_path.dsv'
[1.183s] INFO:colcon.colcon_core.shell:Creating environment hook '/home/r/ros2_ws/install/bringup/share/bringup/hook/cmake_prefix_path.sh'
[1.183s] Level 1:colcon.colcon_core.environment:checking '/home/r/ros2_ws/install/bringup/bin'
[1.183s] Level 1:colcon.colcon_core.environment:checking '/home/r/ros2_ws/install/bringup/lib/pkgconfig/bringup.pc'
[1.184s] Level 1:colcon.colcon_core.environment:checking '/home/r/ros2_ws/install/bringup/lib/python3.10/site-packages'
[1.184s] Level 1:colcon.colcon_core.environment:checking '/home/r/ros2_ws/install/bringup/bin'
[1.184s] INFO:colcon.colcon_core.shell:Creating package script '/home/r/ros2_ws/install/bringup/share/bringup/package.ps1'
[1.185s] INFO:colcon.colcon_core.shell:Creating package descriptor '/home/r/ros2_ws/install/bringup/share/bringup/package.dsv'
[1.185s] INFO:colcon.colcon_core.shell:Creating package script '/home/r/ros2_ws/install/bringup/share/bringup/package.sh'
[1.185s] INFO:colcon.colcon_core.shell:Creating package script '/home/r/ros2_ws/install/bringup/share/bringup/package.bash'
[1.186s] INFO:colcon.colcon_core.shell:Creating package script '/home/r/ros2_ws/install/bringup/share/bringup/package.zsh'
[1.186s] Level 1:colcon.colcon_core.environment:create_file_with_runtime_dependencies(/home/r/ros2_ws/install/bringup/share/colcon-core/packages/bringup)
[1.187s] DEBUG:colcon.colcon_core.event_handler.log_command:Invoked command in '/home/r/ros2_ws/build/robot_navigation' returned '0': CMAKE_PREFIX_PATH=${CMAKE_PREFIX_PATH}:/opt/ros/humble /usr/bin/cmake --build /home/r/ros2_ws/build/robot_navigation -- -j2 -l2
[1.221s] DEBUG:colcon.colcon_core.event_handler.log_command:Invoking command in '/home/r/ros2_ws/build/robot_navigation': CMAKE_PREFIX_PATH=${CMAKE_PREFIX_PATH}:/opt/ros/humble /usr/bin/cmake --install /home/r/ros2_ws/build/robot_navigation
[1.257s] Level 1:colcon.colcon_core.environment:create_environment_scripts_only(robot_navigation)
[1.257s] DEBUG:colcon.colcon_core.event_handler.log_command:Invoked command in '/home/r/ros2_ws/build/robot_navigation' returned '0': CMAKE_PREFIX_PATH=${CMAKE_PREFIX_PATH}:/opt/ros/humble /usr/bin/cmake --install /home/r/ros2_ws/build/robot_navigation
[1.257s] Level 1:colcon.colcon_core.environment:checking '/home/r/ros2_ws/install/robot_navigation' for CMake module files
[1.258s] Level 1:colcon.colcon_core.environment:checking '/home/r/ros2_ws/install/robot_navigation' for CMake config files
[1.258s] Level 1:colcon.colcon_core.shell:create_environment_hook('robot_navigation', 'cmake_prefix_path')
[1.259s] INFO:colcon.colcon_core.shell:Creating environment hook '/home/r/ros2_ws/install/robot_navigation/share/robot_navigation/hook/cmake_prefix_path.ps1'
[1.260s] INFO:colcon.colcon_core.shell:Creating environment descriptor '/home/r/ros2_ws/install/robot_navigation/share/robot_navigation/hook/cmake_prefix_path.dsv'
[1.260s] INFO:colcon.colcon_core.shell:Creating environment hook '/home/r/ros2_ws/install/robot_navigation/share/robot_navigation/hook/cmake_prefix_path.sh'
[1.262s] Level 1:colcon.colcon_core.environment:checking '/home/r/ros2_ws/install/robot_navigation/bin'
[1.262s] Level 1:colcon.colcon_core.environment:checking '/home/r/ros2_ws/install/robot_navigation/lib/pkgconfig/robot_navigation.pc'
[1.263s] Level 1:colcon.colcon_core.environment:checking '/home/r/ros2_ws/install/robot_navigation/lib/python3.10/site-packages'
[1.263s] Level 1:colcon.colcon_core.environment:checking '/home/r/ros2_ws/install/robot_navigation/bin'
[1.264s] INFO:colcon.colcon_core.shell:Creating package script '/home/r/ros2_ws/install/robot_navigation/share/robot_navigation/package.ps1'
[1.264s] INFO:colcon.colcon_core.shell:Creating package descriptor '/home/r/ros2_ws/install/robot_navigation/share/robot_navigation/package.dsv'
[1.265s] INFO:colcon.colcon_core.shell:Creating package script '/home/r/ros2_ws/install/robot_navigation/share/robot_navigation/package.sh'
[1.265s] INFO:colcon.colcon_core.shell:Creating package script '/home/r/ros2_ws/install/robot_navigation/share/robot_navigation/package.bash'
[1.266s] INFO:colcon.colcon_core.shell:Creating package script '/home/r/ros2_ws/install/robot_navigation/share/robot_navigation/package.zsh'
[1.267s] Level 1:colcon.colcon_core.environment:create_file_with_runtime_dependencies(/home/r/ros2_ws/install/robot_navigation/share/colcon-core/packages/robot_navigation)
[1.307s] Level 1:colcon.colcon_core.environment:create_environment_scripts_only(robot_navigation)
[1.308s] Level 1:colcon.colcon_core.environment:checking '/home/r/ros2_ws/install/robot_navigation' for CMake module files
[1.308s] Level 1:colcon.colcon_core.environment:checking '/home/r/ros2_ws/install/robot_navigation' for CMake config files
[1.308s] Level 1:colcon.colcon_core.shell:create_environment_hook('robot_navigation', 'cmake_prefix_path')
[1.308s] INFO:colcon.colcon_core.shell:Creating environment hook '/home/r/ros2_ws/install/robot_navigation/share/robot_navigation/hook/cmake_prefix_path.ps1'
[1.309s] INFO:colcon.colcon_core.shell:Creating environment descriptor '/home/r/ros2_ws/install/robot_navigation/share/robot_navigation/hook/cmake_prefix_path.dsv'
[1.309s] INFO:colcon.colcon_core.shell:Creating environment hook '/home/r/ros2_ws/install/robot_navigation/share/robot_navigation/hook/cmake_prefix_path.sh'
[1.310s] Level 1:colcon.colcon_core.environment:checking '/home/r/ros2_ws/install/robot_navigation/bin'
[1.310s] Level 1:colcon.colcon_core.environment:checking '/home/r/ros2_ws/install/robot_navigation/lib/pkgconfig/robot_navigation.pc'
[1.310s] Level 1:colcon.colcon_core.environment:checking '/home/r/ros2_ws/install/robot_navigation/lib/python3.10/site-packages'
[1.310s] Level 1:colcon.colcon_core.environment:checking '/home/r/ros2_ws/install/robot_navigation/bin'
[1.310s] INFO:colcon.colcon_core.shell:Creating package script '/home/r/ros2_ws/install/robot_navigation/share/robot_navigation/package.ps1'
[1.311s] INFO:colcon.colcon_core.shell:Creating package descriptor '/home/r/ros2_ws/install/robot_navigation/share/robot_navigation/package.dsv'
[1.311s] INFO:colcon.colcon_core.shell:Creating package script '/home/r/ros2_ws/install/robot_navigation/share/robot_navigation/package.sh'
[1.311s] INFO:colcon.colcon_core.shell:Creating package script '/home/r/ros2_ws/install/robot_navigation/share/robot_navigation/package.bash'
[1.312s] INFO:colcon.colcon_core.shell:Creating package script '/home/r/ros2_ws/install/robot_navigation/share/robot_navigation/package.zsh'
[1.312s] Level 1:colcon.colcon_core.environment:create_file_with_runtime_dependencies(/home/r/ros2_ws/install/robot_navigation/share/colcon-core/packages/robot_navigation)
[1.312s] DEBUG:colcon.colcon_parallel_executor.executor.parallel:closing loop
[1.312s] DEBUG:colcon.colcon_parallel_executor.executor.parallel:loop closed
[1.313s] DEBUG:colcon.colcon_parallel_executor.executor.parallel:run_until_complete finished with '0'
[1.313s] DEBUG:colcon.colcon_core.event_reactor:joining thread
[1.327s] INFO:colcon.colcon_core.plugin_system:Skipping extension 'colcon_notification.desktop_notification.terminal_notifier': Not used on non-Darwin systems
[1.327s] INFO:colcon.colcon_core.plugin_system:Skipping extension 'colcon_notification.desktop_notification.win32': Not used on non-Windows systems
[1.327s] INFO:colcon.colcon_notification.desktop_notification:Sending desktop notification using 'notify2'
[1.350s] DEBUG:colcon.colcon_core.event_reactor:joined thread
[1.351s] INFO:colcon.colcon_core.shell:Creating prefix script '/home/r/ros2_ws/install/local_setup.ps1'
[1.352s] INFO:colcon.colcon_core.shell:Creating prefix util module '/home/r/ros2_ws/install/_local_setup_util_ps1.py'
[1.355s] INFO:colcon.colcon_core.shell:Creating prefix chain script '/home/r/ros2_ws/install/setup.ps1'
[1.357s] INFO:colcon.colcon_core.shell:Creating prefix script '/home/r/ros2_ws/install/local_setup.sh'
[1.358s] INFO:colcon.colcon_core.shell:Creating prefix util module '/home/r/ros2_ws/install/_local_setup_util_sh.py'
[1.359s] INFO:colcon.colcon_core.shell:Creating prefix chain script '/home/r/ros2_ws/install/setup.sh'
[1.360s] INFO:colcon.colcon_core.shell:Creating prefix script '/home/r/ros2_ws/install/local_setup.bash'
[1.361s] INFO:colcon.colcon_core.shell:Creating prefix chain script '/home/r/ros2_ws/install/setup.bash'
[1.362s] INFO:colcon.colcon_core.shell:Creating prefix script '/home/r/ros2_ws/install/local_setup.zsh'
[1.363s] INFO:colcon.colcon_core.shell:Creating prefix chain script '/home/r/ros2_ws/install/setup.zsh'
