[0.280s] Invoking command in '/home/hi/ros2_ws/build/robot_description': CMAKE_PREFIX_PATH=${CMAKE_PREFIX_PATH}:/opt/ros/humble /usr/bin/cmake --build /home/hi/ros2_ws/build/robot_description -- -j4 -l4
[0.971s] Invoked command in '/home/hi/ros2_ws/build/robot_description' returned '0': CMAKE_PREFIX_PATH=${CMAKE_PREFIX_PATH}:/opt/ros/humble /usr/bin/cmake --build /home/hi/ros2_ws/build/robot_description -- -j4 -l4
[1.484s] Invoking command in '/home/hi/ros2_ws/build/robot_description': CMAKE_PREFIX_PATH=${CMAKE_PREFIX_PATH}:/opt/ros/humble /usr/bin/cmake --install /home/hi/ros2_ws/build/robot_description
[1.727s] -- Install configuration: ""
[1.729s] -- Up-to-date: /home/hi/ros2_ws/install/robot_description/share/robot_description/rviz
[1.731s] -- Up-to-date: /home/hi/ros2_ws/install/robot_description/share/robot_description/rviz/show_robot.rviz
[1.733s] -- Up-to-date: /home/hi/ros2_ws/install/robot_description/share/robot_description/urdf
[1.735s] -- Up-to-date: /home/hi/ros2_ws/install/robot_description/share/robot_description/urdf/robot.urdf
[1.736s] -- Up-to-date: /home/hi/ros2_ws/install/robot_description/share/ament_index/resource_index/package_run_dependencies/robot_description
[1.737s] -- Up-to-date: /home/hi/ros2_ws/install/robot_description/share/ament_index/resource_index/parent_prefix_path/robot_description
[1.739s] -- Up-to-date: /home/hi/ros2_ws/install/robot_description/share/robot_description/environment/ament_prefix_path.sh
[1.740s] -- Up-to-date: /home/hi/ros2_ws/install/robot_description/share/robot_description/environment/ament_prefix_path.dsv
[1.741s] -- Up-to-date: /home/hi/ros2_ws/install/robot_description/share/robot_description/environment/path.sh
[1.742s] -- Up-to-date: /home/hi/ros2_ws/install/robot_description/share/robot_description/environment/path.dsv
[1.743s] -- Up-to-date: /home/hi/ros2_ws/install/robot_description/share/robot_description/local_setup.bash
[1.754s] -- Up-to-date: /home/hi/ros2_ws/install/robot_description/share/robot_description/local_setup.sh
[1.756s] -- Up-to-date: /home/hi/ros2_ws/install/robot_description/share/robot_description/local_setup.zsh
[1.763s] -- Up-to-date: /home/hi/ros2_ws/install/robot_description/share/robot_description/local_setup.dsv
[1.764s] -- Installing: /home/hi/ros2_ws/install/robot_description/share/robot_description/package.dsv
[1.765s] -- Up-to-date: /home/hi/ros2_ws/install/robot_description/share/ament_index/resource_index/packages/robot_description
[1.767s] -- Up-to-date: /home/hi/ros2_ws/install/robot_description/share/robot_description/cmake/robot_descriptionConfig.cmake
[1.768s] -- Up-to-date: /home/hi/ros2_ws/install/robot_description/share/robot_description/cmake/robot_descriptionConfig-version.cmake
[1.769s] -- Up-to-date: /home/hi/ros2_ws/install/robot_description/share/robot_description/package.xml
[1.934s] Invoked command in '/home/hi/ros2_ws/build/robot_description' returned '0': CMAKE_PREFIX_PATH=${CMAKE_PREFIX_PATH}:/opt/ros/humble /usr/bin/cmake --install /home/hi/ros2_ws/build/robot_description
