[0.451s] DEBUG:colcon:Command line arguments: ['/usr/bin/colcon', 'build', '--packages-select', 'bringup']
[0.451s] DEBUG:colcon:Parsed command line arguments: Namespace(log_base=None, log_level=None, verb_name='build', build_base='build', install_base='install', merge_install=False, symlink_install=False, test_result_base=None, continue_on_error=False, executor='parallel', parallel_workers=4, event_handlers=None, ignore_user_meta=False, metas=['./colcon.meta'], base_paths=['.'], packages_ignore=None, packages_ignore_regex=None, paths=None, packages_up_to=None, packages_up_to_regex=None, packages_above=None, packages_above_and_dependencies=None, packages_above_depth=None, packages_select_by_dep=None, packages_skip_by_dep=None, packages_skip_up_to=None, packages_select_build_failed=False, packages_skip_build_finished=False, packages_select_test_failures=False, packages_skip_test_passed=False, packages_select=['bringup'], packages_skip=None, packages_select_regex=None, packages_skip_regex=None, packages_start=None, packages_end=None, allow_overriding=[], cmake_args=None, cmake_target=None, cmake_target_skip_unavailable=False, cmake_clean_cache=False, cmake_clean_first=False, cmake_force_configure=False, ament_cmake_args=None, catkin_cmake_args=None, catkin_skip_building_tests=False, verb_parser=<colcon_defaults.argument_parser.defaults.DefaultArgumentsDecorator object at 0xffffb682c460>, verb_extension=<colcon_core.verb.build.BuildVerb object at 0xffffb696d090>, main=<bound method BuildVerb.main of <colcon_core.verb.build.BuildVerb object at 0xffffb696d090>>)
[1.241s] Level 1:colcon.colcon_core.package_discovery:discover_packages(colcon_meta) check parameters
[1.242s] Level 1:colcon.colcon_core.package_discovery:discover_packages(recursive) check parameters
[1.242s] Level 1:colcon.colcon_core.package_discovery:discover_packages(ignore) check parameters
[1.242s] Level 1:colcon.colcon_core.package_discovery:discover_packages(path) check parameters
[1.242s] Level 1:colcon.colcon_core.package_discovery:discover_packages(colcon_meta) discover
[1.242s] Level 1:colcon.colcon_core.package_discovery:discover_packages(recursive) discover
[1.243s] INFO:colcon.colcon_core.package_discovery:Crawling recursively for packages in '/home/hi/ros2_ws'
[1.243s] Level 1:colcon.colcon_core.package_identification:_identify(.) by extensions ['ignore', 'ignore_ament_install']
[1.243s] Level 1:colcon.colcon_core.package_identification:_identify(.) by extension 'ignore'
[1.244s] Level 1:colcon.colcon_core.package_identification:_identify(.) by extension 'ignore_ament_install'
[1.244s] Level 1:colcon.colcon_core.package_identification:_identify(.) by extensions ['colcon_pkg']
[1.244s] Level 1:colcon.colcon_core.package_identification:_identify(.) by extension 'colcon_pkg'
[1.244s] Level 1:colcon.colcon_core.package_identification:_identify(.) by extensions ['colcon_meta']
[1.244s] Level 1:colcon.colcon_core.package_identification:_identify(.) by extension 'colcon_meta'
[1.245s] Level 1:colcon.colcon_core.package_identification:_identify(.) by extensions ['ros']
[1.245s] Level 1:colcon.colcon_core.package_identification:_identify(.) by extension 'ros'
[1.290s] Level 1:colcon.colcon_core.package_identification:_identify(.) by extensions ['cmake', 'python']
[1.290s] Level 1:colcon.colcon_core.package_identification:_identify(.) by extension 'cmake'
[1.290s] Level 1:colcon.colcon_core.package_identification:_identify(.) by extension 'python'
[1.290s] Level 1:colcon.colcon_core.package_identification:_identify(.) by extensions ['python_setup_py']
[1.290s] Level 1:colcon.colcon_core.package_identification:_identify(.) by extension 'python_setup_py'
[1.291s] Level 1:colcon.colcon_core.package_identification:_identify(build) by extensions ['ignore', 'ignore_ament_install']
[1.297s] Level 1:colcon.colcon_core.package_identification:_identify(build) by extension 'ignore'
[1.297s] Level 1:colcon.colcon_core.package_identification:_identify(build) ignored
[1.298s] Level 1:colcon.colcon_core.package_identification:_identify(install) by extensions ['ignore', 'ignore_ament_install']
[1.298s] Level 1:colcon.colcon_core.package_identification:_identify(install) by extension 'ignore'
[1.298s] Level 1:colcon.colcon_core.package_identification:_identify(install) ignored
[1.299s] Level 1:colcon.colcon_core.package_identification:_identify(log) by extensions ['ignore', 'ignore_ament_install']
[1.299s] Level 1:colcon.colcon_core.package_identification:_identify(log) by extension 'ignore'
[1.299s] Level 1:colcon.colcon_core.package_identification:_identify(log) ignored
[1.300s] Level 1:colcon.colcon_core.package_identification:_identify(src) by extensions ['ignore', 'ignore_ament_install']
[1.300s] Level 1:colcon.colcon_core.package_identification:_identify(src) by extension 'ignore'
[1.300s] Level 1:colcon.colcon_core.package_identification:_identify(src) by extension 'ignore_ament_install'
[1.301s] Level 1:colcon.colcon_core.package_identification:_identify(src) by extensions ['colcon_pkg']
[1.301s] Level 1:colcon.colcon_core.package_identification:_identify(src) by extension 'colcon_pkg'
[1.301s] Level 1:colcon.colcon_core.package_identification:_identify(src) by extensions ['colcon_meta']
[1.301s] Level 1:colcon.colcon_core.package_identification:_identify(src) by extension 'colcon_meta'
[1.301s] Level 1:colcon.colcon_core.package_identification:_identify(src) by extensions ['ros']
[1.301s] Level 1:colcon.colcon_core.package_identification:_identify(src) by extension 'ros'
[1.302s] Level 1:colcon.colcon_core.package_identification:_identify(src) by extensions ['cmake', 'python']
[1.302s] Level 1:colcon.colcon_core.package_identification:_identify(src) by extension 'cmake'
[1.302s] Level 1:colcon.colcon_core.package_identification:_identify(src) by extension 'python'
[1.302s] Level 1:colcon.colcon_core.package_identification:_identify(src) by extensions ['python_setup_py']
[1.302s] Level 1:colcon.colcon_core.package_identification:_identify(src) by extension 'python_setup_py'
[1.303s] Level 1:colcon.colcon_core.package_identification:_identify(src/bringup) by extensions ['ignore', 'ignore_ament_install']
[1.303s] Level 1:colcon.colcon_core.package_identification:_identify(src/bringup) by extension 'ignore'
[1.303s] Level 1:colcon.colcon_core.package_identification:_identify(src/bringup) by extension 'ignore_ament_install'
[1.303s] Level 1:colcon.colcon_core.package_identification:_identify(src/bringup) by extensions ['colcon_pkg']
[1.303s] Level 1:colcon.colcon_core.package_identification:_identify(src/bringup) by extension 'colcon_pkg'
[1.304s] Level 1:colcon.colcon_core.package_identification:_identify(src/bringup) by extensions ['colcon_meta']
[1.304s] Level 1:colcon.colcon_core.package_identification:_identify(src/bringup) by extension 'colcon_meta'
[1.304s] Level 1:colcon.colcon_core.package_identification:_identify(src/bringup) by extensions ['ros']
[1.304s] Level 1:colcon.colcon_core.package_identification:_identify(src/bringup) by extension 'ros'
[1.313s] DEBUG:colcon.colcon_core.package_identification:Package 'src/bringup' with type 'ros.ament_cmake' and name 'bringup'
[1.314s] Level 1:colcon.colcon_core.package_identification:_identify(src/robot_description) by extensions ['ignore', 'ignore_ament_install']
[1.314s] Level 1:colcon.colcon_core.package_identification:_identify(src/robot_description) by extension 'ignore'
[1.314s] Level 1:colcon.colcon_core.package_identification:_identify(src/robot_description) by extension 'ignore_ament_install'
[1.314s] Level 1:colcon.colcon_core.package_identification:_identify(src/robot_description) by extensions ['colcon_pkg']
[1.315s] Level 1:colcon.colcon_core.package_identification:_identify(src/robot_description) by extension 'colcon_pkg'
[1.315s] Level 1:colcon.colcon_core.package_identification:_identify(src/robot_description) by extensions ['colcon_meta']
[1.315s] Level 1:colcon.colcon_core.package_identification:_identify(src/robot_description) by extension 'colcon_meta'
[1.315s] Level 1:colcon.colcon_core.package_identification:_identify(src/robot_description) by extensions ['ros']
[1.315s] Level 1:colcon.colcon_core.package_identification:_identify(src/robot_description) by extension 'ros'
[1.317s] DEBUG:colcon.colcon_core.package_identification:Package 'src/robot_description' with type 'ros.ament_cmake' and name 'robot_description'
[1.318s] Level 1:colcon.colcon_core.package_identification:_identify(src/robot_navigation) by extensions ['ignore', 'ignore_ament_install']
[1.318s] Level 1:colcon.colcon_core.package_identification:_identify(src/robot_navigation) by extension 'ignore'
[1.319s] Level 1:colcon.colcon_core.package_identification:_identify(src/robot_navigation) by extension 'ignore_ament_install'
[1.319s] Level 1:colcon.colcon_core.package_identification:_identify(src/robot_navigation) by extensions ['colcon_pkg']
[1.319s] Level 1:colcon.colcon_core.package_identification:_identify(src/robot_navigation) by extension 'colcon_pkg'
[1.319s] Level 1:colcon.colcon_core.package_identification:_identify(src/robot_navigation) by extensions ['colcon_meta']
[1.319s] Level 1:colcon.colcon_core.package_identification:_identify(src/robot_navigation) by extension 'colcon_meta'
[1.320s] Level 1:colcon.colcon_core.package_identification:_identify(src/robot_navigation) by extensions ['ros']
[1.320s] Level 1:colcon.colcon_core.package_identification:_identify(src/robot_navigation) by extension 'ros'
[1.322s] DEBUG:colcon.colcon_core.package_identification:Package 'src/robot_navigation' with type 'ros.ament_cmake' and name 'robot_navigation'
[1.322s] Level 1:colcon.colcon_core.package_identification:_identify(src/robot_node1) by extensions ['ignore', 'ignore_ament_install']
[1.323s] Level 1:colcon.colcon_core.package_identification:_identify(src/robot_node1) by extension 'ignore'
[1.323s] Level 1:colcon.colcon_core.package_identification:_identify(src/robot_node1) by extension 'ignore_ament_install'
[1.323s] Level 1:colcon.colcon_core.package_identification:_identify(src/robot_node1) by extensions ['colcon_pkg']
[1.323s] Level 1:colcon.colcon_core.package_identification:_identify(src/robot_node1) by extension 'colcon_pkg'
[1.324s] Level 1:colcon.colcon_core.package_identification:_identify(src/robot_node1) by extensions ['colcon_meta']
[1.324s] Level 1:colcon.colcon_core.package_identification:_identify(src/robot_node1) by extension 'colcon_meta'
[1.324s] Level 1:colcon.colcon_core.package_identification:_identify(src/robot_node1) by extensions ['ros']
[1.324s] Level 1:colcon.colcon_core.package_identification:_identify(src/robot_node1) by extension 'ros'
[1.326s] DEBUG:colcon.colcon_core.package_identification:Package 'src/robot_node1' with type 'ros.ament_cmake' and name 'robot_node1'
[1.327s] Level 1:colcon.colcon_core.package_discovery:discover_packages(recursive) using defaults
[1.327s] Level 1:colcon.colcon_core.package_discovery:discover_packages(ignore) discover
[1.327s] Level 1:colcon.colcon_core.package_discovery:discover_packages(ignore) using defaults
[1.327s] Level 1:colcon.colcon_core.package_discovery:discover_packages(path) discover
[1.327s] Level 1:colcon.colcon_core.package_discovery:discover_packages(path) using defaults
[1.406s] INFO:colcon.colcon_core.package_selection:Skipping not selected package 'robot_description' in 'src/robot_description'
[1.406s] INFO:colcon.colcon_core.package_selection:Skipping not selected package 'robot_navigation' in 'src/robot_navigation'
[1.406s] INFO:colcon.colcon_core.package_selection:Skipping not selected package 'robot_node1' in 'src/robot_node1'
[1.408s] Level 1:colcon.colcon_core.package_discovery:discover_packages(prefix_path) check parameters
[1.408s] Level 1:colcon.colcon_core.package_discovery:discover_packages(prefix_path) discover
[1.418s] DEBUG:colcon.colcon_installed_package_information.package_discovery:Found 4 installed packages in /home/hi/ros2_ws/install
[1.420s] DEBUG:colcon.colcon_installed_package_information.package_discovery:Found 1 installed packages in /home/hi/robot_localization/install
[1.422s] DEBUG:colcon.colcon_installed_package_information.package_discovery:Found 1 installed packages in /home/hi/work_s/install
[1.432s] DEBUG:colcon.colcon_installed_package_information.package_discovery:Found 324 installed packages in /opt/ros/humble
[1.440s] Level 1:colcon.colcon_core.package_discovery:discover_packages(prefix_path) using defaults
[1.683s] Level 5:colcon.colcon_core.verb:set package 'bringup' build argument 'cmake_args' from command line to 'None'
[1.684s] Level 5:colcon.colcon_core.verb:set package 'bringup' build argument 'cmake_target' from command line to 'None'
[1.684s] Level 5:colcon.colcon_core.verb:set package 'bringup' build argument 'cmake_target_skip_unavailable' from command line to 'False'
[1.684s] Level 5:colcon.colcon_core.verb:set package 'bringup' build argument 'cmake_clean_cache' from command line to 'False'
[1.684s] Level 5:colcon.colcon_core.verb:set package 'bringup' build argument 'cmake_clean_first' from command line to 'False'
[1.684s] Level 5:colcon.colcon_core.verb:set package 'bringup' build argument 'cmake_force_configure' from command line to 'False'
[1.684s] Level 5:colcon.colcon_core.verb:set package 'bringup' build argument 'ament_cmake_args' from command line to 'None'
[1.684s] Level 5:colcon.colcon_core.verb:set package 'bringup' build argument 'catkin_cmake_args' from command line to 'None'
[1.684s] Level 5:colcon.colcon_core.verb:set package 'bringup' build argument 'catkin_skip_building_tests' from command line to 'False'
[1.685s] DEBUG:colcon.colcon_core.verb:Building package 'bringup' with the following arguments: {'ament_cmake_args': None, 'build_base': '/home/hi/ros2_ws/build/bringup', 'catkin_cmake_args': None, 'catkin_skip_building_tests': False, 'cmake_args': None, 'cmake_clean_cache': False, 'cmake_clean_first': False, 'cmake_force_configure': False, 'cmake_target': None, 'cmake_target_skip_unavailable': False, 'install_base': '/home/hi/ros2_ws/install/bringup', 'merge_install': False, 'path': '/home/hi/ros2_ws/src/bringup', 'symlink_install': False, 'test_result_base': None}
[1.685s] INFO:colcon.colcon_core.executor:Executing jobs using 'parallel' executor
[1.688s] DEBUG:colcon.colcon_parallel_executor.executor.parallel:run_until_complete
[1.689s] INFO:colcon.colcon_ros.task.ament_cmake.build:Building ROS package in '/home/hi/ros2_ws/src/bringup' with build type 'ament_cmake'
[1.690s] INFO:colcon.colcon_cmake.task.cmake.build:Building CMake package in '/home/hi/ros2_ws/src/bringup'
[1.699s] INFO:colcon.colcon_core.plugin_system:Skipping extension 'colcon_core.shell.bat': Not used on non-Windows systems
[1.700s] INFO:colcon.colcon_core.shell:Skip shell extension 'powershell' for command environment: Not usable outside of PowerShell
[1.700s] DEBUG:colcon.colcon_core.shell:Skip shell extension 'dsv' for command environment
[1.757s] DEBUG:colcon.colcon_core.event_handler.log_command:Invoking command in '/home/hi/ros2_ws/build/bringup': CMAKE_PREFIX_PATH=/home/hi/ros2_ws/install/robot_description:/home/hi/ros2_ws/install/robot_node1:/home/hi/ros2_ws/install/robot_navigation:/home/hi/ros2_ws/install/bringup:/home/hi/robot_localization/install/robot_localization:/home/hi/work_s/install/sllidar_ros2:/opt/ros/humble /usr/bin/cmake --build /home/hi/ros2_ws/build/bringup -- -j4 -l4
[1.933s] DEBUG:colcon.colcon_core.event_handler.log_command:Invoked command in '/home/hi/ros2_ws/build/bringup' returned '0': CMAKE_PREFIX_PATH=/home/hi/ros2_ws/install/robot_description:/home/hi/ros2_ws/install/robot_node1:/home/hi/ros2_ws/install/robot_navigation:/home/hi/ros2_ws/install/bringup:/home/hi/robot_localization/install/robot_localization:/home/hi/work_s/install/sllidar_ros2:/opt/ros/humble /usr/bin/cmake --build /home/hi/ros2_ws/build/bringup -- -j4 -l4
[2.110s] DEBUG:colcon.colcon_core.event_handler.log_command:Invoking command in '/home/hi/ros2_ws/build/bringup': CMAKE_PREFIX_PATH=/home/hi/ros2_ws/install/robot_description:/home/hi/ros2_ws/install/robot_node1:/home/hi/ros2_ws/install/robot_navigation:/home/hi/ros2_ws/install/bringup:/home/hi/robot_localization/install/robot_localization:/home/hi/work_s/install/sllidar_ros2:/opt/ros/humble /usr/bin/cmake --install /home/hi/ros2_ws/build/bringup
[2.154s] Level 1:colcon.colcon_core.environment:create_environment_scripts_only(bringup)
[2.156s] DEBUG:colcon.colcon_core.event_handler.log_command:Invoked command in '/home/hi/ros2_ws/build/bringup' returned '0': CMAKE_PREFIX_PATH=/home/hi/ros2_ws/install/robot_description:/home/hi/ros2_ws/install/robot_node1:/home/hi/ros2_ws/install/robot_navigation:/home/hi/ros2_ws/install/bringup:/home/hi/robot_localization/install/robot_localization:/home/hi/work_s/install/sllidar_ros2:/opt/ros/humble /usr/bin/cmake --install /home/hi/ros2_ws/build/bringup
[2.166s] Level 1:colcon.colcon_core.environment:checking '/home/hi/ros2_ws/install/bringup' for CMake module files
[2.169s] Level 1:colcon.colcon_core.environment:checking '/home/hi/ros2_ws/install/bringup' for CMake config files
[2.171s] Level 1:colcon.colcon_core.shell:create_environment_hook('bringup', 'cmake_prefix_path')
[2.172s] INFO:colcon.colcon_core.shell:Creating environment hook '/home/hi/ros2_ws/install/bringup/share/bringup/hook/cmake_prefix_path.ps1'
[2.175s] INFO:colcon.colcon_core.shell:Creating environment descriptor '/home/hi/ros2_ws/install/bringup/share/bringup/hook/cmake_prefix_path.dsv'
[2.177s] INFO:colcon.colcon_core.shell:Creating environment hook '/home/hi/ros2_ws/install/bringup/share/bringup/hook/cmake_prefix_path.sh'
[2.181s] Level 1:colcon.colcon_core.environment:checking '/home/hi/ros2_ws/install/bringup/bin'
[2.182s] Level 1:colcon.colcon_core.environment:checking '/home/hi/ros2_ws/install/bringup/lib/pkgconfig/bringup.pc'
[2.182s] Level 1:colcon.colcon_core.environment:checking '/home/hi/ros2_ws/install/bringup/lib/python3.10/site-packages'
[2.183s] Level 1:colcon.colcon_core.environment:checking '/home/hi/ros2_ws/install/bringup/bin'
[2.184s] INFO:colcon.colcon_core.shell:Creating package script '/home/hi/ros2_ws/install/bringup/share/bringup/package.ps1'
[2.188s] INFO:colcon.colcon_core.shell:Creating package descriptor '/home/hi/ros2_ws/install/bringup/share/bringup/package.dsv'
[2.191s] INFO:colcon.colcon_core.shell:Creating package script '/home/hi/ros2_ws/install/bringup/share/bringup/package.sh'
[2.194s] INFO:colcon.colcon_core.shell:Creating package script '/home/hi/ros2_ws/install/bringup/share/bringup/package.bash'
[2.197s] INFO:colcon.colcon_core.shell:Creating package script '/home/hi/ros2_ws/install/bringup/share/bringup/package.zsh'
[2.200s] Level 1:colcon.colcon_core.environment:create_file_with_runtime_dependencies(/home/hi/ros2_ws/install/bringup/share/colcon-core/packages/bringup)
[2.328s] Level 1:colcon.colcon_core.environment:create_environment_scripts_only(bringup)
[2.329s] Level 1:colcon.colcon_core.environment:checking '/home/hi/ros2_ws/install/bringup' for CMake module files
[2.331s] Level 1:colcon.colcon_core.environment:checking '/home/hi/ros2_ws/install/bringup' for CMake config files
[2.333s] Level 1:colcon.colcon_core.shell:create_environment_hook('bringup', 'cmake_prefix_path')
[2.335s] INFO:colcon.colcon_core.shell:Creating environment hook '/home/hi/ros2_ws/install/bringup/share/bringup/hook/cmake_prefix_path.ps1'
[2.339s] INFO:colcon.colcon_core.shell:Creating environment descriptor '/home/hi/ros2_ws/install/bringup/share/bringup/hook/cmake_prefix_path.dsv'
[2.341s] INFO:colcon.colcon_core.shell:Creating environment hook '/home/hi/ros2_ws/install/bringup/share/bringup/hook/cmake_prefix_path.sh'
[2.344s] Level 1:colcon.colcon_core.environment:checking '/home/hi/ros2_ws/install/bringup/bin'
[2.345s] Level 1:colcon.colcon_core.environment:checking '/home/hi/ros2_ws/install/bringup/lib/pkgconfig/bringup.pc'
[2.345s] Level 1:colcon.colcon_core.environment:checking '/home/hi/ros2_ws/install/bringup/lib/python3.10/site-packages'
[2.346s] Level 1:colcon.colcon_core.environment:checking '/home/hi/ros2_ws/install/bringup/bin'
[2.348s] INFO:colcon.colcon_core.shell:Creating package script '/home/hi/ros2_ws/install/bringup/share/bringup/package.ps1'
[2.350s] INFO:colcon.colcon_core.shell:Creating package descriptor '/home/hi/ros2_ws/install/bringup/share/bringup/package.dsv'
[2.353s] INFO:colcon.colcon_core.shell:Creating package script '/home/hi/ros2_ws/install/bringup/share/bringup/package.sh'
[2.355s] INFO:colcon.colcon_core.shell:Creating package script '/home/hi/ros2_ws/install/bringup/share/bringup/package.bash'
[2.357s] INFO:colcon.colcon_core.shell:Creating package script '/home/hi/ros2_ws/install/bringup/share/bringup/package.zsh'
[2.359s] Level 1:colcon.colcon_core.environment:create_file_with_runtime_dependencies(/home/hi/ros2_ws/install/bringup/share/colcon-core/packages/bringup)
[2.360s] DEBUG:colcon.colcon_parallel_executor.executor.parallel:closing loop
[2.362s] DEBUG:colcon.colcon_parallel_executor.executor.parallel:loop closed
[2.362s] DEBUG:colcon.colcon_parallel_executor.executor.parallel:run_until_complete finished with '0'
[2.362s] DEBUG:colcon.colcon_core.event_reactor:joining thread
[2.388s] INFO:colcon.colcon_core.plugin_system:Skipping extension 'colcon_notification.desktop_notification.terminal_notifier': Not used on non-Darwin systems
[2.389s] INFO:colcon.colcon_core.plugin_system:Skipping extension 'colcon_notification.desktop_notification.win32': Not used on non-Windows systems
[2.389s] INFO:colcon.colcon_notification.desktop_notification:Sending desktop notification using 'notify2'
[2.445s] DEBUG:colcon.colcon_core.event_reactor:joined thread
[2.447s] INFO:colcon.colcon_core.shell:Creating prefix script '/home/hi/ros2_ws/install/local_setup.ps1'
[2.451s] INFO:colcon.colcon_core.shell:Creating prefix util module '/home/hi/ros2_ws/install/_local_setup_util_ps1.py'
[2.458s] INFO:colcon.colcon_core.shell:Creating prefix chain script '/home/hi/ros2_ws/install/setup.ps1'
[2.467s] INFO:colcon.colcon_core.shell:Creating prefix script '/home/hi/ros2_ws/install/local_setup.sh'
[2.470s] INFO:colcon.colcon_core.shell:Creating prefix util module '/home/hi/ros2_ws/install/_local_setup_util_sh.py'
[2.474s] INFO:colcon.colcon_core.shell:Creating prefix chain script '/home/hi/ros2_ws/install/setup.sh'
[2.485s] INFO:colcon.colcon_core.shell:Creating prefix script '/home/hi/ros2_ws/install/local_setup.bash'
[2.487s] INFO:colcon.colcon_core.shell:Creating prefix chain script '/home/hi/ros2_ws/install/setup.bash'
[2.495s] INFO:colcon.colcon_core.shell:Creating prefix script '/home/hi/ros2_ws/install/local_setup.zsh'
[2.497s] INFO:colcon.colcon_core.shell:Creating prefix chain script '/home/hi/ros2_ws/install/setup.zsh'
