[0.462s] DEBUG:colcon:Command line arguments: ['/usr/bin/colcon', 'build', '--packages-select', 'bringup', 'robot_description', 'robot_navigation', 'robot_node1']
[0.462s] DEBUG:colcon:Parsed command line arguments: Namespace(log_base=None, log_level=None, verb_name='build', build_base='build', install_base='install', merge_install=False, symlink_install=False, test_result_base=None, continue_on_error=False, executor='parallel', parallel_workers=4, event_handlers=None, ignore_user_meta=False, metas=['./colcon.meta'], base_paths=['.'], packages_ignore=None, packages_ignore_regex=None, paths=None, packages_up_to=None, packages_up_to_regex=None, packages_above=None, packages_above_and_dependencies=None, packages_above_depth=None, packages_select_by_dep=None, packages_skip_by_dep=None, packages_skip_up_to=None, packages_select_build_failed=False, packages_skip_build_finished=False, packages_select_test_failures=False, packages_skip_test_passed=False, packages_select=['bringup', 'robot_description', 'robot_navigation', 'robot_node1'], packages_skip=None, packages_select_regex=None, packages_skip_regex=None, packages_start=None, packages_end=None, allow_overriding=[], cmake_args=None, cmake_target=None, cmake_target_skip_unavailable=False, cmake_clean_cache=False, cmake_clean_first=False, cmake_force_configure=False, ament_cmake_args=None, catkin_cmake_args=None, catkin_skip_building_tests=False, verb_parser=<colcon_defaults.argument_parser.defaults.DefaultArgumentsDecorator object at 0xffff83d1c430>, verb_extension=<colcon_core.verb.build.BuildVerb object at 0xffff83e5d060>, main=<bound method BuildVerb.main of <colcon_core.verb.build.BuildVerb object at 0xffff83e5d060>>)
[1.264s] Level 1:colcon.colcon_core.package_discovery:discover_packages(colcon_meta) check parameters
[1.264s] Level 1:colcon.colcon_core.package_discovery:discover_packages(recursive) check parameters
[1.264s] Level 1:colcon.colcon_core.package_discovery:discover_packages(ignore) check parameters
[1.264s] Level 1:colcon.colcon_core.package_discovery:discover_packages(path) check parameters
[1.265s] Level 1:colcon.colcon_core.package_discovery:discover_packages(colcon_meta) discover
[1.265s] Level 1:colcon.colcon_core.package_discovery:discover_packages(recursive) discover
[1.265s] INFO:colcon.colcon_core.package_discovery:Crawling recursively for packages in '/home/hi/ros2_ws'
[1.265s] Level 1:colcon.colcon_core.package_identification:_identify(.) by extensions ['ignore', 'ignore_ament_install']
[1.266s] Level 1:colcon.colcon_core.package_identification:_identify(.) by extension 'ignore'
[1.266s] Level 1:colcon.colcon_core.package_identification:_identify(.) by extension 'ignore_ament_install'
[1.266s] Level 1:colcon.colcon_core.package_identification:_identify(.) by extensions ['colcon_pkg']
[1.266s] Level 1:colcon.colcon_core.package_identification:_identify(.) by extension 'colcon_pkg'
[1.267s] Level 1:colcon.colcon_core.package_identification:_identify(.) by extensions ['colcon_meta']
[1.267s] Level 1:colcon.colcon_core.package_identification:_identify(.) by extension 'colcon_meta'
[1.267s] Level 1:colcon.colcon_core.package_identification:_identify(.) by extensions ['ros']
[1.267s] Level 1:colcon.colcon_core.package_identification:_identify(.) by extension 'ros'
[1.312s] Level 1:colcon.colcon_core.package_identification:_identify(.) by extensions ['cmake', 'python']
[1.313s] Level 1:colcon.colcon_core.package_identification:_identify(.) by extension 'cmake'
[1.313s] Level 1:colcon.colcon_core.package_identification:_identify(.) by extension 'python'
[1.313s] Level 1:colcon.colcon_core.package_identification:_identify(.) by extensions ['python_setup_py']
[1.313s] Level 1:colcon.colcon_core.package_identification:_identify(.) by extension 'python_setup_py'
[1.314s] Level 1:colcon.colcon_core.package_identification:_identify(build) by extensions ['ignore', 'ignore_ament_install']
[1.321s] Level 1:colcon.colcon_core.package_identification:_identify(build) by extension 'ignore'
[1.321s] Level 1:colcon.colcon_core.package_identification:_identify(build) ignored
[1.322s] Level 1:colcon.colcon_core.package_identification:_identify(install) by extensions ['ignore', 'ignore_ament_install']
[1.323s] Level 1:colcon.colcon_core.package_identification:_identify(install) by extension 'ignore'
[1.323s] Level 1:colcon.colcon_core.package_identification:_identify(install) ignored
[1.324s] Level 1:colcon.colcon_core.package_identification:_identify(log) by extensions ['ignore', 'ignore_ament_install']
[1.324s] Level 1:colcon.colcon_core.package_identification:_identify(log) by extension 'ignore'
[1.325s] Level 1:colcon.colcon_core.package_identification:_identify(log) ignored
[1.325s] Level 1:colcon.colcon_core.package_identification:_identify(src) by extensions ['ignore', 'ignore_ament_install']
[1.326s] Level 1:colcon.colcon_core.package_identification:_identify(src) by extension 'ignore'
[1.326s] Level 1:colcon.colcon_core.package_identification:_identify(src) by extension 'ignore_ament_install'
[1.327s] Level 1:colcon.colcon_core.package_identification:_identify(src) by extensions ['colcon_pkg']
[1.327s] Level 1:colcon.colcon_core.package_identification:_identify(src) by extension 'colcon_pkg'
[1.327s] Level 1:colcon.colcon_core.package_identification:_identify(src) by extensions ['colcon_meta']
[1.327s] Level 1:colcon.colcon_core.package_identification:_identify(src) by extension 'colcon_meta'
[1.328s] Level 1:colcon.colcon_core.package_identification:_identify(src) by extensions ['ros']
[1.328s] Level 1:colcon.colcon_core.package_identification:_identify(src) by extension 'ros'
[1.328s] Level 1:colcon.colcon_core.package_identification:_identify(src) by extensions ['cmake', 'python']
[1.328s] Level 1:colcon.colcon_core.package_identification:_identify(src) by extension 'cmake'
[1.328s] Level 1:colcon.colcon_core.package_identification:_identify(src) by extension 'python'
[1.329s] Level 1:colcon.colcon_core.package_identification:_identify(src) by extensions ['python_setup_py']
[1.329s] Level 1:colcon.colcon_core.package_identification:_identify(src) by extension 'python_setup_py'
[1.329s] Level 1:colcon.colcon_core.package_identification:_identify(src/bringup) by extensions ['ignore', 'ignore_ament_install']
[1.329s] Level 1:colcon.colcon_core.package_identification:_identify(src/bringup) by extension 'ignore'
[1.330s] Level 1:colcon.colcon_core.package_identification:_identify(src/bringup) by extension 'ignore_ament_install'
[1.330s] Level 1:colcon.colcon_core.package_identification:_identify(src/bringup) by extensions ['colcon_pkg']
[1.330s] Level 1:colcon.colcon_core.package_identification:_identify(src/bringup) by extension 'colcon_pkg'
[1.330s] Level 1:colcon.colcon_core.package_identification:_identify(src/bringup) by extensions ['colcon_meta']
[1.330s] Level 1:colcon.colcon_core.package_identification:_identify(src/bringup) by extension 'colcon_meta'
[1.331s] Level 1:colcon.colcon_core.package_identification:_identify(src/bringup) by extensions ['ros']
[1.331s] Level 1:colcon.colcon_core.package_identification:_identify(src/bringup) by extension 'ros'
[1.339s] DEBUG:colcon.colcon_core.package_identification:Package 'src/bringup' with type 'ros.ament_cmake' and name 'bringup'
[1.340s] Level 1:colcon.colcon_core.package_identification:_identify(src/robot_description) by extensions ['ignore', 'ignore_ament_install']
[1.341s] Level 1:colcon.colcon_core.package_identification:_identify(src/robot_description) by extension 'ignore'
[1.341s] Level 1:colcon.colcon_core.package_identification:_identify(src/robot_description) by extension 'ignore_ament_install'
[1.341s] Level 1:colcon.colcon_core.package_identification:_identify(src/robot_description) by extensions ['colcon_pkg']
[1.341s] Level 1:colcon.colcon_core.package_identification:_identify(src/robot_description) by extension 'colcon_pkg'
[1.341s] Level 1:colcon.colcon_core.package_identification:_identify(src/robot_description) by extensions ['colcon_meta']
[1.341s] Level 1:colcon.colcon_core.package_identification:_identify(src/robot_description) by extension 'colcon_meta'
[1.342s] Level 1:colcon.colcon_core.package_identification:_identify(src/robot_description) by extensions ['ros']
[1.342s] Level 1:colcon.colcon_core.package_identification:_identify(src/robot_description) by extension 'ros'
[1.344s] DEBUG:colcon.colcon_core.package_identification:Package 'src/robot_description' with type 'ros.ament_cmake' and name 'robot_description'
[1.345s] Level 1:colcon.colcon_core.package_identification:_identify(src/robot_navigation) by extensions ['ignore', 'ignore_ament_install']
[1.345s] Level 1:colcon.colcon_core.package_identification:_identify(src/robot_navigation) by extension 'ignore'
[1.345s] Level 1:colcon.colcon_core.package_identification:_identify(src/robot_navigation) by extension 'ignore_ament_install'
[1.345s] Level 1:colcon.colcon_core.package_identification:_identify(src/robot_navigation) by extensions ['colcon_pkg']
[1.346s] Level 1:colcon.colcon_core.package_identification:_identify(src/robot_navigation) by extension 'colcon_pkg'
[1.346s] Level 1:colcon.colcon_core.package_identification:_identify(src/robot_navigation) by extensions ['colcon_meta']
[1.346s] Level 1:colcon.colcon_core.package_identification:_identify(src/robot_navigation) by extension 'colcon_meta'
[1.346s] Level 1:colcon.colcon_core.package_identification:_identify(src/robot_navigation) by extensions ['ros']
[1.346s] Level 1:colcon.colcon_core.package_identification:_identify(src/robot_navigation) by extension 'ros'
[1.348s] DEBUG:colcon.colcon_core.package_identification:Package 'src/robot_navigation' with type 'ros.ament_cmake' and name 'robot_navigation'
[1.349s] Level 1:colcon.colcon_core.package_identification:_identify(src/robot_node1) by extensions ['ignore', 'ignore_ament_install']
[1.349s] Level 1:colcon.colcon_core.package_identification:_identify(src/robot_node1) by extension 'ignore'
[1.350s] Level 1:colcon.colcon_core.package_identification:_identify(src/robot_node1) by extension 'ignore_ament_install'
[1.350s] Level 1:colcon.colcon_core.package_identification:_identify(src/robot_node1) by extensions ['colcon_pkg']
[1.350s] Level 1:colcon.colcon_core.package_identification:_identify(src/robot_node1) by extension 'colcon_pkg'
[1.350s] Level 1:colcon.colcon_core.package_identification:_identify(src/robot_node1) by extensions ['colcon_meta']
[1.350s] Level 1:colcon.colcon_core.package_identification:_identify(src/robot_node1) by extension 'colcon_meta'
[1.350s] Level 1:colcon.colcon_core.package_identification:_identify(src/robot_node1) by extensions ['ros']
[1.351s] Level 1:colcon.colcon_core.package_identification:_identify(src/robot_node1) by extension 'ros'
[1.353s] DEBUG:colcon.colcon_core.package_identification:Package 'src/robot_node1' with type 'ros.ament_cmake' and name 'robot_node1'
[1.353s] Level 1:colcon.colcon_core.package_discovery:discover_packages(recursive) using defaults
[1.353s] Level 1:colcon.colcon_core.package_discovery:discover_packages(ignore) discover
[1.354s] Level 1:colcon.colcon_core.package_discovery:discover_packages(ignore) using defaults
[1.354s] Level 1:colcon.colcon_core.package_discovery:discover_packages(path) discover
[1.354s] Level 1:colcon.colcon_core.package_discovery:discover_packages(path) using defaults
[1.459s] Level 1:colcon.colcon_core.package_discovery:discover_packages(prefix_path) check parameters
[1.459s] Level 1:colcon.colcon_core.package_discovery:discover_packages(prefix_path) discover
[1.476s] DEBUG:colcon.colcon_installed_package_information.package_discovery:Found 4 installed packages in /home/hi/ros2_ws/install
[1.479s] DEBUG:colcon.colcon_installed_package_information.package_discovery:Found 1 installed packages in /home/hi/robot_localization/install
[1.483s] DEBUG:colcon.colcon_installed_package_information.package_discovery:Found 1 installed packages in /home/hi/work_s/install
[1.494s] DEBUG:colcon.colcon_installed_package_information.package_discovery:Found 324 installed packages in /opt/ros/humble
[1.503s] Level 1:colcon.colcon_core.package_discovery:discover_packages(prefix_path) using defaults
[1.817s] Level 5:colcon.colcon_core.verb:set package 'robot_description' build argument 'cmake_args' from command line to 'None'
[1.817s] Level 5:colcon.colcon_core.verb:set package 'robot_description' build argument 'cmake_target' from command line to 'None'
[1.817s] Level 5:colcon.colcon_core.verb:set package 'robot_description' build argument 'cmake_target_skip_unavailable' from command line to 'False'
[1.818s] Level 5:colcon.colcon_core.verb:set package 'robot_description' build argument 'cmake_clean_cache' from command line to 'False'
[1.818s] Level 5:colcon.colcon_core.verb:set package 'robot_description' build argument 'cmake_clean_first' from command line to 'False'
[1.818s] Level 5:colcon.colcon_core.verb:set package 'robot_description' build argument 'cmake_force_configure' from command line to 'False'
[1.818s] Level 5:colcon.colcon_core.verb:set package 'robot_description' build argument 'ament_cmake_args' from command line to 'None'
[1.818s] Level 5:colcon.colcon_core.verb:set package 'robot_description' build argument 'catkin_cmake_args' from command line to 'None'
[1.818s] Level 5:colcon.colcon_core.verb:set package 'robot_description' build argument 'catkin_skip_building_tests' from command line to 'False'
[1.819s] DEBUG:colcon.colcon_core.verb:Building package 'robot_description' with the following arguments: {'ament_cmake_args': None, 'build_base': '/home/hi/ros2_ws/build/robot_description', 'catkin_cmake_args': None, 'catkin_skip_building_tests': False, 'cmake_args': None, 'cmake_clean_cache': False, 'cmake_clean_first': False, 'cmake_force_configure': False, 'cmake_target': None, 'cmake_target_skip_unavailable': False, 'install_base': '/home/hi/ros2_ws/install/robot_description', 'merge_install': False, 'path': '/home/hi/ros2_ws/src/robot_description', 'symlink_install': False, 'test_result_base': None}
[1.820s] Level 5:colcon.colcon_core.verb:set package 'robot_navigation' build argument 'cmake_args' from command line to 'None'
[1.821s] Level 5:colcon.colcon_core.verb:set package 'robot_navigation' build argument 'cmake_target' from command line to 'None'
[1.821s] Level 5:colcon.colcon_core.verb:set package 'robot_navigation' build argument 'cmake_target_skip_unavailable' from command line to 'False'
[1.821s] Level 5:colcon.colcon_core.verb:set package 'robot_navigation' build argument 'cmake_clean_cache' from command line to 'False'
[1.821s] Level 5:colcon.colcon_core.verb:set package 'robot_navigation' build argument 'cmake_clean_first' from command line to 'False'
[1.821s] Level 5:colcon.colcon_core.verb:set package 'robot_navigation' build argument 'cmake_force_configure' from command line to 'False'
[1.821s] Level 5:colcon.colcon_core.verb:set package 'robot_navigation' build argument 'ament_cmake_args' from command line to 'None'
[1.821s] Level 5:colcon.colcon_core.verb:set package 'robot_navigation' build argument 'catkin_cmake_args' from command line to 'None'
[1.821s] Level 5:colcon.colcon_core.verb:set package 'robot_navigation' build argument 'catkin_skip_building_tests' from command line to 'False'
[1.821s] DEBUG:colcon.colcon_core.verb:Building package 'robot_navigation' with the following arguments: {'ament_cmake_args': None, 'build_base': '/home/hi/ros2_ws/build/robot_navigation', 'catkin_cmake_args': None, 'catkin_skip_building_tests': False, 'cmake_args': None, 'cmake_clean_cache': False, 'cmake_clean_first': False, 'cmake_force_configure': False, 'cmake_target': None, 'cmake_target_skip_unavailable': False, 'install_base': '/home/hi/ros2_ws/install/robot_navigation', 'merge_install': False, 'path': '/home/hi/ros2_ws/src/robot_navigation', 'symlink_install': False, 'test_result_base': None}
[1.823s] Level 5:colcon.colcon_core.verb:set package 'robot_node1' build argument 'cmake_args' from command line to 'None'
[1.823s] Level 5:colcon.colcon_core.verb:set package 'robot_node1' build argument 'cmake_target' from command line to 'None'
[1.823s] Level 5:colcon.colcon_core.verb:set package 'robot_node1' build argument 'cmake_target_skip_unavailable' from command line to 'False'
[1.823s] Level 5:colcon.colcon_core.verb:set package 'robot_node1' build argument 'cmake_clean_cache' from command line to 'False'
[1.824s] Level 5:colcon.colcon_core.verb:set package 'robot_node1' build argument 'cmake_clean_first' from command line to 'False'
[1.824s] Level 5:colcon.colcon_core.verb:set package 'robot_node1' build argument 'cmake_force_configure' from command line to 'False'
[1.824s] Level 5:colcon.colcon_core.verb:set package 'robot_node1' build argument 'ament_cmake_args' from command line to 'None'
[1.824s] Level 5:colcon.colcon_core.verb:set package 'robot_node1' build argument 'catkin_cmake_args' from command line to 'None'
[1.824s] Level 5:colcon.colcon_core.verb:set package 'robot_node1' build argument 'catkin_skip_building_tests' from command line to 'False'
[1.824s] DEBUG:colcon.colcon_core.verb:Building package 'robot_node1' with the following arguments: {'ament_cmake_args': None, 'build_base': '/home/hi/ros2_ws/build/robot_node1', 'catkin_cmake_args': None, 'catkin_skip_building_tests': False, 'cmake_args': None, 'cmake_clean_cache': False, 'cmake_clean_first': False, 'cmake_force_configure': False, 'cmake_target': None, 'cmake_target_skip_unavailable': False, 'install_base': '/home/hi/ros2_ws/install/robot_node1', 'merge_install': False, 'path': '/home/hi/ros2_ws/src/robot_node1', 'symlink_install': False, 'test_result_base': None}
[1.825s] Level 5:colcon.colcon_core.verb:set package 'bringup' build argument 'cmake_args' from command line to 'None'
[1.826s] Level 5:colcon.colcon_core.verb:set package 'bringup' build argument 'cmake_target' from command line to 'None'
[1.826s] Level 5:colcon.colcon_core.verb:set package 'bringup' build argument 'cmake_target_skip_unavailable' from command line to 'False'
[1.826s] Level 5:colcon.colcon_core.verb:set package 'bringup' build argument 'cmake_clean_cache' from command line to 'False'
[1.826s] Level 5:colcon.colcon_core.verb:set package 'bringup' build argument 'cmake_clean_first' from command line to 'False'
[1.826s] Level 5:colcon.colcon_core.verb:set package 'bringup' build argument 'cmake_force_configure' from command line to 'False'
[1.826s] Level 5:colcon.colcon_core.verb:set package 'bringup' build argument 'ament_cmake_args' from command line to 'None'
[1.826s] Level 5:colcon.colcon_core.verb:set package 'bringup' build argument 'catkin_cmake_args' from command line to 'None'
[1.826s] Level 5:colcon.colcon_core.verb:set package 'bringup' build argument 'catkin_skip_building_tests' from command line to 'False'
[1.827s] DEBUG:colcon.colcon_core.verb:Building package 'bringup' with the following arguments: {'ament_cmake_args': None, 'build_base': '/home/hi/ros2_ws/build/bringup', 'catkin_cmake_args': None, 'catkin_skip_building_tests': False, 'cmake_args': None, 'cmake_clean_cache': False, 'cmake_clean_first': False, 'cmake_force_configure': False, 'cmake_target': None, 'cmake_target_skip_unavailable': False, 'install_base': '/home/hi/ros2_ws/install/bringup', 'merge_install': False, 'path': '/home/hi/ros2_ws/src/bringup', 'symlink_install': False, 'test_result_base': None}
[1.827s] INFO:colcon.colcon_core.executor:Executing jobs using 'parallel' executor
[1.830s] DEBUG:colcon.colcon_parallel_executor.executor.parallel:run_until_complete
[1.832s] INFO:colcon.colcon_ros.task.ament_cmake.build:Building ROS package in '/home/hi/ros2_ws/src/robot_description' with build type 'ament_cmake'
[1.832s] INFO:colcon.colcon_cmake.task.cmake.build:Building CMake package in '/home/hi/ros2_ws/src/robot_description'
[1.841s] INFO:colcon.colcon_core.plugin_system:Skipping extension 'colcon_core.shell.bat': Not used on non-Windows systems
[1.842s] INFO:colcon.colcon_core.shell:Skip shell extension 'powershell' for command environment: Not usable outside of PowerShell
[1.842s] DEBUG:colcon.colcon_core.shell:Skip shell extension 'dsv' for command environment
[1.874s] INFO:colcon.colcon_ros.task.ament_cmake.build:Building ROS package in '/home/hi/ros2_ws/src/robot_navigation' with build type 'ament_cmake'
[1.875s] INFO:colcon.colcon_cmake.task.cmake.build:Building CMake package in '/home/hi/ros2_ws/src/robot_navigation'
[1.876s] INFO:colcon.colcon_core.shell:Skip shell extension 'powershell' for command environment: Not usable outside of PowerShell
[1.877s] DEBUG:colcon.colcon_core.shell:Skip shell extension 'dsv' for command environment
[1.907s] INFO:colcon.colcon_ros.task.ament_cmake.build:Building ROS package in '/home/hi/ros2_ws/src/robot_node1' with build type 'ament_cmake'
[1.908s] INFO:colcon.colcon_cmake.task.cmake.build:Building CMake package in '/home/hi/ros2_ws/src/robot_node1'
[1.910s] INFO:colcon.colcon_core.shell:Skip shell extension 'powershell' for command environment: Not usable outside of PowerShell
[1.911s] DEBUG:colcon.colcon_core.shell:Skip shell extension 'dsv' for command environment
[1.979s] DEBUG:colcon.colcon_core.event_handler.log_command:Invoking command in '/home/hi/ros2_ws/build/robot_description': CMAKE_PREFIX_PATH=${CMAKE_PREFIX_PATH}:/opt/ros/humble /usr/bin/cmake --build /home/hi/ros2_ws/build/robot_description -- -j4 -l4
[2.000s] DEBUG:colcon.colcon_core.event_handler.log_command:Invoking command in '/home/hi/ros2_ws/build/robot_navigation': CMAKE_PREFIX_PATH=${CMAKE_PREFIX_PATH}:/opt/ros/humble /usr/bin/cmake --build /home/hi/ros2_ws/build/robot_navigation -- -j4 -l4
[2.022s] DEBUG:colcon.colcon_core.event_handler.log_command:Invoking command in '/home/hi/ros2_ws/build/robot_node1': CMAKE_PREFIX_PATH=${CMAKE_PREFIX_PATH}:/opt/ros/humble /usr/bin/cmake --build /home/hi/ros2_ws/build/robot_node1 -- -j4 -l4
[2.202s] DEBUG:colcon.colcon_core.event_handler.log_command:Invoked command in '/home/hi/ros2_ws/build/robot_description' returned '0': CMAKE_PREFIX_PATH=${CMAKE_PREFIX_PATH}:/opt/ros/humble /usr/bin/cmake --build /home/hi/ros2_ws/build/robot_description -- -j4 -l4
[2.212s] DEBUG:colcon.colcon_core.event_handler.log_command:Invoked command in '/home/hi/ros2_ws/build/robot_navigation' returned '0': CMAKE_PREFIX_PATH=${CMAKE_PREFIX_PATH}:/opt/ros/humble /usr/bin/cmake --build /home/hi/ros2_ws/build/robot_navigation -- -j4 -l4
[2.380s] DEBUG:colcon.colcon_core.event_handler.log_command:Invoking command in '/home/hi/ros2_ws/build/robot_description': CMAKE_PREFIX_PATH=${CMAKE_PREFIX_PATH}:/opt/ros/humble /usr/bin/cmake --install /home/hi/ros2_ws/build/robot_description
[2.395s] DEBUG:colcon.colcon_core.event_handler.log_command:Invoking command in '/home/hi/ros2_ws/build/robot_navigation': CMAKE_PREFIX_PATH=${CMAKE_PREFIX_PATH}:/opt/ros/humble /usr/bin/cmake --install /home/hi/ros2_ws/build/robot_navigation
[2.442s] Level 1:colcon.colcon_core.environment:create_environment_scripts_only(robot_description)
[2.475s] Level 1:colcon.colcon_core.environment:checking '/home/hi/ros2_ws/install/robot_description' for CMake module files
[2.479s] DEBUG:colcon.colcon_core.event_handler.log_command:Invoked command in '/home/hi/ros2_ws/build/robot_description' returned '0': CMAKE_PREFIX_PATH=${CMAKE_PREFIX_PATH}:/opt/ros/humble /usr/bin/cmake --install /home/hi/ros2_ws/build/robot_description
[2.486s] Level 1:colcon.colcon_core.environment:checking '/home/hi/ros2_ws/install/robot_description' for CMake config files
[2.494s] Level 1:colcon.colcon_core.shell:create_environment_hook('robot_description', 'cmake_prefix_path')
[2.495s] INFO:colcon.colcon_core.shell:Creating environment hook '/home/hi/ros2_ws/install/robot_description/share/robot_description/hook/cmake_prefix_path.ps1'
[2.498s] INFO:colcon.colcon_core.shell:Creating environment descriptor '/home/hi/ros2_ws/install/robot_description/share/robot_description/hook/cmake_prefix_path.dsv'
[2.500s] INFO:colcon.colcon_core.shell:Creating environment hook '/home/hi/ros2_ws/install/robot_description/share/robot_description/hook/cmake_prefix_path.sh'
[2.504s] Level 1:colcon.colcon_core.environment:checking '/home/hi/ros2_ws/install/robot_description/bin'
[2.504s] Level 1:colcon.colcon_core.environment:checking '/home/hi/ros2_ws/install/robot_description/lib/pkgconfig/robot_description.pc'
[2.506s] Level 1:colcon.colcon_core.environment:checking '/home/hi/ros2_ws/install/robot_description/lib/python3.10/site-packages'
[2.507s] Level 1:colcon.colcon_core.environment:checking '/home/hi/ros2_ws/install/robot_description/bin'
[2.508s] INFO:colcon.colcon_core.shell:Creating package script '/home/hi/ros2_ws/install/robot_description/share/robot_description/package.ps1'
[2.511s] INFO:colcon.colcon_core.shell:Creating package descriptor '/home/hi/ros2_ws/install/robot_description/share/robot_description/package.dsv'
[2.514s] INFO:colcon.colcon_core.shell:Creating package script '/home/hi/ros2_ws/install/robot_description/share/robot_description/package.sh'
[2.517s] INFO:colcon.colcon_core.shell:Creating package script '/home/hi/ros2_ws/install/robot_description/share/robot_description/package.bash'
[2.520s] INFO:colcon.colcon_core.shell:Creating package script '/home/hi/ros2_ws/install/robot_description/share/robot_description/package.zsh'
[2.523s] Level 1:colcon.colcon_core.environment:create_file_with_runtime_dependencies(/home/hi/ros2_ws/install/robot_description/share/colcon-core/packages/robot_description)
[2.531s] Level 1:colcon.colcon_core.environment:create_environment_scripts_only(robot_navigation)
[2.533s] Level 1:colcon.colcon_core.environment:checking '/home/hi/ros2_ws/install/robot_navigation' for CMake module files
[2.536s] DEBUG:colcon.colcon_core.event_handler.log_command:Invoked command in '/home/hi/ros2_ws/build/robot_navigation' returned '0': CMAKE_PREFIX_PATH=${CMAKE_PREFIX_PATH}:/opt/ros/humble /usr/bin/cmake --install /home/hi/ros2_ws/build/robot_navigation
[2.539s] Level 1:colcon.colcon_core.environment:checking '/home/hi/ros2_ws/install/robot_navigation' for CMake config files
[2.544s] Level 1:colcon.colcon_core.shell:create_environment_hook('robot_navigation', 'cmake_prefix_path')
[2.545s] INFO:colcon.colcon_core.shell:Creating environment hook '/home/hi/ros2_ws/install/robot_navigation/share/robot_navigation/hook/cmake_prefix_path.ps1'
[2.548s] INFO:colcon.colcon_core.shell:Creating environment descriptor '/home/hi/ros2_ws/install/robot_navigation/share/robot_navigation/hook/cmake_prefix_path.dsv'
[2.551s] INFO:colcon.colcon_core.shell:Creating environment hook '/home/hi/ros2_ws/install/robot_navigation/share/robot_navigation/hook/cmake_prefix_path.sh'
[2.554s] Level 1:colcon.colcon_core.environment:checking '/home/hi/ros2_ws/install/robot_navigation/bin'
[2.555s] Level 1:colcon.colcon_core.environment:checking '/home/hi/ros2_ws/install/robot_navigation/lib/pkgconfig/robot_navigation.pc'
[2.556s] Level 1:colcon.colcon_core.environment:checking '/home/hi/ros2_ws/install/robot_navigation/lib/python3.10/site-packages'
[2.558s] Level 1:colcon.colcon_core.environment:checking '/home/hi/ros2_ws/install/robot_navigation/bin'
[2.559s] INFO:colcon.colcon_core.shell:Creating package script '/home/hi/ros2_ws/install/robot_navigation/share/robot_navigation/package.ps1'
[2.562s] INFO:colcon.colcon_core.shell:Creating package descriptor '/home/hi/ros2_ws/install/robot_navigation/share/robot_navigation/package.dsv'
[2.564s] INFO:colcon.colcon_core.shell:Creating package script '/home/hi/ros2_ws/install/robot_navigation/share/robot_navigation/package.sh'
[2.567s] INFO:colcon.colcon_core.shell:Creating package script '/home/hi/ros2_ws/install/robot_navigation/share/robot_navigation/package.bash'
[2.571s] INFO:colcon.colcon_core.shell:Creating package script '/home/hi/ros2_ws/install/robot_navigation/share/robot_navigation/package.zsh'
[2.576s] Level 1:colcon.colcon_core.environment:create_file_with_runtime_dependencies(/home/hi/ros2_ws/install/robot_navigation/share/colcon-core/packages/robot_navigation)
[2.667s] Level 1:colcon.colcon_core.environment:create_environment_scripts_only(robot_description)
[2.668s] Level 1:colcon.colcon_core.environment:checking '/home/hi/ros2_ws/install/robot_description' for CMake module files
[2.672s] Level 1:colcon.colcon_core.environment:checking '/home/hi/ros2_ws/install/robot_description' for CMake config files
[2.676s] Level 1:colcon.colcon_core.shell:create_environment_hook('robot_description', 'cmake_prefix_path')
[2.678s] INFO:colcon.colcon_core.shell:Creating environment hook '/home/hi/ros2_ws/install/robot_description/share/robot_description/hook/cmake_prefix_path.ps1'
[2.681s] INFO:colcon.colcon_core.shell:Creating environment descriptor '/home/hi/ros2_ws/install/robot_description/share/robot_description/hook/cmake_prefix_path.dsv'
[2.683s] INFO:colcon.colcon_core.shell:Creating environment hook '/home/hi/ros2_ws/install/robot_description/share/robot_description/hook/cmake_prefix_path.sh'
[2.686s] Level 1:colcon.colcon_core.environment:checking '/home/hi/ros2_ws/install/robot_description/bin'
[2.687s] Level 1:colcon.colcon_core.environment:checking '/home/hi/ros2_ws/install/robot_description/lib/pkgconfig/robot_description.pc'
[2.688s] Level 1:colcon.colcon_core.environment:checking '/home/hi/ros2_ws/install/robot_description/lib/python3.10/site-packages'
[2.689s] Level 1:colcon.colcon_core.environment:checking '/home/hi/ros2_ws/install/robot_description/bin'
[2.690s] INFO:colcon.colcon_core.shell:Creating package script '/home/hi/ros2_ws/install/robot_description/share/robot_description/package.ps1'
[2.693s] INFO:colcon.colcon_core.shell:Creating package descriptor '/home/hi/ros2_ws/install/robot_description/share/robot_description/package.dsv'
[2.696s] INFO:colcon.colcon_core.shell:Creating package script '/home/hi/ros2_ws/install/robot_description/share/robot_description/package.sh'
[2.698s] INFO:colcon.colcon_core.shell:Creating package script '/home/hi/ros2_ws/install/robot_description/share/robot_description/package.bash'
[2.701s] INFO:colcon.colcon_core.shell:Creating package script '/home/hi/ros2_ws/install/robot_description/share/robot_description/package.zsh'
[2.704s] Level 1:colcon.colcon_core.environment:create_file_with_runtime_dependencies(/home/hi/ros2_ws/install/robot_description/share/colcon-core/packages/robot_description)
[2.707s] INFO:colcon.colcon_ros.task.ament_cmake.build:Building ROS package in '/home/hi/ros2_ws/src/bringup' with build type 'ament_cmake'
[2.707s] INFO:colcon.colcon_cmake.task.cmake.build:Building CMake package in '/home/hi/ros2_ws/src/bringup'
[2.708s] INFO:colcon.colcon_core.shell:Skip shell extension 'powershell' for command environment: Not usable outside of PowerShell
[2.709s] DEBUG:colcon.colcon_core.shell:Skip shell extension 'dsv' for command environment
[2.738s] Level 1:colcon.colcon_core.environment:create_environment_scripts_only(robot_navigation)
[2.741s] Level 1:colcon.colcon_core.environment:checking '/home/hi/ros2_ws/install/robot_navigation' for CMake module files
[2.747s] Level 1:colcon.colcon_core.environment:checking '/home/hi/ros2_ws/install/robot_navigation' for CMake config files
[2.749s] Level 1:colcon.colcon_core.shell:create_environment_hook('robot_navigation', 'cmake_prefix_path')
[2.751s] INFO:colcon.colcon_core.shell:Creating environment hook '/home/hi/ros2_ws/install/robot_navigation/share/robot_navigation/hook/cmake_prefix_path.ps1'
[2.753s] INFO:colcon.colcon_core.shell:Creating environment descriptor '/home/hi/ros2_ws/install/robot_navigation/share/robot_navigation/hook/cmake_prefix_path.dsv'
[2.755s] INFO:colcon.colcon_core.shell:Creating environment hook '/home/hi/ros2_ws/install/robot_navigation/share/robot_navigation/hook/cmake_prefix_path.sh'
[2.758s] Level 1:colcon.colcon_core.environment:checking '/home/hi/ros2_ws/install/robot_navigation/bin'
[2.758s] Level 1:colcon.colcon_core.environment:checking '/home/hi/ros2_ws/install/robot_navigation/lib/pkgconfig/robot_navigation.pc'
[2.759s] Level 1:colcon.colcon_core.environment:checking '/home/hi/ros2_ws/install/robot_navigation/lib/python3.10/site-packages'
[2.760s] Level 1:colcon.colcon_core.environment:checking '/home/hi/ros2_ws/install/robot_navigation/bin'
[2.762s] INFO:colcon.colcon_core.shell:Creating package script '/home/hi/ros2_ws/install/robot_navigation/share/robot_navigation/package.ps1'
[2.765s] INFO:colcon.colcon_core.shell:Creating package descriptor '/home/hi/ros2_ws/install/robot_navigation/share/robot_navigation/package.dsv'
[2.768s] INFO:colcon.colcon_core.shell:Creating package script '/home/hi/ros2_ws/install/robot_navigation/share/robot_navigation/package.sh'
[2.770s] INFO:colcon.colcon_core.shell:Creating package script '/home/hi/ros2_ws/install/robot_navigation/share/robot_navigation/package.bash'
[2.774s] INFO:colcon.colcon_core.shell:Creating package script '/home/hi/ros2_ws/install/robot_navigation/share/robot_navigation/package.zsh'
[2.779s] Level 1:colcon.colcon_core.environment:create_file_with_runtime_dependencies(/home/hi/ros2_ws/install/robot_navigation/share/colcon-core/packages/robot_navigation)
[2.801s] DEBUG:colcon.colcon_core.event_handler.log_command:Invoking command in '/home/hi/ros2_ws/build/bringup': CMAKE_PREFIX_PATH=/home/hi/ros2_ws/install/robot_description:/home/hi/ros2_ws/install/robot_node1:/home/hi/ros2_ws/install/robot_navigation:/home/hi/ros2_ws/install/bringup:/home/hi/robot_localization/install/robot_localization:/home/hi/work_s/install/sllidar_ros2:/opt/ros/humble /usr/bin/cmake --build /home/hi/ros2_ws/build/bringup -- -j4 -l4
[2.982s] DEBUG:colcon.colcon_core.event_handler.log_command:Invoked command in '/home/hi/ros2_ws/build/bringup' returned '0': CMAKE_PREFIX_PATH=/home/hi/ros2_ws/install/robot_description:/home/hi/ros2_ws/install/robot_node1:/home/hi/ros2_ws/install/robot_navigation:/home/hi/ros2_ws/install/bringup:/home/hi/robot_localization/install/robot_localization:/home/hi/work_s/install/sllidar_ros2:/opt/ros/humble /usr/bin/cmake --build /home/hi/ros2_ws/build/bringup -- -j4 -l4
[3.114s] DEBUG:colcon.colcon_core.event_handler.log_command:Invoking command in '/home/hi/ros2_ws/build/bringup': CMAKE_PREFIX_PATH=/home/hi/ros2_ws/install/robot_description:/home/hi/ros2_ws/install/robot_node1:/home/hi/ros2_ws/install/robot_navigation:/home/hi/ros2_ws/install/bringup:/home/hi/robot_localization/install/robot_localization:/home/hi/work_s/install/sllidar_ros2:/opt/ros/humble /usr/bin/cmake --install /home/hi/ros2_ws/build/bringup
[3.161s] Level 1:colcon.colcon_core.environment:create_environment_scripts_only(bringup)
[3.162s] Level 1:colcon.colcon_core.environment:checking '/home/hi/ros2_ws/install/bringup' for CMake module files
[3.164s] DEBUG:colcon.colcon_core.event_handler.log_command:Invoked command in '/home/hi/ros2_ws/build/bringup' returned '0': CMAKE_PREFIX_PATH=/home/hi/ros2_ws/install/robot_description:/home/hi/ros2_ws/install/robot_node1:/home/hi/ros2_ws/install/robot_navigation:/home/hi/ros2_ws/install/bringup:/home/hi/robot_localization/install/robot_localization:/home/hi/work_s/install/sllidar_ros2:/opt/ros/humble /usr/bin/cmake --install /home/hi/ros2_ws/build/bringup
[3.166s] Level 1:colcon.colcon_core.environment:checking '/home/hi/ros2_ws/install/bringup' for CMake config files
[3.168s] Level 1:colcon.colcon_core.shell:create_environment_hook('bringup', 'cmake_prefix_path')
[3.169s] INFO:colcon.colcon_core.shell:Creating environment hook '/home/hi/ros2_ws/install/bringup/share/bringup/hook/cmake_prefix_path.ps1'
[3.171s] INFO:colcon.colcon_core.shell:Creating environment descriptor '/home/hi/ros2_ws/install/bringup/share/bringup/hook/cmake_prefix_path.dsv'
[3.174s] INFO:colcon.colcon_core.shell:Creating environment hook '/home/hi/ros2_ws/install/bringup/share/bringup/hook/cmake_prefix_path.sh'
[3.177s] Level 1:colcon.colcon_core.environment:checking '/home/hi/ros2_ws/install/bringup/bin'
[3.178s] Level 1:colcon.colcon_core.environment:checking '/home/hi/ros2_ws/install/bringup/lib/pkgconfig/bringup.pc'
[3.179s] Level 1:colcon.colcon_core.environment:checking '/home/hi/ros2_ws/install/bringup/lib/python3.10/site-packages'
[3.180s] Level 1:colcon.colcon_core.environment:checking '/home/hi/ros2_ws/install/bringup/bin'
[3.181s] INFO:colcon.colcon_core.shell:Creating package script '/home/hi/ros2_ws/install/bringup/share/bringup/package.ps1'
[3.183s] INFO:colcon.colcon_core.shell:Creating package descriptor '/home/hi/ros2_ws/install/bringup/share/bringup/package.dsv'
[3.185s] INFO:colcon.colcon_core.shell:Creating package script '/home/hi/ros2_ws/install/bringup/share/bringup/package.sh'
[3.190s] INFO:colcon.colcon_core.shell:Creating package script '/home/hi/ros2_ws/install/bringup/share/bringup/package.bash'
[3.192s] INFO:colcon.colcon_core.shell:Creating package script '/home/hi/ros2_ws/install/bringup/share/bringup/package.zsh'
[3.194s] Level 1:colcon.colcon_core.environment:create_file_with_runtime_dependencies(/home/hi/ros2_ws/install/bringup/share/colcon-core/packages/bringup)
[3.320s] Level 1:colcon.colcon_core.environment:create_environment_scripts_only(bringup)
[3.323s] Level 1:colcon.colcon_core.environment:checking '/home/hi/ros2_ws/install/bringup' for CMake module files
[3.326s] Level 1:colcon.colcon_core.environment:checking '/home/hi/ros2_ws/install/bringup' for CMake config files
[3.328s] Level 1:colcon.colcon_core.shell:create_environment_hook('bringup', 'cmake_prefix_path')
[3.329s] INFO:colcon.colcon_core.shell:Creating environment hook '/home/hi/ros2_ws/install/bringup/share/bringup/hook/cmake_prefix_path.ps1'
[3.331s] INFO:colcon.colcon_core.shell:Creating environment descriptor '/home/hi/ros2_ws/install/bringup/share/bringup/hook/cmake_prefix_path.dsv'
[3.333s] INFO:colcon.colcon_core.shell:Creating environment hook '/home/hi/ros2_ws/install/bringup/share/bringup/hook/cmake_prefix_path.sh'
[3.336s] Level 1:colcon.colcon_core.environment:checking '/home/hi/ros2_ws/install/bringup/bin'
[3.336s] Level 1:colcon.colcon_core.environment:checking '/home/hi/ros2_ws/install/bringup/lib/pkgconfig/bringup.pc'
[3.337s] Level 1:colcon.colcon_core.environment:checking '/home/hi/ros2_ws/install/bringup/lib/python3.10/site-packages'
[3.338s] Level 1:colcon.colcon_core.environment:checking '/home/hi/ros2_ws/install/bringup/bin'
[3.339s] INFO:colcon.colcon_core.shell:Creating package script '/home/hi/ros2_ws/install/bringup/share/bringup/package.ps1'
[3.342s] INFO:colcon.colcon_core.shell:Creating package descriptor '/home/hi/ros2_ws/install/bringup/share/bringup/package.dsv'
[3.345s] INFO:colcon.colcon_core.shell:Creating package script '/home/hi/ros2_ws/install/bringup/share/bringup/package.sh'
[3.347s] INFO:colcon.colcon_core.shell:Creating package script '/home/hi/ros2_ws/install/bringup/share/bringup/package.bash'
[3.349s] INFO:colcon.colcon_core.shell:Creating package script '/home/hi/ros2_ws/install/bringup/share/bringup/package.zsh'
[3.351s] Level 1:colcon.colcon_core.environment:create_file_with_runtime_dependencies(/home/hi/ros2_ws/install/bringup/share/colcon-core/packages/bringup)
[23.699s] DEBUG:colcon.colcon_core.event_handler.log_command:Invoked command in '/home/hi/ros2_ws/build/robot_node1' returned '0': CMAKE_PREFIX_PATH=${CMAKE_PREFIX_PATH}:/opt/ros/humble /usr/bin/cmake --build /home/hi/ros2_ws/build/robot_node1 -- -j4 -l4
[23.884s] DEBUG:colcon.colcon_core.event_handler.log_command:Invoking command in '/home/hi/ros2_ws/build/robot_node1': CMAKE_PREFIX_PATH=${CMAKE_PREFIX_PATH}:/opt/ros/humble /usr/bin/cmake --install /home/hi/ros2_ws/build/robot_node1
[23.945s] Level 1:colcon.colcon_core.environment:create_environment_scripts_only(robot_node1)
[23.947s] Level 1:colcon.colcon_core.environment:checking '/home/hi/ros2_ws/install/robot_node1' for CMake module files
[23.949s] DEBUG:colcon.colcon_core.event_handler.log_command:Invoked command in '/home/hi/ros2_ws/build/robot_node1' returned '0': CMAKE_PREFIX_PATH=${CMAKE_PREFIX_PATH}:/opt/ros/humble /usr/bin/cmake --install /home/hi/ros2_ws/build/robot_node1
[23.954s] Level 1:colcon.colcon_core.environment:checking '/home/hi/ros2_ws/install/robot_node1' for CMake config files
[23.959s] Level 1:colcon.colcon_core.shell:create_environment_hook('robot_node1', 'cmake_prefix_path')
[23.960s] INFO:colcon.colcon_core.shell:Creating environment hook '/home/hi/ros2_ws/install/robot_node1/share/robot_node1/hook/cmake_prefix_path.ps1'
[23.963s] INFO:colcon.colcon_core.shell:Creating environment descriptor '/home/hi/ros2_ws/install/robot_node1/share/robot_node1/hook/cmake_prefix_path.dsv'
[23.964s] INFO:colcon.colcon_core.shell:Creating environment hook '/home/hi/ros2_ws/install/robot_node1/share/robot_node1/hook/cmake_prefix_path.sh'
[23.968s] Level 1:colcon.colcon_core.environment:checking '/home/hi/ros2_ws/install/robot_node1/lib'
[23.969s] Level 1:colcon.colcon_core.environment:checking '/home/hi/ros2_ws/install/robot_node1/bin'
[23.969s] Level 1:colcon.colcon_core.environment:checking '/home/hi/ros2_ws/install/robot_node1/lib/pkgconfig/robot_node1.pc'
[23.970s] Level 1:colcon.colcon_core.environment:checking '/home/hi/ros2_ws/install/robot_node1/lib/python3.10/site-packages'
[23.971s] Level 1:colcon.colcon_core.environment:checking '/home/hi/ros2_ws/install/robot_node1/bin'
[23.972s] INFO:colcon.colcon_core.shell:Creating package script '/home/hi/ros2_ws/install/robot_node1/share/robot_node1/package.ps1'
[23.975s] INFO:colcon.colcon_core.shell:Creating package descriptor '/home/hi/ros2_ws/install/robot_node1/share/robot_node1/package.dsv'
[23.976s] INFO:colcon.colcon_core.shell:Creating package script '/home/hi/ros2_ws/install/robot_node1/share/robot_node1/package.sh'
[23.978s] INFO:colcon.colcon_core.shell:Creating package script '/home/hi/ros2_ws/install/robot_node1/share/robot_node1/package.bash'
[23.980s] INFO:colcon.colcon_core.shell:Creating package script '/home/hi/ros2_ws/install/robot_node1/share/robot_node1/package.zsh'
[23.982s] Level 1:colcon.colcon_core.environment:create_file_with_runtime_dependencies(/home/hi/ros2_ws/install/robot_node1/share/colcon-core/packages/robot_node1)
[24.158s] Level 1:colcon.colcon_core.environment:create_environment_scripts_only(robot_node1)
[24.159s] Level 1:colcon.colcon_core.environment:checking '/home/hi/ros2_ws/install/robot_node1' for CMake module files
[24.162s] Level 1:colcon.colcon_core.environment:checking '/home/hi/ros2_ws/install/robot_node1' for CMake config files
[24.165s] Level 1:colcon.colcon_core.shell:create_environment_hook('robot_node1', 'cmake_prefix_path')
[24.166s] INFO:colcon.colcon_core.shell:Creating environment hook '/home/hi/ros2_ws/install/robot_node1/share/robot_node1/hook/cmake_prefix_path.ps1'
[24.168s] INFO:colcon.colcon_core.shell:Creating environment descriptor '/home/hi/ros2_ws/install/robot_node1/share/robot_node1/hook/cmake_prefix_path.dsv'
[24.170s] INFO:colcon.colcon_core.shell:Creating environment hook '/home/hi/ros2_ws/install/robot_node1/share/robot_node1/hook/cmake_prefix_path.sh'
[24.174s] Level 1:colcon.colcon_core.environment:checking '/home/hi/ros2_ws/install/robot_node1/lib'
[24.174s] Level 1:colcon.colcon_core.environment:checking '/home/hi/ros2_ws/install/robot_node1/bin'
[24.174s] Level 1:colcon.colcon_core.environment:checking '/home/hi/ros2_ws/install/robot_node1/lib/pkgconfig/robot_node1.pc'
[24.175s] Level 1:colcon.colcon_core.environment:checking '/home/hi/ros2_ws/install/robot_node1/lib/python3.10/site-packages'
[24.176s] Level 1:colcon.colcon_core.environment:checking '/home/hi/ros2_ws/install/robot_node1/bin'
[24.177s] INFO:colcon.colcon_core.shell:Creating package script '/home/hi/ros2_ws/install/robot_node1/share/robot_node1/package.ps1'
[24.180s] INFO:colcon.colcon_core.shell:Creating package descriptor '/home/hi/ros2_ws/install/robot_node1/share/robot_node1/package.dsv'
[24.182s] INFO:colcon.colcon_core.shell:Creating package script '/home/hi/ros2_ws/install/robot_node1/share/robot_node1/package.sh'
[24.184s] INFO:colcon.colcon_core.shell:Creating package script '/home/hi/ros2_ws/install/robot_node1/share/robot_node1/package.bash'
[24.186s] INFO:colcon.colcon_core.shell:Creating package script '/home/hi/ros2_ws/install/robot_node1/share/robot_node1/package.zsh'
[24.188s] Level 1:colcon.colcon_core.environment:create_file_with_runtime_dependencies(/home/hi/ros2_ws/install/robot_node1/share/colcon-core/packages/robot_node1)
[24.189s] DEBUG:colcon.colcon_parallel_executor.executor.parallel:closing loop
[24.190s] DEBUG:colcon.colcon_parallel_executor.executor.parallel:loop closed
[24.190s] DEBUG:colcon.colcon_parallel_executor.executor.parallel:run_until_complete finished with '0'
[24.191s] DEBUG:colcon.colcon_core.event_reactor:joining thread
[24.215s] INFO:colcon.colcon_core.plugin_system:Skipping extension 'colcon_notification.desktop_notification.terminal_notifier': Not used on non-Darwin systems
[24.215s] INFO:colcon.colcon_core.plugin_system:Skipping extension 'colcon_notification.desktop_notification.win32': Not used on non-Windows systems
[24.215s] INFO:colcon.colcon_notification.desktop_notification:Sending desktop notification using 'notify2'
[24.275s] DEBUG:colcon.colcon_core.event_reactor:joined thread
[24.277s] INFO:colcon.colcon_core.shell:Creating prefix script '/home/hi/ros2_ws/install/local_setup.ps1'
[24.281s] INFO:colcon.colcon_core.shell:Creating prefix util module '/home/hi/ros2_ws/install/_local_setup_util_ps1.py'
[24.287s] INFO:colcon.colcon_core.shell:Creating prefix chain script '/home/hi/ros2_ws/install/setup.ps1'
[24.296s] INFO:colcon.colcon_core.shell:Creating prefix script '/home/hi/ros2_ws/install/local_setup.sh'
[24.302s] INFO:colcon.colcon_core.shell:Creating prefix util module '/home/hi/ros2_ws/install/_local_setup_util_sh.py'
[24.307s] INFO:colcon.colcon_core.shell:Creating prefix chain script '/home/hi/ros2_ws/install/setup.sh'
[24.319s] INFO:colcon.colcon_core.shell:Creating prefix script '/home/hi/ros2_ws/install/local_setup.bash'
[24.323s] INFO:colcon.colcon_core.shell:Creating prefix chain script '/home/hi/ros2_ws/install/setup.bash'
[24.330s] INFO:colcon.colcon_core.shell:Creating prefix script '/home/hi/ros2_ws/install/local_setup.zsh'
[24.334s] INFO:colcon.colcon_core.shell:Creating prefix chain script '/home/hi/ros2_ws/install/setup.zsh'
