[0.263s] Invoking command in '/home/hi/ros2_ws/build/bringup': CMAKE_PREFIX_PATH=/home/hi/ros2_ws/install/robot_description:/home/hi/ros2_ws/install/robot_node1:/home/hi/ros2_ws/install/robot_navigation:/home/hi/ros2_ws/install/bringup:/home/hi/robot_localization/install/robot_localization:/home/hi/work_s/install/sllidar_ros2:/opt/ros/humble /usr/bin/cmake --build /home/hi/ros2_ws/build/bringup -- -j4 -l4
[0.708s] Invoked command in '/home/hi/ros2_ws/build/bringup' returned '0': CMAKE_PREFIX_PATH=/home/hi/ros2_ws/install/robot_description:/home/hi/ros2_ws/install/robot_node1:/home/hi/ros2_ws/install/robot_navigation:/home/hi/ros2_ws/install/bringup:/home/hi/robot_localization/install/robot_localization:/home/hi/work_s/install/sllidar_ros2:/opt/ros/humble /usr/bin/cmake --build /home/hi/ros2_ws/build/bringup -- -j4 -l4
[1.024s] Invoking command in '/home/hi/ros2_ws/build/bringup': CMAKE_PREFIX_PATH=/home/hi/ros2_ws/install/robot_description:/home/hi/ros2_ws/install/robot_node1:/home/hi/ros2_ws/install/robot_navigation:/home/hi/ros2_ws/install/bringup:/home/hi/robot_localization/install/robot_localization:/home/hi/work_s/install/sllidar_ros2:/opt/ros/humble /usr/bin/cmake --install /home/hi/ros2_ws/build/bringup
[1.137s] -- Install configuration: ""
[1.143s] -- Up-to-date: /home/hi/ros2_ws/install/bringup/share/bringup/launch
[1.146s] -- Up-to-date: /home/hi/ros2_ws/install/bringup/share/bringup/launch/robot.launch.py
[1.161s] -- Up-to-date: /home/hi/ros2_ws/install/bringup/share/bringup/launch/robot_localization.launch.py
[1.164s] -- Up-to-date: /home/hi/ros2_ws/install/bringup/share/bringup/launch/rviz.launch.py
[1.168s] -- Up-to-date: /home/hi/ros2_ws/install/bringup/share/bringup/launch/robot_state_publisher.launch.py
[1.169s] -- Up-to-date: /home/hi/ros2_ws/install/bringup/share/bringup/param
[1.171s] -- Up-to-date: /home/hi/ros2_ws/install/bringup/share/bringup/param/ekf.yaml
[1.172s] -- Up-to-date: /home/hi/ros2_ws/install/bringup/share/ament_index/resource_index/package_run_dependencies/bringup
[1.174s] -- Up-to-date: /home/hi/ros2_ws/install/bringup/share/ament_index/resource_index/parent_prefix_path/bringup
[1.175s] -- Up-to-date: /home/hi/ros2_ws/install/bringup/share/bringup/environment/ament_prefix_path.sh
[1.177s] -- Up-to-date: /home/hi/ros2_ws/install/bringup/share/bringup/environment/ament_prefix_path.dsv
[1.179s] -- Up-to-date: /home/hi/ros2_ws/install/bringup/share/bringup/environment/path.sh
[1.181s] -- Up-to-date: /home/hi/ros2_ws/install/bringup/share/bringup/environment/path.dsv
[1.183s] -- Up-to-date: /home/hi/ros2_ws/install/bringup/share/bringup/local_setup.bash
[1.185s] -- Up-to-date: /home/hi/ros2_ws/install/bringup/share/bringup/local_setup.sh
[1.188s] -- Up-to-date: /home/hi/ros2_ws/install/bringup/share/bringup/local_setup.zsh
[1.189s] -- Up-to-date: /home/hi/ros2_ws/install/bringup/share/bringup/local_setup.dsv
[1.196s] -- Installing: /home/hi/ros2_ws/install/bringup/share/bringup/package.dsv
[1.197s] -- Up-to-date: /home/hi/ros2_ws/install/bringup/share/ament_index/resource_index/packages/bringup
[1.212s] -- Up-to-date: /home/hi/ros2_ws/install/bringup/share/bringup/cmake/bringupConfig.cmake
[1.213s] -- Up-to-date: /home/hi/ros2_ws/install/bringup/share/bringup/cmake/bringupConfig-version.cmake
[1.214s] -- Up-to-date: /home/hi/ros2_ws/install/bringup/share/bringup/package.xml
[1.220s] Invoked command in '/home/hi/ros2_ws/build/bringup' returned '0': CMAKE_PREFIX_PATH=/home/hi/ros2_ws/install/robot_description:/home/hi/ros2_ws/install/robot_node1:/home/hi/ros2_ws/install/robot_navigation:/home/hi/ros2_ws/install/bringup:/home/hi/robot_localization/install/robot_localization:/home/hi/work_s/install/sllidar_ros2:/opt/ros/humble /usr/bin/cmake --install /home/hi/ros2_ws/build/bringup
