[35m[1mConsolidate compiler generated dependencies of target imu_node[0m
[ 33%] [32mBuilding CXX object CMakeFiles/imu_node.dir/src/imu_node.cpp.o[0m
In file included from [01m[K/opt/ros/humble/include/rclcpp/rclcpp/logging.hpp:24[m[K,
                 from [01m[K/opt/ros/humble/include/rclcpp/rclcpp/client.hpp:40[m[K,
                 from [01m[K/opt/ros/humble/include/rclcpp/rclcpp/callback_group.hpp:24[m[K,
                 from [01m[K/opt/ros/humble/include/rclcpp/rclcpp/any_executable.hpp:20[m[K,
                 from [01m[K/opt/ros/humble/include/rclcpp/rclcpp/memory_strategy.hpp:25[m[K,
                 from [01m[K/opt/ros/humble/include/rclcpp/rclcpp/memory_strategies.hpp:18[m[K,
                 from [01m[K/opt/ros/humble/include/rclcpp/rclcpp/executor_options.hpp:20[m[K,
                 from [01m[K/opt/ros/humble/include/rclcpp/rclcpp/executor.hpp:37[m[K,
                 from [01m[K/opt/ros/humble/include/rclcpp/rclcpp/executors/multi_threaded_executor.hpp:25[m[K,
                 from [01m[K/opt/ros/humble/include/rclcpp/rclcpp/executors.hpp:21[m[K,
                 from [01m[K/opt/ros/humble/include/rclcpp/rclcpp/rclcpp.hpp:155[m[K,
                 from [01m[K/home/hi/ros2_ws/src/robot_node1/src/imu_node.cpp:3[m[K:
[01m[K/home/hi/ros2_ws/src/robot_node1/src/imu_node.cpp:[m[K In member function ‘[01m[Kvoid ImuNode::publish_imu_data()[m[K’:
[01m[K/home/hi/ros2_ws/src/robot_node1/src/imu_node.cpp:54:45:[m[K [01;35m[Kwarning: [m[Kformat ‘[01m[K%ld[m[K’ expects argument of type ‘[01m[Klong int[m[K’, but argument 5 has type ‘[01m[Kbuiltin_interfaces::msg::Time_<std::allocator<void> >::_nanosec_type[m[K’ {aka ‘[01m[Kunsigned int[m[K’} [[01;35m[K]8;;https://gcc.gnu.org/onlinedocs/gcc/Warning-Options.html#index-Wformat=-Wformat=]8;;[m[K]
   54 |             RCLCPP_INFO(this->get_logger(), [01;35m[K"Published IMU data with timestamp: %ld"[m[K, [32m[Kmsg.header.stamp.nanosec[m[K);
      |                                             [01;35m[K^~~~~~~~~~~~~~~~~~~~~~~~~~~~~~~~~~~~~~~~[m[K  [32m[K~~~~~~~~~~~~~~~~~~~~~~~~[m[K
      |                                                                                                        [32m[K|[m[K
      |                                                                                                        [32m[Kbuiltin_interfaces::msg::Time_<std::allocator<void> >::_nanosec_type {aka unsigned int}[m[K
[01m[K/home/hi/ros2_ws/src/robot_node1/src/imu_node.cpp:54:83:[m[K [01;36m[Knote: [m[Kformat string is defined here
   54 | et_logger(), "Published IMU data with timestamp: [01;36m[K%ld[m[K", msg.header.stamp.nanosec);
      |                                                  [01;36m[K~~^[m[K
      |                                                    [01;36m[K|[m[K
      |                                                    [01;36m[Klong int[m[K
      |                                                  [32m[K%d[m[K
[ 66%] [32m[1mLinking CXX executable imu_node[0m
[100%] Built target imu_node
-- Install configuration: ""
-- Installing: /home/hi/ros2_ws/install/robot_node1/lib/robot_node1/imu_node
-- Set runtime path of "/home/hi/ros2_ws/install/robot_node1/lib/robot_node1/imu_node" to ""
-- Up-to-date: /home/hi/ros2_ws/install/robot_node1/share/ament_index/resource_index/package_run_dependencies/robot_node1
-- Up-to-date: /home/hi/ros2_ws/install/robot_node1/share/ament_index/resource_index/parent_prefix_path/robot_node1
-- Up-to-date: /home/hi/ros2_ws/install/robot_node1/share/robot_node1/environment/ament_prefix_path.sh
-- Up-to-date: /home/hi/ros2_ws/install/robot_node1/share/robot_node1/environment/ament_prefix_path.dsv
-- Up-to-date: /home/hi/ros2_ws/install/robot_node1/share/robot_node1/environment/path.sh
-- Up-to-date: /home/hi/ros2_ws/install/robot_node1/share/robot_node1/environment/path.dsv
-- Up-to-date: /home/hi/ros2_ws/install/robot_node1/share/robot_node1/local_setup.bash
-- Up-to-date: /home/hi/ros2_ws/install/robot_node1/share/robot_node1/local_setup.sh
-- Up-to-date: /home/hi/ros2_ws/install/robot_node1/share/robot_node1/local_setup.zsh
-- Up-to-date: /home/hi/ros2_ws/install/robot_node1/share/robot_node1/local_setup.dsv
-- Installing: /home/hi/ros2_ws/install/robot_node1/share/robot_node1/package.dsv
-- Up-to-date: /home/hi/ros2_ws/install/robot_node1/share/ament_index/resource_index/packages/robot_node1
-- Up-to-date: /home/hi/ros2_ws/install/robot_node1/share/robot_node1/cmake/robot_node1Config.cmake
-- Up-to-date: /home/hi/ros2_ws/install/robot_node1/share/robot_node1/cmake/robot_node1Config-version.cmake
-- Up-to-date: /home/hi/ros2_ws/install/robot_node1/share/robot_node1/package.xml
