[0.141s] Invoking command in '/home/hi/ros2_ws/build/bringup': CMAKE_PREFIX_PATH=/home/hi/ros2_ws/install/robot_description:/home/hi/ros2_ws/install/robot_node1:/home/hi/ros2_ws/install/robot_navigation:/home/hi/ros2_ws/install/bringup:/opt/ros/humble /usr/bin/cmake --build /home/hi/ros2_ws/build/bringup -- -j4 -l4
[0.329s] Invoked command in '/home/hi/ros2_ws/build/bringup' returned '0': CMAKE_PREFIX_PATH=/home/hi/ros2_ws/install/robot_description:/home/hi/ros2_ws/install/robot_node1:/home/hi/ros2_ws/install/robot_navigation:/home/hi/ros2_ws/install/bringup:/opt/ros/humble /usr/bin/cmake --build /home/hi/ros2_ws/build/bringup -- -j4 -l4
[0.469s] Invoking command in '/home/hi/ros2_ws/build/bringup': CMAKE_PREFIX_PATH=/home/hi/ros2_ws/install/robot_description:/home/hi/ros2_ws/install/robot_node1:/home/hi/ros2_ws/install/robot_navigation:/home/hi/ros2_ws/install/bringup:/opt/ros/humble /usr/bin/cmake --install /home/hi/ros2_ws/build/bringup
[0.499s] -- Install configuration: ""
[0.499s] -- Up-to-date: /home/hi/ros2_ws/install/bringup/share/bringup/launch
[0.500s] -- Up-to-date: /home/hi/ros2_ws/install/bringup/share/bringup/launch/robot.launch.py
[0.500s] -- Up-to-date: /home/hi/ros2_ws/install/bringup/share/bringup/launch/robot_localization.launch.py
[0.501s] -- Up-to-date: /home/hi/ros2_ws/install/bringup/share/bringup/launch/rviz.launch.py
[0.501s] -- Up-to-date: /home/hi/ros2_ws/install/bringup/share/bringup/launch/robot_state_publisher.launch.py
[0.502s] -- Up-to-date: /home/hi/ros2_ws/install/bringup/share/ament_index/resource_index/package_run_dependencies/bringup
[0.502s] -- Up-to-date: /home/hi/ros2_ws/install/bringup/share/ament_index/resource_index/parent_prefix_path/bringup
[0.502s] -- Up-to-date: /home/hi/ros2_ws/install/bringup/share/bringup/environment/ament_prefix_path.sh
[0.503s] -- Up-to-date: /home/hi/ros2_ws/install/bringup/share/bringup/environment/ament_prefix_path.dsv
[0.503s] -- Up-to-date: /home/hi/ros2_ws/install/bringup/share/bringup/environment/path.sh
[0.504s] -- Up-to-date: /home/hi/ros2_ws/install/bringup/share/bringup/environment/path.dsv
[0.504s] -- Up-to-date: /home/hi/ros2_ws/install/bringup/share/bringup/local_setup.bash
[0.504s] -- Up-to-date: /home/hi/ros2_ws/install/bringup/share/bringup/local_setup.sh
[0.505s] -- Up-to-date: /home/hi/ros2_ws/install/bringup/share/bringup/local_setup.zsh
[0.505s] -- Up-to-date: /home/hi/ros2_ws/install/bringup/share/bringup/local_setup.dsv
[0.506s] -- Installing: /home/hi/ros2_ws/install/bringup/share/bringup/package.dsv
[0.506s] -- Up-to-date: /home/hi/ros2_ws/install/bringup/share/ament_index/resource_index/packages/bringup
[0.506s] -- Up-to-date: /home/hi/ros2_ws/install/bringup/share/bringup/cmake/bringupConfig.cmake
[0.507s] -- Up-to-date: /home/hi/ros2_ws/install/bringup/share/bringup/cmake/bringupConfig-version.cmake
[0.507s] -- Up-to-date: /home/hi/ros2_ws/install/bringup/share/bringup/package.xml
[0.516s] Invoked command in '/home/hi/ros2_ws/build/bringup' returned '0': CMAKE_PREFIX_PATH=/home/hi/ros2_ws/install/robot_description:/home/hi/ros2_ws/install/robot_node1:/home/hi/ros2_ws/install/robot_navigation:/home/hi/ros2_ws/install/bringup:/opt/ros/humble /usr/bin/cmake --install /home/hi/ros2_ws/build/bringup
