[0.035s] Invoking command in '/home/r/ros2_ws/build/robot_navigation': CMAKE_PREFIX_PATH=${CMAKE_PREFIX_PATH}:/opt/ros/humble /usr/bin/cmake /home/r/ros2_ws/src/robot_navigation -DCMAKE_INSTALL_PREFIX=/home/r/ros2_ws/install/robot_navigation
[0.271s] -- The C compiler identification is GNU 11.4.0
[0.527s] -- The CXX compiler identification is GNU 11.4.0
[0.565s] -- Detecting C compiler ABI info
[0.724s] -- Detecting C compiler ABI info - done
[0.735s] -- Check for working C compiler: /usr/bin/cc - skipped
[0.735s] -- Detecting C compile features
[0.737s] -- Detecting C compile features - done
[0.748s] -- Detecting CXX compiler ABI info
[0.876s] -- Detecting CXX compiler ABI info - done
[0.885s] -- Check for working CXX compiler: /usr/bin/c++ - skipped
[0.889s] -- Detecting CXX compile features
[0.889s] -- Detecting CXX compile features - done
[0.890s] -- Found ament_cmake: 1.3.10 (/opt/ros/humble/share/ament_cmake/cmake)
[1.163s] -- Found Python3: /usr/bin/python3 (found version "3.10.12") found components: Interpreter 
[1.279s] -- Found ament_lint_auto: 0.12.11 (/opt/ros/humble/share/ament_lint_auto/cmake)
[1.375s] -- Added test 'flake8' to check Python code syntax and style conventions
[1.375s] -- Added test 'lint_cmake' to check CMake code style
[1.376s] -- Added test 'pep257' to check Python code against some of the docstring style conventions in PEP 257
[1.378s] -- Added test 'xmllint' to check XML markup files
[1.381s] -- Configuring done
[1.385s] -- Generating done
[1.385s] -- Build files have been written to: /home/r/ros2_ws/build/robot_navigation
[1.401s] Invoked command in '/home/r/ros2_ws/build/robot_navigation' returned '0': CMAKE_PREFIX_PATH=${CMAKE_PREFIX_PATH}:/opt/ros/humble /usr/bin/cmake /home/r/ros2_ws/src/robot_navigation -DCMAKE_INSTALL_PREFIX=/home/r/ros2_ws/install/robot_navigation
[1.404s] Invoking command in '/home/r/ros2_ws/build/robot_navigation': CMAKE_PREFIX_PATH=${CMAKE_PREFIX_PATH}:/opt/ros/humble /usr/bin/cmake --build /home/r/ros2_ws/build/robot_navigation -- -j2 -l2
[1.468s] Invoked command in '/home/r/ros2_ws/build/robot_navigation' returned '0': CMAKE_PREFIX_PATH=${CMAKE_PREFIX_PATH}:/opt/ros/humble /usr/bin/cmake --build /home/r/ros2_ws/build/robot_navigation -- -j2 -l2
[1.532s] Invoking command in '/home/r/ros2_ws/build/robot_navigation': CMAKE_PREFIX_PATH=${CMAKE_PREFIX_PATH}:/opt/ros/humble /usr/bin/cmake --install /home/r/ros2_ws/build/robot_navigation
[1.551s] -- Install configuration: ""
[1.551s] -- Installing: /home/r/ros2_ws/install/robot_navigation/share/robot_navigation/launch
[1.551s] -- Installing: /home/r/ros2_ws/install/robot_navigation/share/robot_navigation/launch/nav2.launch.py
[1.551s] -- Installing: /home/r/ros2_ws/install/robot_navigation/share/robot_navigation/launch/.vscode
[1.552s] -- Installing: /home/r/ros2_ws/install/robot_navigation/share/robot_navigation/launch/.vscode/settings.json
[1.552s] -- Installing: /home/r/ros2_ws/install/robot_navigation/share/robot_navigation/launch/.vscode/c_cpp_properties.json
[1.554s] -- Installing: /home/r/ros2_ws/install/robot_navigation/share/robot_navigation/map
[1.554s] -- Installing: /home/r/ros2_ws/install/robot_navigation/share/robot_navigation/map/map.yaml
[1.556s] -- Installing: /home/r/ros2_ws/install/robot_navigation/share/robot_navigation/map/map.pgm
[1.556s] -- Installing: /home/r/ros2_ws/install/robot_navigation/share/robot_navigation/param
[1.558s] -- Installing: /home/r/ros2_ws/install/robot_navigation/share/robot_navigation/param/robot.yaml
[1.558s] -- Installing: /home/r/ros2_ws/install/robot_navigation/share/robot_navigation/rviz
[1.559s] -- Installing: /home/r/ros2_ws/install/robot_navigation/share/robot_navigation/rviz/nav2.rviz
[1.560s] -- Installing: /home/r/ros2_ws/install/robot_navigation/share/ament_index/resource_index/package_run_dependencies/robot_navigation
[1.561s] -- Installing: /home/r/ros2_ws/install/robot_navigation/share/ament_index/resource_index/parent_prefix_path/robot_navigation
[1.561s] -- Installing: /home/r/ros2_ws/install/robot_navigation/share/robot_navigation/environment/ament_prefix_path.sh
[1.561s] -- Installing: /home/r/ros2_ws/install/robot_navigation/share/robot_navigation/environment/ament_prefix_path.dsv
[1.561s] -- Installing: /home/r/ros2_ws/install/robot_navigation/share/robot_navigation/environment/path.sh
[1.562s] -- Installing: /home/r/ros2_ws/install/robot_navigation/share/robot_navigation/environment/path.dsv
[1.562s] -- Installing: /home/r/ros2_ws/install/robot_navigation/share/robot_navigation/local_setup.bash
[1.562s] -- Installing: /home/r/ros2_ws/install/robot_navigation/share/robot_navigation/local_setup.sh
[1.562s] -- Installing: /home/r/ros2_ws/install/robot_navigation/share/robot_navigation/local_setup.zsh
[1.563s] -- Installing: /home/r/ros2_ws/install/robot_navigation/share/robot_navigation/local_setup.dsv
[1.563s] -- Installing: /home/r/ros2_ws/install/robot_navigation/share/robot_navigation/package.dsv
[1.563s] -- Installing: /home/r/ros2_ws/install/robot_navigation/share/ament_index/resource_index/packages/robot_navigation
[1.564s] -- Installing: /home/r/ros2_ws/install/robot_navigation/share/robot_navigation/cmake/robot_navigationConfig.cmake
[1.565s] -- Installing: /home/r/ros2_ws/install/robot_navigation/share/robot_navigation/cmake/robot_navigationConfig-version.cmake
[1.565s] -- Installing: /home/r/ros2_ws/install/robot_navigation/share/robot_navigation/package.xml
[1.569s] Invoked command in '/home/r/ros2_ws/build/robot_navigation' returned '0': CMAKE_PREFIX_PATH=${CMAKE_PREFIX_PATH}:/opt/ros/humble /usr/bin/cmake --install /home/r/ros2_ws/build/robot_navigation
