[0.082s] DEBUG:colcon:Command line arguments: ['/usr/bin/colcon', 'build', '--packages-select', 'bringup', 'robot_description', 'robot_navigation']
[0.082s] DEBUG:colcon:Parsed command line arguments: Namespace(log_base=None, log_level=None, verb_name='build', build_base='build', install_base='install', merge_install=False, symlink_install=False, test_result_base=None, continue_on_error=False, executor='parallel', parallel_workers=2, event_handlers=None, ignore_user_meta=False, metas=['./colcon.meta'], base_paths=['.'], packages_ignore=None, packages_ignore_regex=None, paths=None, packages_up_to=None, packages_up_to_regex=None, packages_above=None, packages_above_and_dependencies=None, packages_above_depth=None, packages_select_by_dep=None, packages_skip_by_dep=None, packages_skip_up_to=None, packages_select_build_failed=False, packages_skip_build_finished=False, packages_select_test_failures=False, packages_skip_test_passed=False, packages_select=['bringup', 'robot_description', 'robot_navigation'], packages_skip=None, packages_select_regex=None, packages_skip_regex=None, packages_start=None, packages_end=None, allow_overriding=[], cmake_args=None, cmake_target=None, cmake_target_skip_unavailable=False, cmake_clean_cache=False, cmake_clean_first=False, cmake_force_configure=False, ament_cmake_args=None, catkin_cmake_args=None, catkin_skip_building_tests=False, mixin_files=None, mixin=None, verb_parser=<colcon_mixin.mixin.mixin_argument.MixinArgumentDecorator object at 0x7b583204a590>, verb_extension=<colcon_core.verb.build.BuildVerb object at 0x7b583204a0e0>, main=<bound method BuildVerb.main of <colcon_core.verb.build.BuildVerb object at 0x7b583204a0e0>>, mixin_verb=('build',))
[0.218s] Level 1:colcon.colcon_core.package_discovery:discover_packages(colcon_meta) check parameters
[0.218s] Level 1:colcon.colcon_core.package_discovery:discover_packages(recursive) check parameters
[0.218s] Level 1:colcon.colcon_core.package_discovery:discover_packages(ignore) check parameters
[0.218s] Level 1:colcon.colcon_core.package_discovery:discover_packages(path) check parameters
[0.218s] Level 1:colcon.colcon_core.package_discovery:discover_packages(colcon_meta) discover
[0.218s] Level 1:colcon.colcon_core.package_discovery:discover_packages(recursive) discover
[0.218s] INFO:colcon.colcon_core.package_discovery:Crawling recursively for packages in '/home/r/ros2_ws'
[0.218s] Level 1:colcon.colcon_core.package_identification:_identify(.) by extensions ['ignore', 'ignore_ament_install']
[0.218s] Level 1:colcon.colcon_core.package_identification:_identify(.) by extension 'ignore'
[0.218s] Level 1:colcon.colcon_core.package_identification:_identify(.) by extension 'ignore_ament_install'
[0.218s] Level 1:colcon.colcon_core.package_identification:_identify(.) by extensions ['colcon_pkg']
[0.218s] Level 1:colcon.colcon_core.package_identification:_identify(.) by extension 'colcon_pkg'
[0.219s] Level 1:colcon.colcon_core.package_identification:_identify(.) by extensions ['colcon_meta']
[0.219s] Level 1:colcon.colcon_core.package_identification:_identify(.) by extension 'colcon_meta'
[0.219s] Level 1:colcon.colcon_core.package_identification:_identify(.) by extensions ['ros']
[0.219s] Level 1:colcon.colcon_core.package_identification:_identify(.) by extension 'ros'
[0.226s] Level 1:colcon.colcon_core.package_identification:_identify(.) by extensions ['cmake', 'python']
[0.227s] Level 1:colcon.colcon_core.package_identification:_identify(.) by extension 'cmake'
[0.227s] Level 1:colcon.colcon_core.package_identification:_identify(.) by extension 'python'
[0.227s] Level 1:colcon.colcon_core.package_identification:_identify(.) by extensions ['python_setup_py']
[0.227s] Level 1:colcon.colcon_core.package_identification:_identify(.) by extension 'python_setup_py'
[0.227s] Level 1:colcon.colcon_core.package_identification:_identify(build) by extensions ['ignore', 'ignore_ament_install']
[0.227s] Level 1:colcon.colcon_core.package_identification:_identify(build) by extension 'ignore'
[0.227s] Level 1:colcon.colcon_core.package_identification:_identify(build) ignored
[0.227s] Level 1:colcon.colcon_core.package_identification:_identify(install) by extensions ['ignore', 'ignore_ament_install']
[0.227s] Level 1:colcon.colcon_core.package_identification:_identify(install) by extension 'ignore'
[0.227s] Level 1:colcon.colcon_core.package_identification:_identify(install) ignored
[0.227s] Level 1:colcon.colcon_core.package_identification:_identify(log) by extensions ['ignore', 'ignore_ament_install']
[0.227s] Level 1:colcon.colcon_core.package_identification:_identify(log) by extension 'ignore'
[0.227s] Level 1:colcon.colcon_core.package_identification:_identify(log) ignored
[0.227s] Level 1:colcon.colcon_core.package_identification:_identify(src) by extensions ['ignore', 'ignore_ament_install']
[0.227s] Level 1:colcon.colcon_core.package_identification:_identify(src) by extension 'ignore'
[0.227s] Level 1:colcon.colcon_core.package_identification:_identify(src) by extension 'ignore_ament_install'
[0.227s] Level 1:colcon.colcon_core.package_identification:_identify(src) by extensions ['colcon_pkg']
[0.227s] Level 1:colcon.colcon_core.package_identification:_identify(src) by extension 'colcon_pkg'
[0.227s] Level 1:colcon.colcon_core.package_identification:_identify(src) by extensions ['colcon_meta']
[0.227s] Level 1:colcon.colcon_core.package_identification:_identify(src) by extension 'colcon_meta'
[0.227s] Level 1:colcon.colcon_core.package_identification:_identify(src) by extensions ['ros']
[0.228s] Level 1:colcon.colcon_core.package_identification:_identify(src) by extension 'ros'
[0.228s] Level 1:colcon.colcon_core.package_identification:_identify(src) by extensions ['cmake', 'python']
[0.228s] Level 1:colcon.colcon_core.package_identification:_identify(src) by extension 'cmake'
[0.228s] Level 1:colcon.colcon_core.package_identification:_identify(src) by extension 'python'
[0.228s] Level 1:colcon.colcon_core.package_identification:_identify(src) by extensions ['python_setup_py']
[0.228s] Level 1:colcon.colcon_core.package_identification:_identify(src) by extension 'python_setup_py'
[0.228s] Level 1:colcon.colcon_core.package_identification:_identify(src/bringup) by extensions ['ignore', 'ignore_ament_install']
[0.228s] Level 1:colcon.colcon_core.package_identification:_identify(src/bringup) by extension 'ignore'
[0.228s] Level 1:colcon.colcon_core.package_identification:_identify(src/bringup) by extension 'ignore_ament_install'
[0.228s] Level 1:colcon.colcon_core.package_identification:_identify(src/bringup) by extensions ['colcon_pkg']
[0.228s] Level 1:colcon.colcon_core.package_identification:_identify(src/bringup) by extension 'colcon_pkg'
[0.228s] Level 1:colcon.colcon_core.package_identification:_identify(src/bringup) by extensions ['colcon_meta']
[0.228s] Level 1:colcon.colcon_core.package_identification:_identify(src/bringup) by extension 'colcon_meta'
[0.228s] Level 1:colcon.colcon_core.package_identification:_identify(src/bringup) by extensions ['ros']
[0.228s] Level 1:colcon.colcon_core.package_identification:_identify(src/bringup) by extension 'ros'
[0.230s] DEBUG:colcon.colcon_core.package_identification:Package 'src/bringup' with type 'ros.ament_cmake' and name 'bringup'
[0.230s] Level 1:colcon.colcon_core.package_identification:_identify(src/robot_description) by extensions ['ignore', 'ignore_ament_install']
[0.230s] Level 1:colcon.colcon_core.package_identification:_identify(src/robot_description) by extension 'ignore'
[0.230s] Level 1:colcon.colcon_core.package_identification:_identify(src/robot_description) by extension 'ignore_ament_install'
[0.230s] Level 1:colcon.colcon_core.package_identification:_identify(src/robot_description) by extensions ['colcon_pkg']
[0.230s] Level 1:colcon.colcon_core.package_identification:_identify(src/robot_description) by extension 'colcon_pkg'
[0.230s] Level 1:colcon.colcon_core.package_identification:_identify(src/robot_description) by extensions ['colcon_meta']
[0.230s] Level 1:colcon.colcon_core.package_identification:_identify(src/robot_description) by extension 'colcon_meta'
[0.230s] Level 1:colcon.colcon_core.package_identification:_identify(src/robot_description) by extensions ['ros']
[0.230s] Level 1:colcon.colcon_core.package_identification:_identify(src/robot_description) by extension 'ros'
[0.230s] DEBUG:colcon.colcon_core.package_identification:Package 'src/robot_description' with type 'ros.ament_cmake' and name 'robot_description'
[0.230s] Level 1:colcon.colcon_core.package_identification:_identify(src/robot_navigation) by extensions ['ignore', 'ignore_ament_install']
[0.231s] Level 1:colcon.colcon_core.package_identification:_identify(src/robot_navigation) by extension 'ignore'
[0.231s] Level 1:colcon.colcon_core.package_identification:_identify(src/robot_navigation) by extension 'ignore_ament_install'
[0.231s] Level 1:colcon.colcon_core.package_identification:_identify(src/robot_navigation) by extensions ['colcon_pkg']
[0.231s] Level 1:colcon.colcon_core.package_identification:_identify(src/robot_navigation) by extension 'colcon_pkg'
[0.231s] Level 1:colcon.colcon_core.package_identification:_identify(src/robot_navigation) by extensions ['colcon_meta']
[0.231s] Level 1:colcon.colcon_core.package_identification:_identify(src/robot_navigation) by extension 'colcon_meta'
[0.231s] Level 1:colcon.colcon_core.package_identification:_identify(src/robot_navigation) by extensions ['ros']
[0.231s] Level 1:colcon.colcon_core.package_identification:_identify(src/robot_navigation) by extension 'ros'
[0.231s] DEBUG:colcon.colcon_core.package_identification:Package 'src/robot_navigation' with type 'ros.ament_cmake' and name 'robot_navigation'
[0.231s] Level 1:colcon.colcon_core.package_identification:_identify(src/robot_node1) by extensions ['ignore', 'ignore_ament_install']
[0.231s] Level 1:colcon.colcon_core.package_identification:_identify(src/robot_node1) by extension 'ignore'
[0.231s] Level 1:colcon.colcon_core.package_identification:_identify(src/robot_node1) by extension 'ignore_ament_install'
[0.231s] Level 1:colcon.colcon_core.package_identification:_identify(src/robot_node1) by extensions ['colcon_pkg']
[0.231s] Level 1:colcon.colcon_core.package_identification:_identify(src/robot_node1) by extension 'colcon_pkg'
[0.231s] Level 1:colcon.colcon_core.package_identification:_identify(src/robot_node1) by extensions ['colcon_meta']
[0.232s] Level 1:colcon.colcon_core.package_identification:_identify(src/robot_node1) by extension 'colcon_meta'
[0.232s] Level 1:colcon.colcon_core.package_identification:_identify(src/robot_node1) by extensions ['ros']
[0.232s] Level 1:colcon.colcon_core.package_identification:_identify(src/robot_node1) by extension 'ros'
[0.232s] DEBUG:colcon.colcon_core.package_identification:Package 'src/robot_node1' with type 'ros.ament_cmake' and name 'robot_node1'
[0.232s] Level 1:colcon.colcon_core.package_discovery:discover_packages(recursive) using defaults
[0.232s] Level 1:colcon.colcon_core.package_discovery:discover_packages(ignore) discover
[0.232s] Level 1:colcon.colcon_core.package_discovery:discover_packages(ignore) using defaults
[0.232s] Level 1:colcon.colcon_core.package_discovery:discover_packages(path) discover
[0.232s] Level 1:colcon.colcon_core.package_discovery:discover_packages(path) using defaults
[0.246s] INFO:colcon.colcon_core.package_selection:Skipping not selected package 'robot_node1' in 'src/robot_node1'
[0.246s] Level 1:colcon.colcon_core.package_discovery:discover_packages(prefix_path) check parameters
[0.246s] Level 1:colcon.colcon_core.package_discovery:discover_packages(prefix_path) discover
[0.248s] DEBUG:colcon.colcon_installed_package_information.package_discovery:Found 1 installed packages in /home/r/lidar_ws/install
[0.248s] DEBUG:colcon.colcon_installed_package_information.package_discovery:Found 0 installed packages in /home/r/ros2_ws/install
[0.250s] DEBUG:colcon.colcon_installed_package_information.package_discovery:Found 354 installed packages in /opt/ros/humble
[0.257s] Level 1:colcon.colcon_core.package_discovery:discover_packages(prefix_path) using defaults
[0.293s] Level 5:colcon.colcon_core.verb:set package 'robot_description' build argument 'cmake_args' from command line to 'None'
[0.293s] Level 5:colcon.colcon_core.verb:set package 'robot_description' build argument 'cmake_target' from command line to 'None'
[0.293s] Level 5:colcon.colcon_core.verb:set package 'robot_description' build argument 'cmake_target_skip_unavailable' from command line to 'False'
[0.293s] Level 5:colcon.colcon_core.verb:set package 'robot_description' build argument 'cmake_clean_cache' from command line to 'False'
[0.293s] Level 5:colcon.colcon_core.verb:set package 'robot_description' build argument 'cmake_clean_first' from command line to 'False'
[0.293s] Level 5:colcon.colcon_core.verb:set package 'robot_description' build argument 'cmake_force_configure' from command line to 'False'
[0.293s] Level 5:colcon.colcon_core.verb:set package 'robot_description' build argument 'ament_cmake_args' from command line to 'None'
[0.293s] Level 5:colcon.colcon_core.verb:set package 'robot_description' build argument 'catkin_cmake_args' from command line to 'None'
[0.294s] Level 5:colcon.colcon_core.verb:set package 'robot_description' build argument 'catkin_skip_building_tests' from command line to 'False'
[0.294s] DEBUG:colcon.colcon_core.verb:Building package 'robot_description' with the following arguments: {'ament_cmake_args': None, 'build_base': '/home/r/ros2_ws/build/robot_description', 'catkin_cmake_args': None, 'catkin_skip_building_tests': False, 'cmake_args': None, 'cmake_clean_cache': False, 'cmake_clean_first': False, 'cmake_force_configure': False, 'cmake_target': None, 'cmake_target_skip_unavailable': False, 'install_base': '/home/r/ros2_ws/install/robot_description', 'merge_install': False, 'path': '/home/r/ros2_ws/src/robot_description', 'symlink_install': False, 'test_result_base': None}
[0.294s] Level 5:colcon.colcon_core.verb:set package 'robot_navigation' build argument 'cmake_args' from command line to 'None'
[0.294s] Level 5:colcon.colcon_core.verb:set package 'robot_navigation' build argument 'cmake_target' from command line to 'None'
[0.294s] Level 5:colcon.colcon_core.verb:set package 'robot_navigation' build argument 'cmake_target_skip_unavailable' from command line to 'False'
[0.294s] Level 5:colcon.colcon_core.verb:set package 'robot_navigation' build argument 'cmake_clean_cache' from command line to 'False'
[0.294s] Level 5:colcon.colcon_core.verb:set package 'robot_navigation' build argument 'cmake_clean_first' from command line to 'False'
[0.294s] Level 5:colcon.colcon_core.verb:set package 'robot_navigation' build argument 'cmake_force_configure' from command line to 'False'
[0.294s] Level 5:colcon.colcon_core.verb:set package 'robot_navigation' build argument 'ament_cmake_args' from command line to 'None'
[0.294s] Level 5:colcon.colcon_core.verb:set package 'robot_navigation' build argument 'catkin_cmake_args' from command line to 'None'
[0.294s] Level 5:colcon.colcon_core.verb:set package 'robot_navigation' build argument 'catkin_skip_building_tests' from command line to 'False'
[0.294s] DEBUG:colcon.colcon_core.verb:Building package 'robot_navigation' with the following arguments: {'ament_cmake_args': None, 'build_base': '/home/r/ros2_ws/build/robot_navigation', 'catkin_cmake_args': None, 'catkin_skip_building_tests': False, 'cmake_args': None, 'cmake_clean_cache': False, 'cmake_clean_first': False, 'cmake_force_configure': False, 'cmake_target': None, 'cmake_target_skip_unavailable': False, 'install_base': '/home/r/ros2_ws/install/robot_navigation', 'merge_install': False, 'path': '/home/r/ros2_ws/src/robot_navigation', 'symlink_install': False, 'test_result_base': None}
[0.294s] Level 5:colcon.colcon_core.verb:set package 'bringup' build argument 'cmake_args' from command line to 'None'
[0.294s] Level 5:colcon.colcon_core.verb:set package 'bringup' build argument 'cmake_target' from command line to 'None'
[0.295s] Level 5:colcon.colcon_core.verb:set package 'bringup' build argument 'cmake_target_skip_unavailable' from command line to 'False'
[0.295s] Level 5:colcon.colcon_core.verb:set package 'bringup' build argument 'cmake_clean_cache' from command line to 'False'
[0.295s] Level 5:colcon.colcon_core.verb:set package 'bringup' build argument 'cmake_clean_first' from command line to 'False'
[0.295s] Level 5:colcon.colcon_core.verb:set package 'bringup' build argument 'cmake_force_configure' from command line to 'False'
[0.295s] Level 5:colcon.colcon_core.verb:set package 'bringup' build argument 'ament_cmake_args' from command line to 'None'
[0.295s] Level 5:colcon.colcon_core.verb:set package 'bringup' build argument 'catkin_cmake_args' from command line to 'None'
[0.295s] Level 5:colcon.colcon_core.verb:set package 'bringup' build argument 'catkin_skip_building_tests' from command line to 'False'
[0.295s] DEBUG:colcon.colcon_core.verb:Building package 'bringup' with the following arguments: {'ament_cmake_args': None, 'build_base': '/home/r/ros2_ws/build/bringup', 'catkin_cmake_args': None, 'catkin_skip_building_tests': False, 'cmake_args': None, 'cmake_clean_cache': False, 'cmake_clean_first': False, 'cmake_force_configure': False, 'cmake_target': None, 'cmake_target_skip_unavailable': False, 'install_base': '/home/r/ros2_ws/install/bringup', 'merge_install': False, 'path': '/home/r/ros2_ws/src/bringup', 'symlink_install': False, 'test_result_base': None}
[0.295s] INFO:colcon.colcon_core.executor:Executing jobs using 'parallel' executor
[0.296s] DEBUG:colcon.colcon_parallel_executor.executor.parallel:run_until_complete
[0.296s] INFO:colcon.colcon_ros.task.ament_cmake.build:Building ROS package in '/home/r/ros2_ws/src/robot_description' with build type 'ament_cmake'
[0.296s] INFO:colcon.colcon_cmake.task.cmake.build:Building CMake package in '/home/r/ros2_ws/src/robot_description'
[0.298s] INFO:colcon.colcon_core.plugin_system:Skipping extension 'colcon_core.shell.bat': Not used on non-Windows systems
[0.298s] INFO:colcon.colcon_core.shell:Skip shell extension 'powershell' for command environment: Not usable outside of PowerShell
[0.298s] DEBUG:colcon.colcon_core.shell:Skip shell extension 'dsv' for command environment
[0.304s] INFO:colcon.colcon_ros.task.ament_cmake.build:Building ROS package in '/home/r/ros2_ws/src/robot_navigation' with build type 'ament_cmake'
[0.304s] INFO:colcon.colcon_cmake.task.cmake.build:Building CMake package in '/home/r/ros2_ws/src/robot_navigation'
[0.304s] INFO:colcon.colcon_core.shell:Skip shell extension 'powershell' for command environment: Not usable outside of PowerShell
[0.304s] DEBUG:colcon.colcon_core.shell:Skip shell extension 'dsv' for command environment
[0.338s] DEBUG:colcon.colcon_core.event_handler.log_command:Invoking command in '/home/r/ros2_ws/build/robot_description': CMAKE_PREFIX_PATH=${CMAKE_PREFIX_PATH}:/opt/ros/humble /usr/bin/cmake /home/r/ros2_ws/src/robot_description -DCMAKE_INSTALL_PREFIX=/home/r/ros2_ws/install/robot_description
[0.339s] DEBUG:colcon.colcon_core.event_handler.log_command:Invoking command in '/home/r/ros2_ws/build/robot_navigation': CMAKE_PREFIX_PATH=${CMAKE_PREFIX_PATH}:/opt/ros/humble /usr/bin/cmake /home/r/ros2_ws/src/robot_navigation -DCMAKE_INSTALL_PREFIX=/home/r/ros2_ws/install/robot_navigation
[1.706s] DEBUG:colcon.colcon_core.event_handler.log_command:Invoked command in '/home/r/ros2_ws/build/robot_navigation' returned '0': CMAKE_PREFIX_PATH=${CMAKE_PREFIX_PATH}:/opt/ros/humble /usr/bin/cmake /home/r/ros2_ws/src/robot_navigation -DCMAKE_INSTALL_PREFIX=/home/r/ros2_ws/install/robot_navigation
[1.708s] DEBUG:colcon.colcon_core.event_handler.log_command:Invoking command in '/home/r/ros2_ws/build/robot_navigation': CMAKE_PREFIX_PATH=${CMAKE_PREFIX_PATH}:/opt/ros/humble /usr/bin/cmake --build /home/r/ros2_ws/build/robot_navigation -- -j2 -l2
[1.773s] DEBUG:colcon.colcon_core.event_handler.log_command:Invoked command in '/home/r/ros2_ws/build/robot_navigation' returned '0': CMAKE_PREFIX_PATH=${CMAKE_PREFIX_PATH}:/opt/ros/humble /usr/bin/cmake --build /home/r/ros2_ws/build/robot_navigation -- -j2 -l2
[1.808s] DEBUG:colcon.colcon_core.event_handler.log_command:Invoked command in '/home/r/ros2_ws/build/robot_description' returned '0': CMAKE_PREFIX_PATH=${CMAKE_PREFIX_PATH}:/opt/ros/humble /usr/bin/cmake /home/r/ros2_ws/src/robot_description -DCMAKE_INSTALL_PREFIX=/home/r/ros2_ws/install/robot_description
[1.809s] DEBUG:colcon.colcon_core.event_handler.log_command:Invoking command in '/home/r/ros2_ws/build/robot_description': CMAKE_PREFIX_PATH=${CMAKE_PREFIX_PATH}:/opt/ros/humble /usr/bin/cmake --build /home/r/ros2_ws/build/robot_description -- -j2 -l2
[1.836s] DEBUG:colcon.colcon_core.event_handler.log_command:Invoking command in '/home/r/ros2_ws/build/robot_navigation': CMAKE_PREFIX_PATH=${CMAKE_PREFIX_PATH}:/opt/ros/humble /usr/bin/cmake --install /home/r/ros2_ws/build/robot_navigation
[1.871s] Level 1:colcon.colcon_core.environment:create_environment_scripts_only(robot_navigation)
[1.874s] DEBUG:colcon.colcon_core.event_handler.log_command:Invoked command in '/home/r/ros2_ws/build/robot_navigation' returned '0': CMAKE_PREFIX_PATH=${CMAKE_PREFIX_PATH}:/opt/ros/humble /usr/bin/cmake --install /home/r/ros2_ws/build/robot_navigation
[1.874s] Level 1:colcon.colcon_core.environment:checking '/home/r/ros2_ws/install/robot_navigation' for CMake module files
[1.875s] Level 1:colcon.colcon_core.environment:checking '/home/r/ros2_ws/install/robot_navigation' for CMake config files
[1.875s] Level 1:colcon.colcon_core.shell:create_environment_hook('robot_navigation', 'cmake_prefix_path')
[1.875s] INFO:colcon.colcon_core.shell:Creating environment hook '/home/r/ros2_ws/install/robot_navigation/share/robot_navigation/hook/cmake_prefix_path.ps1'
[1.876s] INFO:colcon.colcon_core.shell:Creating environment descriptor '/home/r/ros2_ws/install/robot_navigation/share/robot_navigation/hook/cmake_prefix_path.dsv'
[1.876s] INFO:colcon.colcon_core.shell:Creating environment hook '/home/r/ros2_ws/install/robot_navigation/share/robot_navigation/hook/cmake_prefix_path.sh'
[1.877s] Level 1:colcon.colcon_core.environment:checking '/home/r/ros2_ws/install/robot_navigation/bin'
[1.877s] Level 1:colcon.colcon_core.environment:checking '/home/r/ros2_ws/install/robot_navigation/lib/pkgconfig/robot_navigation.pc'
[1.877s] Level 1:colcon.colcon_core.environment:checking '/home/r/ros2_ws/install/robot_navigation/lib/python3.10/site-packages'
[1.878s] Level 1:colcon.colcon_core.environment:checking '/home/r/ros2_ws/install/robot_navigation/bin'
[1.878s] INFO:colcon.colcon_core.shell:Creating package script '/home/r/ros2_ws/install/robot_navigation/share/robot_navigation/package.ps1'
[1.879s] INFO:colcon.colcon_core.shell:Creating package descriptor '/home/r/ros2_ws/install/robot_navigation/share/robot_navigation/package.dsv'
[1.879s] INFO:colcon.colcon_core.shell:Creating package script '/home/r/ros2_ws/install/robot_navigation/share/robot_navigation/package.sh'
[1.880s] INFO:colcon.colcon_core.shell:Creating package script '/home/r/ros2_ws/install/robot_navigation/share/robot_navigation/package.bash'
[1.881s] INFO:colcon.colcon_core.shell:Creating package script '/home/r/ros2_ws/install/robot_navigation/share/robot_navigation/package.zsh'
[1.881s] Level 1:colcon.colcon_core.environment:create_file_with_runtime_dependencies(/home/r/ros2_ws/install/robot_navigation/share/colcon-core/packages/robot_navigation)
[1.897s] DEBUG:colcon.colcon_core.event_handler.log_command:Invoked command in '/home/r/ros2_ws/build/robot_description' returned '0': CMAKE_PREFIX_PATH=${CMAKE_PREFIX_PATH}:/opt/ros/humble /usr/bin/cmake --build /home/r/ros2_ws/build/robot_description -- -j2 -l2
[1.919s] Level 1:colcon.colcon_core.environment:create_environment_scripts_only(robot_navigation)
[1.919s] Level 1:colcon.colcon_core.environment:checking '/home/r/ros2_ws/install/robot_navigation' for CMake module files
[1.920s] Level 1:colcon.colcon_core.environment:checking '/home/r/ros2_ws/install/robot_navigation' for CMake config files
[1.920s] Level 1:colcon.colcon_core.shell:create_environment_hook('robot_navigation', 'cmake_prefix_path')
[1.920s] INFO:colcon.colcon_core.shell:Creating environment hook '/home/r/ros2_ws/install/robot_navigation/share/robot_navigation/hook/cmake_prefix_path.ps1'
[1.921s] INFO:colcon.colcon_core.shell:Creating environment descriptor '/home/r/ros2_ws/install/robot_navigation/share/robot_navigation/hook/cmake_prefix_path.dsv'
[1.922s] INFO:colcon.colcon_core.shell:Creating environment hook '/home/r/ros2_ws/install/robot_navigation/share/robot_navigation/hook/cmake_prefix_path.sh'
[1.922s] Level 1:colcon.colcon_core.environment:checking '/home/r/ros2_ws/install/robot_navigation/bin'
[1.922s] Level 1:colcon.colcon_core.environment:checking '/home/r/ros2_ws/install/robot_navigation/lib/pkgconfig/robot_navigation.pc'
[1.923s] Level 1:colcon.colcon_core.environment:checking '/home/r/ros2_ws/install/robot_navigation/lib/python3.10/site-packages'
[1.923s] Level 1:colcon.colcon_core.environment:checking '/home/r/ros2_ws/install/robot_navigation/bin'
[1.923s] INFO:colcon.colcon_core.shell:Creating package script '/home/r/ros2_ws/install/robot_navigation/share/robot_navigation/package.ps1'
[1.924s] INFO:colcon.colcon_core.shell:Creating package descriptor '/home/r/ros2_ws/install/robot_navigation/share/robot_navigation/package.dsv'
[1.924s] INFO:colcon.colcon_core.shell:Creating package script '/home/r/ros2_ws/install/robot_navigation/share/robot_navigation/package.sh'
[1.925s] INFO:colcon.colcon_core.shell:Creating package script '/home/r/ros2_ws/install/robot_navigation/share/robot_navigation/package.bash'
[1.925s] INFO:colcon.colcon_core.shell:Creating package script '/home/r/ros2_ws/install/robot_navigation/share/robot_navigation/package.zsh'
[1.925s] Level 1:colcon.colcon_core.environment:create_file_with_runtime_dependencies(/home/r/ros2_ws/install/robot_navigation/share/colcon-core/packages/robot_navigation)
[1.948s] DEBUG:colcon.colcon_core.event_handler.log_command:Invoking command in '/home/r/ros2_ws/build/robot_description': CMAKE_PREFIX_PATH=${CMAKE_PREFIX_PATH}:/opt/ros/humble /usr/bin/cmake --install /home/r/ros2_ws/build/robot_description
[1.976s] Level 1:colcon.colcon_core.environment:create_environment_scripts_only(robot_description)
[1.976s] Level 1:colcon.colcon_core.environment:checking '/home/r/ros2_ws/install/robot_description' for CMake module files
[1.977s] Level 1:colcon.colcon_core.environment:checking '/home/r/ros2_ws/install/robot_description' for CMake config files
[1.977s] Level 1:colcon.colcon_core.shell:create_environment_hook('robot_description', 'cmake_prefix_path')
[1.977s] INFO:colcon.colcon_core.shell:Creating environment hook '/home/r/ros2_ws/install/robot_description/share/robot_description/hook/cmake_prefix_path.ps1'
[1.978s] INFO:colcon.colcon_core.shell:Creating environment descriptor '/home/r/ros2_ws/install/robot_description/share/robot_description/hook/cmake_prefix_path.dsv'
[1.978s] DEBUG:colcon.colcon_core.event_handler.log_command:Invoked command in '/home/r/ros2_ws/build/robot_description' returned '0': CMAKE_PREFIX_PATH=${CMAKE_PREFIX_PATH}:/opt/ros/humble /usr/bin/cmake --install /home/r/ros2_ws/build/robot_description
[1.979s] INFO:colcon.colcon_core.shell:Creating environment hook '/home/r/ros2_ws/install/robot_description/share/robot_description/hook/cmake_prefix_path.sh'
[1.980s] Level 1:colcon.colcon_core.environment:checking '/home/r/ros2_ws/install/robot_description/bin'
[1.980s] Level 1:colcon.colcon_core.environment:checking '/home/r/ros2_ws/install/robot_description/lib/pkgconfig/robot_description.pc'
[1.980s] Level 1:colcon.colcon_core.environment:checking '/home/r/ros2_ws/install/robot_description/lib/python3.10/site-packages'
[1.980s] Level 1:colcon.colcon_core.environment:checking '/home/r/ros2_ws/install/robot_description/bin'
[1.981s] INFO:colcon.colcon_core.shell:Creating package script '/home/r/ros2_ws/install/robot_description/share/robot_description/package.ps1'
[1.981s] INFO:colcon.colcon_core.shell:Creating package descriptor '/home/r/ros2_ws/install/robot_description/share/robot_description/package.dsv'
[1.981s] INFO:colcon.colcon_core.shell:Creating package script '/home/r/ros2_ws/install/robot_description/share/robot_description/package.sh'
[1.982s] INFO:colcon.colcon_core.shell:Creating package script '/home/r/ros2_ws/install/robot_description/share/robot_description/package.bash'
[1.983s] INFO:colcon.colcon_core.shell:Creating package script '/home/r/ros2_ws/install/robot_description/share/robot_description/package.zsh'
[1.983s] Level 1:colcon.colcon_core.environment:create_file_with_runtime_dependencies(/home/r/ros2_ws/install/robot_description/share/colcon-core/packages/robot_description)
[2.016s] Level 1:colcon.colcon_core.environment:create_environment_scripts_only(robot_description)
[2.016s] Level 1:colcon.colcon_core.environment:checking '/home/r/ros2_ws/install/robot_description' for CMake module files
[2.017s] Level 1:colcon.colcon_core.environment:checking '/home/r/ros2_ws/install/robot_description' for CMake config files
[2.017s] Level 1:colcon.colcon_core.shell:create_environment_hook('robot_description', 'cmake_prefix_path')
[2.017s] INFO:colcon.colcon_core.shell:Creating environment hook '/home/r/ros2_ws/install/robot_description/share/robot_description/hook/cmake_prefix_path.ps1'
[2.018s] INFO:colcon.colcon_core.shell:Creating environment descriptor '/home/r/ros2_ws/install/robot_description/share/robot_description/hook/cmake_prefix_path.dsv'
[2.018s] INFO:colcon.colcon_core.shell:Creating environment hook '/home/r/ros2_ws/install/robot_description/share/robot_description/hook/cmake_prefix_path.sh'
[2.019s] Level 1:colcon.colcon_core.environment:checking '/home/r/ros2_ws/install/robot_description/bin'
[2.019s] Level 1:colcon.colcon_core.environment:checking '/home/r/ros2_ws/install/robot_description/lib/pkgconfig/robot_description.pc'
[2.019s] Level 1:colcon.colcon_core.environment:checking '/home/r/ros2_ws/install/robot_description/lib/python3.10/site-packages'
[2.019s] Level 1:colcon.colcon_core.environment:checking '/home/r/ros2_ws/install/robot_description/bin'
[2.019s] INFO:colcon.colcon_core.shell:Creating package script '/home/r/ros2_ws/install/robot_description/share/robot_description/package.ps1'
[2.020s] INFO:colcon.colcon_core.shell:Creating package descriptor '/home/r/ros2_ws/install/robot_description/share/robot_description/package.dsv'
[2.020s] INFO:colcon.colcon_core.shell:Creating package script '/home/r/ros2_ws/install/robot_description/share/robot_description/package.sh'
[2.021s] INFO:colcon.colcon_core.shell:Creating package script '/home/r/ros2_ws/install/robot_description/share/robot_description/package.bash'
[2.021s] INFO:colcon.colcon_core.shell:Creating package script '/home/r/ros2_ws/install/robot_description/share/robot_description/package.zsh'
[2.022s] Level 1:colcon.colcon_core.environment:create_file_with_runtime_dependencies(/home/r/ros2_ws/install/robot_description/share/colcon-core/packages/robot_description)
[2.023s] INFO:colcon.colcon_ros.task.ament_cmake.build:Building ROS package in '/home/r/ros2_ws/src/bringup' with build type 'ament_cmake'
[2.023s] INFO:colcon.colcon_cmake.task.cmake.build:Building CMake package in '/home/r/ros2_ws/src/bringup'
[2.023s] INFO:colcon.colcon_core.shell:Skip shell extension 'powershell' for command environment: Not usable outside of PowerShell
[2.024s] DEBUG:colcon.colcon_core.shell:Skip shell extension 'dsv' for command environment
[2.037s] DEBUG:colcon.colcon_core.event_handler.log_command:Invoking command in '/home/r/ros2_ws/build/bringup': AMENT_PREFIX_PATH=/home/r/ros2_ws/install/robot_description:${AMENT_PREFIX_PATH} CMAKE_PREFIX_PATH=/home/r/ros2_ws/install/robot_description:/home/r/lidar_ws/install/sllidar_ros2:/opt/ros/humble /usr/bin/cmake /home/r/ros2_ws/src/bringup -DCMAKE_INSTALL_PREFIX=/home/r/ros2_ws/install/bringup
[2.685s] DEBUG:colcon.colcon_core.event_handler.log_command:Invoked command in '/home/r/ros2_ws/build/bringup' returned '0': AMENT_PREFIX_PATH=/home/r/ros2_ws/install/robot_description:${AMENT_PREFIX_PATH} CMAKE_PREFIX_PATH=/home/r/ros2_ws/install/robot_description:/home/r/lidar_ws/install/sllidar_ros2:/opt/ros/humble /usr/bin/cmake /home/r/ros2_ws/src/bringup -DCMAKE_INSTALL_PREFIX=/home/r/ros2_ws/install/bringup
[2.685s] DEBUG:colcon.colcon_core.event_handler.log_command:Invoking command in '/home/r/ros2_ws/build/bringup': AMENT_PREFIX_PATH=/home/r/ros2_ws/install/robot_description:${AMENT_PREFIX_PATH} CMAKE_PREFIX_PATH=/home/r/ros2_ws/install/robot_description:/home/r/lidar_ws/install/sllidar_ros2:/opt/ros/humble /usr/bin/cmake --build /home/r/ros2_ws/build/bringup -- -j2 -l2
[2.724s] DEBUG:colcon.colcon_core.event_handler.log_command:Invoked command in '/home/r/ros2_ws/build/bringup' returned '0': AMENT_PREFIX_PATH=/home/r/ros2_ws/install/robot_description:${AMENT_PREFIX_PATH} CMAKE_PREFIX_PATH=/home/r/ros2_ws/install/robot_description:/home/r/lidar_ws/install/sllidar_ros2:/opt/ros/humble /usr/bin/cmake --build /home/r/ros2_ws/build/bringup -- -j2 -l2
[2.755s] DEBUG:colcon.colcon_core.event_handler.log_command:Invoking command in '/home/r/ros2_ws/build/bringup': AMENT_PREFIX_PATH=/home/r/ros2_ws/install/robot_description:${AMENT_PREFIX_PATH} CMAKE_PREFIX_PATH=/home/r/ros2_ws/install/robot_description:/home/r/lidar_ws/install/sllidar_ros2:/opt/ros/humble /usr/bin/cmake --install /home/r/ros2_ws/build/bringup
[2.773s] Level 1:colcon.colcon_core.environment:create_environment_scripts_only(bringup)
[2.773s] Level 1:colcon.colcon_core.environment:checking '/home/r/ros2_ws/install/bringup' for CMake module files
[2.774s] DEBUG:colcon.colcon_core.event_handler.log_command:Invoked command in '/home/r/ros2_ws/build/bringup' returned '0': AMENT_PREFIX_PATH=/home/r/ros2_ws/install/robot_description:${AMENT_PREFIX_PATH} CMAKE_PREFIX_PATH=/home/r/ros2_ws/install/robot_description:/home/r/lidar_ws/install/sllidar_ros2:/opt/ros/humble /usr/bin/cmake --install /home/r/ros2_ws/build/bringup
[2.774s] Level 1:colcon.colcon_core.environment:checking '/home/r/ros2_ws/install/bringup' for CMake config files
[2.774s] Level 1:colcon.colcon_core.shell:create_environment_hook('bringup', 'cmake_prefix_path')
[2.774s] INFO:colcon.colcon_core.shell:Creating environment hook '/home/r/ros2_ws/install/bringup/share/bringup/hook/cmake_prefix_path.ps1'
[2.775s] INFO:colcon.colcon_core.shell:Creating environment descriptor '/home/r/ros2_ws/install/bringup/share/bringup/hook/cmake_prefix_path.dsv'
[2.775s] INFO:colcon.colcon_core.shell:Creating environment hook '/home/r/ros2_ws/install/bringup/share/bringup/hook/cmake_prefix_path.sh'
[2.775s] Level 1:colcon.colcon_core.environment:checking '/home/r/ros2_ws/install/bringup/bin'
[2.776s] Level 1:colcon.colcon_core.environment:checking '/home/r/ros2_ws/install/bringup/lib/pkgconfig/bringup.pc'
[2.776s] Level 1:colcon.colcon_core.environment:checking '/home/r/ros2_ws/install/bringup/lib/python3.10/site-packages'
[2.776s] Level 1:colcon.colcon_core.environment:checking '/home/r/ros2_ws/install/bringup/bin'
[2.776s] INFO:colcon.colcon_core.shell:Creating package script '/home/r/ros2_ws/install/bringup/share/bringup/package.ps1'
[2.777s] INFO:colcon.colcon_core.shell:Creating package descriptor '/home/r/ros2_ws/install/bringup/share/bringup/package.dsv'
[2.777s] INFO:colcon.colcon_core.shell:Creating package script '/home/r/ros2_ws/install/bringup/share/bringup/package.sh'
[2.777s] INFO:colcon.colcon_core.shell:Creating package script '/home/r/ros2_ws/install/bringup/share/bringup/package.bash'
[2.778s] INFO:colcon.colcon_core.shell:Creating package script '/home/r/ros2_ws/install/bringup/share/bringup/package.zsh'
[2.778s] Level 1:colcon.colcon_core.environment:create_file_with_runtime_dependencies(/home/r/ros2_ws/install/bringup/share/colcon-core/packages/bringup)
[2.816s] Level 1:colcon.colcon_core.environment:create_environment_scripts_only(bringup)
[2.817s] Level 1:colcon.colcon_core.environment:checking '/home/r/ros2_ws/install/bringup' for CMake module files
[2.817s] Level 1:colcon.colcon_core.environment:checking '/home/r/ros2_ws/install/bringup' for CMake config files
[2.817s] Level 1:colcon.colcon_core.shell:create_environment_hook('bringup', 'cmake_prefix_path')
[2.817s] INFO:colcon.colcon_core.shell:Creating environment hook '/home/r/ros2_ws/install/bringup/share/bringup/hook/cmake_prefix_path.ps1'
[2.818s] INFO:colcon.colcon_core.shell:Creating environment descriptor '/home/r/ros2_ws/install/bringup/share/bringup/hook/cmake_prefix_path.dsv'
[2.819s] INFO:colcon.colcon_core.shell:Creating environment hook '/home/r/ros2_ws/install/bringup/share/bringup/hook/cmake_prefix_path.sh'
[2.819s] Level 1:colcon.colcon_core.environment:checking '/home/r/ros2_ws/install/bringup/bin'
[2.819s] Level 1:colcon.colcon_core.environment:checking '/home/r/ros2_ws/install/bringup/lib/pkgconfig/bringup.pc'
[2.819s] Level 1:colcon.colcon_core.environment:checking '/home/r/ros2_ws/install/bringup/lib/python3.10/site-packages'
[2.820s] Level 1:colcon.colcon_core.environment:checking '/home/r/ros2_ws/install/bringup/bin'
[2.820s] INFO:colcon.colcon_core.shell:Creating package script '/home/r/ros2_ws/install/bringup/share/bringup/package.ps1'
[2.820s] INFO:colcon.colcon_core.shell:Creating package descriptor '/home/r/ros2_ws/install/bringup/share/bringup/package.dsv'
[2.821s] INFO:colcon.colcon_core.shell:Creating package script '/home/r/ros2_ws/install/bringup/share/bringup/package.sh'
[2.821s] INFO:colcon.colcon_core.shell:Creating package script '/home/r/ros2_ws/install/bringup/share/bringup/package.bash'
[2.822s] INFO:colcon.colcon_core.shell:Creating package script '/home/r/ros2_ws/install/bringup/share/bringup/package.zsh'
[2.822s] Level 1:colcon.colcon_core.environment:create_file_with_runtime_dependencies(/home/r/ros2_ws/install/bringup/share/colcon-core/packages/bringup)
[2.823s] DEBUG:colcon.colcon_parallel_executor.executor.parallel:closing loop
[2.823s] DEBUG:colcon.colcon_parallel_executor.executor.parallel:loop closed
[2.823s] DEBUG:colcon.colcon_parallel_executor.executor.parallel:run_until_complete finished with '0'
[2.823s] DEBUG:colcon.colcon_core.event_reactor:joining thread
[2.832s] INFO:colcon.colcon_core.plugin_system:Skipping extension 'colcon_notification.desktop_notification.terminal_notifier': Not used on non-Darwin systems
[2.832s] INFO:colcon.colcon_core.plugin_system:Skipping extension 'colcon_notification.desktop_notification.win32': Not used on non-Windows systems
[2.832s] INFO:colcon.colcon_notification.desktop_notification:Sending desktop notification using 'notify2'
[2.855s] DEBUG:colcon.colcon_core.event_reactor:joined thread
[2.855s] INFO:colcon.colcon_core.shell:Creating prefix script '/home/r/ros2_ws/install/local_setup.ps1'
[2.856s] INFO:colcon.colcon_core.shell:Creating prefix util module '/home/r/ros2_ws/install/_local_setup_util_ps1.py'
[2.858s] INFO:colcon.colcon_core.shell:Creating prefix chain script '/home/r/ros2_ws/install/setup.ps1'
[2.859s] INFO:colcon.colcon_core.shell:Creating prefix script '/home/r/ros2_ws/install/local_setup.sh'
[2.860s] INFO:colcon.colcon_core.shell:Creating prefix util module '/home/r/ros2_ws/install/_local_setup_util_sh.py'
[2.860s] INFO:colcon.colcon_core.shell:Creating prefix chain script '/home/r/ros2_ws/install/setup.sh'
[2.861s] INFO:colcon.colcon_core.shell:Creating prefix script '/home/r/ros2_ws/install/local_setup.bash'
[2.862s] INFO:colcon.colcon_core.shell:Creating prefix chain script '/home/r/ros2_ws/install/setup.bash'
[2.862s] INFO:colcon.colcon_core.shell:Creating prefix script '/home/r/ros2_ws/install/local_setup.zsh'
[2.863s] INFO:colcon.colcon_core.shell:Creating prefix chain script '/home/r/ros2_ws/install/setup.zsh'
