[0.021s] Invoking command in '/home/r/ros2_ws/build/robot_navigation': CMAKE_PREFIX_PATH=${CMAKE_PREFIX_PATH}:/opt/ros/humble /usr/bin/cmake /home/r/ros2_ws/src/robot_navigation -DCMAKE_INSTALL_PREFIX=/home/r/ros2_ws/install/robot_navigation
[0.666s] -- The C compiler identification is GNU 11.4.0
[1.912s] -- The CXX compiler identification is GNU 11.4.0
[1.970s] -- Detecting C compiler ABI info
[2.726s] -- Detecting C compiler ABI info - done
[2.736s] -- Check for working C compiler: /usr/bin/cc - skipped
[2.741s] -- Detecting C compile features
[2.744s] -- Detecting C compile features - done
[2.754s] -- Detecting CXX compiler ABI info
[3.149s] -- Detecting CXX compiler ABI info - done
[3.152s] -- Check for working CXX compiler: /usr/bin/c++ - skipped
[3.153s] -- Detecting CXX compile features
[3.153s] -- Detecting CXX compile features - done
[3.184s] -- Found ament_cmake: 1.3.10 (/opt/ros/humble/share/ament_cmake/cmake)
[3.459s] -- Found Python3: /usr/bin/python3 (found version "3.10.12") found components: Interpreter 
[3.693s] -- Found ament_lint_auto: 0.12.11 (/opt/ros/humble/share/ament_lint_auto/cmake)
[3.813s] -- Added test 'flake8' to check Python code syntax and style conventions
[3.814s] -- Added test 'lint_cmake' to check CMake code style
[3.815s] -- Added test 'pep257' to check Python code against some of the docstring style conventions in PEP 257
[3.818s] -- Added test 'xmllint' to check XML markup files
[3.826s] -- Configuring done
[3.836s] -- Generating done
[3.838s] -- Build files have been written to: /home/r/ros2_ws/build/robot_navigation
[3.855s] Invoked command in '/home/r/ros2_ws/build/robot_navigation' returned '0': CMAKE_PREFIX_PATH=${CMAKE_PREFIX_PATH}:/opt/ros/humble /usr/bin/cmake /home/r/ros2_ws/src/robot_navigation -DCMAKE_INSTALL_PREFIX=/home/r/ros2_ws/install/robot_navigation
[3.858s] Invoking command in '/home/r/ros2_ws/build/robot_navigation': CMAKE_PREFIX_PATH=${CMAKE_PREFIX_PATH}:/opt/ros/humble /usr/bin/cmake --build /home/r/ros2_ws/build/robot_navigation -- -j2 -l2
[3.900s] Invoked command in '/home/r/ros2_ws/build/robot_navigation' returned '0': CMAKE_PREFIX_PATH=${CMAKE_PREFIX_PATH}:/opt/ros/humble /usr/bin/cmake --build /home/r/ros2_ws/build/robot_navigation -- -j2 -l2
[3.963s] Invoking command in '/home/r/ros2_ws/build/robot_navigation': CMAKE_PREFIX_PATH=${CMAKE_PREFIX_PATH}:/opt/ros/humble /usr/bin/cmake --install /home/r/ros2_ws/build/robot_navigation
[3.979s] -- Install configuration: ""
[3.981s] -- Installing: /home/r/ros2_ws/install/robot_navigation/share/robot_navigation/launch
[3.983s] -- Installing: /home/r/ros2_ws/install/robot_navigation/share/robot_navigation/launch/nav2.launch.py
[3.983s] -- Installing: /home/r/ros2_ws/install/robot_navigation/share/robot_navigation/launch/.vscode
[3.984s] -- Installing: /home/r/ros2_ws/install/robot_navigation/share/robot_navigation/launch/.vscode/settings.json
[3.986s] -- Installing: /home/r/ros2_ws/install/robot_navigation/share/robot_navigation/launch/.vscode/c_cpp_properties.json
[3.989s] -- Installing: /home/r/ros2_ws/install/robot_navigation/share/robot_navigation/map
[3.990s] -- Installing: /home/r/ros2_ws/install/robot_navigation/share/robot_navigation/map/map.yaml
[3.991s] -- Installing: /home/r/ros2_ws/install/robot_navigation/share/robot_navigation/map/map.pgm
[3.992s] -- Installing: /home/r/ros2_ws/install/robot_navigation/share/robot_navigation/param
[3.992s] -- Installing: /home/r/ros2_ws/install/robot_navigation/share/robot_navigation/param/robot.yaml
[3.993s] -- Installing: /home/r/ros2_ws/install/robot_navigation/share/robot_navigation/rviz
[3.994s] -- Installing: /home/r/ros2_ws/install/robot_navigation/share/robot_navigation/rviz/nav2.rviz
[3.997s] -- Installing: /home/r/ros2_ws/install/robot_navigation/share/ament_index/resource_index/package_run_dependencies/robot_navigation
[3.997s] -- Installing: /home/r/ros2_ws/install/robot_navigation/share/ament_index/resource_index/parent_prefix_path/robot_navigation
[3.998s] -- Installing: /home/r/ros2_ws/install/robot_navigation/share/robot_navigation/environment/ament_prefix_path.sh
[4.000s] -- Installing: /home/r/ros2_ws/install/robot_navigation/share/robot_navigation/environment/ament_prefix_path.dsv
[4.001s] -- Installing: /home/r/ros2_ws/install/robot_navigation/share/robot_navigation/environment/path.sh
[4.001s] -- Installing: /home/r/ros2_ws/install/robot_navigation/share/robot_navigation/environment/path.dsv
[4.002s] -- Installing: /home/r/ros2_ws/install/robot_navigation/share/robot_navigation/local_setup.bash
[4.002s] -- Installing: /home/r/ros2_ws/install/robot_navigation/share/robot_navigation/local_setup.sh
[4.004s] -- Installing: /home/r/ros2_ws/install/robot_navigation/share/robot_navigation/local_setup.zsh
[4.005s] -- Installing: /home/r/ros2_ws/install/robot_navigation/share/robot_navigation/local_setup.dsv
[4.005s] -- Installing: /home/r/ros2_ws/install/robot_navigation/share/robot_navigation/package.dsv
[4.006s] -- Installing: /home/r/ros2_ws/install/robot_navigation/share/ament_index/resource_index/packages/robot_navigation
[4.006s] -- Installing: /home/r/ros2_ws/install/robot_navigation/share/robot_navigation/cmake/robot_navigationConfig.cmake
[4.007s] -- Installing: /home/r/ros2_ws/install/robot_navigation/share/robot_navigation/cmake/robot_navigationConfig-version.cmake
[4.010s] -- Installing: /home/r/ros2_ws/install/robot_navigation/share/robot_navigation/package.xml
[4.138s] Invoked command in '/home/r/ros2_ws/build/robot_navigation' returned '0': CMAKE_PREFIX_PATH=${CMAKE_PREFIX_PATH}:/opt/ros/humble /usr/bin/cmake --install /home/r/ros2_ws/build/robot_navigation
