[0.241s] Invoking command in '/home/hi/ros2_ws/build/robot_navigation': CMAKE_PREFIX_PATH=${CMAKE_PREFIX_PATH}:/opt/ros/humble /usr/bin/cmake --build /home/hi/ros2_ws/build/robot_navigation -- -j4 -l4
[0.808s] Invoked command in '/home/hi/ros2_ws/build/robot_navigation' returned '0': CMAKE_PREFIX_PATH=${CMAKE_PREFIX_PATH}:/opt/ros/humble /usr/bin/cmake --build /home/hi/ros2_ws/build/robot_navigation -- -j4 -l4
[1.291s] Invoking command in '/home/hi/ros2_ws/build/robot_navigation': CMAKE_PREFIX_PATH=${CMAKE_PREFIX_PATH}:/opt/ros/humble /usr/bin/cmake --install /home/hi/ros2_ws/build/robot_navigation
[1.476s] -- Install configuration: ""
[1.477s] -- Up-to-date: /home/hi/ros2_ws/install/robot_navigation/share/robot_navigation/launch
[1.479s] -- Up-to-date: /home/hi/ros2_ws/install/robot_navigation/share/robot_navigation/launch/.vscode
[1.480s] -- Up-to-date: /home/hi/ros2_ws/install/robot_navigation/share/robot_navigation/launch/.vscode/settings.json
[1.505s] -- Up-to-date: /home/hi/ros2_ws/install/robot_navigation/share/robot_navigation/launch/.vscode/c_cpp_properties.json
[1.506s] -- Up-to-date: /home/hi/ros2_ws/install/robot_navigation/share/robot_navigation/launch/nav2.launch.py
[1.507s] -- Up-to-date: /home/hi/ros2_ws/install/robot_navigation/share/robot_navigation/map
[1.508s] -- Up-to-date: /home/hi/ros2_ws/install/robot_navigation/share/robot_navigation/map/map.yaml
[1.510s] -- Up-to-date: /home/hi/ros2_ws/install/robot_navigation/share/robot_navigation/map/map5.pgm
[1.545s] -- Up-to-date: /home/hi/ros2_ws/install/robot_navigation/share/robot_navigation/map/map.pgm
[1.547s] -- Up-to-date: /home/hi/ros2_ws/install/robot_navigation/share/robot_navigation/param
[1.563s] -- Up-to-date: /home/hi/ros2_ws/install/robot_navigation/share/robot_navigation/param/robot.yaml
[1.572s] -- Up-to-date: /home/hi/ros2_ws/install/robot_navigation/share/robot_navigation/rviz
[1.575s] -- Up-to-date: /home/hi/ros2_ws/install/robot_navigation/share/robot_navigation/rviz/nav2.rviz
[1.582s] -- Up-to-date: /home/hi/ros2_ws/install/robot_navigation/share/ament_index/resource_index/package_run_dependencies/robot_navigation
[1.583s] -- Up-to-date: /home/hi/ros2_ws/install/robot_navigation/share/ament_index/resource_index/parent_prefix_path/robot_navigation
[1.585s] -- Up-to-date: /home/hi/ros2_ws/install/robot_navigation/share/robot_navigation/environment/ament_prefix_path.sh
[1.589s] -- Up-to-date: /home/hi/ros2_ws/install/robot_navigation/share/robot_navigation/environment/ament_prefix_path.dsv
[1.591s] -- Up-to-date: /home/hi/ros2_ws/install/robot_navigation/share/robot_navigation/environment/path.sh
[1.602s] -- Up-to-date: /home/hi/ros2_ws/install/robot_navigation/share/robot_navigation/environment/path.dsv
[1.603s] -- Up-to-date: /home/hi/ros2_ws/install/robot_navigation/share/robot_navigation/local_setup.bash
[1.604s] -- Up-to-date: /home/hi/ros2_ws/install/robot_navigation/share/robot_navigation/local_setup.sh
[1.605s] -- Up-to-date: /home/hi/ros2_ws/install/robot_navigation/share/robot_navigation/local_setup.zsh
[1.606s] -- Up-to-date: /home/hi/ros2_ws/install/robot_navigation/share/robot_navigation/local_setup.dsv
[1.607s] -- Installing: /home/hi/ros2_ws/install/robot_navigation/share/robot_navigation/package.dsv
[1.608s] -- Up-to-date: /home/hi/ros2_ws/install/robot_navigation/share/ament_index/resource_index/packages/robot_navigation
[1.609s] -- Up-to-date: /home/hi/ros2_ws/install/robot_navigation/share/robot_navigation/cmake/robot_navigationConfig.cmake
[1.610s] -- Up-to-date: /home/hi/ros2_ws/install/robot_navigation/share/robot_navigation/cmake/robot_navigationConfig-version.cmake
[1.617s] -- Up-to-date: /home/hi/ros2_ws/install/robot_navigation/share/robot_navigation/package.xml
[1.619s] Invoked command in '/home/hi/ros2_ws/build/robot_navigation' returned '0': CMAKE_PREFIX_PATH=${CMAKE_PREFIX_PATH}:/opt/ros/humble /usr/bin/cmake --install /home/hi/ros2_ws/build/robot_navigation
