-- Install configuration: ""
-- Up-to-date: /home/hi/ros2_ws/install/bringup/share/bringup/launch
-- Up-to-date: /home/hi/ros2_ws/install/bringup/share/bringup/launch/robot.launch.py
-- Up-to-date: /home/hi/ros2_ws/install/bringup/share/bringup/launch/robot_localization.launch.py
-- Up-to-date: /home/hi/ros2_ws/install/bringup/share/bringup/launch/rviz.launch.py
-- Up-to-date: /home/hi/ros2_ws/install/bringup/share/bringup/launch/robot_state_publisher.launch.py
-- Up-to-date: /home/hi/ros2_ws/install/bringup/share/ament_index/resource_index/package_run_dependencies/bringup
-- Up-to-date: /home/hi/ros2_ws/install/bringup/share/ament_index/resource_index/parent_prefix_path/bringup
-- Up-to-date: /home/hi/ros2_ws/install/bringup/share/bringup/environment/ament_prefix_path.sh
-- Up-to-date: /home/hi/ros2_ws/install/bringup/share/bringup/environment/ament_prefix_path.dsv
-- Up-to-date: /home/hi/ros2_ws/install/bringup/share/bringup/environment/path.sh
-- Up-to-date: /home/hi/ros2_ws/install/bringup/share/bringup/environment/path.dsv
-- Up-to-date: /home/hi/ros2_ws/install/bringup/share/bringup/local_setup.bash
-- Up-to-date: /home/hi/ros2_ws/install/bringup/share/bringup/local_setup.sh
-- Up-to-date: /home/hi/ros2_ws/install/bringup/share/bringup/local_setup.zsh
-- Up-to-date: /home/hi/ros2_ws/install/bringup/share/bringup/local_setup.dsv
-- Installing: /home/hi/ros2_ws/install/bringup/share/bringup/package.dsv
-- Up-to-date: /home/hi/ros2_ws/install/bringup/share/ament_index/resource_index/packages/bringup
-- Up-to-date: /home/hi/ros2_ws/install/bringup/share/bringup/cmake/bringupConfig.cmake
-- Up-to-date: /home/hi/ros2_ws/install/bringup/share/bringup/cmake/bringupConfig-version.cmake
-- Up-to-date: /home/hi/ros2_ws/install/bringup/share/bringup/package.xml
