-- Found ament_cmake: 1.3.10 (/opt/ros/humble/share/ament_cmake/cmake)
-- Found rclcpp: 16.0.10 (/opt/ros/humble/share/rclcpp/cmake)
-- Found rosidl_generator_c: 3.1.5 (/opt/ros/humble/share/rosidl_generator_c/cmake)
-- Found rosidl_adapter: 3.1.5 (/opt/ros/humble/share/rosidl_adapter/cmake)
-- Found rosidl_generator_cpp: 3.1.5 (/opt/ros/humble/share/rosidl_generator_cpp/cmake)
-- Using all available rosidl_typesupport_c: rosidl_typesupport_fastrtps_c;rosidl_typesupport_introspection_c
-- Using all available rosidl_typesupport_cpp: rosidl_typesupport_fastrtps_cpp;rosidl_typesupport_introspection_cpp
-- Found rmw_implementation_cmake: 6.1.2 (/opt/ros/humble/share/rmw_implementation_cmake/cmake)
-- Found rmw_fastrtps_cpp: 6.2.7 (/opt/ros/humble/share/rmw_fastrtps_cpp/cmake)
-- Using RMW implementation 'rmw_fastrtps_cpp' as default
-- Found sensor_msgs: 4.2.4 (/opt/ros/humble/share/sensor_msgs/cmake)
-- Found ament_lint_auto: 0.12.11 (/opt/ros/humble/share/ament_lint_auto/cmake)
-- Added test 'copyright' to check source files copyright and LICENSE
-- Added test 'cppcheck' to perform static code analysis on C / C++ code
-- Configured cppcheck include dirs: /home/r/ros2_ws/src/robot_node1/include
-- Configured cppcheck exclude dirs and/or files: 
-- Added test 'flake8' to check Python code syntax and style conventions
-- Added test 'lint_cmake' to check CMake code style
-- Added test 'pep257' to check Python code against some of the docstring style conventions in PEP 257
-- Added test 'uncrustify' to check C / C++ code style
-- Configured uncrustify additional arguments: 
-- Added test 'xmllint' to check XML markup files
-- Configuring done
-- Generating done
-- Build files have been written to: /home/r/ros2_ws/build/robot_node1
[35m[1mConsolidate compiler generated dependencies of target imu_node[0m
[ 33%] [32mBuilding CXX object CMakeFiles/imu_node.dir/src/mpu6500.cpp.o[0m
[ 66%] [32mBuilding CXX object CMakeFiles/imu_node.dir/src/imu_node.cpp.o[0m
[100%] [32m[1mLinking CXX executable imu_node[0m
[100%] Built target imu_node
-- Install configuration: ""
-- Installing: /home/r/ros2_ws/install/robot_node1/lib/robot_node1/imu_node
-- Set runtime path of "/home/r/ros2_ws/install/robot_node1/lib/robot_node1/imu_node" to ""
-- Up-to-date: /home/r/ros2_ws/install/robot_node1/share/ament_index/resource_index/package_run_dependencies/robot_node1
-- Up-to-date: /home/r/ros2_ws/install/robot_node1/share/ament_index/resource_index/parent_prefix_path/robot_node1
-- Installing: /home/r/ros2_ws/install/robot_node1/share/robot_node1/environment/ament_prefix_path.sh
-- Installing: /home/r/ros2_ws/install/robot_node1/share/robot_node1/environment/ament_prefix_path.dsv
-- Installing: /home/r/ros2_ws/install/robot_node1/share/robot_node1/environment/path.sh
-- Installing: /home/r/ros2_ws/install/robot_node1/share/robot_node1/environment/path.dsv
-- Up-to-date: /home/r/ros2_ws/install/robot_node1/share/robot_node1/local_setup.bash
-- Up-to-date: /home/r/ros2_ws/install/robot_node1/share/robot_node1/local_setup.sh
-- Up-to-date: /home/r/ros2_ws/install/robot_node1/share/robot_node1/local_setup.zsh
-- Installing: /home/r/ros2_ws/install/robot_node1/share/robot_node1/local_setup.dsv
-- Installing: /home/r/ros2_ws/install/robot_node1/share/robot_node1/package.dsv
-- Up-to-date: /home/r/ros2_ws/install/robot_node1/share/ament_index/resource_index/packages/robot_node1
-- Up-to-date: /home/r/ros2_ws/install/robot_node1/share/robot_node1/cmake/robot_node1Config.cmake
-- Up-to-date: /home/r/ros2_ws/install/robot_node1/share/robot_node1/cmake/robot_node1Config-version.cmake
-- Installing: /home/r/ros2_ws/install/robot_node1/share/robot_node1/package.xml
