[0.037s] Invoking command in '/home/r/ros2_ws/build/robot_node1': CMAKE_PREFIX_PATH=${CMAKE_PREFIX_PATH}:/opt/ros/humble /usr/bin/cmake --build /home/r/ros2_ws/build/robot_node1 -- -j2 -l2
[0.150s] -- Found ament_cmake: 1.3.10 (/opt/ros/humble/share/ament_cmake/cmake)
[0.400s] -- Found rclcpp: 16.0.10 (/opt/ros/humble/share/rclcpp/cmake)
[0.499s] -- Found rosidl_generator_c: 3.1.5 (/opt/ros/humble/share/rosidl_generator_c/cmake)
[0.507s] -- Found rosidl_adapter: 3.1.5 (/opt/ros/humble/share/rosidl_adapter/cmake)
[0.523s] -- Found rosidl_generator_cpp: 3.1.5 (/opt/ros/humble/share/rosidl_generator_cpp/cmake)
[0.548s] -- Using all available rosidl_typesupport_c: rosidl_typesupport_fastrtps_c;rosidl_typesupport_introspection_c
[0.595s] -- Using all available rosidl_typesupport_cpp: rosidl_typesupport_fastrtps_cpp;rosidl_typesupport_introspection_cpp
[0.683s] -- Found rmw_implementation_cmake: 6.1.2 (/opt/ros/humble/share/rmw_implementation_cmake/cmake)
[0.689s] -- Found rmw_fastrtps_cpp: 6.2.7 (/opt/ros/humble/share/rmw_fastrtps_cpp/cmake)
[0.848s] -- Using RMW implementation 'rmw_fastrtps_cpp' as default
[0.946s] -- Found sensor_msgs: 4.2.4 (/opt/ros/humble/share/sensor_msgs/cmake)
[1.009s] -- Found ament_lint_auto: 0.12.11 (/opt/ros/humble/share/ament_lint_auto/cmake)
[1.083s] -- Added test 'copyright' to check source files copyright and LICENSE
[1.084s] -- Added test 'cppcheck' to perform static code analysis on C / C++ code
[1.084s] -- Configured cppcheck include dirs: /home/r/ros2_ws/src/robot_node1/include
[1.084s] -- Configured cppcheck exclude dirs and/or files: 
[1.084s] -- Added test 'flake8' to check Python code syntax and style conventions
[1.085s] -- Added test 'lint_cmake' to check CMake code style
[1.085s] -- Added test 'pep257' to check Python code against some of the docstring style conventions in PEP 257
[1.088s] -- Added test 'uncrustify' to check C / C++ code style
[1.088s] -- Configured uncrustify additional arguments: 
[1.088s] -- Added test 'xmllint' to check XML markup files
[1.088s] -- Configuring done
[1.099s] -- Generating done
[1.101s] -- Build files have been written to: /home/r/ros2_ws/build/robot_node1
[1.128s] [35m[1mConsolidate compiler generated dependencies of target imu_node[0m
[1.162s] [ 33%] [32mBuilding CXX object CMakeFiles/imu_node.dir/src/mpu6500.cpp.o[0m
[1.164s] [ 66%] [32mBuilding CXX object CMakeFiles/imu_node.dir/src/imu_node.cpp.o[0m
[8.633s] [100%] [32m[1mLinking CXX executable imu_node[0m
[8.955s] [100%] Built target imu_node
[9.038s] Invoked command in '/home/r/ros2_ws/build/robot_node1' returned '0': CMAKE_PREFIX_PATH=${CMAKE_PREFIX_PATH}:/opt/ros/humble /usr/bin/cmake --build /home/r/ros2_ws/build/robot_node1 -- -j2 -l2
[9.154s] Invoking command in '/home/r/ros2_ws/build/robot_node1': CMAKE_PREFIX_PATH=${CMAKE_PREFIX_PATH}:/opt/ros/humble /usr/bin/cmake --install /home/r/ros2_ws/build/robot_node1
[9.164s] -- Install configuration: ""
[9.168s] -- Installing: /home/r/ros2_ws/install/robot_node1/lib/robot_node1/imu_node
[9.169s] -- Set runtime path of "/home/r/ros2_ws/install/robot_node1/lib/robot_node1/imu_node" to ""
[9.171s] -- Up-to-date: /home/r/ros2_ws/install/robot_node1/share/ament_index/resource_index/package_run_dependencies/robot_node1
[9.173s] -- Up-to-date: /home/r/ros2_ws/install/robot_node1/share/ament_index/resource_index/parent_prefix_path/robot_node1
[9.177s] -- Installing: /home/r/ros2_ws/install/robot_node1/share/robot_node1/environment/ament_prefix_path.sh
[9.178s] -- Installing: /home/r/ros2_ws/install/robot_node1/share/robot_node1/environment/ament_prefix_path.dsv
[9.178s] -- Installing: /home/r/ros2_ws/install/robot_node1/share/robot_node1/environment/path.sh
[9.179s] -- Installing: /home/r/ros2_ws/install/robot_node1/share/robot_node1/environment/path.dsv
[9.180s] -- Up-to-date: /home/r/ros2_ws/install/robot_node1/share/robot_node1/local_setup.bash
[9.180s] -- Up-to-date: /home/r/ros2_ws/install/robot_node1/share/robot_node1/local_setup.sh
[9.181s] -- Up-to-date: /home/r/ros2_ws/install/robot_node1/share/robot_node1/local_setup.zsh
[9.181s] -- Installing: /home/r/ros2_ws/install/robot_node1/share/robot_node1/local_setup.dsv
[9.182s] -- Installing: /home/r/ros2_ws/install/robot_node1/share/robot_node1/package.dsv
[9.184s] -- Up-to-date: /home/r/ros2_ws/install/robot_node1/share/ament_index/resource_index/packages/robot_node1
[9.184s] -- Up-to-date: /home/r/ros2_ws/install/robot_node1/share/robot_node1/cmake/robot_node1Config.cmake
[9.184s] -- Up-to-date: /home/r/ros2_ws/install/robot_node1/share/robot_node1/cmake/robot_node1Config-version.cmake
[9.184s] -- Installing: /home/r/ros2_ws/install/robot_node1/share/robot_node1/package.xml
[9.189s] Invoked command in '/home/r/ros2_ws/build/robot_node1' returned '0': CMAKE_PREFIX_PATH=${CMAKE_PREFIX_PATH}:/opt/ros/humble /usr/bin/cmake --install /home/r/ros2_ws/build/robot_node1
