[0.139s] Invoking command in '/home/hi/ros2_ws/build/robot_description': CMAKE_PREFIX_PATH=${CMAKE_PREFIX_PATH}:/opt/ros/humble /usr/bin/cmake --build /home/hi/ros2_ws/build/robot_description -- -j4 -l4
[0.394s] Invoked command in '/home/hi/ros2_ws/build/robot_description' returned '0': CMAKE_PREFIX_PATH=${CMAKE_PREFIX_PATH}:/opt/ros/humble /usr/bin/cmake --build /home/hi/ros2_ws/build/robot_description -- -j4 -l4
[0.594s] Invoking command in '/home/hi/ros2_ws/build/robot_description': CMAKE_PREFIX_PATH=${CMAKE_PREFIX_PATH}:/opt/ros/humble /usr/bin/cmake --install /home/hi/ros2_ws/build/robot_description
[0.626s] -- Install configuration: ""
[0.629s] -- Up-to-date: /home/hi/ros2_ws/install/robot_description/share/robot_description/rviz
[0.632s] -- Up-to-date: /home/hi/ros2_ws/install/robot_description/share/robot_description/rviz/show_robot.rviz
[0.633s] -- Up-to-date: /home/hi/ros2_ws/install/robot_description/share/robot_description/urdf
[0.635s] -- Up-to-date: /home/hi/ros2_ws/install/robot_description/share/robot_description/urdf/robot.urdf
[0.636s] -- Up-to-date: /home/hi/ros2_ws/install/robot_description/share/ament_index/resource_index/package_run_dependencies/robot_description
[0.640s] -- Up-to-date: /home/hi/ros2_ws/install/robot_description/share/ament_index/resource_index/parent_prefix_path/robot_description
[0.641s] -- Up-to-date: /home/hi/ros2_ws/install/robot_description/share/robot_description/environment/ament_prefix_path.sh
[0.643s] -- Up-to-date: /home/hi/ros2_ws/install/robot_description/share/robot_description/environment/ament_prefix_path.dsv
[0.643s] -- Up-to-date: /home/hi/ros2_ws/install/robot_description/share/robot_description/environment/path.sh
[0.645s] -- Up-to-date: /home/hi/ros2_ws/install/robot_description/share/robot_description/environment/path.dsv
[0.646s] -- Up-to-date: /home/hi/ros2_ws/install/robot_description/share/robot_description/local_setup.bash
[0.647s] -- Up-to-date: /home/hi/ros2_ws/install/robot_description/share/robot_description/local_setup.sh
[0.648s] -- Up-to-date: /home/hi/ros2_ws/install/robot_description/share/robot_description/local_setup.zsh
[0.650s] -- Up-to-date: /home/hi/ros2_ws/install/robot_description/share/robot_description/local_setup.dsv
[0.651s] -- Installing: /home/hi/ros2_ws/install/robot_description/share/robot_description/package.dsv
[0.652s] -- Up-to-date: /home/hi/ros2_ws/install/robot_description/share/ament_index/resource_index/packages/robot_description
[0.653s] -- Up-to-date: /home/hi/ros2_ws/install/robot_description/share/robot_description/cmake/robot_descriptionConfig.cmake
[0.654s] -- Up-to-date: /home/hi/ros2_ws/install/robot_description/share/robot_description/cmake/robot_descriptionConfig-version.cmake
[0.656s] -- Up-to-date: /home/hi/ros2_ws/install/robot_description/share/robot_description/package.xml
[0.697s] Invoked command in '/home/hi/ros2_ws/build/robot_description' returned '0': CMAKE_PREFIX_PATH=${CMAKE_PREFIX_PATH}:/opt/ros/humble /usr/bin/cmake --install /home/hi/ros2_ws/build/robot_description
