[0.077s] Invoking command in '/home/hi/ros2_ws/build/robot_navigation': /usr/bin/cmake /home/hi/ros2_ws/src/robot_navigation -DCMAKE_INSTALL_PREFIX=/home/hi/ros2_ws/install/robot_navigation
[0.473s] -- The C compiler identification is GNU 11.4.0
[0.928s] -- The CXX compiler identification is GNU 11.4.0
[0.959s] -- Detecting C compiler ABI info
[1.372s] -- Detecting C compiler ABI info - done
[1.399s] -- Check for working C compiler: /usr/bin/cc - skipped
[1.401s] -- Detecting C compile features
[1.402s] -- Detecting C compile features - done
[1.425s] -- Detecting CXX compiler ABI info
[1.913s] -- Detecting CXX compiler ABI info - done
[1.962s] -- Check for working CXX compiler: /usr/bin/c++ - skipped
[1.963s] -- Detecting CXX compile features
[1.965s] -- Detecting CXX compile features - done
[1.999s] -- Found ament_cmake: 1.3.9 (/opt/ros/humble/share/ament_cmake/cmake)
[3.165s] -- Found Python3: /usr/bin/python3 (found version "3.10.12") found components: Interpreter 
[3.947s] -- Found ament_lint_auto: 0.12.11 (/opt/ros/humble/share/ament_lint_auto/cmake)
[4.452s] -- Added test 'flake8' to check Python code syntax and style conventions
[4.457s] -- Added test 'lint_cmake' to check CMake code style
[4.460s] -- Added test 'pep257' to check Python code against some of the docstring style conventions in PEP 257
[4.478s] -- Added test 'xmllint' to check XML markup files
[4.485s] -- Configuring done
[4.510s] -- Generating done
[4.514s] -- Build files have been written to: /home/hi/ros2_ws/build/robot_navigation
[4.532s] Invoked command in '/home/hi/ros2_ws/build/robot_navigation' returned '0': /usr/bin/cmake /home/hi/ros2_ws/src/robot_navigation -DCMAKE_INSTALL_PREFIX=/home/hi/ros2_ws/install/robot_navigation
[4.543s] Invoking command in '/home/hi/ros2_ws/build/robot_navigation': /usr/bin/cmake --build /home/hi/ros2_ws/build/robot_navigation -- -j4 -l4
