[0.161s] Invoking command in '/home/r/ros2_ws/build/bringup': CMAKE_PREFIX_PATH=/home/r/ros2_ws/install/robot_description:/home/r/ros2_ws/install/bringup:/home/r/lidar_ws/install/sllidar_ros2:/opt/ros/humble /usr/bin/cmake --build /home/r/ros2_ws/build/bringup -- -j2 -l2
[1.307s] Invoked command in '/home/r/ros2_ws/build/bringup' returned '0': CMAKE_PREFIX_PATH=/home/r/ros2_ws/install/robot_description:/home/r/ros2_ws/install/bringup:/home/r/lidar_ws/install/sllidar_ros2:/opt/ros/humble /usr/bin/cmake --build /home/r/ros2_ws/build/bringup -- -j2 -l2
[1.459s] Invoking command in '/home/r/ros2_ws/build/bringup': CMAKE_PREFIX_PATH=/home/r/ros2_ws/install/robot_description:/home/r/ros2_ws/install/bringup:/home/r/lidar_ws/install/sllidar_ros2:/opt/ros/humble /usr/bin/cmake --install /home/r/ros2_ws/build/bringup
[1.485s] -- Install configuration: ""
[1.490s] -- Up-to-date: /home/r/ros2_ws/install/bringup/share/bringup/launch
[1.491s] -- Up-to-date: /home/r/ros2_ws/install/bringup/share/bringup/launch/rviz.launch.py
[1.491s] -- Up-to-date: /home/r/ros2_ws/install/bringup/share/bringup/launch/robot_state_publisher.launch.py
[1.492s] -- Installing: /home/r/ros2_ws/install/bringup/share/bringup/launch/robot.launch.py
[1.494s] -- Up-to-date: /home/r/ros2_ws/install/bringup/share/ament_index/resource_index/package_run_dependencies/bringup
[1.495s] -- Up-to-date: /home/r/ros2_ws/install/bringup/share/ament_index/resource_index/parent_prefix_path/bringup
[1.498s] -- Up-to-date: /home/r/ros2_ws/install/bringup/share/bringup/environment/ament_prefix_path.sh
[1.498s] -- Up-to-date: /home/r/ros2_ws/install/bringup/share/bringup/environment/ament_prefix_path.dsv
[1.498s] -- Up-to-date: /home/r/ros2_ws/install/bringup/share/bringup/environment/path.sh
[1.498s] -- Up-to-date: /home/r/ros2_ws/install/bringup/share/bringup/environment/path.dsv
[1.499s] -- Up-to-date: /home/r/ros2_ws/install/bringup/share/bringup/local_setup.bash
[1.499s] -- Up-to-date: /home/r/ros2_ws/install/bringup/share/bringup/local_setup.sh
[1.499s] -- Up-to-date: /home/r/ros2_ws/install/bringup/share/bringup/local_setup.zsh
[1.500s] -- Up-to-date: /home/r/ros2_ws/install/bringup/share/bringup/local_setup.dsv
[1.500s] -- Installing: /home/r/ros2_ws/install/bringup/share/bringup/package.dsv
[1.500s] -- Up-to-date: /home/r/ros2_ws/install/bringup/share/ament_index/resource_index/packages/bringup
[1.500s] -- Up-to-date: /home/r/ros2_ws/install/bringup/share/bringup/cmake/bringupConfig.cmake
[1.500s] -- Up-to-date: /home/r/ros2_ws/install/bringup/share/bringup/cmake/bringupConfig-version.cmake
[1.501s] -- Up-to-date: /home/r/ros2_ws/install/bringup/share/bringup/package.xml
[1.507s] Invoked command in '/home/r/ros2_ws/build/bringup' returned '0': CMAKE_PREFIX_PATH=/home/r/ros2_ws/install/robot_description:/home/r/ros2_ws/install/bringup:/home/r/lidar_ws/install/sllidar_ros2:/opt/ros/humble /usr/bin/cmake --install /home/r/ros2_ws/build/bringup
