[0.263s] Invoking command in '/home/hi/ros2_ws/build/robot_navigation': CMAKE_PREFIX_PATH=${CMAKE_PREFIX_PATH}:/opt/ros/humble /usr/bin/cmake --build /home/hi/ros2_ws/build/robot_navigation -- -j4 -l4
[0.872s] Invoked command in '/home/hi/ros2_ws/build/robot_navigation' returned '0': CMAKE_PREFIX_PATH=${CMAKE_PREFIX_PATH}:/opt/ros/humble /usr/bin/cmake --build /home/hi/ros2_ws/build/robot_navigation -- -j4 -l4
[1.434s] Invoking command in '/home/hi/ros2_ws/build/robot_navigation': CMAKE_PREFIX_PATH=${CMAKE_PREFIX_PATH}:/opt/ros/humble /usr/bin/cmake --install /home/hi/ros2_ws/build/robot_navigation
[1.649s] -- Install configuration: ""
[1.650s] -- Up-to-date: /home/hi/ros2_ws/install/robot_navigation/share/robot_navigation/launch
[1.653s] -- Up-to-date: /home/hi/ros2_ws/install/robot_navigation/share/robot_navigation/launch/.vscode
[1.654s] -- Up-to-date: /home/hi/ros2_ws/install/robot_navigation/share/robot_navigation/launch/.vscode/settings.json
[1.655s] -- Up-to-date: /home/hi/ros2_ws/install/robot_navigation/share/robot_navigation/launch/.vscode/c_cpp_properties.json
[1.658s] -- Up-to-date: /home/hi/ros2_ws/install/robot_navigation/share/robot_navigation/launch/nav2.launch.py
[1.670s] -- Up-to-date: /home/hi/ros2_ws/install/robot_navigation/share/robot_navigation/map
[1.671s] -- Up-to-date: /home/hi/ros2_ws/install/robot_navigation/share/robot_navigation/map/map.yaml
[1.673s] -- Up-to-date: /home/hi/ros2_ws/install/robot_navigation/share/robot_navigation/map/map5.pgm
[1.682s] -- Up-to-date: /home/hi/ros2_ws/install/robot_navigation/share/robot_navigation/map/map.pgm
[1.684s] -- Up-to-date: /home/hi/ros2_ws/install/robot_navigation/share/robot_navigation/param
[1.693s] -- Up-to-date: /home/hi/ros2_ws/install/robot_navigation/share/robot_navigation/param/robot.yaml
[1.697s] -- Up-to-date: /home/hi/ros2_ws/install/robot_navigation/share/robot_navigation/rviz
[1.710s] -- Up-to-date: /home/hi/ros2_ws/install/robot_navigation/share/robot_navigation/rviz/nav2.rviz
[1.723s] -- Up-to-date: /home/hi/ros2_ws/install/robot_navigation/share/ament_index/resource_index/package_run_dependencies/robot_navigation
[1.725s] -- Up-to-date: /home/hi/ros2_ws/install/robot_navigation/share/ament_index/resource_index/parent_prefix_path/robot_navigation
[1.726s] -- Up-to-date: /home/hi/ros2_ws/install/robot_navigation/share/robot_navigation/environment/ament_prefix_path.sh
[1.728s] -- Up-to-date: /home/hi/ros2_ws/install/robot_navigation/share/robot_navigation/environment/ament_prefix_path.dsv
[1.730s] -- Up-to-date: /home/hi/ros2_ws/install/robot_navigation/share/robot_navigation/environment/path.sh
[1.741s] -- Up-to-date: /home/hi/ros2_ws/install/robot_navigation/share/robot_navigation/environment/path.dsv
[1.742s] -- Up-to-date: /home/hi/ros2_ws/install/robot_navigation/share/robot_navigation/local_setup.bash
[1.750s] -- Up-to-date: /home/hi/ros2_ws/install/robot_navigation/share/robot_navigation/local_setup.sh
[1.752s] -- Up-to-date: /home/hi/ros2_ws/install/robot_navigation/share/robot_navigation/local_setup.zsh
[1.753s] -- Up-to-date: /home/hi/ros2_ws/install/robot_navigation/share/robot_navigation/local_setup.dsv
[1.754s] -- Installing: /home/hi/ros2_ws/install/robot_navigation/share/robot_navigation/package.dsv
[1.755s] -- Up-to-date: /home/hi/ros2_ws/install/robot_navigation/share/ament_index/resource_index/packages/robot_navigation
[1.755s] -- Up-to-date: /home/hi/ros2_ws/install/robot_navigation/share/robot_navigation/cmake/robot_navigationConfig.cmake
[1.762s] -- Up-to-date: /home/hi/ros2_ws/install/robot_navigation/share/robot_navigation/cmake/robot_navigationConfig-version.cmake
[1.772s] -- Up-to-date: /home/hi/ros2_ws/install/robot_navigation/share/robot_navigation/package.xml
[1.802s] Invoked command in '/home/hi/ros2_ws/build/robot_navigation' returned '0': CMAKE_PREFIX_PATH=${CMAKE_PREFIX_PATH}:/opt/ros/humble /usr/bin/cmake --install /home/hi/ros2_ws/build/robot_navigation
