[0.012s] Invoking command in '/home/r/ros2_ws/build/bringup': AMENT_PREFIX_PATH=/home/r/ros2_ws/install/robot_description:${AMENT_PREFIX_PATH} CMAKE_PREFIX_PATH=/home/r/ros2_ws/install/robot_description:/home/r/lidar_ws/install/sllidar_ros2:/opt/ros/humble /usr/bin/cmake /home/r/ros2_ws/src/bringup -DCMAKE_INSTALL_PREFIX=/home/r/ros2_ws/install/bringup
[0.082s] -- The C compiler identification is GNU 11.4.0
[0.136s] -- The CXX compiler identification is GNU 11.4.0
[0.147s] -- Detecting C compiler ABI info
[0.221s] -- Detecting C compiler ABI info - done
[0.226s] -- Check for working C compiler: /usr/bin/cc - skipped
[0.226s] -- Detecting C compile features
[0.227s] -- Detecting C compile features - done
[0.230s] -- Detecting CXX compiler ABI info
[0.318s] -- Detecting CXX compiler ABI info - done
[0.323s] -- Check for working CXX compiler: /usr/bin/c++ - skipped
[0.324s] -- Detecting CXX compile features
[0.324s] -- Detecting CXX compile features - done
[0.327s] -- Found ament_cmake: 1.3.10 (/opt/ros/humble/share/ament_cmake/cmake)
[0.478s] -- Found Python3: /usr/bin/python3 (found version "3.10.12") found components: Interpreter 
[0.553s] -- Found ament_lint_auto: 0.12.11 (/opt/ros/humble/share/ament_lint_auto/cmake)
[0.633s] -- Added test 'flake8' to check Python code syntax and style conventions
[0.633s] -- Added test 'lint_cmake' to check CMake code style
[0.634s] -- Added test 'pep257' to check Python code against some of the docstring style conventions in PEP 257
[0.636s] -- Added test 'xmllint' to check XML markup files
[0.638s] -- Configuring done
[0.644s] -- Generating done
[0.645s] -- Build files have been written to: /home/r/ros2_ws/build/bringup
[0.660s] Invoked command in '/home/r/ros2_ws/build/bringup' returned '0': AMENT_PREFIX_PATH=/home/r/ros2_ws/install/robot_description:${AMENT_PREFIX_PATH} CMAKE_PREFIX_PATH=/home/r/ros2_ws/install/robot_description:/home/r/lidar_ws/install/sllidar_ros2:/opt/ros/humble /usr/bin/cmake /home/r/ros2_ws/src/bringup -DCMAKE_INSTALL_PREFIX=/home/r/ros2_ws/install/bringup
[0.660s] Invoking command in '/home/r/ros2_ws/build/bringup': AMENT_PREFIX_PATH=/home/r/ros2_ws/install/robot_description:${AMENT_PREFIX_PATH} CMAKE_PREFIX_PATH=/home/r/ros2_ws/install/robot_description:/home/r/lidar_ws/install/sllidar_ros2:/opt/ros/humble /usr/bin/cmake --build /home/r/ros2_ws/build/bringup -- -j2 -l2
[0.699s] Invoked command in '/home/r/ros2_ws/build/bringup' returned '0': AMENT_PREFIX_PATH=/home/r/ros2_ws/install/robot_description:${AMENT_PREFIX_PATH} CMAKE_PREFIX_PATH=/home/r/ros2_ws/install/robot_description:/home/r/lidar_ws/install/sllidar_ros2:/opt/ros/humble /usr/bin/cmake --build /home/r/ros2_ws/build/bringup -- -j2 -l2
[0.730s] Invoking command in '/home/r/ros2_ws/build/bringup': AMENT_PREFIX_PATH=/home/r/ros2_ws/install/robot_description:${AMENT_PREFIX_PATH} CMAKE_PREFIX_PATH=/home/r/ros2_ws/install/robot_description:/home/r/lidar_ws/install/sllidar_ros2:/opt/ros/humble /usr/bin/cmake --install /home/r/ros2_ws/build/bringup
[0.741s] -- Install configuration: ""
[0.742s] -- Installing: /home/r/ros2_ws/install/bringup/share/bringup/launch
[0.742s] -- Installing: /home/r/ros2_ws/install/bringup/share/bringup/launch/rviz.launch.py
[0.742s] -- Installing: /home/r/ros2_ws/install/bringup/share/bringup/launch/robot_state_publisher.launch.py
[0.743s] -- Installing: /home/r/ros2_ws/install/bringup/share/bringup/launch/robot.launch.py
[0.743s] -- Installing: /home/r/ros2_ws/install/bringup/share/ament_index/resource_index/package_run_dependencies/bringup
[0.743s] -- Installing: /home/r/ros2_ws/install/bringup/share/ament_index/resource_index/parent_prefix_path/bringup
[0.744s] -- Installing: /home/r/ros2_ws/install/bringup/share/bringup/environment/ament_prefix_path.sh
[0.744s] -- Installing: /home/r/ros2_ws/install/bringup/share/bringup/environment/ament_prefix_path.dsv
[0.744s] -- Installing: /home/r/ros2_ws/install/bringup/share/bringup/environment/path.sh
[0.744s] -- Installing: /home/r/ros2_ws/install/bringup/share/bringup/environment/path.dsv
[0.745s] -- Installing: /home/r/ros2_ws/install/bringup/share/bringup/local_setup.bash
[0.745s] -- Installing: /home/r/ros2_ws/install/bringup/share/bringup/local_setup.sh
[0.746s] -- Installing: /home/r/ros2_ws/install/bringup/share/bringup/local_setup.zsh
[0.746s] -- Installing: /home/r/ros2_ws/install/bringup/share/bringup/local_setup.dsv
[0.746s] -- Installing: /home/r/ros2_ws/install/bringup/share/bringup/package.dsv
[0.746s] -- Installing: /home/r/ros2_ws/install/bringup/share/ament_index/resource_index/packages/bringup
[0.746s] -- Installing: /home/r/ros2_ws/install/bringup/share/bringup/cmake/bringupConfig.cmake
[0.746s] -- Installing: /home/r/ros2_ws/install/bringup/share/bringup/cmake/bringupConfig-version.cmake
[0.746s] -- Installing: /home/r/ros2_ws/install/bringup/share/bringup/package.xml
[0.749s] Invoked command in '/home/r/ros2_ws/build/bringup' returned '0': AMENT_PREFIX_PATH=/home/r/ros2_ws/install/robot_description:${AMENT_PREFIX_PATH} CMAKE_PREFIX_PATH=/home/r/ros2_ws/install/robot_description:/home/r/lidar_ws/install/sllidar_ros2:/opt/ros/humble /usr/bin/cmake --install /home/r/ros2_ws/build/bringup
