[0.092s] Invoking command in '/home/hi/ros2_ws/build/robot_description': /usr/bin/cmake /home/hi/ros2_ws/src/robot_description -DCMAKE_INSTALL_PREFIX=/home/hi/ros2_ws/install/robot_description
[0.492s] -- The C compiler identification is GNU 11.4.0
[0.915s] -- The CXX compiler identification is GNU 11.4.0
[0.955s] -- Detecting C compiler ABI info
[1.376s] -- Detecting C compiler ABI info - done
[1.407s] -- Check for working C compiler: /usr/bin/cc - skipped
[1.408s] -- Detecting C compile features
[1.409s] -- Detecting C compile features - done
[1.422s] -- Detecting CXX compiler ABI info
[1.905s] -- Detecting CXX compiler ABI info - done
[1.955s] -- Check for working CXX compiler: /usr/bin/c++ - skipped
[1.955s] -- Detecting CXX compile features
[1.956s] -- Detecting CXX compile features - done
[1.990s] -- Found ament_cmake: 1.3.9 (/opt/ros/humble/share/ament_cmake/cmake)
[3.180s] -- Found Python3: /usr/bin/python3 (found version "3.10.12") found components: Interpreter 
[3.982s] -- Found urdf: 2.6.0 (/opt/ros/humble/share/urdf/cmake)
[4.623s] -- Found xacro: 2.0.8 (/opt/ros/humble/share/xacro/cmake)
[4.648s] -- Found ament_lint_auto: 0.12.11 (/opt/ros/humble/share/ament_lint_auto/cmake)
[5.248s] -- Added test 'lint_cmake' to check CMake code style
[5.257s] -- Added test 'xmllint' to check XML markup files
[5.265s] -- Configuring done
[5.285s] -- Generating done
[5.290s] -- Build files have been written to: /home/hi/ros2_ws/build/robot_description
