-- Install configuration: ""
-- Installing: /home/hi/ros2_ws/install/robot_description/share/robot_description/rviz
-- Installing: /home/hi/ros2_ws/install/robot_description/share/robot_description/rviz/show_robot.rviz
-- Installing: /home/hi/ros2_ws/install/robot_description/share/robot_description/urdf
-- Installing: /home/hi/ros2_ws/install/robot_description/share/robot_description/urdf/robot.urdf
-- Installing: /home/hi/ros2_ws/install/robot_description/share/ament_index/resource_index/package_run_dependencies/robot_description
-- Installing: /home/hi/ros2_ws/install/robot_description/share/ament_index/resource_index/parent_prefix_path/robot_description
-- Installing: /home/hi/ros2_ws/install/robot_description/share/robot_description/environment/ament_prefix_path.sh
-- Installing: /home/hi/ros2_ws/install/robot_description/share/robot_description/environment/ament_prefix_path.dsv
-- Installing: /home/hi/ros2_ws/install/robot_description/share/robot_description/environment/path.sh
-- Installing: /home/hi/ros2_ws/install/robot_description/share/robot_description/environment/path.dsv
-- Installing: /home/hi/ros2_ws/install/robot_description/share/robot_description/local_setup.bash
-- Installing: /home/hi/ros2_ws/install/robot_description/share/robot_description/local_setup.sh
-- Installing: /home/hi/ros2_ws/install/robot_description/share/robot_description/local_setup.zsh
-- Installing: /home/hi/ros2_ws/install/robot_description/share/robot_description/local_setup.dsv
-- Installing: /home/hi/ros2_ws/install/robot_description/share/robot_description/package.dsv
-- Installing: /home/hi/ros2_ws/install/robot_description/share/ament_index/resource_index/packages/robot_description
-- Installing: /home/hi/ros2_ws/install/robot_description/share/robot_description/cmake/robot_descriptionConfig.cmake
-- Installing: /home/hi/ros2_ws/install/robot_description/share/robot_description/cmake/robot_descriptionConfig-version.cmake
-- Installing: /home/hi/ros2_ws/install/robot_description/share/robot_description/package.xml
