[0.125s] Invoking command in '/home/hi/ros2_ws/build/robot_description': CMAKE_PREFIX_PATH=${CMAKE_PREFIX_PATH}:/opt/ros/humble /usr/bin/cmake --build /home/hi/ros2_ws/build/robot_description -- -j4 -l4
[0.304s] Invoked command in '/home/hi/ros2_ws/build/robot_description' returned '0': CMAKE_PREFIX_PATH=${CMAKE_PREFIX_PATH}:/opt/ros/humble /usr/bin/cmake --build /home/hi/ros2_ws/build/robot_description -- -j4 -l4
[0.509s] Invoking command in '/home/hi/ros2_ws/build/robot_description': CMAKE_PREFIX_PATH=${CMAKE_PREFIX_PATH}:/opt/ros/humble /usr/bin/cmake --install /home/hi/ros2_ws/build/robot_description
[0.554s] -- Install configuration: ""
[0.556s] -- Installing: /home/hi/ros2_ws/install/robot_description/share/robot_description/rviz
[0.558s] -- Installing: /home/hi/ros2_ws/install/robot_description/share/robot_description/rviz/show_robot.rviz
[0.559s] -- Installing: /home/hi/ros2_ws/install/robot_description/share/robot_description/urdf
[0.560s] -- Installing: /home/hi/ros2_ws/install/robot_description/share/robot_description/urdf/robot.urdf
[0.561s] -- Installing: /home/hi/ros2_ws/install/robot_description/share/ament_index/resource_index/package_run_dependencies/robot_description
[0.562s] -- Installing: /home/hi/ros2_ws/install/robot_description/share/ament_index/resource_index/parent_prefix_path/robot_description
[0.563s] -- Installing: /home/hi/ros2_ws/install/robot_description/share/robot_description/environment/ament_prefix_path.sh
[0.565s] -- Installing: /home/hi/ros2_ws/install/robot_description/share/robot_description/environment/ament_prefix_path.dsv
[0.565s] -- Installing: /home/hi/ros2_ws/install/robot_description/share/robot_description/environment/path.sh
[0.566s] -- Installing: /home/hi/ros2_ws/install/robot_description/share/robot_description/environment/path.dsv
[0.567s] -- Installing: /home/hi/ros2_ws/install/robot_description/share/robot_description/local_setup.bash
[0.568s] -- Installing: /home/hi/ros2_ws/install/robot_description/share/robot_description/local_setup.sh
[0.568s] -- Installing: /home/hi/ros2_ws/install/robot_description/share/robot_description/local_setup.zsh
[0.569s] -- Installing: /home/hi/ros2_ws/install/robot_description/share/robot_description/local_setup.dsv
[0.571s] -- Installing: /home/hi/ros2_ws/install/robot_description/share/robot_description/package.dsv
[0.573s] -- Installing: /home/hi/ros2_ws/install/robot_description/share/ament_index/resource_index/packages/robot_description
[0.574s] -- Installing: /home/hi/ros2_ws/install/robot_description/share/robot_description/cmake/robot_descriptionConfig.cmake
[0.577s] -- Installing: /home/hi/ros2_ws/install/robot_description/share/robot_description/cmake/robot_descriptionConfig-version.cmake
[0.581s] -- Installing: /home/hi/ros2_ws/install/robot_description/share/robot_description/package.xml
[0.602s] Invoked command in '/home/hi/ros2_ws/build/robot_description' returned '0': CMAKE_PREFIX_PATH=${CMAKE_PREFIX_PATH}:/opt/ros/humble /usr/bin/cmake --install /home/hi/ros2_ws/build/robot_description
