[0.096s] Invoking command in '/home/r/ros2_ws/build/bringup': AMENT_PREFIX_PATH=/home/r/ros2_ws/install/robot_description:${AMENT_PREFIX_PATH} CMAKE_PREFIX_PATH=/home/r/ros2_ws/install/robot_description:/home/r/lidar_ws/install/sllidar_ros2:/opt/ros/humble /usr/bin/cmake /home/r/ros2_ws/src/bringup -DCMAKE_INSTALL_PREFIX=/home/r/ros2_ws/install/bringup
[0.403s] -- The C compiler identification is GNU 11.4.0
[0.664s] -- The CXX compiler identification is GNU 11.4.0
[0.691s] -- Detecting C compiler ABI info
[1.154s] -- Detecting C compiler ABI info - done
[1.192s] -- Check for working C compiler: /usr/bin/cc - skipped
[1.195s] -- Detecting C compile features
[1.196s] -- Detecting C compile features - done
[1.206s] -- Detecting CXX compiler ABI info
[1.660s] -- Detecting CXX compiler ABI info - done
[1.695s] -- Check for working CXX compiler: /usr/bin/c++ - skipped
[1.696s] -- Detecting CXX compile features
[1.698s] -- Detecting CXX compile features - done
[1.709s] -- Found ament_cmake: 1.3.10 (/opt/ros/humble/share/ament_cmake/cmake)
[2.358s] -- Found Python3: /usr/bin/python3 (found version "3.10.12") found components: Interpreter 
[2.714s] -- Found ament_lint_auto: 0.12.11 (/opt/ros/humble/share/ament_lint_auto/cmake)
[3.027s] -- Added test 'flake8' to check Python code syntax and style conventions
[3.028s] -- Added test 'lint_cmake' to check CMake code style
[3.031s] -- Added test 'pep257' to check Python code against some of the docstring style conventions in PEP 257
[3.039s] -- Added test 'xmllint' to check XML markup files
[3.045s] -- Configuring done
[3.103s] -- Generating done
[3.108s] -- Build files have been written to: /home/r/ros2_ws/build/bringup
[3.128s] Invoked command in '/home/r/ros2_ws/build/bringup' returned '0': AMENT_PREFIX_PATH=/home/r/ros2_ws/install/robot_description:${AMENT_PREFIX_PATH} CMAKE_PREFIX_PATH=/home/r/ros2_ws/install/robot_description:/home/r/lidar_ws/install/sllidar_ros2:/opt/ros/humble /usr/bin/cmake /home/r/ros2_ws/src/bringup -DCMAKE_INSTALL_PREFIX=/home/r/ros2_ws/install/bringup
[3.130s] Invoking command in '/home/r/ros2_ws/build/bringup': AMENT_PREFIX_PATH=/home/r/ros2_ws/install/robot_description:${AMENT_PREFIX_PATH} CMAKE_PREFIX_PATH=/home/r/ros2_ws/install/robot_description:/home/r/lidar_ws/install/sllidar_ros2:/opt/ros/humble /usr/bin/cmake --build /home/r/ros2_ws/build/bringup -- -j2 -l2
[3.358s] Invoked command in '/home/r/ros2_ws/build/bringup' returned '0': AMENT_PREFIX_PATH=/home/r/ros2_ws/install/robot_description:${AMENT_PREFIX_PATH} CMAKE_PREFIX_PATH=/home/r/ros2_ws/install/robot_description:/home/r/lidar_ws/install/sllidar_ros2:/opt/ros/humble /usr/bin/cmake --build /home/r/ros2_ws/build/bringup -- -j2 -l2
[3.570s] Invoking command in '/home/r/ros2_ws/build/bringup': AMENT_PREFIX_PATH=/home/r/ros2_ws/install/robot_description:${AMENT_PREFIX_PATH} CMAKE_PREFIX_PATH=/home/r/ros2_ws/install/robot_description:/home/r/lidar_ws/install/sllidar_ros2:/opt/ros/humble /usr/bin/cmake --install /home/r/ros2_ws/build/bringup
[3.615s] -- Install configuration: ""
[3.615s] -- Installing: /home/r/ros2_ws/install/bringup/share/bringup/launch
[3.621s] -- Installing: /home/r/ros2_ws/install/bringup/share/bringup/launch/rviz.launch.py
[3.621s] -- Installing: /home/r/ros2_ws/install/bringup/share/bringup/launch/robot_state_publisher.launch.py
[3.624s] -- Installing: /home/r/ros2_ws/install/bringup/share/bringup/launch/robot.launch.py
[3.624s] -- Installing: /home/r/ros2_ws/install/bringup/share/ament_index/resource_index/package_run_dependencies/bringup
[3.627s] -- Installing: /home/r/ros2_ws/install/bringup/share/ament_index/resource_index/parent_prefix_path/bringup
[3.630s] -- Installing: /home/r/ros2_ws/install/bringup/share/bringup/environment/ament_prefix_path.sh
[3.630s] -- Installing: /home/r/ros2_ws/install/bringup/share/bringup/environment/ament_prefix_path.dsv
[3.634s] -- Installing: /home/r/ros2_ws/install/bringup/share/bringup/environment/path.sh
[3.634s] -- Installing: /home/r/ros2_ws/install/bringup/share/bringup/environment/path.dsv
[3.635s] -- Installing: /home/r/ros2_ws/install/bringup/share/bringup/local_setup.bash
[3.639s] -- Installing: /home/r/ros2_ws/install/bringup/share/bringup/local_setup.sh
[3.639s] -- Installing: /home/r/ros2_ws/install/bringup/share/bringup/local_setup.zsh
[3.639s] -- Installing: /home/r/ros2_ws/install/bringup/share/bringup/local_setup.dsv
[3.640s] -- Installing: /home/r/ros2_ws/install/bringup/share/bringup/package.dsv
[3.640s] -- Installing: /home/r/ros2_ws/install/bringup/share/ament_index/resource_index/packages/bringup
[3.640s] -- Installing: /home/r/ros2_ws/install/bringup/share/bringup/cmake/bringupConfig.cmake
[3.643s] -- Installing: /home/r/ros2_ws/install/bringup/share/bringup/cmake/bringupConfig-version.cmake
[3.643s] -- Installing: /home/r/ros2_ws/install/bringup/share/bringup/package.xml
[3.648s] Invoked command in '/home/r/ros2_ws/build/bringup' returned '0': AMENT_PREFIX_PATH=/home/r/ros2_ws/install/robot_description:${AMENT_PREFIX_PATH} CMAKE_PREFIX_PATH=/home/r/ros2_ws/install/robot_description:/home/r/lidar_ws/install/sllidar_ros2:/opt/ros/humble /usr/bin/cmake --install /home/r/ros2_ws/build/bringup
