[0.453s] DEBUG:colcon:Command line arguments: ['/usr/bin/colcon', 'build', '--packages-select', 'bringup', 'robot_description', 'robot_navigation', 'robot_node1']
[0.453s] DEBUG:colcon:Parsed command line arguments: Namespace(log_base=None, log_level=None, verb_name='build', build_base='build', install_base='install', merge_install=False, symlink_install=False, test_result_base=None, continue_on_error=False, executor='parallel', parallel_workers=4, event_handlers=None, ignore_user_meta=False, metas=['./colcon.meta'], base_paths=['.'], packages_ignore=None, packages_ignore_regex=None, paths=None, packages_up_to=None, packages_up_to_regex=None, packages_above=None, packages_above_and_dependencies=None, packages_above_depth=None, packages_select_by_dep=None, packages_skip_by_dep=None, packages_skip_up_to=None, packages_select_build_failed=False, packages_skip_build_finished=False, packages_select_test_failures=False, packages_skip_test_passed=False, packages_select=['bringup', 'robot_description', 'robot_navigation', 'robot_node1'], packages_skip=None, packages_select_regex=None, packages_skip_regex=None, packages_start=None, packages_end=None, allow_overriding=[], cmake_args=None, cmake_target=None, cmake_target_skip_unavailable=False, cmake_clean_cache=False, cmake_clean_first=False, cmake_force_configure=False, ament_cmake_args=None, catkin_cmake_args=None, catkin_skip_building_tests=False, verb_parser=<colcon_defaults.argument_parser.defaults.DefaultArgumentsDecorator object at 0xffff8b2b8130>, verb_extension=<colcon_core.verb.build.BuildVerb object at 0xffff8b3f0d60>, main=<bound method BuildVerb.main of <colcon_core.verb.build.BuildVerb object at 0xffff8b3f0d60>>)
[1.224s] Level 1:colcon.colcon_core.package_discovery:discover_packages(colcon_meta) check parameters
[1.225s] Level 1:colcon.colcon_core.package_discovery:discover_packages(recursive) check parameters
[1.225s] Level 1:colcon.colcon_core.package_discovery:discover_packages(ignore) check parameters
[1.225s] Level 1:colcon.colcon_core.package_discovery:discover_packages(path) check parameters
[1.225s] Level 1:colcon.colcon_core.package_discovery:discover_packages(colcon_meta) discover
[1.225s] Level 1:colcon.colcon_core.package_discovery:discover_packages(recursive) discover
[1.225s] INFO:colcon.colcon_core.package_discovery:Crawling recursively for packages in '/home/hi/ros2_ws'
[1.226s] Level 1:colcon.colcon_core.package_identification:_identify(.) by extensions ['ignore', 'ignore_ament_install']
[1.226s] Level 1:colcon.colcon_core.package_identification:_identify(.) by extension 'ignore'
[1.227s] Level 1:colcon.colcon_core.package_identification:_identify(.) by extension 'ignore_ament_install'
[1.227s] Level 1:colcon.colcon_core.package_identification:_identify(.) by extensions ['colcon_pkg']
[1.227s] Level 1:colcon.colcon_core.package_identification:_identify(.) by extension 'colcon_pkg'
[1.227s] Level 1:colcon.colcon_core.package_identification:_identify(.) by extensions ['colcon_meta']
[1.227s] Level 1:colcon.colcon_core.package_identification:_identify(.) by extension 'colcon_meta'
[1.227s] Level 1:colcon.colcon_core.package_identification:_identify(.) by extensions ['ros']
[1.227s] Level 1:colcon.colcon_core.package_identification:_identify(.) by extension 'ros'
[1.277s] Level 1:colcon.colcon_core.package_identification:_identify(.) by extensions ['cmake', 'python']
[1.277s] Level 1:colcon.colcon_core.package_identification:_identify(.) by extension 'cmake'
[1.277s] Level 1:colcon.colcon_core.package_identification:_identify(.) by extension 'python'
[1.278s] Level 1:colcon.colcon_core.package_identification:_identify(.) by extensions ['python_setup_py']
[1.278s] Level 1:colcon.colcon_core.package_identification:_identify(.) by extension 'python_setup_py'
[1.278s] Level 1:colcon.colcon_core.package_identification:_identify(build) by extensions ['ignore', 'ignore_ament_install']
[1.279s] Level 1:colcon.colcon_core.package_identification:_identify(build) by extension 'ignore'
[1.279s] Level 1:colcon.colcon_core.package_identification:_identify(build) ignored
[1.279s] Level 1:colcon.colcon_core.package_identification:_identify(install) by extensions ['ignore', 'ignore_ament_install']
[1.280s] Level 1:colcon.colcon_core.package_identification:_identify(install) by extension 'ignore'
[1.280s] Level 1:colcon.colcon_core.package_identification:_identify(install) ignored
[1.280s] Level 1:colcon.colcon_core.package_identification:_identify(log) by extensions ['ignore', 'ignore_ament_install']
[1.281s] Level 1:colcon.colcon_core.package_identification:_identify(log) by extension 'ignore'
[1.281s] Level 1:colcon.colcon_core.package_identification:_identify(log) ignored
[1.281s] Level 1:colcon.colcon_core.package_identification:_identify(src) by extensions ['ignore', 'ignore_ament_install']
[1.281s] Level 1:colcon.colcon_core.package_identification:_identify(src) by extension 'ignore'
[1.282s] Level 1:colcon.colcon_core.package_identification:_identify(src) by extension 'ignore_ament_install'
[1.282s] Level 1:colcon.colcon_core.package_identification:_identify(src) by extensions ['colcon_pkg']
[1.282s] Level 1:colcon.colcon_core.package_identification:_identify(src) by extension 'colcon_pkg'
[1.282s] Level 1:colcon.colcon_core.package_identification:_identify(src) by extensions ['colcon_meta']
[1.282s] Level 1:colcon.colcon_core.package_identification:_identify(src) by extension 'colcon_meta'
[1.282s] Level 1:colcon.colcon_core.package_identification:_identify(src) by extensions ['ros']
[1.283s] Level 1:colcon.colcon_core.package_identification:_identify(src) by extension 'ros'
[1.283s] Level 1:colcon.colcon_core.package_identification:_identify(src) by extensions ['cmake', 'python']
[1.283s] Level 1:colcon.colcon_core.package_identification:_identify(src) by extension 'cmake'
[1.283s] Level 1:colcon.colcon_core.package_identification:_identify(src) by extension 'python'
[1.283s] Level 1:colcon.colcon_core.package_identification:_identify(src) by extensions ['python_setup_py']
[1.283s] Level 1:colcon.colcon_core.package_identification:_identify(src) by extension 'python_setup_py'
[1.284s] Level 1:colcon.colcon_core.package_identification:_identify(src/bringup) by extensions ['ignore', 'ignore_ament_install']
[1.284s] Level 1:colcon.colcon_core.package_identification:_identify(src/bringup) by extension 'ignore'
[1.284s] Level 1:colcon.colcon_core.package_identification:_identify(src/bringup) by extension 'ignore_ament_install'
[1.285s] Level 1:colcon.colcon_core.package_identification:_identify(src/bringup) by extensions ['colcon_pkg']
[1.285s] Level 1:colcon.colcon_core.package_identification:_identify(src/bringup) by extension 'colcon_pkg'
[1.285s] Level 1:colcon.colcon_core.package_identification:_identify(src/bringup) by extensions ['colcon_meta']
[1.285s] Level 1:colcon.colcon_core.package_identification:_identify(src/bringup) by extension 'colcon_meta'
[1.285s] Level 1:colcon.colcon_core.package_identification:_identify(src/bringup) by extensions ['ros']
[1.285s] Level 1:colcon.colcon_core.package_identification:_identify(src/bringup) by extension 'ros'
[1.295s] DEBUG:colcon.colcon_core.package_identification:Package 'src/bringup' with type 'ros.ament_cmake' and name 'bringup'
[1.295s] Level 1:colcon.colcon_core.package_identification:_identify(src/robot_description) by extensions ['ignore', 'ignore_ament_install']
[1.296s] Level 1:colcon.colcon_core.package_identification:_identify(src/robot_description) by extension 'ignore'
[1.296s] Level 1:colcon.colcon_core.package_identification:_identify(src/robot_description) by extension 'ignore_ament_install'
[1.296s] Level 1:colcon.colcon_core.package_identification:_identify(src/robot_description) by extensions ['colcon_pkg']
[1.296s] Level 1:colcon.colcon_core.package_identification:_identify(src/robot_description) by extension 'colcon_pkg'
[1.297s] Level 1:colcon.colcon_core.package_identification:_identify(src/robot_description) by extensions ['colcon_meta']
[1.297s] Level 1:colcon.colcon_core.package_identification:_identify(src/robot_description) by extension 'colcon_meta'
[1.297s] Level 1:colcon.colcon_core.package_identification:_identify(src/robot_description) by extensions ['ros']
[1.297s] Level 1:colcon.colcon_core.package_identification:_identify(src/robot_description) by extension 'ros'
[1.299s] DEBUG:colcon.colcon_core.package_identification:Package 'src/robot_description' with type 'ros.ament_cmake' and name 'robot_description'
[1.300s] Level 1:colcon.colcon_core.package_identification:_identify(src/robot_navigation) by extensions ['ignore', 'ignore_ament_install']
[1.300s] Level 1:colcon.colcon_core.package_identification:_identify(src/robot_navigation) by extension 'ignore'
[1.301s] Level 1:colcon.colcon_core.package_identification:_identify(src/robot_navigation) by extension 'ignore_ament_install'
[1.301s] Level 1:colcon.colcon_core.package_identification:_identify(src/robot_navigation) by extensions ['colcon_pkg']
[1.301s] Level 1:colcon.colcon_core.package_identification:_identify(src/robot_navigation) by extension 'colcon_pkg'
[1.301s] Level 1:colcon.colcon_core.package_identification:_identify(src/robot_navigation) by extensions ['colcon_meta']
[1.301s] Level 1:colcon.colcon_core.package_identification:_identify(src/robot_navigation) by extension 'colcon_meta'
[1.301s] Level 1:colcon.colcon_core.package_identification:_identify(src/robot_navigation) by extensions ['ros']
[1.302s] Level 1:colcon.colcon_core.package_identification:_identify(src/robot_navigation) by extension 'ros'
[1.304s] DEBUG:colcon.colcon_core.package_identification:Package 'src/robot_navigation' with type 'ros.ament_cmake' and name 'robot_navigation'
[1.304s] Level 1:colcon.colcon_core.package_identification:_identify(src/robot_node1) by extensions ['ignore', 'ignore_ament_install']
[1.305s] Level 1:colcon.colcon_core.package_identification:_identify(src/robot_node1) by extension 'ignore'
[1.305s] Level 1:colcon.colcon_core.package_identification:_identify(src/robot_node1) by extension 'ignore_ament_install'
[1.305s] Level 1:colcon.colcon_core.package_identification:_identify(src/robot_node1) by extensions ['colcon_pkg']
[1.305s] Level 1:colcon.colcon_core.package_identification:_identify(src/robot_node1) by extension 'colcon_pkg'
[1.305s] Level 1:colcon.colcon_core.package_identification:_identify(src/robot_node1) by extensions ['colcon_meta']
[1.306s] Level 1:colcon.colcon_core.package_identification:_identify(src/robot_node1) by extension 'colcon_meta'
[1.306s] Level 1:colcon.colcon_core.package_identification:_identify(src/robot_node1) by extensions ['ros']
[1.306s] Level 1:colcon.colcon_core.package_identification:_identify(src/robot_node1) by extension 'ros'
[1.308s] DEBUG:colcon.colcon_core.package_identification:Package 'src/robot_node1' with type 'ros.ament_cmake' and name 'robot_node1'
[1.308s] Level 1:colcon.colcon_core.package_discovery:discover_packages(recursive) using defaults
[1.308s] Level 1:colcon.colcon_core.package_discovery:discover_packages(ignore) discover
[1.308s] Level 1:colcon.colcon_core.package_discovery:discover_packages(ignore) using defaults
[1.309s] Level 1:colcon.colcon_core.package_discovery:discover_packages(path) discover
[1.309s] Level 1:colcon.colcon_core.package_discovery:discover_packages(path) using defaults
[1.384s] Level 1:colcon.colcon_core.package_discovery:discover_packages(prefix_path) check parameters
[1.385s] Level 1:colcon.colcon_core.package_discovery:discover_packages(prefix_path) discover
[1.389s] WARNING:colcon.colcon_ros.prefix_path.catkin:The path '/home/hi/ros2_ws/install/robot_node1' in the environment variable CMAKE_PREFIX_PATH doesn't exist
[1.389s] WARNING:colcon.colcon_ros.prefix_path.catkin:The path '/home/hi/ros2_ws/install/robot_navigation' in the environment variable CMAKE_PREFIX_PATH doesn't exist
[1.389s] WARNING:colcon.colcon_ros.prefix_path.catkin:The path '/home/hi/ros2_ws/install/bringup' in the environment variable CMAKE_PREFIX_PATH doesn't exist
[1.390s] WARNING:colcon.colcon_ros.prefix_path.catkin:The path '/home/hi/ros2_ws/install/robot_description' in the environment variable CMAKE_PREFIX_PATH doesn't exist
[1.392s] DEBUG:colcon.colcon_installed_package_information.package_discovery:Found 0 installed packages in /home/hi/ros2_ws/install
[1.393s] Level 1:colcon.colcon_core.package_discovery:discover_packages(prefix_path) using defaults
[1.397s] Level 5:colcon.colcon_core.verb:set package 'robot_description' build argument 'cmake_args' from command line to 'None'
[1.397s] Level 5:colcon.colcon_core.verb:set package 'robot_description' build argument 'cmake_target' from command line to 'None'
[1.398s] Level 5:colcon.colcon_core.verb:set package 'robot_description' build argument 'cmake_target_skip_unavailable' from command line to 'False'
[1.398s] Level 5:colcon.colcon_core.verb:set package 'robot_description' build argument 'cmake_clean_cache' from command line to 'False'
[1.398s] Level 5:colcon.colcon_core.verb:set package 'robot_description' build argument 'cmake_clean_first' from command line to 'False'
[1.398s] Level 5:colcon.colcon_core.verb:set package 'robot_description' build argument 'cmake_force_configure' from command line to 'False'
[1.398s] Level 5:colcon.colcon_core.verb:set package 'robot_description' build argument 'ament_cmake_args' from command line to 'None'
[1.398s] Level 5:colcon.colcon_core.verb:set package 'robot_description' build argument 'catkin_cmake_args' from command line to 'None'
[1.398s] Level 5:colcon.colcon_core.verb:set package 'robot_description' build argument 'catkin_skip_building_tests' from command line to 'False'
[1.398s] DEBUG:colcon.colcon_core.verb:Building package 'robot_description' with the following arguments: {'ament_cmake_args': None, 'build_base': '/home/hi/ros2_ws/build/robot_description', 'catkin_cmake_args': None, 'catkin_skip_building_tests': False, 'cmake_args': None, 'cmake_clean_cache': False, 'cmake_clean_first': False, 'cmake_force_configure': False, 'cmake_target': None, 'cmake_target_skip_unavailable': False, 'install_base': '/home/hi/ros2_ws/install/robot_description', 'merge_install': False, 'path': '/home/hi/ros2_ws/src/robot_description', 'symlink_install': False, 'test_result_base': None}
[1.400s] Level 5:colcon.colcon_core.verb:set package 'robot_navigation' build argument 'cmake_args' from command line to 'None'
[1.400s] Level 5:colcon.colcon_core.verb:set package 'robot_navigation' build argument 'cmake_target' from command line to 'None'
[1.400s] Level 5:colcon.colcon_core.verb:set package 'robot_navigation' build argument 'cmake_target_skip_unavailable' from command line to 'False'
[1.400s] Level 5:colcon.colcon_core.verb:set package 'robot_navigation' build argument 'cmake_clean_cache' from command line to 'False'
[1.400s] Level 5:colcon.colcon_core.verb:set package 'robot_navigation' build argument 'cmake_clean_first' from command line to 'False'
[1.401s] Level 5:colcon.colcon_core.verb:set package 'robot_navigation' build argument 'cmake_force_configure' from command line to 'False'
[1.401s] Level 5:colcon.colcon_core.verb:set package 'robot_navigation' build argument 'ament_cmake_args' from command line to 'None'
[1.401s] Level 5:colcon.colcon_core.verb:set package 'robot_navigation' build argument 'catkin_cmake_args' from command line to 'None'
[1.401s] Level 5:colcon.colcon_core.verb:set package 'robot_navigation' build argument 'catkin_skip_building_tests' from command line to 'False'
[1.401s] DEBUG:colcon.colcon_core.verb:Building package 'robot_navigation' with the following arguments: {'ament_cmake_args': None, 'build_base': '/home/hi/ros2_ws/build/robot_navigation', 'catkin_cmake_args': None, 'catkin_skip_building_tests': False, 'cmake_args': None, 'cmake_clean_cache': False, 'cmake_clean_first': False, 'cmake_force_configure': False, 'cmake_target': None, 'cmake_target_skip_unavailable': False, 'install_base': '/home/hi/ros2_ws/install/robot_navigation', 'merge_install': False, 'path': '/home/hi/ros2_ws/src/robot_navigation', 'symlink_install': False, 'test_result_base': None}
[1.403s] Level 5:colcon.colcon_core.verb:set package 'robot_node1' build argument 'cmake_args' from command line to 'None'
[1.403s] Level 5:colcon.colcon_core.verb:set package 'robot_node1' build argument 'cmake_target' from command line to 'None'
[1.403s] Level 5:colcon.colcon_core.verb:set package 'robot_node1' build argument 'cmake_target_skip_unavailable' from command line to 'False'
[1.403s] Level 5:colcon.colcon_core.verb:set package 'robot_node1' build argument 'cmake_clean_cache' from command line to 'False'
[1.404s] Level 5:colcon.colcon_core.verb:set package 'robot_node1' build argument 'cmake_clean_first' from command line to 'False'
[1.404s] Level 5:colcon.colcon_core.verb:set package 'robot_node1' build argument 'cmake_force_configure' from command line to 'False'
[1.404s] Level 5:colcon.colcon_core.verb:set package 'robot_node1' build argument 'ament_cmake_args' from command line to 'None'
[1.404s] Level 5:colcon.colcon_core.verb:set package 'robot_node1' build argument 'catkin_cmake_args' from command line to 'None'
[1.404s] Level 5:colcon.colcon_core.verb:set package 'robot_node1' build argument 'catkin_skip_building_tests' from command line to 'False'
[1.404s] DEBUG:colcon.colcon_core.verb:Building package 'robot_node1' with the following arguments: {'ament_cmake_args': None, 'build_base': '/home/hi/ros2_ws/build/robot_node1', 'catkin_cmake_args': None, 'catkin_skip_building_tests': False, 'cmake_args': None, 'cmake_clean_cache': False, 'cmake_clean_first': False, 'cmake_force_configure': False, 'cmake_target': None, 'cmake_target_skip_unavailable': False, 'install_base': '/home/hi/ros2_ws/install/robot_node1', 'merge_install': False, 'path': '/home/hi/ros2_ws/src/robot_node1', 'symlink_install': False, 'test_result_base': None}
[1.406s] Level 5:colcon.colcon_core.verb:set package 'bringup' build argument 'cmake_args' from command line to 'None'
[1.406s] Level 5:colcon.colcon_core.verb:set package 'bringup' build argument 'cmake_target' from command line to 'None'
[1.406s] Level 5:colcon.colcon_core.verb:set package 'bringup' build argument 'cmake_target_skip_unavailable' from command line to 'False'
[1.406s] Level 5:colcon.colcon_core.verb:set package 'bringup' build argument 'cmake_clean_cache' from command line to 'False'
[1.406s] Level 5:colcon.colcon_core.verb:set package 'bringup' build argument 'cmake_clean_first' from command line to 'False'
[1.406s] Level 5:colcon.colcon_core.verb:set package 'bringup' build argument 'cmake_force_configure' from command line to 'False'
[1.406s] Level 5:colcon.colcon_core.verb:set package 'bringup' build argument 'ament_cmake_args' from command line to 'None'
[1.406s] Level 5:colcon.colcon_core.verb:set package 'bringup' build argument 'catkin_cmake_args' from command line to 'None'
[1.406s] Level 5:colcon.colcon_core.verb:set package 'bringup' build argument 'catkin_skip_building_tests' from command line to 'False'
[1.407s] DEBUG:colcon.colcon_core.verb:Building package 'bringup' with the following arguments: {'ament_cmake_args': None, 'build_base': '/home/hi/ros2_ws/build/bringup', 'catkin_cmake_args': None, 'catkin_skip_building_tests': False, 'cmake_args': None, 'cmake_clean_cache': False, 'cmake_clean_first': False, 'cmake_force_configure': False, 'cmake_target': None, 'cmake_target_skip_unavailable': False, 'install_base': '/home/hi/ros2_ws/install/bringup', 'merge_install': False, 'path': '/home/hi/ros2_ws/src/bringup', 'symlink_install': False, 'test_result_base': None}
[1.407s] INFO:colcon.colcon_core.executor:Executing jobs using 'parallel' executor
[1.414s] DEBUG:colcon.colcon_parallel_executor.executor.parallel:run_until_complete
[1.416s] INFO:colcon.colcon_ros.task.ament_cmake.build:Building ROS package in '/home/hi/ros2_ws/src/robot_description' with build type 'ament_cmake'
[1.418s] INFO:colcon.colcon_cmake.task.cmake.build:Building CMake package in '/home/hi/ros2_ws/src/robot_description'
[1.437s] INFO:colcon.colcon_core.plugin_system:Skipping extension 'colcon_core.shell.bat': Not used on non-Windows systems
[1.438s] INFO:colcon.colcon_core.shell:Skip shell extension 'powershell' for command environment: Not usable outside of PowerShell
[1.438s] DEBUG:colcon.colcon_core.shell:Skip shell extension 'dsv' for command environment
[1.451s] INFO:colcon.colcon_ros.task.ament_cmake.build:Building ROS package in '/home/hi/ros2_ws/src/robot_navigation' with build type 'ament_cmake'
[1.454s] INFO:colcon.colcon_cmake.task.cmake.build:Building CMake package in '/home/hi/ros2_ws/src/robot_navigation'
[1.457s] INFO:colcon.colcon_core.shell:Skip shell extension 'powershell' for command environment: Not usable outside of PowerShell
[1.458s] DEBUG:colcon.colcon_core.shell:Skip shell extension 'dsv' for command environment
[1.468s] INFO:colcon.colcon_ros.task.ament_cmake.build:Building ROS package in '/home/hi/ros2_ws/src/robot_node1' with build type 'ament_cmake'
[1.469s] INFO:colcon.colcon_cmake.task.cmake.build:Building CMake package in '/home/hi/ros2_ws/src/robot_node1'
[1.470s] INFO:colcon.colcon_core.shell:Skip shell extension 'powershell' for command environment: Not usable outside of PowerShell
[1.471s] DEBUG:colcon.colcon_core.shell:Skip shell extension 'dsv' for command environment
[1.512s] DEBUG:colcon.colcon_core.event_handler.log_command:Invoking command in '/home/hi/ros2_ws/build/robot_description': /usr/bin/cmake /home/hi/ros2_ws/src/robot_description -DCMAKE_INSTALL_PREFIX=/home/hi/ros2_ws/install/robot_description
[1.530s] DEBUG:colcon.colcon_core.event_handler.log_command:Invoking command in '/home/hi/ros2_ws/build/robot_navigation': /usr/bin/cmake /home/hi/ros2_ws/src/robot_navigation -DCMAKE_INSTALL_PREFIX=/home/hi/ros2_ws/install/robot_navigation
[1.572s] DEBUG:colcon.colcon_core.event_handler.log_command:Invoking command in '/home/hi/ros2_ws/build/robot_node1': /usr/bin/cmake /home/hi/ros2_ws/src/robot_node1 -DCMAKE_INSTALL_PREFIX=/home/hi/ros2_ws/install/robot_node1
[5.985s] DEBUG:colcon.colcon_core.event_handler.log_command:Invoked command in '/home/hi/ros2_ws/build/robot_navigation' returned '0': /usr/bin/cmake /home/hi/ros2_ws/src/robot_navigation -DCMAKE_INSTALL_PREFIX=/home/hi/ros2_ws/install/robot_navigation
[5.996s] DEBUG:colcon.colcon_core.event_handler.log_command:Invoking command in '/home/hi/ros2_ws/build/robot_navigation': /usr/bin/cmake --build /home/hi/ros2_ws/build/robot_navigation -- -j4 -l4
[6.111s] DEBUG:colcon.colcon_core.event_handler.log_command:Invoked command in '/home/hi/ros2_ws/build/robot_node1' returned '1': /usr/bin/cmake /home/hi/ros2_ws/src/robot_node1 -DCMAKE_INSTALL_PREFIX=/home/hi/ros2_ws/install/robot_node1
[6.167s] Level 1:colcon.colcon_core.environment:create_environment_scripts_only(robot_node1)
[6.185s] Level 1:colcon.colcon_core.environment:checking '/home/hi/ros2_ws/install/robot_node1' for CMake module files
[6.187s] Level 1:colcon.colcon_core.environment:checking '/home/hi/ros2_ws/install/robot_node1' for CMake config files
[6.189s] Level 1:colcon.colcon_core.environment:checking '/home/hi/ros2_ws/install/robot_node1/bin'
[6.189s] Level 1:colcon.colcon_core.environment:checking '/home/hi/ros2_ws/install/robot_node1/lib/pkgconfig/robot_node1.pc'
[6.197s] Level 1:colcon.colcon_core.environment:checking '/home/hi/ros2_ws/install/robot_node1/lib/python3.10/site-packages'
[6.199s] Level 1:colcon.colcon_core.environment:checking '/home/hi/ros2_ws/install/robot_node1/bin'
[6.200s] INFO:colcon.colcon_core.shell:Creating package script '/home/hi/ros2_ws/install/robot_node1/share/robot_node1/package.ps1'
[6.204s] INFO:colcon.colcon_core.shell:Creating package descriptor '/home/hi/ros2_ws/install/robot_node1/share/robot_node1/package.dsv'
[6.206s] INFO:colcon.colcon_core.shell:Creating package script '/home/hi/ros2_ws/install/robot_node1/share/robot_node1/package.sh'
[6.210s] INFO:colcon.colcon_core.shell:Creating package script '/home/hi/ros2_ws/install/robot_node1/share/robot_node1/package.bash'
[6.214s] INFO:colcon.colcon_core.shell:Creating package script '/home/hi/ros2_ws/install/robot_node1/share/robot_node1/package.zsh'
[6.218s] Level 1:colcon.colcon_core.environment:create_file_with_runtime_dependencies(/home/hi/ros2_ws/install/robot_node1/share/colcon-core/packages/robot_node1)
[6.730s] DEBUG:colcon.colcon_parallel_executor.executor.parallel:closing loop
[6.731s] DEBUG:colcon.colcon_parallel_executor.executor.parallel:loop closed
[6.732s] DEBUG:colcon.colcon_parallel_executor.executor.parallel:run_until_complete finished with '1'
[6.732s] DEBUG:colcon.colcon_core.event_reactor:joining thread
[6.762s] INFO:colcon.colcon_core.plugin_system:Skipping extension 'colcon_notification.desktop_notification.terminal_notifier': Not used on non-Darwin systems
[6.763s] INFO:colcon.colcon_core.plugin_system:Skipping extension 'colcon_notification.desktop_notification.win32': Not used on non-Windows systems
[6.763s] INFO:colcon.colcon_notification.desktop_notification:Sending desktop notification using 'notify2'
[6.823s] DEBUG:colcon.colcon_core.event_reactor:joined thread
[6.824s] INFO:colcon.colcon_core.shell:Creating prefix script '/home/hi/ros2_ws/install/local_setup.ps1'
[6.828s] INFO:colcon.colcon_core.shell:Creating prefix util module '/home/hi/ros2_ws/install/_local_setup_util_ps1.py'
[6.835s] INFO:colcon.colcon_core.shell:Creating prefix chain script '/home/hi/ros2_ws/install/setup.ps1'
[6.840s] INFO:colcon.colcon_core.shell:Creating prefix script '/home/hi/ros2_ws/install/local_setup.sh'
[6.843s] INFO:colcon.colcon_core.shell:Creating prefix util module '/home/hi/ros2_ws/install/_local_setup_util_sh.py'
[6.846s] INFO:colcon.colcon_core.shell:Creating prefix chain script '/home/hi/ros2_ws/install/setup.sh'
[6.851s] INFO:colcon.colcon_core.shell:Creating prefix script '/home/hi/ros2_ws/install/local_setup.bash'
[6.853s] INFO:colcon.colcon_core.shell:Creating prefix chain script '/home/hi/ros2_ws/install/setup.bash'
[6.858s] INFO:colcon.colcon_core.shell:Creating prefix script '/home/hi/ros2_ws/install/local_setup.zsh'
[6.861s] INFO:colcon.colcon_core.shell:Creating prefix chain script '/home/hi/ros2_ws/install/setup.zsh'
