[0.021s] Invoking command in '/home/r/ros2_ws/build/robot_navigation': CMAKE_PREFIX_PATH=${CMAKE_PREFIX_PATH}:/opt/ros/humble /usr/bin/cmake --build /home/r/ros2_ws/build/robot_navigation -- -j2 -l2
[0.165s] Invoked command in '/home/r/ros2_ws/build/robot_navigation' returned '0': CMAKE_PREFIX_PATH=${CMAKE_PREFIX_PATH}:/opt/ros/humble /usr/bin/cmake --build /home/r/ros2_ws/build/robot_navigation -- -j2 -l2
[0.205s] Invoking command in '/home/r/ros2_ws/build/robot_navigation': CMAKE_PREFIX_PATH=${CMAKE_PREFIX_PATH}:/opt/ros/humble /usr/bin/cmake --install /home/r/ros2_ws/build/robot_navigation
[0.214s] -- Install configuration: ""
[0.215s] -- Up-to-date: /home/r/ros2_ws/install/robot_navigation/share/robot_navigation/launch
[0.215s] -- Up-to-date: /home/r/ros2_ws/install/robot_navigation/share/robot_navigation/launch/nav2.launch.py
[0.215s] -- Up-to-date: /home/r/ros2_ws/install/robot_navigation/share/robot_navigation/launch/.vscode
[0.215s] -- Up-to-date: /home/r/ros2_ws/install/robot_navigation/share/robot_navigation/launch/.vscode/settings.json
[0.216s] -- Up-to-date: /home/r/ros2_ws/install/robot_navigation/share/robot_navigation/launch/.vscode/c_cpp_properties.json
[0.216s] -- Up-to-date: /home/r/ros2_ws/install/robot_navigation/share/robot_navigation/map
[0.216s] -- Up-to-date: /home/r/ros2_ws/install/robot_navigation/share/robot_navigation/map/map.yaml
[0.216s] -- Up-to-date: /home/r/ros2_ws/install/robot_navigation/share/robot_navigation/map/map.pgm
[0.216s] -- Up-to-date: /home/r/ros2_ws/install/robot_navigation/share/robot_navigation/param
[0.216s] -- Up-to-date: /home/r/ros2_ws/install/robot_navigation/share/robot_navigation/param/robot.yaml
[0.216s] -- Up-to-date: /home/r/ros2_ws/install/robot_navigation/share/robot_navigation/rviz
[0.216s] -- Installing: /home/r/ros2_ws/install/robot_navigation/share/robot_navigation/rviz/nav2.rviz
[0.216s] -- Up-to-date: /home/r/ros2_ws/install/robot_navigation/share/ament_index/resource_index/package_run_dependencies/robot_navigation
[0.216s] -- Up-to-date: /home/r/ros2_ws/install/robot_navigation/share/ament_index/resource_index/parent_prefix_path/robot_navigation
[0.216s] -- Up-to-date: /home/r/ros2_ws/install/robot_navigation/share/robot_navigation/environment/ament_prefix_path.sh
[0.217s] -- Up-to-date: /home/r/ros2_ws/install/robot_navigation/share/robot_navigation/environment/ament_prefix_path.dsv
[0.217s] -- Up-to-date: /home/r/ros2_ws/install/robot_navigation/share/robot_navigation/environment/path.sh
[0.217s] -- Up-to-date: /home/r/ros2_ws/install/robot_navigation/share/robot_navigation/environment/path.dsv
[0.217s] -- Up-to-date: /home/r/ros2_ws/install/robot_navigation/share/robot_navigation/local_setup.bash
[0.217s] -- Up-to-date: /home/r/ros2_ws/install/robot_navigation/share/robot_navigation/local_setup.sh
[0.217s] -- Up-to-date: /home/r/ros2_ws/install/robot_navigation/share/robot_navigation/local_setup.zsh
[0.218s] -- Up-to-date: /home/r/ros2_ws/install/robot_navigation/share/robot_navigation/local_setup.dsv
[0.219s] -- Installing: /home/r/ros2_ws/install/robot_navigation/share/robot_navigation/package.dsv
[0.219s] -- Up-to-date: /home/r/ros2_ws/install/robot_navigation/share/ament_index/resource_index/packages/robot_navigation
[0.219s] -- Up-to-date: /home/r/ros2_ws/install/robot_navigation/share/robot_navigation/cmake/robot_navigationConfig.cmake
[0.219s] -- Up-to-date: /home/r/ros2_ws/install/robot_navigation/share/robot_navigation/cmake/robot_navigationConfig-version.cmake
[0.219s] -- Up-to-date: /home/r/ros2_ws/install/robot_navigation/share/robot_navigation/package.xml
[0.222s] Invoked command in '/home/r/ros2_ws/build/robot_navigation' returned '0': CMAKE_PREFIX_PATH=${CMAKE_PREFIX_PATH}:/opt/ros/humble /usr/bin/cmake --install /home/r/ros2_ws/build/robot_navigation
