-- Install configuration: ""
-- Installing: /home/hi/ros2_ws/install/robot_navigation/share/robot_navigation/launch
-- Installing: /home/hi/ros2_ws/install/robot_navigation/share/robot_navigation/launch/.vscode
-- Installing: /home/hi/ros2_ws/install/robot_navigation/share/robot_navigation/launch/.vscode/settings.json
-- Installing: /home/hi/ros2_ws/install/robot_navigation/share/robot_navigation/launch/.vscode/c_cpp_properties.json
-- Installing: /home/hi/ros2_ws/install/robot_navigation/share/robot_navigation/launch/nav2.launch.py
-- Installing: /home/hi/ros2_ws/install/robot_navigation/share/robot_navigation/map
-- Installing: /home/hi/ros2_ws/install/robot_navigation/share/robot_navigation/map/map.yaml
-- Installing: /home/hi/ros2_ws/install/robot_navigation/share/robot_navigation/map/map5.pgm
-- Installing: /home/hi/ros2_ws/install/robot_navigation/share/robot_navigation/map/map.pgm
-- Installing: /home/hi/ros2_ws/install/robot_navigation/share/robot_navigation/param
-- Installing: /home/hi/ros2_ws/install/robot_navigation/share/robot_navigation/param/robot.yaml
-- Installing: /home/hi/ros2_ws/install/robot_navigation/share/robot_navigation/rviz
-- Installing: /home/hi/ros2_ws/install/robot_navigation/share/robot_navigation/rviz/nav2.rviz
-- Installing: /home/hi/ros2_ws/install/robot_navigation/share/ament_index/resource_index/package_run_dependencies/robot_navigation
-- Installing: /home/hi/ros2_ws/install/robot_navigation/share/ament_index/resource_index/parent_prefix_path/robot_navigation
-- Installing: /home/hi/ros2_ws/install/robot_navigation/share/robot_navigation/environment/ament_prefix_path.sh
-- Installing: /home/hi/ros2_ws/install/robot_navigation/share/robot_navigation/environment/ament_prefix_path.dsv
-- Installing: /home/hi/ros2_ws/install/robot_navigation/share/robot_navigation/environment/path.sh
-- Installing: /home/hi/ros2_ws/install/robot_navigation/share/robot_navigation/environment/path.dsv
-- Installing: /home/hi/ros2_ws/install/robot_navigation/share/robot_navigation/local_setup.bash
-- Installing: /home/hi/ros2_ws/install/robot_navigation/share/robot_navigation/local_setup.sh
-- Installing: /home/hi/ros2_ws/install/robot_navigation/share/robot_navigation/local_setup.zsh
-- Installing: /home/hi/ros2_ws/install/robot_navigation/share/robot_navigation/local_setup.dsv
-- Installing: /home/hi/ros2_ws/install/robot_navigation/share/robot_navigation/package.dsv
-- Installing: /home/hi/ros2_ws/install/robot_navigation/share/ament_index/resource_index/packages/robot_navigation
-- Installing: /home/hi/ros2_ws/install/robot_navigation/share/robot_navigation/cmake/robot_navigationConfig.cmake
-- Installing: /home/hi/ros2_ws/install/robot_navigation/share/robot_navigation/cmake/robot_navigationConfig-version.cmake
-- Installing: /home/hi/ros2_ws/install/robot_navigation/share/robot_navigation/package.xml
