[0.902s] DEBUG:colcon:Command line arguments: ['/usr/bin/colcon', 'list', '-p', '--base-paths', '/home/r/ros2_ws']
[0.902s] DEBUG:colcon:Parsed command line arguments: Namespace(log_base=None, log_level=None, verb_name='list', build_base='build', ignore_user_meta=False, metas=['./colcon.meta'], base_paths=['/home/r/ros2_ws'], packages_ignore=None, packages_ignore_regex=None, paths=None, packages_up_to=None, packages_up_to_regex=None, packages_above=None, packages_above_and_dependencies=None, packages_above_depth=None, packages_select_by_dep=None, packages_skip_by_dep=None, packages_skip_up_to=None, packages_select_build_failed=False, packages_skip_build_finished=False, packages_select_test_failures=False, packages_skip_test_passed=False, packages_select=None, packages_skip=None, packages_select_regex=None, packages_skip_regex=None, packages_start=None, packages_end=None, allow_overriding=[], topological_order=False, names_only=False, paths_only=True, topological_graph=False, topological_graph_dot=False, topological_graph_density=False, topological_graph_legend=False, topological_graph_dot_cluster=False, topological_graph_dot_include_skipped=False, mixin_files=None, mixin=None, verb_parser=<colcon_mixin.mixin.mixin_argument.MixinArgumentDecorator object at 0x7dadc7053730>, verb_extension=<colcon_package_information.verb.list.ListVerb object at 0x7dadc71526e0>, main=<bound method ListVerb.main of <colcon_package_information.verb.list.ListVerb object at 0x7dadc71526e0>>, mixin_verb=('list',))
[2.321s] Level 1:colcon.colcon_core.package_discovery:discover_packages(colcon_meta) check parameters
[2.322s] Level 1:colcon.colcon_core.package_discovery:discover_packages(recursive) check parameters
[2.322s] Level 1:colcon.colcon_core.package_discovery:discover_packages(ignore) check parameters
[2.322s] Level 1:colcon.colcon_core.package_discovery:discover_packages(path) check parameters
[2.322s] Level 1:colcon.colcon_core.package_discovery:discover_packages(recursive) discover
[2.322s] INFO:colcon.colcon_core.package_discovery:Crawling recursively for packages in '/home/r/ros2_ws'
[2.322s] Level 1:colcon.colcon_core.package_identification:_identify(/home/r/ros2_ws) by extensions ['ignore', 'ignore_ament_install']
[2.322s] Level 1:colcon.colcon_core.package_identification:_identify(/home/r/ros2_ws) by extension 'ignore'
[2.322s] Level 1:colcon.colcon_core.package_identification:_identify(/home/r/ros2_ws) by extension 'ignore_ament_install'
[2.322s] Level 1:colcon.colcon_core.package_identification:_identify(/home/r/ros2_ws) by extensions ['colcon_pkg']
[2.323s] Level 1:colcon.colcon_core.package_identification:_identify(/home/r/ros2_ws) by extension 'colcon_pkg'
[2.345s] Level 1:colcon.colcon_core.package_identification:_identify(/home/r/ros2_ws) by extensions ['colcon_meta']
[2.349s] Level 1:colcon.colcon_core.package_identification:_identify(/home/r/ros2_ws) by extension 'colcon_meta'
[2.353s] Level 1:colcon.colcon_core.package_identification:_identify(/home/r/ros2_ws) by extensions ['ros']
[2.353s] Level 1:colcon.colcon_core.package_identification:_identify(/home/r/ros2_ws) by extension 'ros'
[2.543s] Level 1:colcon.colcon_core.package_identification:_identify(/home/r/ros2_ws) by extensions ['cmake', 'python']
[2.551s] Level 1:colcon.colcon_core.package_identification:_identify(/home/r/ros2_ws) by extension 'cmake'
[2.552s] Level 1:colcon.colcon_core.package_identification:_identify(/home/r/ros2_ws) by extension 'python'
[2.552s] Level 1:colcon.colcon_core.package_identification:_identify(/home/r/ros2_ws) by extensions ['python_setup_py']
[2.552s] Level 1:colcon.colcon_core.package_identification:_identify(/home/r/ros2_ws) by extension 'python_setup_py'
[2.553s] Level 1:colcon.colcon_core.package_identification:_identify(/home/r/ros2_ws/build) by extensions ['ignore', 'ignore_ament_install']
[2.557s] Level 1:colcon.colcon_core.package_identification:_identify(/home/r/ros2_ws/build) by extension 'ignore'
[2.557s] Level 1:colcon.colcon_core.package_identification:_identify(/home/r/ros2_ws/build) ignored
[2.557s] Level 1:colcon.colcon_core.package_identification:_identify(/home/r/ros2_ws/install) by extensions ['ignore', 'ignore_ament_install']
[2.557s] Level 1:colcon.colcon_core.package_identification:_identify(/home/r/ros2_ws/install) by extension 'ignore'
[2.557s] Level 1:colcon.colcon_core.package_identification:_identify(/home/r/ros2_ws/install) ignored
[2.557s] Level 1:colcon.colcon_core.package_identification:_identify(/home/r/ros2_ws/log) by extensions ['ignore', 'ignore_ament_install']
[2.557s] Level 1:colcon.colcon_core.package_identification:_identify(/home/r/ros2_ws/log) by extension 'ignore'
[2.557s] Level 1:colcon.colcon_core.package_identification:_identify(/home/r/ros2_ws/log) ignored
[2.567s] Level 1:colcon.colcon_core.package_identification:_identify(/home/r/ros2_ws/src) by extensions ['ignore', 'ignore_ament_install']
[2.568s] Level 1:colcon.colcon_core.package_identification:_identify(/home/r/ros2_ws/src) by extension 'ignore'
[2.568s] Level 1:colcon.colcon_core.package_identification:_identify(/home/r/ros2_ws/src) by extension 'ignore_ament_install'
[2.568s] Level 1:colcon.colcon_core.package_identification:_identify(/home/r/ros2_ws/src) by extensions ['colcon_pkg']
[2.568s] Level 1:colcon.colcon_core.package_identification:_identify(/home/r/ros2_ws/src) by extension 'colcon_pkg'
[2.568s] Level 1:colcon.colcon_core.package_identification:_identify(/home/r/ros2_ws/src) by extensions ['colcon_meta']
[2.568s] Level 1:colcon.colcon_core.package_identification:_identify(/home/r/ros2_ws/src) by extension 'colcon_meta'
[2.568s] Level 1:colcon.colcon_core.package_identification:_identify(/home/r/ros2_ws/src) by extensions ['ros']
[2.568s] Level 1:colcon.colcon_core.package_identification:_identify(/home/r/ros2_ws/src) by extension 'ros'
[2.568s] Level 1:colcon.colcon_core.package_identification:_identify(/home/r/ros2_ws/src) by extensions ['cmake', 'python']
[2.575s] Level 1:colcon.colcon_core.package_identification:_identify(/home/r/ros2_ws/src) by extension 'cmake'
[2.576s] Level 1:colcon.colcon_core.package_identification:_identify(/home/r/ros2_ws/src) by extension 'python'
[2.576s] Level 1:colcon.colcon_core.package_identification:_identify(/home/r/ros2_ws/src) by extensions ['python_setup_py']
[2.576s] Level 1:colcon.colcon_core.package_identification:_identify(/home/r/ros2_ws/src) by extension 'python_setup_py'
[2.576s] Level 1:colcon.colcon_core.package_identification:_identify(/home/r/ros2_ws/src/bringup) by extensions ['ignore', 'ignore_ament_install']
[2.576s] Level 1:colcon.colcon_core.package_identification:_identify(/home/r/ros2_ws/src/bringup) by extension 'ignore'
[2.576s] Level 1:colcon.colcon_core.package_identification:_identify(/home/r/ros2_ws/src/bringup) by extension 'ignore_ament_install'
[2.576s] Level 1:colcon.colcon_core.package_identification:_identify(/home/r/ros2_ws/src/bringup) by extensions ['colcon_pkg']
[2.584s] Level 1:colcon.colcon_core.package_identification:_identify(/home/r/ros2_ws/src/bringup) by extension 'colcon_pkg'
[2.587s] Level 1:colcon.colcon_core.package_identification:_identify(/home/r/ros2_ws/src/bringup) by extensions ['colcon_meta']
[2.587s] Level 1:colcon.colcon_core.package_identification:_identify(/home/r/ros2_ws/src/bringup) by extension 'colcon_meta'
[2.587s] Level 1:colcon.colcon_core.package_identification:_identify(/home/r/ros2_ws/src/bringup) by extensions ['ros']
[2.587s] Level 1:colcon.colcon_core.package_identification:_identify(/home/r/ros2_ws/src/bringup) by extension 'ros'
[2.623s] DEBUG:colcon.colcon_core.package_identification:Package '/home/r/ros2_ws/src/bringup' with type 'ros.ament_cmake' and name 'bringup'
[2.624s] Level 1:colcon.colcon_core.package_identification:_identify(/home/r/ros2_ws/src/install) by extensions ['ignore', 'ignore_ament_install']
[2.624s] Level 1:colcon.colcon_core.package_identification:_identify(/home/r/ros2_ws/src/install) by extension 'ignore'
[2.624s] Level 1:colcon.colcon_core.package_identification:_identify(/home/r/ros2_ws/src/install) ignored
[2.627s] Level 1:colcon.colcon_core.package_identification:_identify(/home/r/ros2_ws/src/robot_description) by extensions ['ignore', 'ignore_ament_install']
[2.627s] Level 1:colcon.colcon_core.package_identification:_identify(/home/r/ros2_ws/src/robot_description) by extension 'ignore'
[2.627s] Level 1:colcon.colcon_core.package_identification:_identify(/home/r/ros2_ws/src/robot_description) by extension 'ignore_ament_install'
[2.627s] Level 1:colcon.colcon_core.package_identification:_identify(/home/r/ros2_ws/src/robot_description) by extensions ['colcon_pkg']
[2.627s] Level 1:colcon.colcon_core.package_identification:_identify(/home/r/ros2_ws/src/robot_description) by extension 'colcon_pkg'
[2.627s] Level 1:colcon.colcon_core.package_identification:_identify(/home/r/ros2_ws/src/robot_description) by extensions ['colcon_meta']
[2.628s] Level 1:colcon.colcon_core.package_identification:_identify(/home/r/ros2_ws/src/robot_description) by extension 'colcon_meta'
[2.628s] Level 1:colcon.colcon_core.package_identification:_identify(/home/r/ros2_ws/src/robot_description) by extensions ['ros']
[2.628s] Level 1:colcon.colcon_core.package_identification:_identify(/home/r/ros2_ws/src/robot_description) by extension 'ros'
[2.632s] DEBUG:colcon.colcon_core.package_identification:Package '/home/r/ros2_ws/src/robot_description' with type 'ros.ament_cmake' and name 'robot_description'
[2.634s] Level 1:colcon.colcon_core.package_identification:_identify(/home/r/ros2_ws/src/robot_navigation) by extensions ['ignore', 'ignore_ament_install']
[2.634s] Level 1:colcon.colcon_core.package_identification:_identify(/home/r/ros2_ws/src/robot_navigation) by extension 'ignore'
[2.634s] Level 1:colcon.colcon_core.package_identification:_identify(/home/r/ros2_ws/src/robot_navigation) by extension 'ignore_ament_install'
[2.634s] Level 1:colcon.colcon_core.package_identification:_identify(/home/r/ros2_ws/src/robot_navigation) by extensions ['colcon_pkg']
[2.634s] Level 1:colcon.colcon_core.package_identification:_identify(/home/r/ros2_ws/src/robot_navigation) by extension 'colcon_pkg'
[2.634s] Level 1:colcon.colcon_core.package_identification:_identify(/home/r/ros2_ws/src/robot_navigation) by extensions ['colcon_meta']
[2.634s] Level 1:colcon.colcon_core.package_identification:_identify(/home/r/ros2_ws/src/robot_navigation) by extension 'colcon_meta'
[2.635s] Level 1:colcon.colcon_core.package_identification:_identify(/home/r/ros2_ws/src/robot_navigation) by extensions ['ros']
[2.635s] Level 1:colcon.colcon_core.package_identification:_identify(/home/r/ros2_ws/src/robot_navigation) by extension 'ros'
[2.643s] DEBUG:colcon.colcon_core.package_identification:Package '/home/r/ros2_ws/src/robot_navigation' with type 'ros.ament_cmake' and name 'robot_navigation'
[2.643s] Level 1:colcon.colcon_core.package_discovery:discover_packages(recursive) using defaults
