[0.086s] Invoking command in '/home/hi/ros2_ws/build/bringup': AMENT_PREFIX_PATH=/home/hi/ros2_ws/install/robot_description:${AMENT_PREFIX_PATH} CMAKE_PREFIX_PATH=/home/hi/ros2_ws/install/robot_description:/home/hi/ros2_ws/install/robot_node1:/home/hi/ros2_ws/install/robot_navigation:/home/hi/ros2_ws/install/bringup:/opt/ros/humble /usr/bin/cmake --build /home/hi/ros2_ws/build/bringup -- -j4 -l4
[0.251s] Invoked command in '/home/hi/ros2_ws/build/bringup' returned '0': AMENT_PREFIX_PATH=/home/hi/ros2_ws/install/robot_description:${AMENT_PREFIX_PATH} CMAKE_PREFIX_PATH=/home/hi/ros2_ws/install/robot_description:/home/hi/ros2_ws/install/robot_node1:/home/hi/ros2_ws/install/robot_navigation:/home/hi/ros2_ws/install/bringup:/opt/ros/humble /usr/bin/cmake --build /home/hi/ros2_ws/build/bringup -- -j4 -l4
[0.376s] Invoking command in '/home/hi/ros2_ws/build/bringup': AMENT_PREFIX_PATH=/home/hi/ros2_ws/install/robot_description:${AMENT_PREFIX_PATH} CMAKE_PREFIX_PATH=/home/hi/ros2_ws/install/robot_description:/home/hi/ros2_ws/install/robot_node1:/home/hi/ros2_ws/install/robot_navigation:/home/hi/ros2_ws/install/bringup:/opt/ros/humble /usr/bin/cmake --install /home/hi/ros2_ws/build/bringup
[0.410s] -- Install configuration: ""
[0.411s] -- Up-to-date: /home/hi/ros2_ws/install/bringup/share/bringup/launch
[0.411s] -- Up-to-date: /home/hi/ros2_ws/install/bringup/share/bringup/launch/robot.launch.py
[0.412s] -- Up-to-date: /home/hi/ros2_ws/install/bringup/share/bringup/launch/robot_localization.launch.py
[0.412s] -- Up-to-date: /home/hi/ros2_ws/install/bringup/share/bringup/launch/rviz.launch.py
[0.413s] -- Up-to-date: /home/hi/ros2_ws/install/bringup/share/bringup/launch/robot_state_publisher.launch.py
[0.413s] -- Up-to-date: /home/hi/ros2_ws/install/bringup/share/ament_index/resource_index/package_run_dependencies/bringup
[0.414s] -- Up-to-date: /home/hi/ros2_ws/install/bringup/share/ament_index/resource_index/parent_prefix_path/bringup
[0.414s] -- Up-to-date: /home/hi/ros2_ws/install/bringup/share/bringup/environment/ament_prefix_path.sh
[0.415s] -- Up-to-date: /home/hi/ros2_ws/install/bringup/share/bringup/environment/ament_prefix_path.dsv
[0.415s] -- Up-to-date: /home/hi/ros2_ws/install/bringup/share/bringup/environment/path.sh
[0.416s] -- Up-to-date: /home/hi/ros2_ws/install/bringup/share/bringup/environment/path.dsv
[0.416s] -- Up-to-date: /home/hi/ros2_ws/install/bringup/share/bringup/local_setup.bash
[0.417s] -- Up-to-date: /home/hi/ros2_ws/install/bringup/share/bringup/local_setup.sh
[0.417s] -- Up-to-date: /home/hi/ros2_ws/install/bringup/share/bringup/local_setup.zsh
[0.418s] -- Up-to-date: /home/hi/ros2_ws/install/bringup/share/bringup/local_setup.dsv
[0.418s] -- Up-to-date: /home/hi/ros2_ws/install/bringup/share/bringup/package.dsv
[0.418s] -- Up-to-date: /home/hi/ros2_ws/install/bringup/share/ament_index/resource_index/packages/bringup
[0.419s] -- Up-to-date: /home/hi/ros2_ws/install/bringup/share/bringup/cmake/bringupConfig.cmake
[0.420s] -- Up-to-date: /home/hi/ros2_ws/install/bringup/share/bringup/cmake/bringupConfig-version.cmake
[0.420s] -- Up-to-date: /home/hi/ros2_ws/install/bringup/share/bringup/package.xml
[0.424s] Invoked command in '/home/hi/ros2_ws/build/bringup' returned '0': AMENT_PREFIX_PATH=/home/hi/ros2_ws/install/robot_description:${AMENT_PREFIX_PATH} CMAKE_PREFIX_PATH=/home/hi/ros2_ws/install/robot_description:/home/hi/ros2_ws/install/robot_node1:/home/hi/ros2_ws/install/robot_navigation:/home/hi/ros2_ws/install/bringup:/opt/ros/humble /usr/bin/cmake --install /home/hi/ros2_ws/build/bringup
