[0.026s] Invoking command in '/home/r/ros2_ws/build/robot_navigation': CMAKE_PREFIX_PATH=${CMAKE_PREFIX_PATH}:/opt/ros/humble /usr/bin/cmake --build /home/r/ros2_ws/build/robot_navigation -- -j2 -l2
[0.169s] -- Found ament_cmake: 1.3.10 (/opt/ros/humble/share/ament_cmake/cmake)
[0.389s] -- Found ament_lint_auto: 0.12.11 (/opt/ros/humble/share/ament_lint_auto/cmake)
[0.487s] -- Added test 'flake8' to check Python code syntax and style conventions
[0.488s] -- Added test 'lint_cmake' to check CMake code style
[0.490s] -- Added test 'pep257' to check Python code against some of the docstring style conventions in PEP 257
[0.494s] -- Added test 'xmllint' to check XML markup files
[0.497s] -- Configuring done
[0.506s] -- Generating done
[0.506s] -- Build files have been written to: /home/r/ros2_ws/build/robot_navigation
[0.558s] Invoked command in '/home/r/ros2_ws/build/robot_navigation' returned '0': CMAKE_PREFIX_PATH=${CMAKE_PREFIX_PATH}:/opt/ros/humble /usr/bin/cmake --build /home/r/ros2_ws/build/robot_navigation -- -j2 -l2
[0.592s] Invoking command in '/home/r/ros2_ws/build/robot_navigation': CMAKE_PREFIX_PATH=${CMAKE_PREFIX_PATH}:/opt/ros/humble /usr/bin/cmake --install /home/r/ros2_ws/build/robot_navigation
[0.600s] -- Install configuration: ""
[0.600s] -- Up-to-date: /home/r/ros2_ws/install/robot_navigation/share/robot_navigation/launch
[0.600s] -- Up-to-date: /home/r/ros2_ws/install/robot_navigation/share/robot_navigation/launch/nav2.launch.py
[0.600s] -- Up-to-date: /home/r/ros2_ws/install/robot_navigation/share/robot_navigation/launch/.vscode
[0.600s] -- Installing: /home/r/ros2_ws/install/robot_navigation/share/robot_navigation/launch/.vscode/settings.json
[0.601s] -- Installing: /home/r/ros2_ws/install/robot_navigation/share/robot_navigation/launch/.vscode/c_cpp_properties.json
[0.602s] -- Up-to-date: /home/r/ros2_ws/install/robot_navigation/share/robot_navigation/map
[0.603s] -- Installing: /home/r/ros2_ws/install/robot_navigation/share/robot_navigation/map/map.yaml
[0.603s] -- Installing: /home/r/ros2_ws/install/robot_navigation/share/robot_navigation/map/map5.pgm
[0.616s] -- Up-to-date: /home/r/ros2_ws/install/robot_navigation/share/robot_navigation/map/map.pgm
[0.616s] -- Up-to-date: /home/r/ros2_ws/install/robot_navigation/share/robot_navigation/param
[0.617s] -- Installing: /home/r/ros2_ws/install/robot_navigation/share/robot_navigation/param/robot.yaml
[0.618s] -- Up-to-date: /home/r/ros2_ws/install/robot_navigation/share/robot_navigation/rviz
[0.618s] -- Up-to-date: /home/r/ros2_ws/install/robot_navigation/share/robot_navigation/rviz/nav2.rviz
[0.618s] -- Up-to-date: /home/r/ros2_ws/install/robot_navigation/share/ament_index/resource_index/package_run_dependencies/robot_navigation
[0.619s] -- Up-to-date: /home/r/ros2_ws/install/robot_navigation/share/ament_index/resource_index/parent_prefix_path/robot_navigation
[0.619s] -- Installing: /home/r/ros2_ws/install/robot_navigation/share/robot_navigation/environment/ament_prefix_path.sh
[0.619s] -- Installing: /home/r/ros2_ws/install/robot_navigation/share/robot_navigation/environment/ament_prefix_path.dsv
[0.623s] -- Installing: /home/r/ros2_ws/install/robot_navigation/share/robot_navigation/environment/path.sh
[0.623s] -- Installing: /home/r/ros2_ws/install/robot_navigation/share/robot_navigation/environment/path.dsv
[0.623s] -- Up-to-date: /home/r/ros2_ws/install/robot_navigation/share/robot_navigation/local_setup.bash
[0.623s] -- Up-to-date: /home/r/ros2_ws/install/robot_navigation/share/robot_navigation/local_setup.sh
[0.623s] -- Up-to-date: /home/r/ros2_ws/install/robot_navigation/share/robot_navigation/local_setup.zsh
[0.623s] -- Installing: /home/r/ros2_ws/install/robot_navigation/share/robot_navigation/local_setup.dsv
[0.624s] -- Installing: /home/r/ros2_ws/install/robot_navigation/share/robot_navigation/package.dsv
[0.624s] -- Up-to-date: /home/r/ros2_ws/install/robot_navigation/share/ament_index/resource_index/packages/robot_navigation
[0.624s] -- Up-to-date: /home/r/ros2_ws/install/robot_navigation/share/robot_navigation/cmake/robot_navigationConfig.cmake
[0.624s] -- Up-to-date: /home/r/ros2_ws/install/robot_navigation/share/robot_navigation/cmake/robot_navigationConfig-version.cmake
[0.624s] -- Installing: /home/r/ros2_ws/install/robot_navigation/share/robot_navigation/package.xml
[0.627s] Invoked command in '/home/r/ros2_ws/build/robot_navigation' returned '0': CMAKE_PREFIX_PATH=${CMAKE_PREFIX_PATH}:/opt/ros/humble /usr/bin/cmake --install /home/r/ros2_ws/build/robot_navigation
