[0.048s] Invoking command in '/home/r/ros2_ws/build/robot_navigation': CMAKE_PREFIX_PATH=${CMAKE_PREFIX_PATH}:/opt/ros/humble /usr/bin/cmake --build /home/r/ros2_ws/build/robot_navigation -- -j2 -l2
[0.104s] Invoked command in '/home/r/ros2_ws/build/robot_navigation' returned '0': CMAKE_PREFIX_PATH=${CMAKE_PREFIX_PATH}:/opt/ros/humble /usr/bin/cmake --build /home/r/ros2_ws/build/robot_navigation -- -j2 -l2
[0.166s] Invoking command in '/home/r/ros2_ws/build/robot_navigation': CMAKE_PREFIX_PATH=${CMAKE_PREFIX_PATH}:/opt/ros/humble /usr/bin/cmake --install /home/r/ros2_ws/build/robot_navigation
[0.179s] -- Install configuration: ""
[0.179s] -- Up-to-date: /home/r/ros2_ws/install/robot_navigation/share/robot_navigation/launch
[0.179s] -- Up-to-date: /home/r/ros2_ws/install/robot_navigation/share/robot_navigation/launch/nav2.launch.py
[0.179s] -- Up-to-date: /home/r/ros2_ws/install/robot_navigation/share/robot_navigation/launch/.vscode
[0.180s] -- Up-to-date: /home/r/ros2_ws/install/robot_navigation/share/robot_navigation/launch/.vscode/settings.json
[0.180s] -- Up-to-date: /home/r/ros2_ws/install/robot_navigation/share/robot_navigation/launch/.vscode/c_cpp_properties.json
[0.180s] -- Up-to-date: /home/r/ros2_ws/install/robot_navigation/share/robot_navigation/map
[0.184s] -- Up-to-date: /home/r/ros2_ws/install/robot_navigation/share/robot_navigation/map/map.yaml
[0.184s] -- Up-to-date: /home/r/ros2_ws/install/robot_navigation/share/robot_navigation/map/map5.pgm
[0.184s] -- Up-to-date: /home/r/ros2_ws/install/robot_navigation/share/robot_navigation/map/map.pgm
[0.184s] -- Up-to-date: /home/r/ros2_ws/install/robot_navigation/share/robot_navigation/param
[0.184s] -- Up-to-date: /home/r/ros2_ws/install/robot_navigation/share/robot_navigation/param/robot.yaml
[0.184s] -- Up-to-date: /home/r/ros2_ws/install/robot_navigation/share/robot_navigation/rviz
[0.185s] -- Up-to-date: /home/r/ros2_ws/install/robot_navigation/share/robot_navigation/rviz/nav2.rviz
[0.185s] -- Up-to-date: /home/r/ros2_ws/install/robot_navigation/share/ament_index/resource_index/package_run_dependencies/robot_navigation
[0.185s] -- Up-to-date: /home/r/ros2_ws/install/robot_navigation/share/ament_index/resource_index/parent_prefix_path/robot_navigation
[0.186s] -- Up-to-date: /home/r/ros2_ws/install/robot_navigation/share/robot_navigation/environment/ament_prefix_path.sh
[0.186s] -- Up-to-date: /home/r/ros2_ws/install/robot_navigation/share/robot_navigation/environment/ament_prefix_path.dsv
[0.186s] -- Up-to-date: /home/r/ros2_ws/install/robot_navigation/share/robot_navigation/environment/path.sh
[0.186s] -- Up-to-date: /home/r/ros2_ws/install/robot_navigation/share/robot_navigation/environment/path.dsv
[0.186s] -- Up-to-date: /home/r/ros2_ws/install/robot_navigation/share/robot_navigation/local_setup.bash
[0.186s] -- Up-to-date: /home/r/ros2_ws/install/robot_navigation/share/robot_navigation/local_setup.sh
[0.186s] -- Up-to-date: /home/r/ros2_ws/install/robot_navigation/share/robot_navigation/local_setup.zsh
[0.186s] -- Up-to-date: /home/r/ros2_ws/install/robot_navigation/share/robot_navigation/local_setup.dsv
[0.186s] -- Up-to-date: /home/r/ros2_ws/install/robot_navigation/share/robot_navigation/package.dsv
[0.186s] -- Up-to-date: /home/r/ros2_ws/install/robot_navigation/share/ament_index/resource_index/packages/robot_navigation
[0.186s] -- Up-to-date: /home/r/ros2_ws/install/robot_navigation/share/robot_navigation/cmake/robot_navigationConfig.cmake
[0.186s] -- Up-to-date: /home/r/ros2_ws/install/robot_navigation/share/robot_navigation/cmake/robot_navigationConfig-version.cmake
[0.186s] -- Up-to-date: /home/r/ros2_ws/install/robot_navigation/share/robot_navigation/package.xml
[0.192s] Invoked command in '/home/r/ros2_ws/build/robot_navigation' returned '0': CMAKE_PREFIX_PATH=${CMAKE_PREFIX_PATH}:/opt/ros/humble /usr/bin/cmake --install /home/r/ros2_ws/build/robot_navigation
