[0.193s] Invoking command in '/home/hi/ros2_ws/build/robot_node1': CMAKE_PREFIX_PATH=${CMAKE_PREFIX_PATH}:/opt/ros/humble /usr/bin/cmake --build /home/hi/ros2_ws/build/robot_node1 -- -j4 -l4
[0.665s] [35m[1mConsolidate compiler generated dependencies of target imu_node[0m
[0.873s] [ 33%] [32mBuilding CXX object CMakeFiles/imu_node.dir/src/imu_node.cpp.o[0m
[31.020s] [ 66%] [32m[1mLinking CXX executable imu_node[0m
[32.779s] [100%] Built target imu_node
[32.844s] Invoked command in '/home/hi/ros2_ws/build/robot_node1' returned '0': CMAKE_PREFIX_PATH=${CMAKE_PREFIX_PATH}:/opt/ros/humble /usr/bin/cmake --build /home/hi/ros2_ws/build/robot_node1 -- -j4 -l4
[33.066s] Invoking command in '/home/hi/ros2_ws/build/robot_node1': CMAKE_PREFIX_PATH=${CMAKE_PREFIX_PATH}:/opt/ros/humble /usr/bin/cmake --install /home/hi/ros2_ws/build/robot_node1
[33.115s] -- Install configuration: ""
[33.120s] -- Installing: /home/hi/ros2_ws/install/robot_node1/lib/robot_node1/imu_node
[33.131s] -- Set runtime path of "/home/hi/ros2_ws/install/robot_node1/lib/robot_node1/imu_node" to ""
[33.147s] -- Up-to-date: /home/hi/ros2_ws/install/robot_node1/share/ament_index/resource_index/package_run_dependencies/robot_node1
[33.148s] -- Up-to-date: /home/hi/ros2_ws/install/robot_node1/share/ament_index/resource_index/parent_prefix_path/robot_node1
[33.150s] -- Up-to-date: /home/hi/ros2_ws/install/robot_node1/share/robot_node1/environment/ament_prefix_path.sh
[33.151s] -- Up-to-date: /home/hi/ros2_ws/install/robot_node1/share/robot_node1/environment/ament_prefix_path.dsv
[33.158s] -- Up-to-date: /home/hi/ros2_ws/install/robot_node1/share/robot_node1/environment/path.sh
[33.167s] -- Up-to-date: /home/hi/ros2_ws/install/robot_node1/share/robot_node1/environment/path.dsv
[33.168s] -- Up-to-date: /home/hi/ros2_ws/install/robot_node1/share/robot_node1/local_setup.bash
[33.169s] -- Up-to-date: /home/hi/ros2_ws/install/robot_node1/share/robot_node1/local_setup.sh
[33.170s] -- Up-to-date: /home/hi/ros2_ws/install/robot_node1/share/robot_node1/local_setup.zsh
[33.170s] -- Up-to-date: /home/hi/ros2_ws/install/robot_node1/share/robot_node1/local_setup.dsv
[33.171s] -- Installing: /home/hi/ros2_ws/install/robot_node1/share/robot_node1/package.dsv
[33.172s] -- Up-to-date: /home/hi/ros2_ws/install/robot_node1/share/ament_index/resource_index/packages/robot_node1
[33.176s] -- Up-to-date: /home/hi/ros2_ws/install/robot_node1/share/robot_node1/cmake/robot_node1Config.cmake
[33.178s] -- Up-to-date: /home/hi/ros2_ws/install/robot_node1/share/robot_node1/cmake/robot_node1Config-version.cmake
[33.178s] -- Up-to-date: /home/hi/ros2_ws/install/robot_node1/share/robot_node1/package.xml
[33.180s] Invoked command in '/home/hi/ros2_ws/build/robot_node1' returned '0': CMAKE_PREFIX_PATH=${CMAKE_PREFIX_PATH}:/opt/ros/humble /usr/bin/cmake --install /home/hi/ros2_ws/build/robot_node1
