[1.294s] DEBUG:colcon:Command line arguments: ['/usr/bin/colcon', 'build', '--packages-select', 'bringup', 'robot_description', 'robot_navigation', 'robot_node1']
[1.295s] DEBUG:colcon:Parsed command line arguments: Namespace(log_base=None, log_level=None, verb_name='build', build_base='build', install_base='install', merge_install=False, symlink_install=False, test_result_base=None, continue_on_error=False, executor='parallel', parallel_workers=4, event_handlers=None, ignore_user_meta=False, metas=['./colcon.meta'], base_paths=['.'], packages_ignore=None, packages_ignore_regex=None, paths=None, packages_up_to=None, packages_up_to_regex=None, packages_above=None, packages_above_and_dependencies=None, packages_above_depth=None, packages_select_by_dep=None, packages_skip_by_dep=None, packages_skip_up_to=None, packages_select_build_failed=False, packages_skip_build_finished=False, packages_select_test_failures=False, packages_skip_test_passed=False, packages_select=['bringup', 'robot_description', 'robot_navigation', 'robot_node1'], packages_skip=None, packages_select_regex=None, packages_skip_regex=None, packages_start=None, packages_end=None, allow_overriding=[], cmake_args=None, cmake_target=None, cmake_target_skip_unavailable=False, cmake_clean_cache=False, cmake_clean_first=False, cmake_force_configure=False, ament_cmake_args=None, catkin_cmake_args=None, catkin_skip_building_tests=False, verb_parser=<colcon_defaults.argument_parser.defaults.DefaultArgumentsDecorator object at 0xffff9dd7c430>, verb_extension=<colcon_core.verb.build.BuildVerb object at 0xffff9debd060>, main=<bound method BuildVerb.main of <colcon_core.verb.build.BuildVerb object at 0xffff9debd060>>)
[3.572s] Level 1:colcon.colcon_core.package_discovery:discover_packages(colcon_meta) check parameters
[3.574s] Level 1:colcon.colcon_core.package_discovery:discover_packages(recursive) check parameters
[3.574s] Level 1:colcon.colcon_core.package_discovery:discover_packages(ignore) check parameters
[3.574s] Level 1:colcon.colcon_core.package_discovery:discover_packages(path) check parameters
[3.574s] Level 1:colcon.colcon_core.package_discovery:discover_packages(colcon_meta) discover
[3.575s] Level 1:colcon.colcon_core.package_discovery:discover_packages(recursive) discover
[3.575s] INFO:colcon.colcon_core.package_discovery:Crawling recursively for packages in '/home/hi/ros2_ws'
[3.575s] Level 1:colcon.colcon_core.package_identification:_identify(.) by extensions ['ignore', 'ignore_ament_install']
[3.576s] Level 1:colcon.colcon_core.package_identification:_identify(.) by extension 'ignore'
[3.577s] Level 1:colcon.colcon_core.package_identification:_identify(.) by extension 'ignore_ament_install'
[3.577s] Level 1:colcon.colcon_core.package_identification:_identify(.) by extensions ['colcon_pkg']
[3.578s] Level 1:colcon.colcon_core.package_identification:_identify(.) by extension 'colcon_pkg'
[3.579s] Level 1:colcon.colcon_core.package_identification:_identify(.) by extensions ['colcon_meta']
[3.579s] Level 1:colcon.colcon_core.package_identification:_identify(.) by extension 'colcon_meta'
[3.580s] Level 1:colcon.colcon_core.package_identification:_identify(.) by extensions ['ros']
[3.581s] Level 1:colcon.colcon_core.package_identification:_identify(.) by extension 'ros'
[3.695s] Level 1:colcon.colcon_core.package_identification:_identify(.) by extensions ['cmake', 'python']
[3.696s] Level 1:colcon.colcon_core.package_identification:_identify(.) by extension 'cmake'
[3.696s] Level 1:colcon.colcon_core.package_identification:_identify(.) by extension 'python'
[3.697s] Level 1:colcon.colcon_core.package_identification:_identify(.) by extensions ['python_setup_py']
[3.698s] Level 1:colcon.colcon_core.package_identification:_identify(.) by extension 'python_setup_py'
[3.700s] Level 1:colcon.colcon_core.package_identification:_identify(build) by extensions ['ignore', 'ignore_ament_install']
[3.716s] Level 1:colcon.colcon_core.package_identification:_identify(build) by extension 'ignore'
[3.718s] Level 1:colcon.colcon_core.package_identification:_identify(build) ignored
[3.720s] Level 1:colcon.colcon_core.package_identification:_identify(install) by extensions ['ignore', 'ignore_ament_install']
[3.722s] Level 1:colcon.colcon_core.package_identification:_identify(install) by extension 'ignore'
[3.724s] Level 1:colcon.colcon_core.package_identification:_identify(install) ignored
[3.726s] Level 1:colcon.colcon_core.package_identification:_identify(log) by extensions ['ignore', 'ignore_ament_install']
[3.727s] Level 1:colcon.colcon_core.package_identification:_identify(log) by extension 'ignore'
[3.727s] Level 1:colcon.colcon_core.package_identification:_identify(log) ignored
[3.729s] Level 1:colcon.colcon_core.package_identification:_identify(src) by extensions ['ignore', 'ignore_ament_install']
[3.730s] Level 1:colcon.colcon_core.package_identification:_identify(src) by extension 'ignore'
[3.731s] Level 1:colcon.colcon_core.package_identification:_identify(src) by extension 'ignore_ament_install'
[3.732s] Level 1:colcon.colcon_core.package_identification:_identify(src) by extensions ['colcon_pkg']
[3.733s] Level 1:colcon.colcon_core.package_identification:_identify(src) by extension 'colcon_pkg'
[3.735s] Level 1:colcon.colcon_core.package_identification:_identify(src) by extensions ['colcon_meta']
[3.735s] Level 1:colcon.colcon_core.package_identification:_identify(src) by extension 'colcon_meta'
[3.737s] Level 1:colcon.colcon_core.package_identification:_identify(src) by extensions ['ros']
[3.739s] Level 1:colcon.colcon_core.package_identification:_identify(src) by extension 'ros'
[3.741s] Level 1:colcon.colcon_core.package_identification:_identify(src) by extensions ['cmake', 'python']
[3.742s] Level 1:colcon.colcon_core.package_identification:_identify(src) by extension 'cmake'
[3.743s] Level 1:colcon.colcon_core.package_identification:_identify(src) by extension 'python'
[3.744s] Level 1:colcon.colcon_core.package_identification:_identify(src) by extensions ['python_setup_py']
[3.745s] Level 1:colcon.colcon_core.package_identification:_identify(src) by extension 'python_setup_py'
[3.747s] Level 1:colcon.colcon_core.package_identification:_identify(src/bringup) by extensions ['ignore', 'ignore_ament_install']
[3.748s] Level 1:colcon.colcon_core.package_identification:_identify(src/bringup) by extension 'ignore'
[3.749s] Level 1:colcon.colcon_core.package_identification:_identify(src/bringup) by extension 'ignore_ament_install'
[3.750s] Level 1:colcon.colcon_core.package_identification:_identify(src/bringup) by extensions ['colcon_pkg']
[3.751s] Level 1:colcon.colcon_core.package_identification:_identify(src/bringup) by extension 'colcon_pkg'
[3.752s] Level 1:colcon.colcon_core.package_identification:_identify(src/bringup) by extensions ['colcon_meta']
[3.753s] Level 1:colcon.colcon_core.package_identification:_identify(src/bringup) by extension 'colcon_meta'
[3.754s] Level 1:colcon.colcon_core.package_identification:_identify(src/bringup) by extensions ['ros']
[3.754s] Level 1:colcon.colcon_core.package_identification:_identify(src/bringup) by extension 'ros'
[3.775s] DEBUG:colcon.colcon_core.package_identification:Package 'src/bringup' with type 'ros.ament_cmake' and name 'bringup'
[3.776s] Level 1:colcon.colcon_core.package_identification:_identify(src/robot_description) by extensions ['ignore', 'ignore_ament_install']
[3.777s] Level 1:colcon.colcon_core.package_identification:_identify(src/robot_description) by extension 'ignore'
[3.778s] Level 1:colcon.colcon_core.package_identification:_identify(src/robot_description) by extension 'ignore_ament_install'
[3.778s] Level 1:colcon.colcon_core.package_identification:_identify(src/robot_description) by extensions ['colcon_pkg']
[3.779s] Level 1:colcon.colcon_core.package_identification:_identify(src/robot_description) by extension 'colcon_pkg'
[3.779s] Level 1:colcon.colcon_core.package_identification:_identify(src/robot_description) by extensions ['colcon_meta']
[3.780s] Level 1:colcon.colcon_core.package_identification:_identify(src/robot_description) by extension 'colcon_meta'
[3.781s] Level 1:colcon.colcon_core.package_identification:_identify(src/robot_description) by extensions ['ros']
[3.782s] Level 1:colcon.colcon_core.package_identification:_identify(src/robot_description) by extension 'ros'
[3.790s] DEBUG:colcon.colcon_core.package_identification:Package 'src/robot_description' with type 'ros.ament_cmake' and name 'robot_description'
[3.792s] Level 1:colcon.colcon_core.package_identification:_identify(src/robot_navigation) by extensions ['ignore', 'ignore_ament_install']
[3.794s] Level 1:colcon.colcon_core.package_identification:_identify(src/robot_navigation) by extension 'ignore'
[3.795s] Level 1:colcon.colcon_core.package_identification:_identify(src/robot_navigation) by extension 'ignore_ament_install'
[3.796s] Level 1:colcon.colcon_core.package_identification:_identify(src/robot_navigation) by extensions ['colcon_pkg']
[3.796s] Level 1:colcon.colcon_core.package_identification:_identify(src/robot_navigation) by extension 'colcon_pkg'
[3.797s] Level 1:colcon.colcon_core.package_identification:_identify(src/robot_navigation) by extensions ['colcon_meta']
[3.798s] Level 1:colcon.colcon_core.package_identification:_identify(src/robot_navigation) by extension 'colcon_meta'
[3.799s] Level 1:colcon.colcon_core.package_identification:_identify(src/robot_navigation) by extensions ['ros']
[3.799s] Level 1:colcon.colcon_core.package_identification:_identify(src/robot_navigation) by extension 'ros'
[3.803s] DEBUG:colcon.colcon_core.package_identification:Package 'src/robot_navigation' with type 'ros.ament_cmake' and name 'robot_navigation'
[3.805s] Level 1:colcon.colcon_core.package_identification:_identify(src/robot_node1) by extensions ['ignore', 'ignore_ament_install']
[3.806s] Level 1:colcon.colcon_core.package_identification:_identify(src/robot_node1) by extension 'ignore'
[3.807s] Level 1:colcon.colcon_core.package_identification:_identify(src/robot_node1) by extension 'ignore_ament_install'
[3.807s] Level 1:colcon.colcon_core.package_identification:_identify(src/robot_node1) by extensions ['colcon_pkg']
[3.807s] Level 1:colcon.colcon_core.package_identification:_identify(src/robot_node1) by extension 'colcon_pkg'
[3.808s] Level 1:colcon.colcon_core.package_identification:_identify(src/robot_node1) by extensions ['colcon_meta']
[3.808s] Level 1:colcon.colcon_core.package_identification:_identify(src/robot_node1) by extension 'colcon_meta'
[3.809s] Level 1:colcon.colcon_core.package_identification:_identify(src/robot_node1) by extensions ['ros']
[3.809s] Level 1:colcon.colcon_core.package_identification:_identify(src/robot_node1) by extension 'ros'
[3.814s] DEBUG:colcon.colcon_core.package_identification:Package 'src/robot_node1' with type 'ros.ament_cmake' and name 'robot_node1'
[3.815s] Level 1:colcon.colcon_core.package_discovery:discover_packages(recursive) using defaults
[3.816s] Level 1:colcon.colcon_core.package_discovery:discover_packages(ignore) discover
[3.816s] Level 1:colcon.colcon_core.package_discovery:discover_packages(ignore) using defaults
[3.817s] Level 1:colcon.colcon_core.package_discovery:discover_packages(path) discover
[3.818s] Level 1:colcon.colcon_core.package_discovery:discover_packages(path) using defaults
[4.013s] Level 1:colcon.colcon_core.package_discovery:discover_packages(prefix_path) check parameters
[4.014s] Level 1:colcon.colcon_core.package_discovery:discover_packages(prefix_path) discover
[4.041s] DEBUG:colcon.colcon_installed_package_information.package_discovery:Found 4 installed packages in /home/hi/ros2_ws/install
[4.047s] DEBUG:colcon.colcon_installed_package_information.package_discovery:Found 1 installed packages in /home/hi/robot_localization/install
[4.051s] DEBUG:colcon.colcon_installed_package_information.package_discovery:Found 1 installed packages in /home/hi/work_s/install
[4.064s] DEBUG:colcon.colcon_installed_package_information.package_discovery:Found 324 installed packages in /opt/ros/humble
[4.075s] Level 1:colcon.colcon_core.package_discovery:discover_packages(prefix_path) using defaults
[4.748s] Level 5:colcon.colcon_core.verb:set package 'robot_description' build argument 'cmake_args' from command line to 'None'
[4.749s] Level 5:colcon.colcon_core.verb:set package 'robot_description' build argument 'cmake_target' from command line to 'None'
[4.749s] Level 5:colcon.colcon_core.verb:set package 'robot_description' build argument 'cmake_target_skip_unavailable' from command line to 'False'
[4.749s] Level 5:colcon.colcon_core.verb:set package 'robot_description' build argument 'cmake_clean_cache' from command line to 'False'
[4.750s] Level 5:colcon.colcon_core.verb:set package 'robot_description' build argument 'cmake_clean_first' from command line to 'False'
[4.750s] Level 5:colcon.colcon_core.verb:set package 'robot_description' build argument 'cmake_force_configure' from command line to 'False'
[4.750s] Level 5:colcon.colcon_core.verb:set package 'robot_description' build argument 'ament_cmake_args' from command line to 'None'
[4.751s] Level 5:colcon.colcon_core.verb:set package 'robot_description' build argument 'catkin_cmake_args' from command line to 'None'
[4.751s] Level 5:colcon.colcon_core.verb:set package 'robot_description' build argument 'catkin_skip_building_tests' from command line to 'False'
[4.751s] DEBUG:colcon.colcon_core.verb:Building package 'robot_description' with the following arguments: {'ament_cmake_args': None, 'build_base': '/home/hi/ros2_ws/build/robot_description', 'catkin_cmake_args': None, 'catkin_skip_building_tests': False, 'cmake_args': None, 'cmake_clean_cache': False, 'cmake_clean_first': False, 'cmake_force_configure': False, 'cmake_target': None, 'cmake_target_skip_unavailable': False, 'install_base': '/home/hi/ros2_ws/install/robot_description', 'merge_install': False, 'path': '/home/hi/ros2_ws/src/robot_description', 'symlink_install': False, 'test_result_base': None}
[4.755s] Level 5:colcon.colcon_core.verb:set package 'robot_navigation' build argument 'cmake_args' from command line to 'None'
[4.755s] Level 5:colcon.colcon_core.verb:set package 'robot_navigation' build argument 'cmake_target' from command line to 'None'
[4.755s] Level 5:colcon.colcon_core.verb:set package 'robot_navigation' build argument 'cmake_target_skip_unavailable' from command line to 'False'
[4.756s] Level 5:colcon.colcon_core.verb:set package 'robot_navigation' build argument 'cmake_clean_cache' from command line to 'False'
[4.756s] Level 5:colcon.colcon_core.verb:set package 'robot_navigation' build argument 'cmake_clean_first' from command line to 'False'
[4.756s] Level 5:colcon.colcon_core.verb:set package 'robot_navigation' build argument 'cmake_force_configure' from command line to 'False'
[4.756s] Level 5:colcon.colcon_core.verb:set package 'robot_navigation' build argument 'ament_cmake_args' from command line to 'None'
[4.756s] Level 5:colcon.colcon_core.verb:set package 'robot_navigation' build argument 'catkin_cmake_args' from command line to 'None'
[4.756s] Level 5:colcon.colcon_core.verb:set package 'robot_navigation' build argument 'catkin_skip_building_tests' from command line to 'False'
[4.756s] DEBUG:colcon.colcon_core.verb:Building package 'robot_navigation' with the following arguments: {'ament_cmake_args': None, 'build_base': '/home/hi/ros2_ws/build/robot_navigation', 'catkin_cmake_args': None, 'catkin_skip_building_tests': False, 'cmake_args': None, 'cmake_clean_cache': False, 'cmake_clean_first': False, 'cmake_force_configure': False, 'cmake_target': None, 'cmake_target_skip_unavailable': False, 'install_base': '/home/hi/ros2_ws/install/robot_navigation', 'merge_install': False, 'path': '/home/hi/ros2_ws/src/robot_navigation', 'symlink_install': False, 'test_result_base': None}
[4.759s] Level 5:colcon.colcon_core.verb:set package 'robot_node1' build argument 'cmake_args' from command line to 'None'
[4.759s] Level 5:colcon.colcon_core.verb:set package 'robot_node1' build argument 'cmake_target' from command line to 'None'
[4.760s] Level 5:colcon.colcon_core.verb:set package 'robot_node1' build argument 'cmake_target_skip_unavailable' from command line to 'False'
[4.760s] Level 5:colcon.colcon_core.verb:set package 'robot_node1' build argument 'cmake_clean_cache' from command line to 'False'
[4.760s] Level 5:colcon.colcon_core.verb:set package 'robot_node1' build argument 'cmake_clean_first' from command line to 'False'
[4.760s] Level 5:colcon.colcon_core.verb:set package 'robot_node1' build argument 'cmake_force_configure' from command line to 'False'
[4.760s] Level 5:colcon.colcon_core.verb:set package 'robot_node1' build argument 'ament_cmake_args' from command line to 'None'
[4.760s] Level 5:colcon.colcon_core.verb:set package 'robot_node1' build argument 'catkin_cmake_args' from command line to 'None'
[4.760s] Level 5:colcon.colcon_core.verb:set package 'robot_node1' build argument 'catkin_skip_building_tests' from command line to 'False'
[4.761s] DEBUG:colcon.colcon_core.verb:Building package 'robot_node1' with the following arguments: {'ament_cmake_args': None, 'build_base': '/home/hi/ros2_ws/build/robot_node1', 'catkin_cmake_args': None, 'catkin_skip_building_tests': False, 'cmake_args': None, 'cmake_clean_cache': False, 'cmake_clean_first': False, 'cmake_force_configure': False, 'cmake_target': None, 'cmake_target_skip_unavailable': False, 'install_base': '/home/hi/ros2_ws/install/robot_node1', 'merge_install': False, 'path': '/home/hi/ros2_ws/src/robot_node1', 'symlink_install': False, 'test_result_base': None}
[4.764s] Level 5:colcon.colcon_core.verb:set package 'bringup' build argument 'cmake_args' from command line to 'None'
[4.765s] Level 5:colcon.colcon_core.verb:set package 'bringup' build argument 'cmake_target' from command line to 'None'
[4.766s] Level 5:colcon.colcon_core.verb:set package 'bringup' build argument 'cmake_target_skip_unavailable' from command line to 'False'
[4.766s] Level 5:colcon.colcon_core.verb:set package 'bringup' build argument 'cmake_clean_cache' from command line to 'False'
[4.767s] Level 5:colcon.colcon_core.verb:set package 'bringup' build argument 'cmake_clean_first' from command line to 'False'
[4.767s] Level 5:colcon.colcon_core.verb:set package 'bringup' build argument 'cmake_force_configure' from command line to 'False'
[4.768s] Level 5:colcon.colcon_core.verb:set package 'bringup' build argument 'ament_cmake_args' from command line to 'None'
[4.768s] Level 5:colcon.colcon_core.verb:set package 'bringup' build argument 'catkin_cmake_args' from command line to 'None'
[4.769s] Level 5:colcon.colcon_core.verb:set package 'bringup' build argument 'catkin_skip_building_tests' from command line to 'False'
[4.769s] DEBUG:colcon.colcon_core.verb:Building package 'bringup' with the following arguments: {'ament_cmake_args': None, 'build_base': '/home/hi/ros2_ws/build/bringup', 'catkin_cmake_args': None, 'catkin_skip_building_tests': False, 'cmake_args': None, 'cmake_clean_cache': False, 'cmake_clean_first': False, 'cmake_force_configure': False, 'cmake_target': None, 'cmake_target_skip_unavailable': False, 'install_base': '/home/hi/ros2_ws/install/bringup', 'merge_install': False, 'path': '/home/hi/ros2_ws/src/bringup', 'symlink_install': False, 'test_result_base': None}
[4.771s] INFO:colcon.colcon_core.executor:Executing jobs using 'parallel' executor
[4.778s] DEBUG:colcon.colcon_parallel_executor.executor.parallel:run_until_complete
[4.781s] INFO:colcon.colcon_ros.task.ament_cmake.build:Building ROS package in '/home/hi/ros2_ws/src/robot_description' with build type 'ament_cmake'
[4.784s] INFO:colcon.colcon_cmake.task.cmake.build:Building CMake package in '/home/hi/ros2_ws/src/robot_description'
[4.814s] INFO:colcon.colcon_core.plugin_system:Skipping extension 'colcon_core.shell.bat': Not used on non-Windows systems
[4.816s] INFO:colcon.colcon_core.shell:Skip shell extension 'powershell' for command environment: Not usable outside of PowerShell
[4.817s] DEBUG:colcon.colcon_core.shell:Skip shell extension 'dsv' for command environment
[4.867s] INFO:colcon.colcon_ros.task.ament_cmake.build:Building ROS package in '/home/hi/ros2_ws/src/robot_navigation' with build type 'ament_cmake'
[4.870s] INFO:colcon.colcon_cmake.task.cmake.build:Building CMake package in '/home/hi/ros2_ws/src/robot_navigation'
[4.872s] INFO:colcon.colcon_core.shell:Skip shell extension 'powershell' for command environment: Not usable outside of PowerShell
[4.873s] DEBUG:colcon.colcon_core.shell:Skip shell extension 'dsv' for command environment
[4.943s] INFO:colcon.colcon_ros.task.ament_cmake.build:Building ROS package in '/home/hi/ros2_ws/src/robot_node1' with build type 'ament_cmake'
[4.944s] INFO:colcon.colcon_cmake.task.cmake.build:Building CMake package in '/home/hi/ros2_ws/src/robot_node1'
[4.947s] INFO:colcon.colcon_core.shell:Skip shell extension 'powershell' for command environment: Not usable outside of PowerShell
[4.950s] DEBUG:colcon.colcon_core.shell:Skip shell extension 'dsv' for command environment
[5.121s] DEBUG:colcon.colcon_core.event_handler.log_command:Invoking command in '/home/hi/ros2_ws/build/robot_description': CMAKE_PREFIX_PATH=${CMAKE_PREFIX_PATH}:/opt/ros/humble /usr/bin/cmake --build /home/hi/ros2_ws/build/robot_description -- -j4 -l4
[5.137s] DEBUG:colcon.colcon_core.event_handler.log_command:Invoking command in '/home/hi/ros2_ws/build/robot_navigation': CMAKE_PREFIX_PATH=${CMAKE_PREFIX_PATH}:/opt/ros/humble /usr/bin/cmake --build /home/hi/ros2_ws/build/robot_navigation -- -j4 -l4
[5.279s] DEBUG:colcon.colcon_core.event_handler.log_command:Invoking command in '/home/hi/ros2_ws/build/robot_node1': CMAKE_PREFIX_PATH=${CMAKE_PREFIX_PATH}:/opt/ros/humble /usr/bin/cmake --build /home/hi/ros2_ws/build/robot_node1 -- -j4 -l4
[5.708s] DEBUG:colcon.colcon_core.event_handler.log_command:Invoked command in '/home/hi/ros2_ws/build/robot_description' returned '0': CMAKE_PREFIX_PATH=${CMAKE_PREFIX_PATH}:/opt/ros/humble /usr/bin/cmake --build /home/hi/ros2_ws/build/robot_description -- -j4 -l4
[5.746s] DEBUG:colcon.colcon_core.event_handler.log_command:Invoked command in '/home/hi/ros2_ws/build/robot_navigation' returned '0': CMAKE_PREFIX_PATH=${CMAKE_PREFIX_PATH}:/opt/ros/humble /usr/bin/cmake --build /home/hi/ros2_ws/build/robot_navigation -- -j4 -l4
[6.263s] DEBUG:colcon.colcon_core.event_handler.log_command:Invoking command in '/home/hi/ros2_ws/build/robot_description': CMAKE_PREFIX_PATH=${CMAKE_PREFIX_PATH}:/opt/ros/humble /usr/bin/cmake --install /home/hi/ros2_ws/build/robot_description
[6.308s] DEBUG:colcon.colcon_core.event_handler.log_command:Invoking command in '/home/hi/ros2_ws/build/robot_navigation': CMAKE_PREFIX_PATH=${CMAKE_PREFIX_PATH}:/opt/ros/humble /usr/bin/cmake --install /home/hi/ros2_ws/build/robot_navigation
[6.412s] Level 1:colcon.colcon_core.environment:create_environment_scripts_only(robot_description)
[6.495s] Level 1:colcon.colcon_core.environment:checking '/home/hi/ros2_ws/install/robot_description' for CMake module files
[6.509s] Level 1:colcon.colcon_core.environment:checking '/home/hi/ros2_ws/install/robot_description' for CMake config files
[6.512s] Level 1:colcon.colcon_core.shell:create_environment_hook('robot_description', 'cmake_prefix_path')
[6.514s] INFO:colcon.colcon_core.shell:Creating environment hook '/home/hi/ros2_ws/install/robot_description/share/robot_description/hook/cmake_prefix_path.ps1'
[6.519s] DEBUG:colcon.colcon_core.event_handler.log_command:Invoked command in '/home/hi/ros2_ws/build/robot_description' returned '0': CMAKE_PREFIX_PATH=${CMAKE_PREFIX_PATH}:/opt/ros/humble /usr/bin/cmake --install /home/hi/ros2_ws/build/robot_description
[6.537s] INFO:colcon.colcon_core.shell:Creating environment descriptor '/home/hi/ros2_ws/install/robot_description/share/robot_description/hook/cmake_prefix_path.dsv'
[6.549s] INFO:colcon.colcon_core.shell:Creating environment hook '/home/hi/ros2_ws/install/robot_description/share/robot_description/hook/cmake_prefix_path.sh'
[6.561s] Level 1:colcon.colcon_core.environment:checking '/home/hi/ros2_ws/install/robot_description/bin'
[6.562s] Level 1:colcon.colcon_core.environment:checking '/home/hi/ros2_ws/install/robot_description/lib/pkgconfig/robot_description.pc'
[6.564s] Level 1:colcon.colcon_core.environment:checking '/home/hi/ros2_ws/install/robot_description/lib/python3.10/site-packages'
[6.566s] Level 1:colcon.colcon_core.environment:checking '/home/hi/ros2_ws/install/robot_description/bin'
[6.568s] INFO:colcon.colcon_core.shell:Creating package script '/home/hi/ros2_ws/install/robot_description/share/robot_description/package.ps1'
[6.577s] INFO:colcon.colcon_core.shell:Creating package descriptor '/home/hi/ros2_ws/install/robot_description/share/robot_description/package.dsv'
[6.586s] INFO:colcon.colcon_core.shell:Creating package script '/home/hi/ros2_ws/install/robot_description/share/robot_description/package.sh'
[6.606s] INFO:colcon.colcon_core.shell:Creating package script '/home/hi/ros2_ws/install/robot_description/share/robot_description/package.bash'
[6.616s] INFO:colcon.colcon_core.shell:Creating package script '/home/hi/ros2_ws/install/robot_description/share/robot_description/package.zsh'
[6.630s] Level 1:colcon.colcon_core.environment:create_file_with_runtime_dependencies(/home/hi/ros2_ws/install/robot_description/share/colcon-core/packages/robot_description)
[6.674s] Level 1:colcon.colcon_core.environment:create_environment_scripts_only(robot_navigation)
[6.677s] DEBUG:colcon.colcon_core.event_handler.log_command:Invoked command in '/home/hi/ros2_ws/build/robot_navigation' returned '0': CMAKE_PREFIX_PATH=${CMAKE_PREFIX_PATH}:/opt/ros/humble /usr/bin/cmake --install /home/hi/ros2_ws/build/robot_navigation
[6.687s] Level 1:colcon.colcon_core.environment:checking '/home/hi/ros2_ws/install/robot_navigation' for CMake module files
[6.712s] Level 1:colcon.colcon_core.environment:checking '/home/hi/ros2_ws/install/robot_navigation' for CMake config files
[6.728s] Level 1:colcon.colcon_core.shell:create_environment_hook('robot_navigation', 'cmake_prefix_path')
[6.735s] INFO:colcon.colcon_core.shell:Creating environment hook '/home/hi/ros2_ws/install/robot_navigation/share/robot_navigation/hook/cmake_prefix_path.ps1'
[6.742s] INFO:colcon.colcon_core.shell:Creating environment descriptor '/home/hi/ros2_ws/install/robot_navigation/share/robot_navigation/hook/cmake_prefix_path.dsv'
[6.757s] INFO:colcon.colcon_core.shell:Creating environment hook '/home/hi/ros2_ws/install/robot_navigation/share/robot_navigation/hook/cmake_prefix_path.sh'
[6.763s] Level 1:colcon.colcon_core.environment:checking '/home/hi/ros2_ws/install/robot_navigation/bin'
[6.764s] Level 1:colcon.colcon_core.environment:checking '/home/hi/ros2_ws/install/robot_navigation/lib/pkgconfig/robot_navigation.pc'
[6.766s] Level 1:colcon.colcon_core.environment:checking '/home/hi/ros2_ws/install/robot_navigation/lib/python3.10/site-packages'
[6.768s] Level 1:colcon.colcon_core.environment:checking '/home/hi/ros2_ws/install/robot_navigation/bin'
[6.773s] INFO:colcon.colcon_core.shell:Creating package script '/home/hi/ros2_ws/install/robot_navigation/share/robot_navigation/package.ps1'
[6.779s] INFO:colcon.colcon_core.shell:Creating package descriptor '/home/hi/ros2_ws/install/robot_navigation/share/robot_navigation/package.dsv'
[6.786s] INFO:colcon.colcon_core.shell:Creating package script '/home/hi/ros2_ws/install/robot_navigation/share/robot_navigation/package.sh'
[6.792s] INFO:colcon.colcon_core.shell:Creating package script '/home/hi/ros2_ws/install/robot_navigation/share/robot_navigation/package.bash'
[6.798s] INFO:colcon.colcon_core.shell:Creating package script '/home/hi/ros2_ws/install/robot_navigation/share/robot_navigation/package.zsh'
[6.807s] Level 1:colcon.colcon_core.environment:create_file_with_runtime_dependencies(/home/hi/ros2_ws/install/robot_navigation/share/colcon-core/packages/robot_navigation)
[7.017s] Level 1:colcon.colcon_core.environment:create_environment_scripts_only(robot_description)
[7.020s] Level 1:colcon.colcon_core.environment:checking '/home/hi/ros2_ws/install/robot_description' for CMake module files
[7.027s] Level 1:colcon.colcon_core.environment:checking '/home/hi/ros2_ws/install/robot_description' for CMake config files
[7.031s] Level 1:colcon.colcon_core.shell:create_environment_hook('robot_description', 'cmake_prefix_path')
[7.034s] INFO:colcon.colcon_core.shell:Creating environment hook '/home/hi/ros2_ws/install/robot_description/share/robot_description/hook/cmake_prefix_path.ps1'
[7.042s] INFO:colcon.colcon_core.shell:Creating environment descriptor '/home/hi/ros2_ws/install/robot_description/share/robot_description/hook/cmake_prefix_path.dsv'
[7.050s] INFO:colcon.colcon_core.shell:Creating environment hook '/home/hi/ros2_ws/install/robot_description/share/robot_description/hook/cmake_prefix_path.sh'
[7.065s] Level 1:colcon.colcon_core.environment:checking '/home/hi/ros2_ws/install/robot_description/bin'
[7.066s] Level 1:colcon.colcon_core.environment:checking '/home/hi/ros2_ws/install/robot_description/lib/pkgconfig/robot_description.pc'
[7.068s] Level 1:colcon.colcon_core.environment:checking '/home/hi/ros2_ws/install/robot_description/lib/python3.10/site-packages'
[7.087s] Level 1:colcon.colcon_core.environment:checking '/home/hi/ros2_ws/install/robot_description/bin'
[7.100s] INFO:colcon.colcon_core.shell:Creating package script '/home/hi/ros2_ws/install/robot_description/share/robot_description/package.ps1'
[7.110s] INFO:colcon.colcon_core.shell:Creating package descriptor '/home/hi/ros2_ws/install/robot_description/share/robot_description/package.dsv'
[7.115s] INFO:colcon.colcon_core.shell:Creating package script '/home/hi/ros2_ws/install/robot_description/share/robot_description/package.sh'
[7.119s] INFO:colcon.colcon_core.shell:Creating package script '/home/hi/ros2_ws/install/robot_description/share/robot_description/package.bash'
[7.125s] INFO:colcon.colcon_core.shell:Creating package script '/home/hi/ros2_ws/install/robot_description/share/robot_description/package.zsh'
[7.136s] Level 1:colcon.colcon_core.environment:create_file_with_runtime_dependencies(/home/hi/ros2_ws/install/robot_description/share/colcon-core/packages/robot_description)
[7.149s] INFO:colcon.colcon_ros.task.ament_cmake.build:Building ROS package in '/home/hi/ros2_ws/src/bringup' with build type 'ament_cmake'
[7.151s] INFO:colcon.colcon_cmake.task.cmake.build:Building CMake package in '/home/hi/ros2_ws/src/bringup'
[7.153s] INFO:colcon.colcon_core.shell:Skip shell extension 'powershell' for command environment: Not usable outside of PowerShell
[7.155s] DEBUG:colcon.colcon_core.shell:Skip shell extension 'dsv' for command environment
[7.222s] Level 1:colcon.colcon_core.environment:create_environment_scripts_only(robot_navigation)
[7.225s] Level 1:colcon.colcon_core.environment:checking '/home/hi/ros2_ws/install/robot_navigation' for CMake module files
[7.247s] Level 1:colcon.colcon_core.environment:checking '/home/hi/ros2_ws/install/robot_navigation' for CMake config files
[7.256s] Level 1:colcon.colcon_core.shell:create_environment_hook('robot_navigation', 'cmake_prefix_path')
[7.259s] INFO:colcon.colcon_core.shell:Creating environment hook '/home/hi/ros2_ws/install/robot_navigation/share/robot_navigation/hook/cmake_prefix_path.ps1'
[7.264s] INFO:colcon.colcon_core.shell:Creating environment descriptor '/home/hi/ros2_ws/install/robot_navigation/share/robot_navigation/hook/cmake_prefix_path.dsv'
[7.267s] INFO:colcon.colcon_core.shell:Creating environment hook '/home/hi/ros2_ws/install/robot_navigation/share/robot_navigation/hook/cmake_prefix_path.sh'
[7.275s] Level 1:colcon.colcon_core.environment:checking '/home/hi/ros2_ws/install/robot_navigation/bin'
[7.276s] Level 1:colcon.colcon_core.environment:checking '/home/hi/ros2_ws/install/robot_navigation/lib/pkgconfig/robot_navigation.pc'
[7.279s] Level 1:colcon.colcon_core.environment:checking '/home/hi/ros2_ws/install/robot_navigation/lib/python3.10/site-packages'
[7.282s] Level 1:colcon.colcon_core.environment:checking '/home/hi/ros2_ws/install/robot_navigation/bin'
[7.286s] INFO:colcon.colcon_core.shell:Creating package script '/home/hi/ros2_ws/install/robot_navigation/share/robot_navigation/package.ps1'
[7.290s] INFO:colcon.colcon_core.shell:Creating package descriptor '/home/hi/ros2_ws/install/robot_navigation/share/robot_navigation/package.dsv'
[7.298s] INFO:colcon.colcon_core.shell:Creating package script '/home/hi/ros2_ws/install/robot_navigation/share/robot_navigation/package.sh'
[7.306s] INFO:colcon.colcon_core.shell:Creating package script '/home/hi/ros2_ws/install/robot_navigation/share/robot_navigation/package.bash'
[7.311s] INFO:colcon.colcon_core.shell:Creating package script '/home/hi/ros2_ws/install/robot_navigation/share/robot_navigation/package.zsh'
[7.315s] Level 1:colcon.colcon_core.environment:create_file_with_runtime_dependencies(/home/hi/ros2_ws/install/robot_navigation/share/colcon-core/packages/robot_navigation)
[7.364s] DEBUG:colcon.colcon_core.event_handler.log_command:Invoking command in '/home/hi/ros2_ws/build/bringup': CMAKE_PREFIX_PATH=/home/hi/ros2_ws/install/robot_description:/home/hi/ros2_ws/install/robot_node1:/home/hi/ros2_ws/install/robot_navigation:/home/hi/ros2_ws/install/bringup:/home/hi/robot_localization/install/robot_localization:/home/hi/work_s/install/sllidar_ros2:/opt/ros/humble /usr/bin/cmake --build /home/hi/ros2_ws/build/bringup -- -j4 -l4
[7.901s] DEBUG:colcon.colcon_core.event_handler.log_command:Invoked command in '/home/hi/ros2_ws/build/bringup' returned '0': CMAKE_PREFIX_PATH=/home/hi/ros2_ws/install/robot_description:/home/hi/ros2_ws/install/robot_node1:/home/hi/ros2_ws/install/robot_navigation:/home/hi/ros2_ws/install/bringup:/home/hi/robot_localization/install/robot_localization:/home/hi/work_s/install/sllidar_ros2:/opt/ros/humble /usr/bin/cmake --build /home/hi/ros2_ws/build/bringup -- -j4 -l4
[8.181s] DEBUG:colcon.colcon_core.event_handler.log_command:Invoking command in '/home/hi/ros2_ws/build/bringup': CMAKE_PREFIX_PATH=/home/hi/ros2_ws/install/robot_description:/home/hi/ros2_ws/install/robot_node1:/home/hi/ros2_ws/install/robot_navigation:/home/hi/ros2_ws/install/bringup:/home/hi/robot_localization/install/robot_localization:/home/hi/work_s/install/sllidar_ros2:/opt/ros/humble /usr/bin/cmake --install /home/hi/ros2_ws/build/bringup
[8.303s] Level 1:colcon.colcon_core.environment:create_environment_scripts_only(bringup)
[8.305s] Level 1:colcon.colcon_core.environment:checking '/home/hi/ros2_ws/install/bringup' for CMake module files
[8.311s] Level 1:colcon.colcon_core.environment:checking '/home/hi/ros2_ws/install/bringup' for CMake config files
[8.327s] Level 1:colcon.colcon_core.shell:create_environment_hook('bringup', 'cmake_prefix_path')
[8.330s] INFO:colcon.colcon_core.shell:Creating environment hook '/home/hi/ros2_ws/install/bringup/share/bringup/hook/cmake_prefix_path.ps1'
[8.343s] INFO:colcon.colcon_core.shell:Creating environment descriptor '/home/hi/ros2_ws/install/bringup/share/bringup/hook/cmake_prefix_path.dsv'
[8.371s] DEBUG:colcon.colcon_core.event_handler.log_command:Invoked command in '/home/hi/ros2_ws/build/bringup' returned '0': CMAKE_PREFIX_PATH=/home/hi/ros2_ws/install/robot_description:/home/hi/ros2_ws/install/robot_node1:/home/hi/ros2_ws/install/robot_navigation:/home/hi/ros2_ws/install/bringup:/home/hi/robot_localization/install/robot_localization:/home/hi/work_s/install/sllidar_ros2:/opt/ros/humble /usr/bin/cmake --install /home/hi/ros2_ws/build/bringup
[8.373s] INFO:colcon.colcon_core.shell:Creating environment hook '/home/hi/ros2_ws/install/bringup/share/bringup/hook/cmake_prefix_path.sh'
[8.380s] Level 1:colcon.colcon_core.environment:checking '/home/hi/ros2_ws/install/bringup/bin'
[8.381s] Level 1:colcon.colcon_core.environment:checking '/home/hi/ros2_ws/install/bringup/lib/pkgconfig/bringup.pc'
[8.384s] Level 1:colcon.colcon_core.environment:checking '/home/hi/ros2_ws/install/bringup/lib/python3.10/site-packages'
[8.389s] Level 1:colcon.colcon_core.environment:checking '/home/hi/ros2_ws/install/bringup/bin'
[8.392s] INFO:colcon.colcon_core.shell:Creating package script '/home/hi/ros2_ws/install/bringup/share/bringup/package.ps1'
[8.402s] INFO:colcon.colcon_core.shell:Creating package descriptor '/home/hi/ros2_ws/install/bringup/share/bringup/package.dsv'
[8.406s] INFO:colcon.colcon_core.shell:Creating package script '/home/hi/ros2_ws/install/bringup/share/bringup/package.sh'
[8.411s] INFO:colcon.colcon_core.shell:Creating package script '/home/hi/ros2_ws/install/bringup/share/bringup/package.bash'
[8.418s] INFO:colcon.colcon_core.shell:Creating package script '/home/hi/ros2_ws/install/bringup/share/bringup/package.zsh'
[8.425s] Level 1:colcon.colcon_core.environment:create_file_with_runtime_dependencies(/home/hi/ros2_ws/install/bringup/share/colcon-core/packages/bringup)
[8.720s] Level 1:colcon.colcon_core.environment:create_environment_scripts_only(bringup)
[8.723s] Level 1:colcon.colcon_core.environment:checking '/home/hi/ros2_ws/install/bringup' for CMake module files
[8.728s] Level 1:colcon.colcon_core.environment:checking '/home/hi/ros2_ws/install/bringup' for CMake config files
[8.747s] Level 1:colcon.colcon_core.shell:create_environment_hook('bringup', 'cmake_prefix_path')
[8.750s] INFO:colcon.colcon_core.shell:Creating environment hook '/home/hi/ros2_ws/install/bringup/share/bringup/hook/cmake_prefix_path.ps1'
[8.756s] INFO:colcon.colcon_core.shell:Creating environment descriptor '/home/hi/ros2_ws/install/bringup/share/bringup/hook/cmake_prefix_path.dsv'
[8.764s] INFO:colcon.colcon_core.shell:Creating environment hook '/home/hi/ros2_ws/install/bringup/share/bringup/hook/cmake_prefix_path.sh'
[8.773s] Level 1:colcon.colcon_core.environment:checking '/home/hi/ros2_ws/install/bringup/bin'
[8.774s] Level 1:colcon.colcon_core.environment:checking '/home/hi/ros2_ws/install/bringup/lib/pkgconfig/bringup.pc'
[8.777s] Level 1:colcon.colcon_core.environment:checking '/home/hi/ros2_ws/install/bringup/lib/python3.10/site-packages'
[8.778s] Level 1:colcon.colcon_core.environment:checking '/home/hi/ros2_ws/install/bringup/bin'
[8.781s] INFO:colcon.colcon_core.shell:Creating package script '/home/hi/ros2_ws/install/bringup/share/bringup/package.ps1'
[8.789s] INFO:colcon.colcon_core.shell:Creating package descriptor '/home/hi/ros2_ws/install/bringup/share/bringup/package.dsv'
[8.795s] INFO:colcon.colcon_core.shell:Creating package script '/home/hi/ros2_ws/install/bringup/share/bringup/package.sh'
[8.803s] INFO:colcon.colcon_core.shell:Creating package script '/home/hi/ros2_ws/install/bringup/share/bringup/package.bash'
[8.811s] INFO:colcon.colcon_core.shell:Creating package script '/home/hi/ros2_ws/install/bringup/share/bringup/package.zsh'
[8.821s] Level 1:colcon.colcon_core.environment:create_file_with_runtime_dependencies(/home/hi/ros2_ws/install/bringup/share/colcon-core/packages/bringup)
[36.372s] DEBUG:colcon.colcon_core.event_handler.log_command:Invoked command in '/home/hi/ros2_ws/build/robot_node1' returned '2': CMAKE_PREFIX_PATH=${CMAKE_PREFIX_PATH}:/opt/ros/humble /usr/bin/cmake --build /home/hi/ros2_ws/build/robot_node1 -- -j4 -l4
[36.537s] Level 1:colcon.colcon_core.environment:create_environment_scripts_only(robot_node1)
[36.538s] Level 1:colcon.colcon_core.environment:checking '/home/hi/ros2_ws/install/robot_node1' for CMake module files
[36.542s] Level 1:colcon.colcon_core.environment:checking '/home/hi/ros2_ws/install/robot_node1' for CMake config files
[36.544s] Level 1:colcon.colcon_core.shell:create_environment_hook('robot_node1', 'cmake_prefix_path')
[36.545s] INFO:colcon.colcon_core.shell:Creating environment hook '/home/hi/ros2_ws/install/robot_node1/share/robot_node1/hook/cmake_prefix_path.ps1'
[36.548s] INFO:colcon.colcon_core.shell:Creating environment descriptor '/home/hi/ros2_ws/install/robot_node1/share/robot_node1/hook/cmake_prefix_path.dsv'
[36.551s] INFO:colcon.colcon_core.shell:Creating environment hook '/home/hi/ros2_ws/install/robot_node1/share/robot_node1/hook/cmake_prefix_path.sh'
[36.554s] Level 1:colcon.colcon_core.environment:checking '/home/hi/ros2_ws/install/robot_node1/lib'
[36.555s] Level 1:colcon.colcon_core.environment:checking '/home/hi/ros2_ws/install/robot_node1/bin'
[36.556s] Level 1:colcon.colcon_core.environment:checking '/home/hi/ros2_ws/install/robot_node1/lib/pkgconfig/robot_node1.pc'
[36.557s] Level 1:colcon.colcon_core.environment:checking '/home/hi/ros2_ws/install/robot_node1/lib/python3.10/site-packages'
[36.557s] Level 1:colcon.colcon_core.environment:checking '/home/hi/ros2_ws/install/robot_node1/bin'
[36.559s] INFO:colcon.colcon_core.shell:Creating package script '/home/hi/ros2_ws/install/robot_node1/share/robot_node1/package.ps1'
[36.562s] INFO:colcon.colcon_core.shell:Creating package descriptor '/home/hi/ros2_ws/install/robot_node1/share/robot_node1/package.dsv'
[36.564s] INFO:colcon.colcon_core.shell:Creating package script '/home/hi/ros2_ws/install/robot_node1/share/robot_node1/package.sh'
[36.566s] INFO:colcon.colcon_core.shell:Creating package script '/home/hi/ros2_ws/install/robot_node1/share/robot_node1/package.bash'
[36.568s] INFO:colcon.colcon_core.shell:Creating package script '/home/hi/ros2_ws/install/robot_node1/share/robot_node1/package.zsh'
[36.570s] Level 1:colcon.colcon_core.environment:create_file_with_runtime_dependencies(/home/hi/ros2_ws/install/robot_node1/share/colcon-core/packages/robot_node1)
[36.581s] DEBUG:colcon.colcon_parallel_executor.executor.parallel:closing loop
[36.582s] DEBUG:colcon.colcon_parallel_executor.executor.parallel:loop closed
[36.582s] DEBUG:colcon.colcon_parallel_executor.executor.parallel:run_until_complete finished with '2'
[36.583s] DEBUG:colcon.colcon_core.event_reactor:joining thread
[36.609s] INFO:colcon.colcon_core.plugin_system:Skipping extension 'colcon_notification.desktop_notification.terminal_notifier': Not used on non-Darwin systems
[36.609s] INFO:colcon.colcon_core.plugin_system:Skipping extension 'colcon_notification.desktop_notification.win32': Not used on non-Windows systems
[36.609s] INFO:colcon.colcon_notification.desktop_notification:Sending desktop notification using 'notify2'
[36.667s] DEBUG:colcon.colcon_core.event_reactor:joined thread
[36.668s] INFO:colcon.colcon_core.shell:Creating prefix script '/home/hi/ros2_ws/install/local_setup.ps1'
[36.672s] INFO:colcon.colcon_core.shell:Creating prefix util module '/home/hi/ros2_ws/install/_local_setup_util_ps1.py'
[36.680s] INFO:colcon.colcon_core.shell:Creating prefix chain script '/home/hi/ros2_ws/install/setup.ps1'
[36.690s] INFO:colcon.colcon_core.shell:Creating prefix script '/home/hi/ros2_ws/install/local_setup.sh'
[36.695s] INFO:colcon.colcon_core.shell:Creating prefix util module '/home/hi/ros2_ws/install/_local_setup_util_sh.py'
[36.698s] INFO:colcon.colcon_core.shell:Creating prefix chain script '/home/hi/ros2_ws/install/setup.sh'
[36.705s] INFO:colcon.colcon_core.shell:Creating prefix script '/home/hi/ros2_ws/install/local_setup.bash'
[36.708s] INFO:colcon.colcon_core.shell:Creating prefix chain script '/home/hi/ros2_ws/install/setup.bash'
[36.715s] INFO:colcon.colcon_core.shell:Creating prefix script '/home/hi/ros2_ws/install/local_setup.zsh'
[36.718s] INFO:colcon.colcon_core.shell:Creating prefix chain script '/home/hi/ros2_ws/install/setup.zsh'
