[0.282s] Invoking command in '/home/hi/ros2_ws/build/bringup': CMAKE_PREFIX_PATH=/home/hi/ros2_ws/install/robot_description:/home/hi/ros2_ws/install/robot_node1:/home/hi/ros2_ws/install/robot_navigation:/home/hi/ros2_ws/install/bringup:/opt/ros/humble /usr/bin/cmake --build /home/hi/ros2_ws/build/bringup -- -j4 -l4
[0.669s] Invoked command in '/home/hi/ros2_ws/build/bringup' returned '0': CMAKE_PREFIX_PATH=/home/hi/ros2_ws/install/robot_description:/home/hi/ros2_ws/install/robot_node1:/home/hi/ros2_ws/install/robot_navigation:/home/hi/ros2_ws/install/bringup:/opt/ros/humble /usr/bin/cmake --build /home/hi/ros2_ws/build/bringup -- -j4 -l4
[0.927s] Invoking command in '/home/hi/ros2_ws/build/bringup': CMAKE_PREFIX_PATH=/home/hi/ros2_ws/install/robot_description:/home/hi/ros2_ws/install/robot_node1:/home/hi/ros2_ws/install/robot_navigation:/home/hi/ros2_ws/install/bringup:/opt/ros/humble /usr/bin/cmake --install /home/hi/ros2_ws/build/bringup
[0.988s] -- Install configuration: ""
[1.001s] -- Up-to-date: /home/hi/ros2_ws/install/bringup/share/bringup/launch
[1.003s] -- Up-to-date: /home/hi/ros2_ws/install/bringup/share/bringup/launch/robot.launch.py
[1.008s] -- Up-to-date: /home/hi/ros2_ws/install/bringup/share/bringup/launch/robot_localization.launch.py
[1.010s] -- Up-to-date: /home/hi/ros2_ws/install/bringup/share/bringup/launch/rviz.launch.py
[1.012s] -- Up-to-date: /home/hi/ros2_ws/install/bringup/share/bringup/launch/robot_state_publisher.launch.py
[1.017s] -- Up-to-date: /home/hi/ros2_ws/install/bringup/share/ament_index/resource_index/package_run_dependencies/bringup
[1.023s] -- Up-to-date: /home/hi/ros2_ws/install/bringup/share/ament_index/resource_index/parent_prefix_path/bringup
[1.030s] -- Up-to-date: /home/hi/ros2_ws/install/bringup/share/bringup/environment/ament_prefix_path.sh
[1.033s] -- Up-to-date: /home/hi/ros2_ws/install/bringup/share/bringup/environment/ament_prefix_path.dsv
[1.034s] -- Up-to-date: /home/hi/ros2_ws/install/bringup/share/bringup/environment/path.sh
[1.036s] -- Up-to-date: /home/hi/ros2_ws/install/bringup/share/bringup/environment/path.dsv
[1.037s] -- Up-to-date: /home/hi/ros2_ws/install/bringup/share/bringup/local_setup.bash
[1.038s] -- Up-to-date: /home/hi/ros2_ws/install/bringup/share/bringup/local_setup.sh
[1.040s] -- Up-to-date: /home/hi/ros2_ws/install/bringup/share/bringup/local_setup.zsh
[1.041s] -- Up-to-date: /home/hi/ros2_ws/install/bringup/share/bringup/local_setup.dsv
[1.042s] -- Installing: /home/hi/ros2_ws/install/bringup/share/bringup/package.dsv
[1.044s] -- Up-to-date: /home/hi/ros2_ws/install/bringup/share/ament_index/resource_index/packages/bringup
[1.046s] -- Up-to-date: /home/hi/ros2_ws/install/bringup/share/bringup/cmake/bringupConfig.cmake
[1.049s] -- Up-to-date: /home/hi/ros2_ws/install/bringup/share/bringup/cmake/bringupConfig-version.cmake
[1.051s] -- Up-to-date: /home/hi/ros2_ws/install/bringup/share/bringup/package.xml
[1.053s] Invoked command in '/home/hi/ros2_ws/build/bringup' returned '0': CMAKE_PREFIX_PATH=/home/hi/ros2_ws/install/robot_description:/home/hi/ros2_ws/install/robot_node1:/home/hi/ros2_ws/install/robot_navigation:/home/hi/ros2_ws/install/bringup:/opt/ros/humble /usr/bin/cmake --install /home/hi/ros2_ws/build/bringup
