[2.511s] DEBUG:colcon:Command line arguments: ['/usr/bin/colcon', 'build', '--packages-select', 'bringup']
[2.511s] DEBUG:colcon:Parsed command line arguments: Namespace(log_base=None, log_level=None, verb_name='build', build_base='build', install_base='install', merge_install=False, symlink_install=False, test_result_base=None, continue_on_error=False, executor='parallel', parallel_workers=2, event_handlers=None, ignore_user_meta=False, metas=['./colcon.meta'], base_paths=['.'], packages_ignore=None, packages_ignore_regex=None, paths=None, packages_up_to=None, packages_up_to_regex=None, packages_above=None, packages_above_and_dependencies=None, packages_above_depth=None, packages_select_by_dep=None, packages_skip_by_dep=None, packages_skip_up_to=None, packages_select_build_failed=False, packages_skip_build_finished=False, packages_select_test_failures=False, packages_skip_test_passed=False, packages_select=['bringup'], packages_skip=None, packages_select_regex=None, packages_skip_regex=None, packages_start=None, packages_end=None, allow_overriding=[], cmake_args=None, cmake_target=None, cmake_target_skip_unavailable=False, cmake_clean_cache=False, cmake_clean_first=False, cmake_force_configure=False, ament_cmake_args=None, catkin_cmake_args=None, catkin_skip_building_tests=False, mixin_files=None, mixin=None, verb_parser=<colcon_mixin.mixin.mixin_argument.MixinArgumentDecorator object at 0x76ab3b93e560>, verb_extension=<colcon_core.verb.build.BuildVerb object at 0x76ab3b93e0b0>, main=<bound method BuildVerb.main of <colcon_core.verb.build.BuildVerb object at 0x76ab3b93e0b0>>, mixin_verb=('build',))
[4.833s] Level 1:colcon.colcon_core.package_discovery:discover_packages(colcon_meta) check parameters
[4.834s] Level 1:colcon.colcon_core.package_discovery:discover_packages(recursive) check parameters
[4.834s] Level 1:colcon.colcon_core.package_discovery:discover_packages(ignore) check parameters
[4.834s] Level 1:colcon.colcon_core.package_discovery:discover_packages(path) check parameters
[4.834s] Level 1:colcon.colcon_core.package_discovery:discover_packages(colcon_meta) discover
[4.834s] Level 1:colcon.colcon_core.package_discovery:discover_packages(recursive) discover
[4.834s] INFO:colcon.colcon_core.package_discovery:Crawling recursively for packages in '/home/r/ros2_ws'
[4.835s] Level 1:colcon.colcon_core.package_identification:_identify(.) by extensions ['ignore', 'ignore_ament_install']
[4.836s] Level 1:colcon.colcon_core.package_identification:_identify(.) by extension 'ignore'
[4.836s] Level 1:colcon.colcon_core.package_identification:_identify(.) by extension 'ignore_ament_install'
[4.836s] Level 1:colcon.colcon_core.package_identification:_identify(.) by extensions ['colcon_pkg']
[4.836s] Level 1:colcon.colcon_core.package_identification:_identify(.) by extension 'colcon_pkg'
[4.837s] Level 1:colcon.colcon_core.package_identification:_identify(.) by extensions ['colcon_meta']
[4.837s] Level 1:colcon.colcon_core.package_identification:_identify(.) by extension 'colcon_meta'
[4.837s] Level 1:colcon.colcon_core.package_identification:_identify(.) by extensions ['ros']
[4.837s] Level 1:colcon.colcon_core.package_identification:_identify(.) by extension 'ros'
[4.909s] Level 1:colcon.colcon_core.package_identification:_identify(.) by extensions ['cmake', 'python']
[4.909s] Level 1:colcon.colcon_core.package_identification:_identify(.) by extension 'cmake'
[4.909s] Level 1:colcon.colcon_core.package_identification:_identify(.) by extension 'python'
[4.909s] Level 1:colcon.colcon_core.package_identification:_identify(.) by extensions ['python_setup_py']
[4.909s] Level 1:colcon.colcon_core.package_identification:_identify(.) by extension 'python_setup_py'
[4.910s] Level 1:colcon.colcon_core.package_identification:_identify(build) by extensions ['ignore', 'ignore_ament_install']
[4.910s] Level 1:colcon.colcon_core.package_identification:_identify(build) by extension 'ignore'
[4.910s] Level 1:colcon.colcon_core.package_identification:_identify(build) ignored
[4.911s] Level 1:colcon.colcon_core.package_identification:_identify(install) by extensions ['ignore', 'ignore_ament_install']
[4.911s] Level 1:colcon.colcon_core.package_identification:_identify(install) by extension 'ignore'
[4.911s] Level 1:colcon.colcon_core.package_identification:_identify(install) ignored
[4.912s] Level 1:colcon.colcon_core.package_identification:_identify(log) by extensions ['ignore', 'ignore_ament_install']
[4.912s] Level 1:colcon.colcon_core.package_identification:_identify(log) by extension 'ignore'
[4.912s] Level 1:colcon.colcon_core.package_identification:_identify(log) ignored
[4.913s] Level 1:colcon.colcon_core.package_identification:_identify(src) by extensions ['ignore', 'ignore_ament_install']
[4.913s] Level 1:colcon.colcon_core.package_identification:_identify(src) by extension 'ignore'
[4.913s] Level 1:colcon.colcon_core.package_identification:_identify(src) by extension 'ignore_ament_install'
[4.914s] Level 1:colcon.colcon_core.package_identification:_identify(src) by extensions ['colcon_pkg']
[4.914s] Level 1:colcon.colcon_core.package_identification:_identify(src) by extension 'colcon_pkg'
[4.914s] Level 1:colcon.colcon_core.package_identification:_identify(src) by extensions ['colcon_meta']
[4.914s] Level 1:colcon.colcon_core.package_identification:_identify(src) by extension 'colcon_meta'
[4.914s] Level 1:colcon.colcon_core.package_identification:_identify(src) by extensions ['ros']
[4.914s] Level 1:colcon.colcon_core.package_identification:_identify(src) by extension 'ros'
[4.915s] Level 1:colcon.colcon_core.package_identification:_identify(src) by extensions ['cmake', 'python']
[4.915s] Level 1:colcon.colcon_core.package_identification:_identify(src) by extension 'cmake'
[4.915s] Level 1:colcon.colcon_core.package_identification:_identify(src) by extension 'python'
[4.915s] Level 1:colcon.colcon_core.package_identification:_identify(src) by extensions ['python_setup_py']
[4.915s] Level 1:colcon.colcon_core.package_identification:_identify(src) by extension 'python_setup_py'
[4.916s] Level 1:colcon.colcon_core.package_identification:_identify(src/bringup) by extensions ['ignore', 'ignore_ament_install']
[4.917s] Level 1:colcon.colcon_core.package_identification:_identify(src/bringup) by extension 'ignore'
[4.917s] Level 1:colcon.colcon_core.package_identification:_identify(src/bringup) by extension 'ignore_ament_install'
[4.917s] Level 1:colcon.colcon_core.package_identification:_identify(src/bringup) by extensions ['colcon_pkg']
[4.918s] Level 1:colcon.colcon_core.package_identification:_identify(src/bringup) by extension 'colcon_pkg'
[4.918s] Level 1:colcon.colcon_core.package_identification:_identify(src/bringup) by extensions ['colcon_meta']
[4.918s] Level 1:colcon.colcon_core.package_identification:_identify(src/bringup) by extension 'colcon_meta'
[4.918s] Level 1:colcon.colcon_core.package_identification:_identify(src/bringup) by extensions ['ros']
[4.918s] Level 1:colcon.colcon_core.package_identification:_identify(src/bringup) by extension 'ros'
[4.940s] DEBUG:colcon.colcon_core.package_identification:Package 'src/bringup' with type 'ros.ament_cmake' and name 'bringup'
[4.943s] Level 1:colcon.colcon_core.package_identification:_identify(src/install) by extensions ['ignore', 'ignore_ament_install']
[4.943s] Level 1:colcon.colcon_core.package_identification:_identify(src/install) by extension 'ignore'
[4.944s] Level 1:colcon.colcon_core.package_identification:_identify(src/install) ignored
[4.948s] Level 1:colcon.colcon_core.package_identification:_identify(src/robot_description) by extensions ['ignore', 'ignore_ament_install']
[4.948s] Level 1:colcon.colcon_core.package_identification:_identify(src/robot_description) by extension 'ignore'
[4.949s] Level 1:colcon.colcon_core.package_identification:_identify(src/robot_description) by extension 'ignore_ament_install'
[4.949s] Level 1:colcon.colcon_core.package_identification:_identify(src/robot_description) by extensions ['colcon_pkg']
[4.949s] Level 1:colcon.colcon_core.package_identification:_identify(src/robot_description) by extension 'colcon_pkg'
[4.950s] Level 1:colcon.colcon_core.package_identification:_identify(src/robot_description) by extensions ['colcon_meta']
[4.950s] Level 1:colcon.colcon_core.package_identification:_identify(src/robot_description) by extension 'colcon_meta'
[4.950s] Level 1:colcon.colcon_core.package_identification:_identify(src/robot_description) by extensions ['ros']
[4.951s] Level 1:colcon.colcon_core.package_identification:_identify(src/robot_description) by extension 'ros'
[4.956s] DEBUG:colcon.colcon_core.package_identification:Package 'src/robot_description' with type 'ros.ament_cmake' and name 'robot_description'
[4.958s] Level 1:colcon.colcon_core.package_identification:_identify(src/robot_navigation) by extensions ['ignore', 'ignore_ament_install']
[4.959s] Level 1:colcon.colcon_core.package_identification:_identify(src/robot_navigation) by extension 'ignore'
[4.960s] Level 1:colcon.colcon_core.package_identification:_identify(src/robot_navigation) by extension 'ignore_ament_install'
[4.961s] Level 1:colcon.colcon_core.package_identification:_identify(src/robot_navigation) by extensions ['colcon_pkg']
[4.961s] Level 1:colcon.colcon_core.package_identification:_identify(src/robot_navigation) by extension 'colcon_pkg'
[4.961s] Level 1:colcon.colcon_core.package_identification:_identify(src/robot_navigation) by extensions ['colcon_meta']
[4.962s] Level 1:colcon.colcon_core.package_identification:_identify(src/robot_navigation) by extension 'colcon_meta'
[4.962s] Level 1:colcon.colcon_core.package_identification:_identify(src/robot_navigation) by extensions ['ros']
[4.962s] Level 1:colcon.colcon_core.package_identification:_identify(src/robot_navigation) by extension 'ros'
[4.968s] DEBUG:colcon.colcon_core.package_identification:Package 'src/robot_navigation' with type 'ros.ament_cmake' and name 'robot_navigation'
[4.968s] Level 1:colcon.colcon_core.package_discovery:discover_packages(recursive) using defaults
[4.969s] Level 1:colcon.colcon_core.package_discovery:discover_packages(ignore) discover
[4.969s] Level 1:colcon.colcon_core.package_discovery:discover_packages(ignore) using defaults
[4.969s] Level 1:colcon.colcon_core.package_discovery:discover_packages(path) discover
[4.969s] Level 1:colcon.colcon_core.package_discovery:discover_packages(path) using defaults
[5.160s] INFO:colcon.colcon_core.package_selection:Skipping not selected package 'robot_description' in 'src/robot_description'
[5.161s] INFO:colcon.colcon_core.package_selection:Skipping not selected package 'robot_navigation' in 'src/robot_navigation'
[5.164s] Level 1:colcon.colcon_core.package_discovery:discover_packages(prefix_path) check parameters
[5.164s] Level 1:colcon.colcon_core.package_discovery:discover_packages(prefix_path) discover
[5.214s] DEBUG:colcon.colcon_installed_package_information.package_discovery:Found 2 installed packages in /home/r/ros2_ws/install
[5.225s] DEBUG:colcon.colcon_installed_package_information.package_discovery:Found 1 installed packages in /home/r/lidar_ws/install
[5.250s] DEBUG:colcon.colcon_installed_package_information.package_discovery:Found 354 installed packages in /opt/ros/humble
[5.285s] Level 1:colcon.colcon_core.package_discovery:discover_packages(prefix_path) using defaults
[6.045s] Level 5:colcon.colcon_core.verb:set package 'bringup' build argument 'cmake_args' from command line to 'None'
[6.045s] Level 5:colcon.colcon_core.verb:set package 'bringup' build argument 'cmake_target' from command line to 'None'
[6.045s] Level 5:colcon.colcon_core.verb:set package 'bringup' build argument 'cmake_target_skip_unavailable' from command line to 'False'
[6.045s] Level 5:colcon.colcon_core.verb:set package 'bringup' build argument 'cmake_clean_cache' from command line to 'False'
[6.046s] Level 5:colcon.colcon_core.verb:set package 'bringup' build argument 'cmake_clean_first' from command line to 'False'
[6.046s] Level 5:colcon.colcon_core.verb:set package 'bringup' build argument 'cmake_force_configure' from command line to 'False'
[6.046s] Level 5:colcon.colcon_core.verb:set package 'bringup' build argument 'ament_cmake_args' from command line to 'None'
[6.046s] Level 5:colcon.colcon_core.verb:set package 'bringup' build argument 'catkin_cmake_args' from command line to 'None'
[6.046s] Level 5:colcon.colcon_core.verb:set package 'bringup' build argument 'catkin_skip_building_tests' from command line to 'False'
[6.046s] DEBUG:colcon.colcon_core.verb:Building package 'bringup' with the following arguments: {'ament_cmake_args': None, 'build_base': '/home/r/ros2_ws/build/bringup', 'catkin_cmake_args': None, 'catkin_skip_building_tests': False, 'cmake_args': None, 'cmake_clean_cache': False, 'cmake_clean_first': False, 'cmake_force_configure': False, 'cmake_target': None, 'cmake_target_skip_unavailable': False, 'install_base': '/home/r/ros2_ws/install/bringup', 'merge_install': False, 'path': '/home/r/ros2_ws/src/bringup', 'symlink_install': False, 'test_result_base': None}
[6.047s] INFO:colcon.colcon_core.executor:Executing jobs using 'parallel' executor
[6.051s] DEBUG:colcon.colcon_parallel_executor.executor.parallel:run_until_complete
[6.052s] INFO:colcon.colcon_ros.task.ament_cmake.build:Building ROS package in '/home/r/ros2_ws/src/bringup' with build type 'ament_cmake'
[6.053s] INFO:colcon.colcon_cmake.task.cmake.build:Building CMake package in '/home/r/ros2_ws/src/bringup'
[6.097s] INFO:colcon.colcon_core.plugin_system:Skipping extension 'colcon_core.shell.bat': Not used on non-Windows systems
[6.098s] INFO:colcon.colcon_core.shell:Skip shell extension 'powershell' for command environment: Not usable outside of PowerShell
[6.098s] DEBUG:colcon.colcon_core.shell:Skip shell extension 'dsv' for command environment
[6.217s] DEBUG:colcon.colcon_core.event_handler.log_command:Invoking command in '/home/r/ros2_ws/build/bringup': CMAKE_PREFIX_PATH=/home/r/ros2_ws/install/robot_description:/home/r/ros2_ws/install/bringup:/home/r/lidar_ws/install/sllidar_ros2:/opt/ros/humble /usr/bin/cmake --build /home/r/ros2_ws/build/bringup -- -j2 -l2
[7.363s] DEBUG:colcon.colcon_core.event_handler.log_command:Invoked command in '/home/r/ros2_ws/build/bringup' returned '0': CMAKE_PREFIX_PATH=/home/r/ros2_ws/install/robot_description:/home/r/ros2_ws/install/bringup:/home/r/lidar_ws/install/sllidar_ros2:/opt/ros/humble /usr/bin/cmake --build /home/r/ros2_ws/build/bringup -- -j2 -l2
[7.515s] DEBUG:colcon.colcon_core.event_handler.log_command:Invoking command in '/home/r/ros2_ws/build/bringup': CMAKE_PREFIX_PATH=/home/r/ros2_ws/install/robot_description:/home/r/ros2_ws/install/bringup:/home/r/lidar_ws/install/sllidar_ros2:/opt/ros/humble /usr/bin/cmake --install /home/r/ros2_ws/build/bringup
[7.561s] Level 1:colcon.colcon_core.environment:create_environment_scripts_only(bringup)
[7.563s] DEBUG:colcon.colcon_core.event_handler.log_command:Invoked command in '/home/r/ros2_ws/build/bringup' returned '0': CMAKE_PREFIX_PATH=/home/r/ros2_ws/install/robot_description:/home/r/ros2_ws/install/bringup:/home/r/lidar_ws/install/sllidar_ros2:/opt/ros/humble /usr/bin/cmake --install /home/r/ros2_ws/build/bringup
[7.600s] Level 1:colcon.colcon_core.environment:checking '/home/r/ros2_ws/install/bringup' for CMake module files
[7.603s] Level 1:colcon.colcon_core.environment:checking '/home/r/ros2_ws/install/bringup' for CMake config files
[7.604s] Level 1:colcon.colcon_core.shell:create_environment_hook('bringup', 'cmake_prefix_path')
[7.606s] INFO:colcon.colcon_core.shell:Creating environment hook '/home/r/ros2_ws/install/bringup/share/bringup/hook/cmake_prefix_path.ps1'
[7.612s] INFO:colcon.colcon_core.shell:Creating environment descriptor '/home/r/ros2_ws/install/bringup/share/bringup/hook/cmake_prefix_path.dsv'
[7.614s] INFO:colcon.colcon_core.shell:Creating environment hook '/home/r/ros2_ws/install/bringup/share/bringup/hook/cmake_prefix_path.sh'
[7.617s] Level 1:colcon.colcon_core.environment:checking '/home/r/ros2_ws/install/bringup/bin'
[7.617s] Level 1:colcon.colcon_core.environment:checking '/home/r/ros2_ws/install/bringup/lib/pkgconfig/bringup.pc'
[7.617s] Level 1:colcon.colcon_core.environment:checking '/home/r/ros2_ws/install/bringup/lib/python3.10/site-packages'
[7.618s] Level 1:colcon.colcon_core.environment:checking '/home/r/ros2_ws/install/bringup/bin'
[7.618s] INFO:colcon.colcon_core.shell:Creating package script '/home/r/ros2_ws/install/bringup/share/bringup/package.ps1'
[7.621s] INFO:colcon.colcon_core.shell:Creating package descriptor '/home/r/ros2_ws/install/bringup/share/bringup/package.dsv'
[7.622s] INFO:colcon.colcon_core.shell:Creating package script '/home/r/ros2_ws/install/bringup/share/bringup/package.sh'
[7.623s] INFO:colcon.colcon_core.shell:Creating package script '/home/r/ros2_ws/install/bringup/share/bringup/package.bash'
[7.627s] INFO:colcon.colcon_core.shell:Creating package script '/home/r/ros2_ws/install/bringup/share/bringup/package.zsh'
[7.631s] Level 1:colcon.colcon_core.environment:create_file_with_runtime_dependencies(/home/r/ros2_ws/install/bringup/share/colcon-core/packages/bringup)
[7.726s] Level 1:colcon.colcon_core.environment:create_environment_scripts_only(bringup)
[7.727s] Level 1:colcon.colcon_core.environment:checking '/home/r/ros2_ws/install/bringup' for CMake module files
[7.728s] Level 1:colcon.colcon_core.environment:checking '/home/r/ros2_ws/install/bringup' for CMake config files
[7.728s] Level 1:colcon.colcon_core.shell:create_environment_hook('bringup', 'cmake_prefix_path')
[7.729s] INFO:colcon.colcon_core.shell:Creating environment hook '/home/r/ros2_ws/install/bringup/share/bringup/hook/cmake_prefix_path.ps1'
[7.731s] INFO:colcon.colcon_core.shell:Creating environment descriptor '/home/r/ros2_ws/install/bringup/share/bringup/hook/cmake_prefix_path.dsv'
[7.731s] INFO:colcon.colcon_core.shell:Creating environment hook '/home/r/ros2_ws/install/bringup/share/bringup/hook/cmake_prefix_path.sh'
[7.733s] Level 1:colcon.colcon_core.environment:checking '/home/r/ros2_ws/install/bringup/bin'
[7.733s] Level 1:colcon.colcon_core.environment:checking '/home/r/ros2_ws/install/bringup/lib/pkgconfig/bringup.pc'
[7.734s] Level 1:colcon.colcon_core.environment:checking '/home/r/ros2_ws/install/bringup/lib/python3.10/site-packages'
[7.735s] Level 1:colcon.colcon_core.environment:checking '/home/r/ros2_ws/install/bringup/bin'
[7.735s] INFO:colcon.colcon_core.shell:Creating package script '/home/r/ros2_ws/install/bringup/share/bringup/package.ps1'
[7.736s] INFO:colcon.colcon_core.shell:Creating package descriptor '/home/r/ros2_ws/install/bringup/share/bringup/package.dsv'
[7.737s] INFO:colcon.colcon_core.shell:Creating package script '/home/r/ros2_ws/install/bringup/share/bringup/package.sh'
[7.740s] INFO:colcon.colcon_core.shell:Creating package script '/home/r/ros2_ws/install/bringup/share/bringup/package.bash'
[7.740s] INFO:colcon.colcon_core.shell:Creating package script '/home/r/ros2_ws/install/bringup/share/bringup/package.zsh'
[7.741s] Level 1:colcon.colcon_core.environment:create_file_with_runtime_dependencies(/home/r/ros2_ws/install/bringup/share/colcon-core/packages/bringup)
[7.742s] DEBUG:colcon.colcon_parallel_executor.executor.parallel:closing loop
[7.744s] DEBUG:colcon.colcon_parallel_executor.executor.parallel:loop closed
[7.744s] DEBUG:colcon.colcon_parallel_executor.executor.parallel:run_until_complete finished with '0'
[7.744s] DEBUG:colcon.colcon_core.event_reactor:joining thread
[7.834s] INFO:colcon.colcon_core.plugin_system:Skipping extension 'colcon_notification.desktop_notification.terminal_notifier': Not used on non-Darwin systems
[7.834s] INFO:colcon.colcon_core.plugin_system:Skipping extension 'colcon_notification.desktop_notification.win32': Not used on non-Windows systems
[7.834s] INFO:colcon.colcon_notification.desktop_notification:Sending desktop notification using 'notify2'
[8.278s] DEBUG:colcon.colcon_core.event_reactor:joined thread
[8.279s] INFO:colcon.colcon_core.shell:Creating prefix script '/home/r/ros2_ws/install/local_setup.ps1'
[8.281s] INFO:colcon.colcon_core.shell:Creating prefix util module '/home/r/ros2_ws/install/_local_setup_util_ps1.py'
[8.289s] INFO:colcon.colcon_core.shell:Creating prefix chain script '/home/r/ros2_ws/install/setup.ps1'
[8.292s] INFO:colcon.colcon_core.shell:Creating prefix script '/home/r/ros2_ws/install/local_setup.sh'
[8.295s] INFO:colcon.colcon_core.shell:Creating prefix util module '/home/r/ros2_ws/install/_local_setup_util_sh.py'
[8.298s] INFO:colcon.colcon_core.shell:Creating prefix chain script '/home/r/ros2_ws/install/setup.sh'
[8.303s] INFO:colcon.colcon_core.shell:Creating prefix script '/home/r/ros2_ws/install/local_setup.bash'
[8.304s] INFO:colcon.colcon_core.shell:Creating prefix chain script '/home/r/ros2_ws/install/setup.bash'
[8.306s] INFO:colcon.colcon_core.shell:Creating prefix script '/home/r/ros2_ws/install/local_setup.zsh'
[8.308s] INFO:colcon.colcon_core.shell:Creating prefix chain script '/home/r/ros2_ws/install/setup.zsh'
