[0.135s] Invoking command in '/home/hi/ros2_ws/build/robot_node1': CMAKE_PREFIX_PATH=${CMAKE_PREFIX_PATH}:/opt/ros/humble /usr/bin/cmake --build /home/hi/ros2_ws/build/robot_node1 -- -j4 -l4
[0.427s] [ 33%] [32mBuilding CXX object CMakeFiles/imu_node.dir/src/imu_node.cpp.o[0m
[0.436s] [ 66%] [32mBuilding CXX object CMakeFiles/imu_node.dir/src/mpu6500.cpp.o[0m
[15.284s] [100%] [32m[1mLinking CXX executable imu_node[0m
[16.074s] [100%] Built target imu_node
[16.119s] Invoked command in '/home/hi/ros2_ws/build/robot_node1' returned '0': CMAKE_PREFIX_PATH=${CMAKE_PREFIX_PATH}:/opt/ros/humble /usr/bin/cmake --build /home/hi/ros2_ws/build/robot_node1 -- -j4 -l4
[16.287s] Invoking command in '/home/hi/ros2_ws/build/robot_node1': CMAKE_PREFIX_PATH=${CMAKE_PREFIX_PATH}:/opt/ros/humble /usr/bin/cmake --install /home/hi/ros2_ws/build/robot_node1
[16.320s] -- Install configuration: ""
[16.321s] -- Installing: /home/hi/ros2_ws/install/robot_node1/lib/robot_node1/imu_node
[16.327s] -- Set runtime path of "/home/hi/ros2_ws/install/robot_node1/lib/robot_node1/imu_node" to ""
[16.327s] -- Up-to-date: /home/hi/ros2_ws/install/robot_node1/share/ament_index/resource_index/package_run_dependencies/robot_node1
[16.328s] -- Up-to-date: /home/hi/ros2_ws/install/robot_node1/share/ament_index/resource_index/parent_prefix_path/robot_node1
[16.328s] -- Up-to-date: /home/hi/ros2_ws/install/robot_node1/share/robot_node1/environment/ament_prefix_path.sh
[16.329s] -- Up-to-date: /home/hi/ros2_ws/install/robot_node1/share/robot_node1/environment/ament_prefix_path.dsv
[16.329s] -- Up-to-date: /home/hi/ros2_ws/install/robot_node1/share/robot_node1/environment/path.sh
[16.330s] -- Up-to-date: /home/hi/ros2_ws/install/robot_node1/share/robot_node1/environment/path.dsv
[16.330s] -- Up-to-date: /home/hi/ros2_ws/install/robot_node1/share/robot_node1/local_setup.bash
[16.330s] -- Up-to-date: /home/hi/ros2_ws/install/robot_node1/share/robot_node1/local_setup.sh
[16.331s] -- Up-to-date: /home/hi/ros2_ws/install/robot_node1/share/robot_node1/local_setup.zsh
[16.331s] -- Up-to-date: /home/hi/ros2_ws/install/robot_node1/share/robot_node1/local_setup.dsv
[16.331s] -- Installing: /home/hi/ros2_ws/install/robot_node1/share/robot_node1/package.dsv
[16.332s] -- Up-to-date: /home/hi/ros2_ws/install/robot_node1/share/ament_index/resource_index/packages/robot_node1
[16.332s] -- Up-to-date: /home/hi/ros2_ws/install/robot_node1/share/robot_node1/cmake/robot_node1Config.cmake
[16.333s] -- Up-to-date: /home/hi/ros2_ws/install/robot_node1/share/robot_node1/cmake/robot_node1Config-version.cmake
[16.333s] -- Up-to-date: /home/hi/ros2_ws/install/robot_node1/share/robot_node1/package.xml
[16.340s] Invoked command in '/home/hi/ros2_ws/build/robot_node1' returned '0': CMAKE_PREFIX_PATH=${CMAKE_PREFIX_PATH}:/opt/ros/humble /usr/bin/cmake --install /home/hi/ros2_ws/build/robot_node1
