[35m[1mConsolidate compiler generated dependencies of target imu_node[0m
[ 33%] [32mBuilding CXX object CMakeFiles/imu_node.dir/src/imu_node.cpp.o[0m
[ 66%] [32mBuilding CXX object CMakeFiles/imu_node.dir/src/mpu6500.cpp.o[0m
[100%] [32m[1mLinking CXX executable imu_node[0m
[100%] Built target imu_node
-- Install configuration: ""
-- Installing: /home/r/ros2_ws/install/robot_node1/lib/robot_node1/imu_node
-- Set runtime path of "/home/r/ros2_ws/install/robot_node1/lib/robot_node1/imu_node" to ""
-- Installing: /home/r/ros2_ws/install/robot_node1/share/ament_index/resource_index/package_run_dependencies/robot_node1
-- Installing: /home/r/ros2_ws/install/robot_node1/share/ament_index/resource_index/parent_prefix_path/robot_node1
-- Installing: /home/r/ros2_ws/install/robot_node1/share/robot_node1/environment/ament_prefix_path.sh
-- Installing: /home/r/ros2_ws/install/robot_node1/share/robot_node1/environment/ament_prefix_path.dsv
-- Installing: /home/r/ros2_ws/install/robot_node1/share/robot_node1/environment/path.sh
-- Installing: /home/r/ros2_ws/install/robot_node1/share/robot_node1/environment/path.dsv
-- Installing: /home/r/ros2_ws/install/robot_node1/share/robot_node1/local_setup.bash
-- Installing: /home/r/ros2_ws/install/robot_node1/share/robot_node1/local_setup.sh
-- Installing: /home/r/ros2_ws/install/robot_node1/share/robot_node1/local_setup.zsh
-- Installing: /home/r/ros2_ws/install/robot_node1/share/robot_node1/local_setup.dsv
-- Installing: /home/r/ros2_ws/install/robot_node1/share/robot_node1/package.dsv
-- Installing: /home/r/ros2_ws/install/robot_node1/share/ament_index/resource_index/packages/robot_node1
-- Installing: /home/r/ros2_ws/install/robot_node1/share/robot_node1/cmake/robot_node1Config.cmake
-- Installing: /home/r/ros2_ws/install/robot_node1/share/robot_node1/cmake/robot_node1Config-version.cmake
-- Installing: /home/r/ros2_ws/install/robot_node1/share/robot_node1/package.xml
