[0.060s] Invoking command in '/home/r/ros2_ws/build/robot_description': CMAKE_PREFIX_PATH=${CMAKE_PREFIX_PATH}:/opt/ros/humble /usr/bin/cmake --build /home/r/ros2_ws/build/robot_description -- -j2 -l2
[0.361s] -- Found ament_cmake: 1.3.10 (/opt/ros/humble/share/ament_cmake/cmake)
[0.750s] -- Found urdf: 2.6.1 (/opt/ros/humble/share/urdf/cmake)
[0.933s] -- Found xacro: 2.0.8 (/opt/ros/humble/share/xacro/cmake)
[0.938s] -- Found ament_lint_auto: 0.12.11 (/opt/ros/humble/share/ament_lint_auto/cmake)
[1.095s] -- Added test 'lint_cmake' to check CMake code style
[1.099s] -- Added test 'xmllint' to check XML markup files
[1.107s] -- Configuring done
[1.130s] -- Generating done
[1.134s] -- Build files have been written to: /home/r/ros2_ws/build/robot_description
[1.206s] Invoked command in '/home/r/ros2_ws/build/robot_description' returned '0': CMAKE_PREFIX_PATH=${CMAKE_PREFIX_PATH}:/opt/ros/humble /usr/bin/cmake --build /home/r/ros2_ws/build/robot_description -- -j2 -l2
[1.310s] Invoking command in '/home/r/ros2_ws/build/robot_description': CMAKE_PREFIX_PATH=${CMAKE_PREFIX_PATH}:/opt/ros/humble /usr/bin/cmake --install /home/r/ros2_ws/build/robot_description
[1.321s] -- Install configuration: ""
[1.321s] -- Up-to-date: /home/r/ros2_ws/install/robot_description/share/robot_description/rviz
[1.321s] -- Up-to-date: /home/r/ros2_ws/install/robot_description/share/robot_description/rviz/show_robot.rviz
[1.321s] -- Up-to-date: /home/r/ros2_ws/install/robot_description/share/robot_description/urdf
[1.321s] -- Up-to-date: /home/r/ros2_ws/install/robot_description/share/robot_description/urdf/robot.urdf
[1.321s] -- Installing: /home/r/ros2_ws/install/robot_description/share/ament_index/resource_index/package_run_dependencies/robot_description
[1.321s] -- Up-to-date: /home/r/ros2_ws/install/robot_description/share/ament_index/resource_index/parent_prefix_path/robot_description
[1.321s] -- Up-to-date: /home/r/ros2_ws/install/robot_description/share/robot_description/environment/ament_prefix_path.sh
[1.322s] -- Installing: /home/r/ros2_ws/install/robot_description/share/robot_description/environment/ament_prefix_path.dsv
[1.322s] -- Up-to-date: /home/r/ros2_ws/install/robot_description/share/robot_description/environment/path.sh
[1.322s] -- Installing: /home/r/ros2_ws/install/robot_description/share/robot_description/environment/path.dsv
[1.322s] -- Up-to-date: /home/r/ros2_ws/install/robot_description/share/robot_description/local_setup.bash
[1.323s] -- Up-to-date: /home/r/ros2_ws/install/robot_description/share/robot_description/local_setup.sh
[1.323s] -- Up-to-date: /home/r/ros2_ws/install/robot_description/share/robot_description/local_setup.zsh
[1.323s] -- Installing: /home/r/ros2_ws/install/robot_description/share/robot_description/local_setup.dsv
[1.323s] -- Installing: /home/r/ros2_ws/install/robot_description/share/robot_description/package.dsv
[1.324s] -- Up-to-date: /home/r/ros2_ws/install/robot_description/share/ament_index/resource_index/packages/robot_description
[1.324s] -- Up-to-date: /home/r/ros2_ws/install/robot_description/share/robot_description/cmake/robot_descriptionConfig.cmake
[1.324s] -- Up-to-date: /home/r/ros2_ws/install/robot_description/share/robot_description/cmake/robot_descriptionConfig-version.cmake
[1.324s] -- Installing: /home/r/ros2_ws/install/robot_description/share/robot_description/package.xml
[1.328s] Invoked command in '/home/r/ros2_ws/build/robot_description' returned '0': CMAKE_PREFIX_PATH=${CMAKE_PREFIX_PATH}:/opt/ros/humble /usr/bin/cmake --install /home/r/ros2_ws/build/robot_description
