[0.330s] Invoking command in '/home/hi/ros2_ws/build/robot_description': CMAKE_PREFIX_PATH=${CMAKE_PREFIX_PATH}:/opt/ros/humble /usr/bin/cmake --build /home/hi/ros2_ws/build/robot_description -- -j4 -l4
[1.383s] Invoked command in '/home/hi/ros2_ws/build/robot_description' returned '0': CMAKE_PREFIX_PATH=${CMAKE_PREFIX_PATH}:/opt/ros/humble /usr/bin/cmake --build /home/hi/ros2_ws/build/robot_description -- -j4 -l4
[1.877s] Invoking command in '/home/hi/ros2_ws/build/robot_description': CMAKE_PREFIX_PATH=${CMAKE_PREFIX_PATH}:/opt/ros/humble /usr/bin/cmake --install /home/hi/ros2_ws/build/robot_description
[1.983s] -- Install configuration: ""
[1.985s] -- Up-to-date: /home/hi/ros2_ws/install/robot_description/share/robot_description/rviz
[1.987s] -- Up-to-date: /home/hi/ros2_ws/install/robot_description/share/robot_description/rviz/show_robot.rviz
[1.990s] -- Up-to-date: /home/hi/ros2_ws/install/robot_description/share/robot_description/urdf
[1.995s] -- Up-to-date: /home/hi/ros2_ws/install/robot_description/share/robot_description/urdf/robot.urdf
[1.996s] -- Up-to-date: /home/hi/ros2_ws/install/robot_description/share/ament_index/resource_index/package_run_dependencies/robot_description
[2.003s] -- Up-to-date: /home/hi/ros2_ws/install/robot_description/share/ament_index/resource_index/parent_prefix_path/robot_description
[2.004s] -- Up-to-date: /home/hi/ros2_ws/install/robot_description/share/robot_description/environment/ament_prefix_path.sh
[2.008s] -- Up-to-date: /home/hi/ros2_ws/install/robot_description/share/robot_description/environment/ament_prefix_path.dsv
[2.036s] -- Up-to-date: /home/hi/ros2_ws/install/robot_description/share/robot_description/environment/path.sh
[2.040s] -- Up-to-date: /home/hi/ros2_ws/install/robot_description/share/robot_description/environment/path.dsv
[2.048s] -- Up-to-date: /home/hi/ros2_ws/install/robot_description/share/robot_description/local_setup.bash
[2.051s] -- Up-to-date: /home/hi/ros2_ws/install/robot_description/share/robot_description/local_setup.sh
[2.053s] -- Up-to-date: /home/hi/ros2_ws/install/robot_description/share/robot_description/local_setup.zsh
[2.055s] -- Up-to-date: /home/hi/ros2_ws/install/robot_description/share/robot_description/local_setup.dsv
[2.076s] -- Installing: /home/hi/ros2_ws/install/robot_description/share/robot_description/package.dsv
[2.081s] -- Up-to-date: /home/hi/ros2_ws/install/robot_description/share/ament_index/resource_index/packages/robot_description
[2.099s] -- Up-to-date: /home/hi/ros2_ws/install/robot_description/share/robot_description/cmake/robot_descriptionConfig.cmake
[2.110s] -- Up-to-date: /home/hi/ros2_ws/install/robot_description/share/robot_description/cmake/robot_descriptionConfig-version.cmake
[2.113s] -- Up-to-date: /home/hi/ros2_ws/install/robot_description/share/robot_description/package.xml
[2.117s] Invoked command in '/home/hi/ros2_ws/build/robot_description' returned '0': CMAKE_PREFIX_PATH=${CMAKE_PREFIX_PATH}:/opt/ros/humble /usr/bin/cmake --install /home/hi/ros2_ws/build/robot_description
