[0.134s] Invoking command in '/home/hi/ros2_ws/build/robot_navigation': CMAKE_PREFIX_PATH=${CMAKE_PREFIX_PATH}:/opt/ros/humble /usr/bin/cmake --build /home/hi/ros2_ws/build/robot_navigation -- -j4 -l4
[0.340s] Invoked command in '/home/hi/ros2_ws/build/robot_navigation' returned '0': CMAKE_PREFIX_PATH=${CMAKE_PREFIX_PATH}:/opt/ros/humble /usr/bin/cmake --build /home/hi/ros2_ws/build/robot_navigation -- -j4 -l4
[0.526s] Invoking command in '/home/hi/ros2_ws/build/robot_navigation': CMAKE_PREFIX_PATH=${CMAKE_PREFIX_PATH}:/opt/ros/humble /usr/bin/cmake --install /home/hi/ros2_ws/build/robot_navigation
[0.599s] -- Install configuration: ""
[0.599s] -- Up-to-date: /home/hi/ros2_ws/install/robot_navigation/share/robot_navigation/launch
[0.600s] -- Up-to-date: /home/hi/ros2_ws/install/robot_navigation/share/robot_navigation/launch/.vscode
[0.601s] -- Up-to-date: /home/hi/ros2_ws/install/robot_navigation/share/robot_navigation/launch/.vscode/settings.json
[0.601s] -- Up-to-date: /home/hi/ros2_ws/install/robot_navigation/share/robot_navigation/launch/.vscode/c_cpp_properties.json
[0.602s] -- Up-to-date: /home/hi/ros2_ws/install/robot_navigation/share/robot_navigation/launch/nav2.launch.py
[0.602s] -- Up-to-date: /home/hi/ros2_ws/install/robot_navigation/share/robot_navigation/map
[0.603s] -- Up-to-date: /home/hi/ros2_ws/install/robot_navigation/share/robot_navigation/map/map.yaml
[0.603s] -- Up-to-date: /home/hi/ros2_ws/install/robot_navigation/share/robot_navigation/map/map5.pgm
[0.604s] -- Up-to-date: /home/hi/ros2_ws/install/robot_navigation/share/robot_navigation/map/map.pgm
[0.604s] -- Up-to-date: /home/hi/ros2_ws/install/robot_navigation/share/robot_navigation/param
[0.605s] -- Up-to-date: /home/hi/ros2_ws/install/robot_navigation/share/robot_navigation/param/robot.yaml
[0.607s] -- Up-to-date: /home/hi/ros2_ws/install/robot_navigation/share/robot_navigation/rviz
[0.608s] -- Up-to-date: /home/hi/ros2_ws/install/robot_navigation/share/robot_navigation/rviz/nav2.rviz
[0.609s] -- Up-to-date: /home/hi/ros2_ws/install/robot_navigation/share/ament_index/resource_index/package_run_dependencies/robot_navigation
[0.609s] -- Up-to-date: /home/hi/ros2_ws/install/robot_navigation/share/ament_index/resource_index/parent_prefix_path/robot_navigation
[0.609s] -- Up-to-date: /home/hi/ros2_ws/install/robot_navigation/share/robot_navigation/environment/ament_prefix_path.sh
[0.610s] -- Up-to-date: /home/hi/ros2_ws/install/robot_navigation/share/robot_navigation/environment/ament_prefix_path.dsv
[0.610s] -- Up-to-date: /home/hi/ros2_ws/install/robot_navigation/share/robot_navigation/environment/path.sh
[0.611s] -- Up-to-date: /home/hi/ros2_ws/install/robot_navigation/share/robot_navigation/environment/path.dsv
[0.611s] -- Up-to-date: /home/hi/ros2_ws/install/robot_navigation/share/robot_navigation/local_setup.bash
[0.612s] -- Up-to-date: /home/hi/ros2_ws/install/robot_navigation/share/robot_navigation/local_setup.sh
[0.613s] -- Up-to-date: /home/hi/ros2_ws/install/robot_navigation/share/robot_navigation/local_setup.zsh
[0.613s] -- Up-to-date: /home/hi/ros2_ws/install/robot_navigation/share/robot_navigation/local_setup.dsv
[0.613s] -- Installing: /home/hi/ros2_ws/install/robot_navigation/share/robot_navigation/package.dsv
[0.614s] -- Up-to-date: /home/hi/ros2_ws/install/robot_navigation/share/ament_index/resource_index/packages/robot_navigation
[0.615s] -- Up-to-date: /home/hi/ros2_ws/install/robot_navigation/share/robot_navigation/cmake/robot_navigationConfig.cmake
[0.616s] -- Up-to-date: /home/hi/ros2_ws/install/robot_navigation/share/robot_navigation/cmake/robot_navigationConfig-version.cmake
[0.616s] -- Up-to-date: /home/hi/ros2_ws/install/robot_navigation/share/robot_navigation/package.xml
[0.659s] Invoked command in '/home/hi/ros2_ws/build/robot_navigation' returned '0': CMAKE_PREFIX_PATH=${CMAKE_PREFIX_PATH}:/opt/ros/humble /usr/bin/cmake --install /home/hi/ros2_ws/build/robot_navigation
