[0.028s] Invoking command in '/home/r/ros2_ws/build/robot_description': CMAKE_PREFIX_PATH=${CMAKE_PREFIX_PATH}:/opt/ros/humble /usr/bin/cmake --build /home/r/ros2_ws/build/robot_description -- -j2 -l2
[0.313s] Invoked command in '/home/r/ros2_ws/build/robot_description' returned '0': CMAKE_PREFIX_PATH=${CMAKE_PREFIX_PATH}:/opt/ros/humble /usr/bin/cmake --build /home/r/ros2_ws/build/robot_description -- -j2 -l2
[0.362s] Invoking command in '/home/r/ros2_ws/build/robot_description': CMAKE_PREFIX_PATH=${CMAKE_PREFIX_PATH}:/opt/ros/humble /usr/bin/cmake --install /home/r/ros2_ws/build/robot_description
[0.372s] -- Install configuration: ""
[0.373s] -- Up-to-date: /home/r/ros2_ws/install/robot_description/share/robot_description/rviz
[0.373s] -- Up-to-date: /home/r/ros2_ws/install/robot_description/share/robot_description/rviz/show_robot.rviz
[0.373s] -- Up-to-date: /home/r/ros2_ws/install/robot_description/share/robot_description/urdf
[0.373s] -- Installing: /home/r/ros2_ws/install/robot_description/share/robot_description/urdf/robot.urdf
[0.374s] -- Up-to-date: /home/r/ros2_ws/install/robot_description/share/ament_index/resource_index/package_run_dependencies/robot_description
[0.375s] -- Up-to-date: /home/r/ros2_ws/install/robot_description/share/ament_index/resource_index/parent_prefix_path/robot_description
[0.375s] -- Up-to-date: /home/r/ros2_ws/install/robot_description/share/robot_description/environment/ament_prefix_path.sh
[0.375s] -- Up-to-date: /home/r/ros2_ws/install/robot_description/share/robot_description/environment/ament_prefix_path.dsv
[0.375s] -- Up-to-date: /home/r/ros2_ws/install/robot_description/share/robot_description/environment/path.sh
[0.376s] -- Up-to-date: /home/r/ros2_ws/install/robot_description/share/robot_description/environment/path.dsv
[0.376s] -- Up-to-date: /home/r/ros2_ws/install/robot_description/share/robot_description/local_setup.bash
[0.376s] -- Up-to-date: /home/r/ros2_ws/install/robot_description/share/robot_description/local_setup.sh
[0.376s] -- Up-to-date: /home/r/ros2_ws/install/robot_description/share/robot_description/local_setup.zsh
[0.376s] -- Up-to-date: /home/r/ros2_ws/install/robot_description/share/robot_description/local_setup.dsv
[0.377s] -- Installing: /home/r/ros2_ws/install/robot_description/share/robot_description/package.dsv
[0.377s] -- Up-to-date: /home/r/ros2_ws/install/robot_description/share/ament_index/resource_index/packages/robot_description
[0.377s] -- Up-to-date: /home/r/ros2_ws/install/robot_description/share/robot_description/cmake/robot_descriptionConfig.cmake
[0.377s] -- Up-to-date: /home/r/ros2_ws/install/robot_description/share/robot_description/cmake/robot_descriptionConfig-version.cmake
[0.380s] -- Up-to-date: /home/r/ros2_ws/install/robot_description/share/robot_description/package.xml
[0.380s] Invoked command in '/home/r/ros2_ws/build/robot_description' returned '0': CMAKE_PREFIX_PATH=${CMAKE_PREFIX_PATH}:/opt/ros/humble /usr/bin/cmake --install /home/r/ros2_ws/build/robot_description
