[0.130s] Invoking command in '/home/hi/ros2_ws/build/bringup': CMAKE_PREFIX_PATH=/home/hi/ros2_ws/install/robot_description:/home/hi/ros2_ws/install/robot_node1:/home/hi/ros2_ws/install/robot_navigation:/home/hi/ros2_ws/install/bringup:/home/hi/robot_localization/install/robot_localization:/home/hi/work_s/install/sllidar_ros2:/opt/ros/humble /usr/bin/cmake --build /home/hi/ros2_ws/build/bringup -- -j4 -l4
[0.338s] Invoked command in '/home/hi/ros2_ws/build/bringup' returned '0': CMAKE_PREFIX_PATH=/home/hi/ros2_ws/install/robot_description:/home/hi/ros2_ws/install/robot_node1:/home/hi/ros2_ws/install/robot_navigation:/home/hi/ros2_ws/install/bringup:/home/hi/robot_localization/install/robot_localization:/home/hi/work_s/install/sllidar_ros2:/opt/ros/humble /usr/bin/cmake --build /home/hi/ros2_ws/build/bringup -- -j4 -l4
[0.483s] Invoking command in '/home/hi/ros2_ws/build/bringup': CMAKE_PREFIX_PATH=/home/hi/ros2_ws/install/robot_description:/home/hi/ros2_ws/install/robot_node1:/home/hi/ros2_ws/install/robot_navigation:/home/hi/ros2_ws/install/bringup:/home/hi/robot_localization/install/robot_localization:/home/hi/work_s/install/sllidar_ros2:/opt/ros/humble /usr/bin/cmake --install /home/hi/ros2_ws/build/bringup
[0.520s] -- Install configuration: ""
[0.520s] -- Up-to-date: /home/hi/ros2_ws/install/bringup/share/bringup/launch
[0.521s] -- Up-to-date: /home/hi/ros2_ws/install/bringup/share/bringup/launch/robot.launch.py
[0.521s] -- Up-to-date: /home/hi/ros2_ws/install/bringup/share/bringup/launch/robot_localization.launch.py
[0.522s] -- Up-to-date: /home/hi/ros2_ws/install/bringup/share/bringup/launch/rviz.launch.py
[0.522s] -- Up-to-date: /home/hi/ros2_ws/install/bringup/share/bringup/launch/robot_state_publisher.launch.py
[0.523s] -- Up-to-date: /home/hi/ros2_ws/install/bringup/share/ament_index/resource_index/package_run_dependencies/bringup
[0.523s] -- Up-to-date: /home/hi/ros2_ws/install/bringup/share/ament_index/resource_index/parent_prefix_path/bringup
[0.524s] -- Up-to-date: /home/hi/ros2_ws/install/bringup/share/bringup/environment/ament_prefix_path.sh
[0.524s] -- Up-to-date: /home/hi/ros2_ws/install/bringup/share/bringup/environment/ament_prefix_path.dsv
[0.525s] -- Up-to-date: /home/hi/ros2_ws/install/bringup/share/bringup/environment/path.sh
[0.525s] -- Up-to-date: /home/hi/ros2_ws/install/bringup/share/bringup/environment/path.dsv
[0.526s] -- Up-to-date: /home/hi/ros2_ws/install/bringup/share/bringup/local_setup.bash
[0.526s] -- Up-to-date: /home/hi/ros2_ws/install/bringup/share/bringup/local_setup.sh
[0.526s] -- Up-to-date: /home/hi/ros2_ws/install/bringup/share/bringup/local_setup.zsh
[0.527s] -- Up-to-date: /home/hi/ros2_ws/install/bringup/share/bringup/local_setup.dsv
[0.527s] -- Installing: /home/hi/ros2_ws/install/bringup/share/bringup/package.dsv
[0.528s] -- Up-to-date: /home/hi/ros2_ws/install/bringup/share/ament_index/resource_index/packages/bringup
[0.528s] -- Up-to-date: /home/hi/ros2_ws/install/bringup/share/bringup/cmake/bringupConfig.cmake
[0.529s] -- Up-to-date: /home/hi/ros2_ws/install/bringup/share/bringup/cmake/bringupConfig-version.cmake
[0.529s] -- Up-to-date: /home/hi/ros2_ws/install/bringup/share/bringup/package.xml
[0.536s] Invoked command in '/home/hi/ros2_ws/build/bringup' returned '0': CMAKE_PREFIX_PATH=/home/hi/ros2_ws/install/robot_description:/home/hi/ros2_ws/install/robot_node1:/home/hi/ros2_ws/install/robot_navigation:/home/hi/ros2_ws/install/bringup:/home/hi/robot_localization/install/robot_localization:/home/hi/work_s/install/sllidar_ros2:/opt/ros/humble /usr/bin/cmake --install /home/hi/ros2_ws/build/bringup
