[0.053s] Invoking command in '/home/r/ros2_ws/build/bringup': AMENT_PREFIX_PATH=/home/r/ros2_ws/install/robot_description:${AMENT_PREFIX_PATH} CMAKE_PREFIX_PATH=/home/r/ros2_ws/install/robot_description:/home/r/lidar_ws/install/sllidar_ros2:/opt/ros/humble /usr/bin/cmake --build /home/r/ros2_ws/build/bringup -- -j2 -l2
[0.113s] -- Found ament_cmake: 1.3.10 (/opt/ros/humble/share/ament_cmake/cmake)
[0.285s] -- Found ament_lint_auto: 0.12.11 (/opt/ros/humble/share/ament_lint_auto/cmake)
[0.388s] -- Added test 'flake8' to check Python code syntax and style conventions
[0.389s] -- Added test 'lint_cmake' to check CMake code style
[0.389s] -- Added test 'pep257' to check Python code against some of the docstring style conventions in PEP 257
[0.391s] -- Added test 'xmllint' to check XML markup files
[0.397s] -- Configuring done
[0.417s] -- Generating done
[0.424s] -- Build files have been written to: /home/r/ros2_ws/build/bringup
[0.482s] Invoked command in '/home/r/ros2_ws/build/bringup' returned '0': AMENT_PREFIX_PATH=/home/r/ros2_ws/install/robot_description:${AMENT_PREFIX_PATH} CMAKE_PREFIX_PATH=/home/r/ros2_ws/install/robot_description:/home/r/lidar_ws/install/sllidar_ros2:/opt/ros/humble /usr/bin/cmake --build /home/r/ros2_ws/build/bringup -- -j2 -l2
[0.573s] Invoking command in '/home/r/ros2_ws/build/bringup': AMENT_PREFIX_PATH=/home/r/ros2_ws/install/robot_description:${AMENT_PREFIX_PATH} CMAKE_PREFIX_PATH=/home/r/ros2_ws/install/robot_description:/home/r/lidar_ws/install/sllidar_ros2:/opt/ros/humble /usr/bin/cmake --install /home/r/ros2_ws/build/bringup
[0.585s] -- Install configuration: ""
[0.585s] -- Up-to-date: /home/r/ros2_ws/install/bringup/share/bringup/launch
[0.587s] -- Up-to-date: /home/r/ros2_ws/install/bringup/share/bringup/launch/rviz.launch.py
[0.587s] -- Installing: /home/r/ros2_ws/install/bringup/share/bringup/launch/robot_state_publisher.launch.py
[0.587s] -- Installing: /home/r/ros2_ws/install/bringup/share/bringup/launch/robot_localization.launch.py
[0.590s] -- Up-to-date: /home/r/ros2_ws/install/bringup/share/bringup/launch/robot.launch.py
[0.591s] -- Up-to-date: /home/r/ros2_ws/install/bringup/share/ament_index/resource_index/package_run_dependencies/bringup
[0.591s] -- Up-to-date: /home/r/ros2_ws/install/bringup/share/ament_index/resource_index/parent_prefix_path/bringup
[0.591s] -- Up-to-date: /home/r/ros2_ws/install/bringup/share/bringup/environment/ament_prefix_path.sh
[0.591s] -- Installing: /home/r/ros2_ws/install/bringup/share/bringup/environment/ament_prefix_path.dsv
[0.591s] -- Up-to-date: /home/r/ros2_ws/install/bringup/share/bringup/environment/path.sh
[0.591s] -- Installing: /home/r/ros2_ws/install/bringup/share/bringup/environment/path.dsv
[0.591s] -- Up-to-date: /home/r/ros2_ws/install/bringup/share/bringup/local_setup.bash
[0.591s] -- Up-to-date: /home/r/ros2_ws/install/bringup/share/bringup/local_setup.sh
[0.591s] -- Up-to-date: /home/r/ros2_ws/install/bringup/share/bringup/local_setup.zsh
[0.591s] -- Installing: /home/r/ros2_ws/install/bringup/share/bringup/local_setup.dsv
[0.591s] -- Installing: /home/r/ros2_ws/install/bringup/share/bringup/package.dsv
[0.591s] -- Up-to-date: /home/r/ros2_ws/install/bringup/share/ament_index/resource_index/packages/bringup
[0.591s] -- Up-to-date: /home/r/ros2_ws/install/bringup/share/bringup/cmake/bringupConfig.cmake
[0.591s] -- Up-to-date: /home/r/ros2_ws/install/bringup/share/bringup/cmake/bringupConfig-version.cmake
[0.592s] -- Up-to-date: /home/r/ros2_ws/install/bringup/share/bringup/package.xml
[0.596s] Invoked command in '/home/r/ros2_ws/build/bringup' returned '0': AMENT_PREFIX_PATH=/home/r/ros2_ws/install/robot_description:${AMENT_PREFIX_PATH} CMAKE_PREFIX_PATH=/home/r/ros2_ws/install/robot_description:/home/r/lidar_ws/install/sllidar_ros2:/opt/ros/humble /usr/bin/cmake --install /home/r/ros2_ws/build/bringup
