[0.144s] Invoking command in '/home/hi/ros2_ws/build/robot_navigation': CMAKE_PREFIX_PATH=${CMAKE_PREFIX_PATH}:/opt/ros/humble /usr/bin/cmake --build /home/hi/ros2_ws/build/robot_navigation -- -j4 -l4
[0.451s] Invoked command in '/home/hi/ros2_ws/build/robot_navigation' returned '0': CMAKE_PREFIX_PATH=${CMAKE_PREFIX_PATH}:/opt/ros/humble /usr/bin/cmake --build /home/hi/ros2_ws/build/robot_navigation -- -j4 -l4
[0.600s] Invoking command in '/home/hi/ros2_ws/build/robot_navigation': CMAKE_PREFIX_PATH=${CMAKE_PREFIX_PATH}:/opt/ros/humble /usr/bin/cmake --install /home/hi/ros2_ws/build/robot_navigation
[0.689s] -- Install configuration: ""
[0.690s] -- Up-to-date: /home/hi/ros2_ws/install/robot_navigation/share/robot_navigation/launch
[0.690s] -- Up-to-date: /home/hi/ros2_ws/install/robot_navigation/share/robot_navigation/launch/.vscode
[0.692s] -- Up-to-date: /home/hi/ros2_ws/install/robot_navigation/share/robot_navigation/launch/.vscode/settings.json
[0.692s] -- Up-to-date: /home/hi/ros2_ws/install/robot_navigation/share/robot_navigation/launch/.vscode/c_cpp_properties.json
[0.699s] -- Up-to-date: /home/hi/ros2_ws/install/robot_navigation/share/robot_navigation/launch/nav2.launch.py
[0.706s] -- Up-to-date: /home/hi/ros2_ws/install/robot_navigation/share/robot_navigation/map
[0.707s] -- Up-to-date: /home/hi/ros2_ws/install/robot_navigation/share/robot_navigation/map/map.yaml
[0.710s] -- Up-to-date: /home/hi/ros2_ws/install/robot_navigation/share/robot_navigation/map/map5.pgm
[0.714s] -- Up-to-date: /home/hi/ros2_ws/install/robot_navigation/share/robot_navigation/map/map.pgm
[0.716s] -- Up-to-date: /home/hi/ros2_ws/install/robot_navigation/share/robot_navigation/param
[0.717s] -- Up-to-date: /home/hi/ros2_ws/install/robot_navigation/share/robot_navigation/param/robot.yaml
[0.718s] -- Up-to-date: /home/hi/ros2_ws/install/robot_navigation/share/robot_navigation/rviz
[0.719s] -- Up-to-date: /home/hi/ros2_ws/install/robot_navigation/share/robot_navigation/rviz/nav2.rviz
[0.723s] -- Up-to-date: /home/hi/ros2_ws/install/robot_navigation/share/ament_index/resource_index/package_run_dependencies/robot_navigation
[0.723s] -- Up-to-date: /home/hi/ros2_ws/install/robot_navigation/share/ament_index/resource_index/parent_prefix_path/robot_navigation
[0.724s] -- Up-to-date: /home/hi/ros2_ws/install/robot_navigation/share/robot_navigation/environment/ament_prefix_path.sh
[0.726s] -- Up-to-date: /home/hi/ros2_ws/install/robot_navigation/share/robot_navigation/environment/ament_prefix_path.dsv
[0.727s] -- Up-to-date: /home/hi/ros2_ws/install/robot_navigation/share/robot_navigation/environment/path.sh
[0.731s] -- Up-to-date: /home/hi/ros2_ws/install/robot_navigation/share/robot_navigation/environment/path.dsv
[0.733s] -- Up-to-date: /home/hi/ros2_ws/install/robot_navigation/share/robot_navigation/local_setup.bash
[0.736s] -- Up-to-date: /home/hi/ros2_ws/install/robot_navigation/share/robot_navigation/local_setup.sh
[0.737s] -- Up-to-date: /home/hi/ros2_ws/install/robot_navigation/share/robot_navigation/local_setup.zsh
[0.737s] -- Up-to-date: /home/hi/ros2_ws/install/robot_navigation/share/robot_navigation/local_setup.dsv
[0.738s] -- Installing: /home/hi/ros2_ws/install/robot_navigation/share/robot_navigation/package.dsv
[0.739s] -- Up-to-date: /home/hi/ros2_ws/install/robot_navigation/share/ament_index/resource_index/packages/robot_navigation
[0.740s] -- Up-to-date: /home/hi/ros2_ws/install/robot_navigation/share/robot_navigation/cmake/robot_navigationConfig.cmake
[0.742s] -- Up-to-date: /home/hi/ros2_ws/install/robot_navigation/share/robot_navigation/cmake/robot_navigationConfig-version.cmake
[0.743s] -- Up-to-date: /home/hi/ros2_ws/install/robot_navigation/share/robot_navigation/package.xml
[0.771s] Invoked command in '/home/hi/ros2_ws/build/robot_navigation' returned '0': CMAKE_PREFIX_PATH=${CMAKE_PREFIX_PATH}:/opt/ros/humble /usr/bin/cmake --install /home/hi/ros2_ws/build/robot_navigation
