-- Install configuration: ""
-- Up-to-date: /home/r/ros2_ws/install/robot_navigation/share/robot_navigation/launch
-- Up-to-date: /home/r/ros2_ws/install/robot_navigation/share/robot_navigation/launch/nav2.launch.py
-- Up-to-date: /home/r/ros2_ws/install/robot_navigation/share/robot_navigation/launch/.vscode
-- Up-to-date: /home/r/ros2_ws/install/robot_navigation/share/robot_navigation/launch/.vscode/settings.json
-- Up-to-date: /home/r/ros2_ws/install/robot_navigation/share/robot_navigation/launch/.vscode/c_cpp_properties.json
-- Up-to-date: /home/r/ros2_ws/install/robot_navigation/share/robot_navigation/map
-- Up-to-date: /home/r/ros2_ws/install/robot_navigation/share/robot_navigation/map/map.yaml
-- Up-to-date: /home/r/ros2_ws/install/robot_navigation/share/robot_navigation/map/map.pgm
-- Up-to-date: /home/r/ros2_ws/install/robot_navigation/share/robot_navigation/param
-- Up-to-date: /home/r/ros2_ws/install/robot_navigation/share/robot_navigation/param/robot.yaml
-- Up-to-date: /home/r/ros2_ws/install/robot_navigation/share/robot_navigation/rviz
-- Installing: /home/r/ros2_ws/install/robot_navigation/share/robot_navigation/rviz/nav2.rviz
-- Up-to-date: /home/r/ros2_ws/install/robot_navigation/share/ament_index/resource_index/package_run_dependencies/robot_navigation
-- Up-to-date: /home/r/ros2_ws/install/robot_navigation/share/ament_index/resource_index/parent_prefix_path/robot_navigation
-- Up-to-date: /home/r/ros2_ws/install/robot_navigation/share/robot_navigation/environment/ament_prefix_path.sh
-- Up-to-date: /home/r/ros2_ws/install/robot_navigation/share/robot_navigation/environment/ament_prefix_path.dsv
-- Up-to-date: /home/r/ros2_ws/install/robot_navigation/share/robot_navigation/environment/path.sh
-- Up-to-date: /home/r/ros2_ws/install/robot_navigation/share/robot_navigation/environment/path.dsv
-- Up-to-date: /home/r/ros2_ws/install/robot_navigation/share/robot_navigation/local_setup.bash
-- Up-to-date: /home/r/ros2_ws/install/robot_navigation/share/robot_navigation/local_setup.sh
-- Up-to-date: /home/r/ros2_ws/install/robot_navigation/share/robot_navigation/local_setup.zsh
-- Up-to-date: /home/r/ros2_ws/install/robot_navigation/share/robot_navigation/local_setup.dsv
-- Up-to-date: /home/r/ros2_ws/install/robot_navigation/share/robot_navigation/package.dsv
-- Up-to-date: /home/r/ros2_ws/install/robot_navigation/share/ament_index/resource_index/packages/robot_navigation
-- Up-to-date: /home/r/ros2_ws/install/robot_navigation/share/robot_navigation/cmake/robot_navigationConfig.cmake
-- Up-to-date: /home/r/ros2_ws/install/robot_navigation/share/robot_navigation/cmake/robot_navigationConfig-version.cmake
-- Up-to-date: /home/r/ros2_ws/install/robot_navigation/share/robot_navigation/package.xml
