[0.108s] Invoking command in '/home/hi/ros2_ws/build/robot_node1': CMAKE_PREFIX_PATH=${CMAKE_PREFIX_PATH}:/opt/ros/humble /usr/bin/cmake /home/hi/ros2_ws/src/robot_node1 -DCMAKE_INSTALL_PREFIX=/home/hi/ros2_ws/install/robot_node1
[0.172s] -- Found ament_cmake: 1.3.9 (/opt/ros/humble/share/ament_cmake/cmake)
[0.981s] -- Found rclcpp: 16.0.9 (/opt/ros/humble/share/rclcpp/cmake)
[1.196s] -- Found rosidl_generator_c: 3.1.5 (/opt/ros/humble/share/rosidl_generator_c/cmake)
[1.210s] -- Found rosidl_adapter: 3.1.5 (/opt/ros/humble/share/rosidl_adapter/cmake)
[1.237s] -- Found rosidl_generator_cpp: 3.1.5 (/opt/ros/humble/share/rosidl_generator_cpp/cmake)
[1.294s] -- Using all available rosidl_typesupport_c: rosidl_typesupport_fastrtps_c;rosidl_typesupport_introspection_c
[1.444s] -- Using all available rosidl_typesupport_cpp: rosidl_typesupport_fastrtps_cpp;rosidl_typesupport_introspection_cpp
[1.941s] -- Found rmw_implementation_cmake: 6.1.2 (/opt/ros/humble/share/rmw_implementation_cmake/cmake)
[1.972s] -- Found rmw_fastrtps_cpp: 6.2.6 (/opt/ros/humble/share/rmw_fastrtps_cpp/cmake)
[2.683s] -- Found OpenSSL: /usr/lib/aarch64-linux-gnu/libcrypto.so (found version "3.0.2")  
[2.979s] -- Found FastRTPS: /opt/ros/humble/include  
[3.462s] -- Using RMW implementation 'rmw_fastrtps_cpp' as default
[3.566s] -- Looking for pthread.h
[3.929s] -- Looking for pthread.h - found
[3.930s] -- Performing Test CMAKE_HAVE_LIBC_PTHREAD
[4.328s] -- Performing Test CMAKE_HAVE_LIBC_PTHREAD - Success
[4.332s] -- Found Threads: TRUE  
[5.112s] -- Found sensor_msgs: 4.2.4 (/opt/ros/humble/share/sensor_msgs/cmake)
[5.639s] -- Found ament_lint_auto: 0.12.11 (/opt/ros/humble/share/ament_lint_auto/cmake)
[6.155s] -- Added test 'copyright' to check source files copyright and LICENSE
[6.164s] -- Added test 'cppcheck' to perform static code analysis on C / C++ code
[6.165s] -- Configured cppcheck include dirs: /home/hi/ros2_ws/src/robot_node1/include
[6.165s] -- Configured cppcheck exclude dirs and/or files: 
[6.168s] -- Added test 'flake8' to check Python code syntax and style conventions
[6.172s] -- Added test 'lint_cmake' to check CMake code style
[6.175s] -- Added test 'pep257' to check Python code against some of the docstring style conventions in PEP 257
[6.184s] -- Added test 'uncrustify' to check C / C++ code style
[6.184s] -- Configured uncrustify additional arguments: 
[6.187s] -- Added test 'xmllint' to check XML markup files
[6.194s] -- Configuring done
[6.250s] -- Generating done
[6.256s] -- Build files have been written to: /home/hi/ros2_ws/build/robot_node1
[6.287s] Invoked command in '/home/hi/ros2_ws/build/robot_node1' returned '0': CMAKE_PREFIX_PATH=${CMAKE_PREFIX_PATH}:/opt/ros/humble /usr/bin/cmake /home/hi/ros2_ws/src/robot_node1 -DCMAKE_INSTALL_PREFIX=/home/hi/ros2_ws/install/robot_node1
[6.296s] Invoking command in '/home/hi/ros2_ws/build/robot_node1': CMAKE_PREFIX_PATH=${CMAKE_PREFIX_PATH}:/opt/ros/humble /usr/bin/cmake --build /home/hi/ros2_ws/build/robot_node1 -- -j4 -l4
[6.531s] [ 33%] [32mBuilding CXX object CMakeFiles/imu_node.dir/src/imu_node.cpp.o[0m
[6.532s] [ 66%] [32mBuilding CXX object CMakeFiles/imu_node.dir/src/mpu6500.cpp.o[0m
[25.631s] [100%] [32m[1mLinking CXX executable imu_node[0m
[26.706s] [100%] Built target imu_node
[26.746s] Invoked command in '/home/hi/ros2_ws/build/robot_node1' returned '0': CMAKE_PREFIX_PATH=${CMAKE_PREFIX_PATH}:/opt/ros/humble /usr/bin/cmake --build /home/hi/ros2_ws/build/robot_node1 -- -j4 -l4
[26.908s] Invoking command in '/home/hi/ros2_ws/build/robot_node1': CMAKE_PREFIX_PATH=${CMAKE_PREFIX_PATH}:/opt/ros/humble /usr/bin/cmake --install /home/hi/ros2_ws/build/robot_node1
[26.939s] -- Install configuration: ""
[26.939s] -- Installing: /home/hi/ros2_ws/install/robot_node1/lib/robot_node1/imu_node
[26.949s] -- Set runtime path of "/home/hi/ros2_ws/install/robot_node1/lib/robot_node1/imu_node" to ""
[26.950s] -- Installing: /home/hi/ros2_ws/install/robot_node1/share/ament_index/resource_index/package_run_dependencies/robot_node1
[26.951s] -- Installing: /home/hi/ros2_ws/install/robot_node1/share/ament_index/resource_index/parent_prefix_path/robot_node1
[26.953s] -- Installing: /home/hi/ros2_ws/install/robot_node1/share/robot_node1/environment/ament_prefix_path.sh
[26.954s] -- Installing: /home/hi/ros2_ws/install/robot_node1/share/robot_node1/environment/ament_prefix_path.dsv
[26.955s] -- Installing: /home/hi/ros2_ws/install/robot_node1/share/robot_node1/environment/path.sh
[26.956s] -- Installing: /home/hi/ros2_ws/install/robot_node1/share/robot_node1/environment/path.dsv
[26.957s] -- Installing: /home/hi/ros2_ws/install/robot_node1/share/robot_node1/local_setup.bash
[26.958s] -- Installing: /home/hi/ros2_ws/install/robot_node1/share/robot_node1/local_setup.sh
[26.959s] -- Installing: /home/hi/ros2_ws/install/robot_node1/share/robot_node1/local_setup.zsh
[26.960s] -- Installing: /home/hi/ros2_ws/install/robot_node1/share/robot_node1/local_setup.dsv
[26.961s] -- Installing: /home/hi/ros2_ws/install/robot_node1/share/robot_node1/package.dsv
[26.963s] -- Installing: /home/hi/ros2_ws/install/robot_node1/share/ament_index/resource_index/packages/robot_node1
[26.964s] -- Installing: /home/hi/ros2_ws/install/robot_node1/share/robot_node1/cmake/robot_node1Config.cmake
[26.965s] -- Installing: /home/hi/ros2_ws/install/robot_node1/share/robot_node1/cmake/robot_node1Config-version.cmake
[26.967s] -- Installing: /home/hi/ros2_ws/install/robot_node1/share/robot_node1/package.xml
[26.977s] Invoked command in '/home/hi/ros2_ws/build/robot_node1' returned '0': CMAKE_PREFIX_PATH=${CMAKE_PREFIX_PATH}:/opt/ros/humble /usr/bin/cmake --install /home/hi/ros2_ws/build/robot_node1
