[0.113s] Invoking command in '/home/hi/ros2_ws/build/robot_node1': CMAKE_PREFIX_PATH=${CMAKE_PREFIX_PATH}:/opt/ros/humble /usr/bin/cmake --build /home/hi/ros2_ws/build/robot_node1 -- -j4 -l4
[0.451s] [ 33%] [32mBuilding CXX object CMakeFiles/imu_node.dir/src/imu_node.cpp.o[0m
[20.532s] [ 66%] [32m[1mLinking CXX executable imu_node[0m
[21.743s] [100%] Built target imu_node
[21.790s] Invoked command in '/home/hi/ros2_ws/build/robot_node1' returned '0': CMAKE_PREFIX_PATH=${CMAKE_PREFIX_PATH}:/opt/ros/humble /usr/bin/cmake --build /home/hi/ros2_ws/build/robot_node1 -- -j4 -l4
[21.974s] Invoking command in '/home/hi/ros2_ws/build/robot_node1': CMAKE_PREFIX_PATH=${CMAKE_PREFIX_PATH}:/opt/ros/humble /usr/bin/cmake --install /home/hi/ros2_ws/build/robot_node1
[22.006s] -- Install configuration: ""
[22.009s] -- Installing: /home/hi/ros2_ws/install/robot_node1/lib/robot_node1/imu_node
[22.020s] -- Set runtime path of "/home/hi/ros2_ws/install/robot_node1/lib/robot_node1/imu_node" to ""
[22.020s] -- Up-to-date: /home/hi/ros2_ws/install/robot_node1/share/ament_index/resource_index/package_run_dependencies/robot_node1
[22.021s] -- Up-to-date: /home/hi/ros2_ws/install/robot_node1/share/ament_index/resource_index/parent_prefix_path/robot_node1
[22.022s] -- Up-to-date: /home/hi/ros2_ws/install/robot_node1/share/robot_node1/environment/ament_prefix_path.sh
[22.023s] -- Up-to-date: /home/hi/ros2_ws/install/robot_node1/share/robot_node1/environment/ament_prefix_path.dsv
[22.023s] -- Up-to-date: /home/hi/ros2_ws/install/robot_node1/share/robot_node1/environment/path.sh
[22.023s] -- Up-to-date: /home/hi/ros2_ws/install/robot_node1/share/robot_node1/environment/path.dsv
[22.024s] -- Up-to-date: /home/hi/ros2_ws/install/robot_node1/share/robot_node1/local_setup.bash
[22.025s] -- Up-to-date: /home/hi/ros2_ws/install/robot_node1/share/robot_node1/local_setup.sh
[22.025s] -- Up-to-date: /home/hi/ros2_ws/install/robot_node1/share/robot_node1/local_setup.zsh
[22.026s] -- Up-to-date: /home/hi/ros2_ws/install/robot_node1/share/robot_node1/local_setup.dsv
[22.026s] -- Installing: /home/hi/ros2_ws/install/robot_node1/share/robot_node1/package.dsv
[22.028s] -- Up-to-date: /home/hi/ros2_ws/install/robot_node1/share/ament_index/resource_index/packages/robot_node1
[22.029s] -- Up-to-date: /home/hi/ros2_ws/install/robot_node1/share/robot_node1/cmake/robot_node1Config.cmake
[22.030s] -- Up-to-date: /home/hi/ros2_ws/install/robot_node1/share/robot_node1/cmake/robot_node1Config-version.cmake
[22.030s] -- Up-to-date: /home/hi/ros2_ws/install/robot_node1/share/robot_node1/package.xml
[22.039s] Invoked command in '/home/hi/ros2_ws/build/robot_node1' returned '0': CMAKE_PREFIX_PATH=${CMAKE_PREFIX_PATH}:/opt/ros/humble /usr/bin/cmake --install /home/hi/ros2_ws/build/robot_node1
