[0.113s] Invoking command in '/home/r/ros2_ws/build/bringup': CMAKE_PREFIX_PATH=/home/r/ros2_ws/install/robot_description:/home/r/ros2_ws/install/bringup:/home/r/lidar_ws/install/sllidar_ros2:/opt/ros/humble /usr/bin/cmake --build /home/r/ros2_ws/build/bringup -- -j2 -l2
[0.927s] Invoked command in '/home/r/ros2_ws/build/bringup' returned '0': CMAKE_PREFIX_PATH=/home/r/ros2_ws/install/robot_description:/home/r/ros2_ws/install/bringup:/home/r/lidar_ws/install/sllidar_ros2:/opt/ros/humble /usr/bin/cmake --build /home/r/ros2_ws/build/bringup -- -j2 -l2
[1.071s] Invoking command in '/home/r/ros2_ws/build/bringup': CMAKE_PREFIX_PATH=/home/r/ros2_ws/install/robot_description:/home/r/ros2_ws/install/bringup:/home/r/lidar_ws/install/sllidar_ros2:/opt/ros/humble /usr/bin/cmake --install /home/r/ros2_ws/build/bringup
[1.113s] -- Install configuration: ""
[1.113s] -- Up-to-date: /home/r/ros2_ws/install/bringup/share/bringup/launch
[1.113s] -- Up-to-date: /home/r/ros2_ws/install/bringup/share/bringup/launch/rviz.launch.py
[1.117s] -- Up-to-date: /home/r/ros2_ws/install/bringup/share/bringup/launch/robot_state_publisher.launch.py
[1.117s] -- Up-to-date: /home/r/ros2_ws/install/bringup/share/bringup/launch/robot.launch.py
[1.117s] -- Up-to-date: /home/r/ros2_ws/install/bringup/share/ament_index/resource_index/package_run_dependencies/bringup
[1.117s] -- Up-to-date: /home/r/ros2_ws/install/bringup/share/ament_index/resource_index/parent_prefix_path/bringup
[1.117s] -- Up-to-date: /home/r/ros2_ws/install/bringup/share/bringup/environment/ament_prefix_path.sh
[1.118s] -- Up-to-date: /home/r/ros2_ws/install/bringup/share/bringup/environment/ament_prefix_path.dsv
[1.118s] -- Up-to-date: /home/r/ros2_ws/install/bringup/share/bringup/environment/path.sh
[1.118s] -- Up-to-date: /home/r/ros2_ws/install/bringup/share/bringup/environment/path.dsv
[1.118s] -- Up-to-date: /home/r/ros2_ws/install/bringup/share/bringup/local_setup.bash
[1.119s] -- Up-to-date: /home/r/ros2_ws/install/bringup/share/bringup/local_setup.sh
[1.119s] -- Up-to-date: /home/r/ros2_ws/install/bringup/share/bringup/local_setup.zsh
[1.119s] -- Up-to-date: /home/r/ros2_ws/install/bringup/share/bringup/local_setup.dsv
[1.119s] -- Installing: /home/r/ros2_ws/install/bringup/share/bringup/package.dsv
[1.119s] -- Up-to-date: /home/r/ros2_ws/install/bringup/share/ament_index/resource_index/packages/bringup
[1.120s] -- Up-to-date: /home/r/ros2_ws/install/bringup/share/bringup/cmake/bringupConfig.cmake
[1.120s] -- Up-to-date: /home/r/ros2_ws/install/bringup/share/bringup/cmake/bringupConfig-version.cmake
[1.120s] -- Up-to-date: /home/r/ros2_ws/install/bringup/share/bringup/package.xml
[1.123s] Invoked command in '/home/r/ros2_ws/build/bringup' returned '0': CMAKE_PREFIX_PATH=/home/r/ros2_ws/install/robot_description:/home/r/ros2_ws/install/bringup:/home/r/lidar_ws/install/sllidar_ros2:/opt/ros/humble /usr/bin/cmake --install /home/r/ros2_ws/build/bringup
