[0.142s] Invoking command in '/home/hi/ros2_ws/build/robot_description': CMAKE_PREFIX_PATH=${CMAKE_PREFIX_PATH}:/opt/ros/humble /usr/bin/cmake --build /home/hi/ros2_ws/build/robot_description -- -j4 -l4
[0.318s] Invoked command in '/home/hi/ros2_ws/build/robot_description' returned '0': CMAKE_PREFIX_PATH=${CMAKE_PREFIX_PATH}:/opt/ros/humble /usr/bin/cmake --build /home/hi/ros2_ws/build/robot_description -- -j4 -l4
[0.514s] Invoking command in '/home/hi/ros2_ws/build/robot_description': CMAKE_PREFIX_PATH=${CMAKE_PREFIX_PATH}:/opt/ros/humble /usr/bin/cmake --install /home/hi/ros2_ws/build/robot_description
[0.550s] -- Install configuration: ""
[0.551s] -- Up-to-date: /home/hi/ros2_ws/install/robot_description/share/robot_description/rviz
[0.552s] -- Up-to-date: /home/hi/ros2_ws/install/robot_description/share/robot_description/rviz/show_robot.rviz
[0.553s] -- Up-to-date: /home/hi/ros2_ws/install/robot_description/share/robot_description/urdf
[0.561s] -- Up-to-date: /home/hi/ros2_ws/install/robot_description/share/robot_description/urdf/robot.urdf
[0.562s] -- Up-to-date: /home/hi/ros2_ws/install/robot_description/share/ament_index/resource_index/package_run_dependencies/robot_description
[0.563s] -- Up-to-date: /home/hi/ros2_ws/install/robot_description/share/ament_index/resource_index/parent_prefix_path/robot_description
[0.563s] -- Up-to-date: /home/hi/ros2_ws/install/robot_description/share/robot_description/environment/ament_prefix_path.sh
[0.564s] -- Up-to-date: /home/hi/ros2_ws/install/robot_description/share/robot_description/environment/ament_prefix_path.dsv
[0.565s] -- Up-to-date: /home/hi/ros2_ws/install/robot_description/share/robot_description/environment/path.sh
[0.565s] -- Up-to-date: /home/hi/ros2_ws/install/robot_description/share/robot_description/environment/path.dsv
[0.566s] -- Up-to-date: /home/hi/ros2_ws/install/robot_description/share/robot_description/local_setup.bash
[0.567s] -- Up-to-date: /home/hi/ros2_ws/install/robot_description/share/robot_description/local_setup.sh
[0.568s] -- Up-to-date: /home/hi/ros2_ws/install/robot_description/share/robot_description/local_setup.zsh
[0.568s] -- Up-to-date: /home/hi/ros2_ws/install/robot_description/share/robot_description/local_setup.dsv
[0.569s] -- Installing: /home/hi/ros2_ws/install/robot_description/share/robot_description/package.dsv
[0.571s] -- Up-to-date: /home/hi/ros2_ws/install/robot_description/share/ament_index/resource_index/packages/robot_description
[0.573s] -- Up-to-date: /home/hi/ros2_ws/install/robot_description/share/robot_description/cmake/robot_descriptionConfig.cmake
[0.575s] -- Up-to-date: /home/hi/ros2_ws/install/robot_description/share/robot_description/cmake/robot_descriptionConfig-version.cmake
[0.580s] -- Up-to-date: /home/hi/ros2_ws/install/robot_description/share/robot_description/package.xml
[0.600s] Invoked command in '/home/hi/ros2_ws/build/robot_description' returned '0': CMAKE_PREFIX_PATH=${CMAKE_PREFIX_PATH}:/opt/ros/humble /usr/bin/cmake --install /home/hi/ros2_ws/build/robot_description
