[1.446s] DEBUG:colcon:Command line arguments: ['/usr/bin/colcon', 'build', '--packages-select', 'bringup', 'robot_description', 'robot_navigation', 'robot_node1']
[1.447s] DEBUG:colcon:Parsed command line arguments: Namespace(log_base=None, log_level=None, verb_name='build', build_base='build', install_base='install', merge_install=False, symlink_install=False, test_result_base=None, continue_on_error=False, executor='parallel', parallel_workers=4, event_handlers=None, ignore_user_meta=False, metas=['./colcon.meta'], base_paths=['.'], packages_ignore=None, packages_ignore_regex=None, paths=None, packages_up_to=None, packages_up_to_regex=None, packages_above=None, packages_above_and_dependencies=None, packages_above_depth=None, packages_select_by_dep=None, packages_skip_by_dep=None, packages_skip_up_to=None, packages_select_build_failed=False, packages_skip_build_finished=False, packages_select_test_failures=False, packages_skip_test_passed=False, packages_select=['bringup', 'robot_description', 'robot_navigation', 'robot_node1'], packages_skip=None, packages_select_regex=None, packages_skip_regex=None, packages_start=None, packages_end=None, allow_overriding=[], cmake_args=None, cmake_target=None, cmake_target_skip_unavailable=False, cmake_clean_cache=False, cmake_clean_first=False, cmake_force_configure=False, ament_cmake_args=None, catkin_cmake_args=None, catkin_skip_building_tests=False, verb_parser=<colcon_defaults.argument_parser.defaults.DefaultArgumentsDecorator object at 0xffffa7fa8130>, verb_extension=<colcon_core.verb.build.BuildVerb object at 0xffffa80e0d60>, main=<bound method BuildVerb.main of <colcon_core.verb.build.BuildVerb object at 0xffffa80e0d60>>)
[3.766s] Level 1:colcon.colcon_core.package_discovery:discover_packages(colcon_meta) check parameters
[3.767s] Level 1:colcon.colcon_core.package_discovery:discover_packages(recursive) check parameters
[3.768s] Level 1:colcon.colcon_core.package_discovery:discover_packages(ignore) check parameters
[3.768s] Level 1:colcon.colcon_core.package_discovery:discover_packages(path) check parameters
[3.768s] Level 1:colcon.colcon_core.package_discovery:discover_packages(colcon_meta) discover
[3.769s] Level 1:colcon.colcon_core.package_discovery:discover_packages(recursive) discover
[3.769s] INFO:colcon.colcon_core.package_discovery:Crawling recursively for packages in '/home/hi/ros2_ws'
[3.770s] Level 1:colcon.colcon_core.package_identification:_identify(.) by extensions ['ignore', 'ignore_ament_install']
[3.771s] Level 1:colcon.colcon_core.package_identification:_identify(.) by extension 'ignore'
[3.772s] Level 1:colcon.colcon_core.package_identification:_identify(.) by extension 'ignore_ament_install'
[3.773s] Level 1:colcon.colcon_core.package_identification:_identify(.) by extensions ['colcon_pkg']
[3.773s] Level 1:colcon.colcon_core.package_identification:_identify(.) by extension 'colcon_pkg'
[3.774s] Level 1:colcon.colcon_core.package_identification:_identify(.) by extensions ['colcon_meta']
[3.775s] Level 1:colcon.colcon_core.package_identification:_identify(.) by extension 'colcon_meta'
[3.775s] Level 1:colcon.colcon_core.package_identification:_identify(.) by extensions ['ros']
[3.776s] Level 1:colcon.colcon_core.package_identification:_identify(.) by extension 'ros'
[3.908s] Level 1:colcon.colcon_core.package_identification:_identify(.) by extensions ['cmake', 'python']
[3.909s] Level 1:colcon.colcon_core.package_identification:_identify(.) by extension 'cmake'
[3.910s] Level 1:colcon.colcon_core.package_identification:_identify(.) by extension 'python'
[3.910s] Level 1:colcon.colcon_core.package_identification:_identify(.) by extensions ['python_setup_py']
[3.911s] Level 1:colcon.colcon_core.package_identification:_identify(.) by extension 'python_setup_py'
[3.912s] Level 1:colcon.colcon_core.package_identification:_identify(build) by extensions ['ignore', 'ignore_ament_install']
[3.913s] Level 1:colcon.colcon_core.package_identification:_identify(build) by extension 'ignore'
[3.914s] Level 1:colcon.colcon_core.package_identification:_identify(build) ignored
[3.916s] Level 1:colcon.colcon_core.package_identification:_identify(install) by extensions ['ignore', 'ignore_ament_install']
[3.917s] Level 1:colcon.colcon_core.package_identification:_identify(install) by extension 'ignore'
[3.918s] Level 1:colcon.colcon_core.package_identification:_identify(install) ignored
[3.919s] Level 1:colcon.colcon_core.package_identification:_identify(log) by extensions ['ignore', 'ignore_ament_install']
[3.920s] Level 1:colcon.colcon_core.package_identification:_identify(log) by extension 'ignore'
[3.921s] Level 1:colcon.colcon_core.package_identification:_identify(log) ignored
[3.922s] Level 1:colcon.colcon_core.package_identification:_identify(src) by extensions ['ignore', 'ignore_ament_install']
[3.924s] Level 1:colcon.colcon_core.package_identification:_identify(src) by extension 'ignore'
[3.926s] Level 1:colcon.colcon_core.package_identification:_identify(src) by extension 'ignore_ament_install'
[3.928s] Level 1:colcon.colcon_core.package_identification:_identify(src) by extensions ['colcon_pkg']
[3.929s] Level 1:colcon.colcon_core.package_identification:_identify(src) by extension 'colcon_pkg'
[3.930s] Level 1:colcon.colcon_core.package_identification:_identify(src) by extensions ['colcon_meta']
[3.931s] Level 1:colcon.colcon_core.package_identification:_identify(src) by extension 'colcon_meta'
[3.932s] Level 1:colcon.colcon_core.package_identification:_identify(src) by extensions ['ros']
[3.932s] Level 1:colcon.colcon_core.package_identification:_identify(src) by extension 'ros'
[3.933s] Level 1:colcon.colcon_core.package_identification:_identify(src) by extensions ['cmake', 'python']
[3.934s] Level 1:colcon.colcon_core.package_identification:_identify(src) by extension 'cmake'
[3.935s] Level 1:colcon.colcon_core.package_identification:_identify(src) by extension 'python'
[3.936s] Level 1:colcon.colcon_core.package_identification:_identify(src) by extensions ['python_setup_py']
[3.937s] Level 1:colcon.colcon_core.package_identification:_identify(src) by extension 'python_setup_py'
[3.939s] Level 1:colcon.colcon_core.package_identification:_identify(src/bringup) by extensions ['ignore', 'ignore_ament_install']
[3.940s] Level 1:colcon.colcon_core.package_identification:_identify(src/bringup) by extension 'ignore'
[3.942s] Level 1:colcon.colcon_core.package_identification:_identify(src/bringup) by extension 'ignore_ament_install'
[3.943s] Level 1:colcon.colcon_core.package_identification:_identify(src/bringup) by extensions ['colcon_pkg']
[3.944s] Level 1:colcon.colcon_core.package_identification:_identify(src/bringup) by extension 'colcon_pkg'
[3.944s] Level 1:colcon.colcon_core.package_identification:_identify(src/bringup) by extensions ['colcon_meta']
[3.944s] Level 1:colcon.colcon_core.package_identification:_identify(src/bringup) by extension 'colcon_meta'
[3.945s] Level 1:colcon.colcon_core.package_identification:_identify(src/bringup) by extensions ['ros']
[3.946s] Level 1:colcon.colcon_core.package_identification:_identify(src/bringup) by extension 'ros'
[3.964s] DEBUG:colcon.colcon_core.package_identification:Package 'src/bringup' with type 'ros.ament_cmake' and name 'bringup'
[3.966s] Level 1:colcon.colcon_core.package_identification:_identify(src/robot_description) by extensions ['ignore', 'ignore_ament_install']
[3.967s] Level 1:colcon.colcon_core.package_identification:_identify(src/robot_description) by extension 'ignore'
[3.968s] Level 1:colcon.colcon_core.package_identification:_identify(src/robot_description) by extension 'ignore_ament_install'
[3.968s] Level 1:colcon.colcon_core.package_identification:_identify(src/robot_description) by extensions ['colcon_pkg']
[3.968s] Level 1:colcon.colcon_core.package_identification:_identify(src/robot_description) by extension 'colcon_pkg'
[3.969s] Level 1:colcon.colcon_core.package_identification:_identify(src/robot_description) by extensions ['colcon_meta']
[3.970s] Level 1:colcon.colcon_core.package_identification:_identify(src/robot_description) by extension 'colcon_meta'
[3.971s] Level 1:colcon.colcon_core.package_identification:_identify(src/robot_description) by extensions ['ros']
[3.972s] Level 1:colcon.colcon_core.package_identification:_identify(src/robot_description) by extension 'ros'
[3.980s] DEBUG:colcon.colcon_core.package_identification:Package 'src/robot_description' with type 'ros.ament_cmake' and name 'robot_description'
[3.982s] Level 1:colcon.colcon_core.package_identification:_identify(src/robot_navigation) by extensions ['ignore', 'ignore_ament_install']
[3.983s] Level 1:colcon.colcon_core.package_identification:_identify(src/robot_navigation) by extension 'ignore'
[3.984s] Level 1:colcon.colcon_core.package_identification:_identify(src/robot_navigation) by extension 'ignore_ament_install'
[3.985s] Level 1:colcon.colcon_core.package_identification:_identify(src/robot_navigation) by extensions ['colcon_pkg']
[3.986s] Level 1:colcon.colcon_core.package_identification:_identify(src/robot_navigation) by extension 'colcon_pkg'
[3.987s] Level 1:colcon.colcon_core.package_identification:_identify(src/robot_navigation) by extensions ['colcon_meta']
[3.988s] Level 1:colcon.colcon_core.package_identification:_identify(src/robot_navigation) by extension 'colcon_meta'
[3.989s] Level 1:colcon.colcon_core.package_identification:_identify(src/robot_navigation) by extensions ['ros']
[3.990s] Level 1:colcon.colcon_core.package_identification:_identify(src/robot_navigation) by extension 'ros'
[3.996s] DEBUG:colcon.colcon_core.package_identification:Package 'src/robot_navigation' with type 'ros.ament_cmake' and name 'robot_navigation'
[3.998s] Level 1:colcon.colcon_core.package_identification:_identify(src/robot_node1) by extensions ['ignore', 'ignore_ament_install']
[3.999s] Level 1:colcon.colcon_core.package_identification:_identify(src/robot_node1) by extension 'ignore'
[4.000s] Level 1:colcon.colcon_core.package_identification:_identify(src/robot_node1) by extension 'ignore_ament_install'
[4.000s] Level 1:colcon.colcon_core.package_identification:_identify(src/robot_node1) by extensions ['colcon_pkg']
[4.001s] Level 1:colcon.colcon_core.package_identification:_identify(src/robot_node1) by extension 'colcon_pkg'
[4.001s] Level 1:colcon.colcon_core.package_identification:_identify(src/robot_node1) by extensions ['colcon_meta']
[4.002s] Level 1:colcon.colcon_core.package_identification:_identify(src/robot_node1) by extension 'colcon_meta'
[4.002s] Level 1:colcon.colcon_core.package_identification:_identify(src/robot_node1) by extensions ['ros']
[4.002s] Level 1:colcon.colcon_core.package_identification:_identify(src/robot_node1) by extension 'ros'
[4.008s] DEBUG:colcon.colcon_core.package_identification:Package 'src/robot_node1' with type 'ros.ament_cmake' and name 'robot_node1'
[4.009s] Level 1:colcon.colcon_core.package_discovery:discover_packages(recursive) using defaults
[4.010s] Level 1:colcon.colcon_core.package_discovery:discover_packages(ignore) discover
[4.010s] Level 1:colcon.colcon_core.package_discovery:discover_packages(ignore) using defaults
[4.010s] Level 1:colcon.colcon_core.package_discovery:discover_packages(path) discover
[4.010s] Level 1:colcon.colcon_core.package_discovery:discover_packages(path) using defaults
[4.200s] Level 1:colcon.colcon_core.package_discovery:discover_packages(prefix_path) check parameters
[4.201s] Level 1:colcon.colcon_core.package_discovery:discover_packages(prefix_path) discover
[4.226s] DEBUG:colcon.colcon_installed_package_information.package_discovery:Found 4 installed packages in /home/hi/ros2_ws/install
[4.241s] DEBUG:colcon.colcon_installed_package_information.package_discovery:Found 323 installed packages in /opt/ros/humble
[4.254s] Level 1:colcon.colcon_core.package_discovery:discover_packages(prefix_path) using defaults
[4.985s] Level 5:colcon.colcon_core.verb:set package 'robot_description' build argument 'cmake_args' from command line to 'None'
[4.986s] Level 5:colcon.colcon_core.verb:set package 'robot_description' build argument 'cmake_target' from command line to 'None'
[4.986s] Level 5:colcon.colcon_core.verb:set package 'robot_description' build argument 'cmake_target_skip_unavailable' from command line to 'False'
[4.987s] Level 5:colcon.colcon_core.verb:set package 'robot_description' build argument 'cmake_clean_cache' from command line to 'False'
[4.987s] Level 5:colcon.colcon_core.verb:set package 'robot_description' build argument 'cmake_clean_first' from command line to 'False'
[4.987s] Level 5:colcon.colcon_core.verb:set package 'robot_description' build argument 'cmake_force_configure' from command line to 'False'
[4.988s] Level 5:colcon.colcon_core.verb:set package 'robot_description' build argument 'ament_cmake_args' from command line to 'None'
[4.988s] Level 5:colcon.colcon_core.verb:set package 'robot_description' build argument 'catkin_cmake_args' from command line to 'None'
[4.988s] Level 5:colcon.colcon_core.verb:set package 'robot_description' build argument 'catkin_skip_building_tests' from command line to 'False'
[4.988s] DEBUG:colcon.colcon_core.verb:Building package 'robot_description' with the following arguments: {'ament_cmake_args': None, 'build_base': '/home/hi/ros2_ws/build/robot_description', 'catkin_cmake_args': None, 'catkin_skip_building_tests': False, 'cmake_args': None, 'cmake_clean_cache': False, 'cmake_clean_first': False, 'cmake_force_configure': False, 'cmake_target': None, 'cmake_target_skip_unavailable': False, 'install_base': '/home/hi/ros2_ws/install/robot_description', 'merge_install': False, 'path': '/home/hi/ros2_ws/src/robot_description', 'symlink_install': False, 'test_result_base': None}
[4.992s] Level 5:colcon.colcon_core.verb:set package 'robot_navigation' build argument 'cmake_args' from command line to 'None'
[4.992s] Level 5:colcon.colcon_core.verb:set package 'robot_navigation' build argument 'cmake_target' from command line to 'None'
[4.993s] Level 5:colcon.colcon_core.verb:set package 'robot_navigation' build argument 'cmake_target_skip_unavailable' from command line to 'False'
[4.993s] Level 5:colcon.colcon_core.verb:set package 'robot_navigation' build argument 'cmake_clean_cache' from command line to 'False'
[4.994s] Level 5:colcon.colcon_core.verb:set package 'robot_navigation' build argument 'cmake_clean_first' from command line to 'False'
[4.995s] Level 5:colcon.colcon_core.verb:set package 'robot_navigation' build argument 'cmake_force_configure' from command line to 'False'
[4.996s] Level 5:colcon.colcon_core.verb:set package 'robot_navigation' build argument 'ament_cmake_args' from command line to 'None'
[4.997s] Level 5:colcon.colcon_core.verb:set package 'robot_navigation' build argument 'catkin_cmake_args' from command line to 'None'
[4.998s] Level 5:colcon.colcon_core.verb:set package 'robot_navigation' build argument 'catkin_skip_building_tests' from command line to 'False'
[4.998s] DEBUG:colcon.colcon_core.verb:Building package 'robot_navigation' with the following arguments: {'ament_cmake_args': None, 'build_base': '/home/hi/ros2_ws/build/robot_navigation', 'catkin_cmake_args': None, 'catkin_skip_building_tests': False, 'cmake_args': None, 'cmake_clean_cache': False, 'cmake_clean_first': False, 'cmake_force_configure': False, 'cmake_target': None, 'cmake_target_skip_unavailable': False, 'install_base': '/home/hi/ros2_ws/install/robot_navigation', 'merge_install': False, 'path': '/home/hi/ros2_ws/src/robot_navigation', 'symlink_install': False, 'test_result_base': None}
[5.003s] Level 5:colcon.colcon_core.verb:set package 'robot_node1' build argument 'cmake_args' from command line to 'None'
[5.003s] Level 5:colcon.colcon_core.verb:set package 'robot_node1' build argument 'cmake_target' from command line to 'None'
[5.004s] Level 5:colcon.colcon_core.verb:set package 'robot_node1' build argument 'cmake_target_skip_unavailable' from command line to 'False'
[5.004s] Level 5:colcon.colcon_core.verb:set package 'robot_node1' build argument 'cmake_clean_cache' from command line to 'False'
[5.005s] Level 5:colcon.colcon_core.verb:set package 'robot_node1' build argument 'cmake_clean_first' from command line to 'False'
[5.005s] Level 5:colcon.colcon_core.verb:set package 'robot_node1' build argument 'cmake_force_configure' from command line to 'False'
[5.006s] Level 5:colcon.colcon_core.verb:set package 'robot_node1' build argument 'ament_cmake_args' from command line to 'None'
[5.006s] Level 5:colcon.colcon_core.verb:set package 'robot_node1' build argument 'catkin_cmake_args' from command line to 'None'
[5.006s] Level 5:colcon.colcon_core.verb:set package 'robot_node1' build argument 'catkin_skip_building_tests' from command line to 'False'
[5.007s] DEBUG:colcon.colcon_core.verb:Building package 'robot_node1' with the following arguments: {'ament_cmake_args': None, 'build_base': '/home/hi/ros2_ws/build/robot_node1', 'catkin_cmake_args': None, 'catkin_skip_building_tests': False, 'cmake_args': None, 'cmake_clean_cache': False, 'cmake_clean_first': False, 'cmake_force_configure': False, 'cmake_target': None, 'cmake_target_skip_unavailable': False, 'install_base': '/home/hi/ros2_ws/install/robot_node1', 'merge_install': False, 'path': '/home/hi/ros2_ws/src/robot_node1', 'symlink_install': False, 'test_result_base': None}
[5.009s] Level 5:colcon.colcon_core.verb:set package 'bringup' build argument 'cmake_args' from command line to 'None'
[5.010s] Level 5:colcon.colcon_core.verb:set package 'bringup' build argument 'cmake_target' from command line to 'None'
[5.010s] Level 5:colcon.colcon_core.verb:set package 'bringup' build argument 'cmake_target_skip_unavailable' from command line to 'False'
[5.010s] Level 5:colcon.colcon_core.verb:set package 'bringup' build argument 'cmake_clean_cache' from command line to 'False'
[5.010s] Level 5:colcon.colcon_core.verb:set package 'bringup' build argument 'cmake_clean_first' from command line to 'False'
[5.010s] Level 5:colcon.colcon_core.verb:set package 'bringup' build argument 'cmake_force_configure' from command line to 'False'
[5.011s] Level 5:colcon.colcon_core.verb:set package 'bringup' build argument 'ament_cmake_args' from command line to 'None'
[5.011s] Level 5:colcon.colcon_core.verb:set package 'bringup' build argument 'catkin_cmake_args' from command line to 'None'
[5.011s] Level 5:colcon.colcon_core.verb:set package 'bringup' build argument 'catkin_skip_building_tests' from command line to 'False'
[5.011s] DEBUG:colcon.colcon_core.verb:Building package 'bringup' with the following arguments: {'ament_cmake_args': None, 'build_base': '/home/hi/ros2_ws/build/bringup', 'catkin_cmake_args': None, 'catkin_skip_building_tests': False, 'cmake_args': None, 'cmake_clean_cache': False, 'cmake_clean_first': False, 'cmake_force_configure': False, 'cmake_target': None, 'cmake_target_skip_unavailable': False, 'install_base': '/home/hi/ros2_ws/install/bringup', 'merge_install': False, 'path': '/home/hi/ros2_ws/src/bringup', 'symlink_install': False, 'test_result_base': None}
[5.012s] INFO:colcon.colcon_core.executor:Executing jobs using 'parallel' executor
[5.020s] DEBUG:colcon.colcon_parallel_executor.executor.parallel:run_until_complete
[5.025s] INFO:colcon.colcon_ros.task.ament_cmake.build:Building ROS package in '/home/hi/ros2_ws/src/robot_description' with build type 'ament_cmake'
[5.028s] INFO:colcon.colcon_cmake.task.cmake.build:Building CMake package in '/home/hi/ros2_ws/src/robot_description'
[5.069s] INFO:colcon.colcon_core.plugin_system:Skipping extension 'colcon_core.shell.bat': Not used on non-Windows systems
[5.072s] INFO:colcon.colcon_core.shell:Skip shell extension 'powershell' for command environment: Not usable outside of PowerShell
[5.072s] DEBUG:colcon.colcon_core.shell:Skip shell extension 'dsv' for command environment
[5.128s] INFO:colcon.colcon_ros.task.ament_cmake.build:Building ROS package in '/home/hi/ros2_ws/src/robot_navigation' with build type 'ament_cmake'
[5.134s] INFO:colcon.colcon_cmake.task.cmake.build:Building CMake package in '/home/hi/ros2_ws/src/robot_navigation'
[5.136s] INFO:colcon.colcon_core.shell:Skip shell extension 'powershell' for command environment: Not usable outside of PowerShell
[5.136s] DEBUG:colcon.colcon_core.shell:Skip shell extension 'dsv' for command environment
[5.206s] INFO:colcon.colcon_ros.task.ament_cmake.build:Building ROS package in '/home/hi/ros2_ws/src/robot_node1' with build type 'ament_cmake'
[5.210s] INFO:colcon.colcon_cmake.task.cmake.build:Building CMake package in '/home/hi/ros2_ws/src/robot_node1'
[5.212s] INFO:colcon.colcon_core.shell:Skip shell extension 'powershell' for command environment: Not usable outside of PowerShell
[5.212s] DEBUG:colcon.colcon_core.shell:Skip shell extension 'dsv' for command environment
[5.366s] DEBUG:colcon.colcon_core.event_handler.log_command:Invoking command in '/home/hi/ros2_ws/build/robot_description': CMAKE_PREFIX_PATH=${CMAKE_PREFIX_PATH}:/opt/ros/humble /usr/bin/cmake --build /home/hi/ros2_ws/build/robot_description -- -j4 -l4
[5.462s] DEBUG:colcon.colcon_core.event_handler.log_command:Invoking command in '/home/hi/ros2_ws/build/robot_navigation': CMAKE_PREFIX_PATH=${CMAKE_PREFIX_PATH}:/opt/ros/humble /usr/bin/cmake --build /home/hi/ros2_ws/build/robot_navigation -- -j4 -l4
[5.563s] DEBUG:colcon.colcon_core.event_handler.log_command:Invoking command in '/home/hi/ros2_ws/build/robot_node1': CMAKE_PREFIX_PATH=${CMAKE_PREFIX_PATH}:/opt/ros/humble /usr/bin/cmake --build /home/hi/ros2_ws/build/robot_node1 -- -j4 -l4
[6.420s] DEBUG:colcon.colcon_core.event_handler.log_command:Invoked command in '/home/hi/ros2_ws/build/robot_description' returned '0': CMAKE_PREFIX_PATH=${CMAKE_PREFIX_PATH}:/opt/ros/humble /usr/bin/cmake --build /home/hi/ros2_ws/build/robot_description -- -j4 -l4
[6.541s] DEBUG:colcon.colcon_core.event_handler.log_command:Invoked command in '/home/hi/ros2_ws/build/robot_navigation' returned '0': CMAKE_PREFIX_PATH=${CMAKE_PREFIX_PATH}:/opt/ros/humble /usr/bin/cmake --build /home/hi/ros2_ws/build/robot_navigation -- -j4 -l4
[6.712s] DEBUG:colcon.colcon_core.event_handler.log_command:Invoked command in '/home/hi/ros2_ws/build/robot_node1' returned '0': CMAKE_PREFIX_PATH=${CMAKE_PREFIX_PATH}:/opt/ros/humble /usr/bin/cmake --build /home/hi/ros2_ws/build/robot_node1 -- -j4 -l4
[6.914s] DEBUG:colcon.colcon_core.event_handler.log_command:Invoking command in '/home/hi/ros2_ws/build/robot_description': CMAKE_PREFIX_PATH=${CMAKE_PREFIX_PATH}:/opt/ros/humble /usr/bin/cmake --install /home/hi/ros2_ws/build/robot_description
[6.974s] DEBUG:colcon.colcon_core.event_handler.log_command:Invoking command in '/home/hi/ros2_ws/build/robot_navigation': CMAKE_PREFIX_PATH=${CMAKE_PREFIX_PATH}:/opt/ros/humble /usr/bin/cmake --install /home/hi/ros2_ws/build/robot_navigation
[7.059s] Level 1:colcon.colcon_core.environment:create_environment_scripts_only(robot_description)
[7.160s] DEBUG:colcon.colcon_core.event_handler.log_command:Invoked command in '/home/hi/ros2_ws/build/robot_description' returned '0': CMAKE_PREFIX_PATH=${CMAKE_PREFIX_PATH}:/opt/ros/humble /usr/bin/cmake --install /home/hi/ros2_ws/build/robot_description
[7.194s] Level 1:colcon.colcon_core.environment:checking '/home/hi/ros2_ws/install/robot_description' for CMake module files
[7.219s] Level 1:colcon.colcon_core.environment:checking '/home/hi/ros2_ws/install/robot_description' for CMake config files
[7.254s] Level 1:colcon.colcon_core.shell:create_environment_hook('robot_description', 'cmake_prefix_path')
[7.256s] INFO:colcon.colcon_core.shell:Creating environment hook '/home/hi/ros2_ws/install/robot_description/share/robot_description/hook/cmake_prefix_path.ps1'
[7.263s] INFO:colcon.colcon_core.shell:Creating environment descriptor '/home/hi/ros2_ws/install/robot_description/share/robot_description/hook/cmake_prefix_path.dsv'
[7.267s] INFO:colcon.colcon_core.shell:Creating environment hook '/home/hi/ros2_ws/install/robot_description/share/robot_description/hook/cmake_prefix_path.sh'
[7.276s] Level 1:colcon.colcon_core.environment:checking '/home/hi/ros2_ws/install/robot_description/bin'
[7.280s] Level 1:colcon.colcon_core.environment:checking '/home/hi/ros2_ws/install/robot_description/lib/pkgconfig/robot_description.pc'
[7.287s] Level 1:colcon.colcon_core.environment:checking '/home/hi/ros2_ws/install/robot_description/lib/python3.10/site-packages'
[7.290s] Level 1:colcon.colcon_core.environment:checking '/home/hi/ros2_ws/install/robot_description/bin'
[7.293s] INFO:colcon.colcon_core.shell:Creating package script '/home/hi/ros2_ws/install/robot_description/share/robot_description/package.ps1'
[7.306s] INFO:colcon.colcon_core.shell:Creating package descriptor '/home/hi/ros2_ws/install/robot_description/share/robot_description/package.dsv'
[7.311s] INFO:colcon.colcon_core.shell:Creating package script '/home/hi/ros2_ws/install/robot_description/share/robot_description/package.sh'
[7.318s] INFO:colcon.colcon_core.shell:Creating package script '/home/hi/ros2_ws/install/robot_description/share/robot_description/package.bash'
[7.327s] INFO:colcon.colcon_core.shell:Creating package script '/home/hi/ros2_ws/install/robot_description/share/robot_description/package.zsh'
[7.337s] Level 1:colcon.colcon_core.environment:create_file_with_runtime_dependencies(/home/hi/ros2_ws/install/robot_description/share/colcon-core/packages/robot_description)
[7.408s] DEBUG:colcon.colcon_core.event_handler.log_command:Invoking command in '/home/hi/ros2_ws/build/robot_node1': CMAKE_PREFIX_PATH=${CMAKE_PREFIX_PATH}:/opt/ros/humble /usr/bin/cmake --install /home/hi/ros2_ws/build/robot_node1
[7.426s] Level 1:colcon.colcon_core.environment:create_environment_scripts_only(robot_navigation)
[7.430s] DEBUG:colcon.colcon_core.event_handler.log_command:Invoked command in '/home/hi/ros2_ws/build/robot_navigation' returned '0': CMAKE_PREFIX_PATH=${CMAKE_PREFIX_PATH}:/opt/ros/humble /usr/bin/cmake --install /home/hi/ros2_ws/build/robot_navigation
[7.434s] Level 1:colcon.colcon_core.environment:checking '/home/hi/ros2_ws/install/robot_navigation' for CMake module files
[7.461s] Level 1:colcon.colcon_core.environment:checking '/home/hi/ros2_ws/install/robot_navigation' for CMake config files
[7.469s] Level 1:colcon.colcon_core.shell:create_environment_hook('robot_navigation', 'cmake_prefix_path')
[7.474s] INFO:colcon.colcon_core.shell:Creating environment hook '/home/hi/ros2_ws/install/robot_navigation/share/robot_navigation/hook/cmake_prefix_path.ps1'
[7.485s] INFO:colcon.colcon_core.shell:Creating environment descriptor '/home/hi/ros2_ws/install/robot_navigation/share/robot_navigation/hook/cmake_prefix_path.dsv'
[7.506s] INFO:colcon.colcon_core.shell:Creating environment hook '/home/hi/ros2_ws/install/robot_navigation/share/robot_navigation/hook/cmake_prefix_path.sh'
[7.523s] Level 1:colcon.colcon_core.environment:checking '/home/hi/ros2_ws/install/robot_navigation/bin'
[7.524s] Level 1:colcon.colcon_core.environment:checking '/home/hi/ros2_ws/install/robot_navigation/lib/pkgconfig/robot_navigation.pc'
[7.544s] Level 1:colcon.colcon_core.environment:checking '/home/hi/ros2_ws/install/robot_navigation/lib/python3.10/site-packages'
[7.556s] Level 1:colcon.colcon_core.environment:checking '/home/hi/ros2_ws/install/robot_navigation/bin'
[7.610s] INFO:colcon.colcon_core.shell:Creating package script '/home/hi/ros2_ws/install/robot_navigation/share/robot_navigation/package.ps1'
[7.640s] INFO:colcon.colcon_core.shell:Creating package descriptor '/home/hi/ros2_ws/install/robot_navigation/share/robot_navigation/package.dsv'
[7.666s] INFO:colcon.colcon_core.shell:Creating package script '/home/hi/ros2_ws/install/robot_navigation/share/robot_navigation/package.sh'
[7.672s] INFO:colcon.colcon_core.shell:Creating package script '/home/hi/ros2_ws/install/robot_navigation/share/robot_navigation/package.bash'
[7.682s] INFO:colcon.colcon_core.shell:Creating package script '/home/hi/ros2_ws/install/robot_navigation/share/robot_navigation/package.zsh'
[7.692s] Level 1:colcon.colcon_core.environment:create_file_with_runtime_dependencies(/home/hi/ros2_ws/install/robot_navigation/share/colcon-core/packages/robot_navigation)
[7.744s] DEBUG:colcon.colcon_core.event_handler.log_command:Invoked command in '/home/hi/ros2_ws/build/robot_node1' returned '0': CMAKE_PREFIX_PATH=${CMAKE_PREFIX_PATH}:/opt/ros/humble /usr/bin/cmake --install /home/hi/ros2_ws/build/robot_node1
[7.737s] Level 1:colcon.colcon_core.environment:create_environment_scripts_only(robot_node1)
[7.749s] Level 1:colcon.colcon_core.environment:checking '/home/hi/ros2_ws/install/robot_node1' for CMake module files
[7.764s] Level 1:colcon.colcon_core.environment:checking '/home/hi/ros2_ws/install/robot_node1' for CMake config files
[7.774s] Level 1:colcon.colcon_core.shell:create_environment_hook('robot_node1', 'cmake_prefix_path')
[7.777s] INFO:colcon.colcon_core.shell:Creating environment hook '/home/hi/ros2_ws/install/robot_node1/share/robot_node1/hook/cmake_prefix_path.ps1'
[7.791s] INFO:colcon.colcon_core.shell:Creating environment descriptor '/home/hi/ros2_ws/install/robot_node1/share/robot_node1/hook/cmake_prefix_path.dsv'
[7.800s] INFO:colcon.colcon_core.shell:Creating environment hook '/home/hi/ros2_ws/install/robot_node1/share/robot_node1/hook/cmake_prefix_path.sh'
[7.814s] Level 1:colcon.colcon_core.environment:checking '/home/hi/ros2_ws/install/robot_node1/lib'
[7.815s] Level 1:colcon.colcon_core.environment:checking '/home/hi/ros2_ws/install/robot_node1/bin'
[7.816s] Level 1:colcon.colcon_core.environment:checking '/home/hi/ros2_ws/install/robot_node1/lib/pkgconfig/robot_node1.pc'
[7.818s] Level 1:colcon.colcon_core.environment:checking '/home/hi/ros2_ws/install/robot_node1/lib/python3.10/site-packages'
[7.819s] Level 1:colcon.colcon_core.environment:checking '/home/hi/ros2_ws/install/robot_node1/bin'
[7.822s] INFO:colcon.colcon_core.shell:Creating package script '/home/hi/ros2_ws/install/robot_node1/share/robot_node1/package.ps1'
[7.832s] INFO:colcon.colcon_core.shell:Creating package descriptor '/home/hi/ros2_ws/install/robot_node1/share/robot_node1/package.dsv'
[7.835s] INFO:colcon.colcon_core.shell:Creating package script '/home/hi/ros2_ws/install/robot_node1/share/robot_node1/package.sh'
[7.839s] INFO:colcon.colcon_core.shell:Creating package script '/home/hi/ros2_ws/install/robot_node1/share/robot_node1/package.bash'
[7.841s] INFO:colcon.colcon_core.shell:Creating package script '/home/hi/ros2_ws/install/robot_node1/share/robot_node1/package.zsh'
[7.844s] Level 1:colcon.colcon_core.environment:create_file_with_runtime_dependencies(/home/hi/ros2_ws/install/robot_node1/share/colcon-core/packages/robot_node1)
[7.864s] Level 1:colcon.colcon_core.environment:create_environment_scripts_only(robot_description)
[7.867s] Level 1:colcon.colcon_core.environment:checking '/home/hi/ros2_ws/install/robot_description' for CMake module files
[7.878s] Level 1:colcon.colcon_core.environment:checking '/home/hi/ros2_ws/install/robot_description' for CMake config files
[7.889s] Level 1:colcon.colcon_core.shell:create_environment_hook('robot_description', 'cmake_prefix_path')
[7.893s] INFO:colcon.colcon_core.shell:Creating environment hook '/home/hi/ros2_ws/install/robot_description/share/robot_description/hook/cmake_prefix_path.ps1'
[7.901s] INFO:colcon.colcon_core.shell:Creating environment descriptor '/home/hi/ros2_ws/install/robot_description/share/robot_description/hook/cmake_prefix_path.dsv'
[7.907s] INFO:colcon.colcon_core.shell:Creating environment hook '/home/hi/ros2_ws/install/robot_description/share/robot_description/hook/cmake_prefix_path.sh'
[7.914s] Level 1:colcon.colcon_core.environment:checking '/home/hi/ros2_ws/install/robot_description/bin'
[7.915s] Level 1:colcon.colcon_core.environment:checking '/home/hi/ros2_ws/install/robot_description/lib/pkgconfig/robot_description.pc'
[7.920s] Level 1:colcon.colcon_core.environment:checking '/home/hi/ros2_ws/install/robot_description/lib/python3.10/site-packages'
[7.922s] Level 1:colcon.colcon_core.environment:checking '/home/hi/ros2_ws/install/robot_description/bin'
[7.926s] INFO:colcon.colcon_core.shell:Creating package script '/home/hi/ros2_ws/install/robot_description/share/robot_description/package.ps1'
[7.947s] INFO:colcon.colcon_core.shell:Creating package descriptor '/home/hi/ros2_ws/install/robot_description/share/robot_description/package.dsv'
[7.957s] INFO:colcon.colcon_core.shell:Creating package script '/home/hi/ros2_ws/install/robot_description/share/robot_description/package.sh'
[7.962s] INFO:colcon.colcon_core.shell:Creating package script '/home/hi/ros2_ws/install/robot_description/share/robot_description/package.bash'
[7.967s] INFO:colcon.colcon_core.shell:Creating package script '/home/hi/ros2_ws/install/robot_description/share/robot_description/package.zsh'
[7.974s] Level 1:colcon.colcon_core.environment:create_file_with_runtime_dependencies(/home/hi/ros2_ws/install/robot_description/share/colcon-core/packages/robot_description)
[7.990s] INFO:colcon.colcon_ros.task.ament_cmake.build:Building ROS package in '/home/hi/ros2_ws/src/bringup' with build type 'ament_cmake'
[7.992s] INFO:colcon.colcon_cmake.task.cmake.build:Building CMake package in '/home/hi/ros2_ws/src/bringup'
[7.997s] INFO:colcon.colcon_core.shell:Skip shell extension 'powershell' for command environment: Not usable outside of PowerShell
[7.998s] DEBUG:colcon.colcon_core.shell:Skip shell extension 'dsv' for command environment
[8.082s] Level 1:colcon.colcon_core.environment:create_environment_scripts_only(robot_navigation)
[8.085s] Level 1:colcon.colcon_core.environment:checking '/home/hi/ros2_ws/install/robot_navigation' for CMake module files
[8.093s] Level 1:colcon.colcon_core.environment:checking '/home/hi/ros2_ws/install/robot_navigation' for CMake config files
[8.099s] Level 1:colcon.colcon_core.shell:create_environment_hook('robot_navigation', 'cmake_prefix_path')
[8.111s] INFO:colcon.colcon_core.shell:Creating environment hook '/home/hi/ros2_ws/install/robot_navigation/share/robot_navigation/hook/cmake_prefix_path.ps1'
[8.123s] INFO:colcon.colcon_core.shell:Creating environment descriptor '/home/hi/ros2_ws/install/robot_navigation/share/robot_navigation/hook/cmake_prefix_path.dsv'
[8.136s] INFO:colcon.colcon_core.shell:Creating environment hook '/home/hi/ros2_ws/install/robot_navigation/share/robot_navigation/hook/cmake_prefix_path.sh'
[8.153s] Level 1:colcon.colcon_core.environment:checking '/home/hi/ros2_ws/install/robot_navigation/bin'
[8.154s] Level 1:colcon.colcon_core.environment:checking '/home/hi/ros2_ws/install/robot_navigation/lib/pkgconfig/robot_navigation.pc'
[8.161s] Level 1:colcon.colcon_core.environment:checking '/home/hi/ros2_ws/install/robot_navigation/lib/python3.10/site-packages'
[8.167s] Level 1:colcon.colcon_core.environment:checking '/home/hi/ros2_ws/install/robot_navigation/bin'
[8.169s] INFO:colcon.colcon_core.shell:Creating package script '/home/hi/ros2_ws/install/robot_navigation/share/robot_navigation/package.ps1'
[8.181s] INFO:colcon.colcon_core.shell:Creating package descriptor '/home/hi/ros2_ws/install/robot_navigation/share/robot_navigation/package.dsv'
[8.189s] INFO:colcon.colcon_core.shell:Creating package script '/home/hi/ros2_ws/install/robot_navigation/share/robot_navigation/package.sh'
[8.197s] INFO:colcon.colcon_core.shell:Creating package script '/home/hi/ros2_ws/install/robot_navigation/share/robot_navigation/package.bash'
[8.214s] INFO:colcon.colcon_core.shell:Creating package script '/home/hi/ros2_ws/install/robot_navigation/share/robot_navigation/package.zsh'
[8.220s] Level 1:colcon.colcon_core.environment:create_file_with_runtime_dependencies(/home/hi/ros2_ws/install/robot_navigation/share/colcon-core/packages/robot_navigation)
[8.273s] DEBUG:colcon.colcon_core.event_handler.log_command:Invoking command in '/home/hi/ros2_ws/build/bringup': CMAKE_PREFIX_PATH=/home/hi/ros2_ws/install/robot_description:/home/hi/ros2_ws/install/robot_node1:/home/hi/ros2_ws/install/robot_navigation:/home/hi/ros2_ws/install/bringup:/opt/ros/humble /usr/bin/cmake --build /home/hi/ros2_ws/build/bringup -- -j4 -l4
[8.423s] Level 1:colcon.colcon_core.environment:create_environment_scripts_only(robot_node1)
[8.439s] Level 1:colcon.colcon_core.environment:checking '/home/hi/ros2_ws/install/robot_node1' for CMake module files
[8.455s] Level 1:colcon.colcon_core.environment:checking '/home/hi/ros2_ws/install/robot_node1' for CMake config files
[8.467s] Level 1:colcon.colcon_core.shell:create_environment_hook('robot_node1', 'cmake_prefix_path')
[8.474s] INFO:colcon.colcon_core.shell:Creating environment hook '/home/hi/ros2_ws/install/robot_node1/share/robot_node1/hook/cmake_prefix_path.ps1'
[8.482s] INFO:colcon.colcon_core.shell:Creating environment descriptor '/home/hi/ros2_ws/install/robot_node1/share/robot_node1/hook/cmake_prefix_path.dsv'
[8.488s] INFO:colcon.colcon_core.shell:Creating environment hook '/home/hi/ros2_ws/install/robot_node1/share/robot_node1/hook/cmake_prefix_path.sh'
[8.497s] Level 1:colcon.colcon_core.environment:checking '/home/hi/ros2_ws/install/robot_node1/lib'
[8.501s] Level 1:colcon.colcon_core.environment:checking '/home/hi/ros2_ws/install/robot_node1/bin'
[8.503s] Level 1:colcon.colcon_core.environment:checking '/home/hi/ros2_ws/install/robot_node1/lib/pkgconfig/robot_node1.pc'
[8.505s] Level 1:colcon.colcon_core.environment:checking '/home/hi/ros2_ws/install/robot_node1/lib/python3.10/site-packages'
[8.507s] Level 1:colcon.colcon_core.environment:checking '/home/hi/ros2_ws/install/robot_node1/bin'
[8.514s] INFO:colcon.colcon_core.shell:Creating package script '/home/hi/ros2_ws/install/robot_node1/share/robot_node1/package.ps1'
[8.535s] INFO:colcon.colcon_core.shell:Creating package descriptor '/home/hi/ros2_ws/install/robot_node1/share/robot_node1/package.dsv'
[8.550s] INFO:colcon.colcon_core.shell:Creating package script '/home/hi/ros2_ws/install/robot_node1/share/robot_node1/package.sh'
[8.558s] INFO:colcon.colcon_core.shell:Creating package script '/home/hi/ros2_ws/install/robot_node1/share/robot_node1/package.bash'
[8.564s] INFO:colcon.colcon_core.shell:Creating package script '/home/hi/ros2_ws/install/robot_node1/share/robot_node1/package.zsh'
[8.573s] Level 1:colcon.colcon_core.environment:create_file_with_runtime_dependencies(/home/hi/ros2_ws/install/robot_node1/share/colcon-core/packages/robot_node1)
[8.661s] DEBUG:colcon.colcon_core.event_handler.log_command:Invoked command in '/home/hi/ros2_ws/build/bringup' returned '0': CMAKE_PREFIX_PATH=/home/hi/ros2_ws/install/robot_description:/home/hi/ros2_ws/install/robot_node1:/home/hi/ros2_ws/install/robot_navigation:/home/hi/ros2_ws/install/bringup:/opt/ros/humble /usr/bin/cmake --build /home/hi/ros2_ws/build/bringup -- -j4 -l4
[8.921s] DEBUG:colcon.colcon_core.event_handler.log_command:Invoking command in '/home/hi/ros2_ws/build/bringup': CMAKE_PREFIX_PATH=/home/hi/ros2_ws/install/robot_description:/home/hi/ros2_ws/install/robot_node1:/home/hi/ros2_ws/install/robot_navigation:/home/hi/ros2_ws/install/bringup:/opt/ros/humble /usr/bin/cmake --install /home/hi/ros2_ws/build/bringup
[9.015s] Level 1:colcon.colcon_core.environment:create_environment_scripts_only(bringup)
[9.019s] Level 1:colcon.colcon_core.environment:checking '/home/hi/ros2_ws/install/bringup' for CMake module files
[9.038s] Level 1:colcon.colcon_core.environment:checking '/home/hi/ros2_ws/install/bringup' for CMake config files
[9.044s] DEBUG:colcon.colcon_core.event_handler.log_command:Invoked command in '/home/hi/ros2_ws/build/bringup' returned '0': CMAKE_PREFIX_PATH=/home/hi/ros2_ws/install/robot_description:/home/hi/ros2_ws/install/robot_node1:/home/hi/ros2_ws/install/robot_navigation:/home/hi/ros2_ws/install/bringup:/opt/ros/humble /usr/bin/cmake --install /home/hi/ros2_ws/build/bringup
[9.047s] Level 1:colcon.colcon_core.shell:create_environment_hook('bringup', 'cmake_prefix_path')
[9.049s] INFO:colcon.colcon_core.shell:Creating environment hook '/home/hi/ros2_ws/install/bringup/share/bringup/hook/cmake_prefix_path.ps1'
[9.055s] INFO:colcon.colcon_core.shell:Creating environment descriptor '/home/hi/ros2_ws/install/bringup/share/bringup/hook/cmake_prefix_path.dsv'
[9.060s] INFO:colcon.colcon_core.shell:Creating environment hook '/home/hi/ros2_ws/install/bringup/share/bringup/hook/cmake_prefix_path.sh'
[9.070s] Level 1:colcon.colcon_core.environment:checking '/home/hi/ros2_ws/install/bringup/bin'
[9.072s] Level 1:colcon.colcon_core.environment:checking '/home/hi/ros2_ws/install/bringup/lib/pkgconfig/bringup.pc'
[9.074s] Level 1:colcon.colcon_core.environment:checking '/home/hi/ros2_ws/install/bringup/lib/python3.10/site-packages'
[9.090s] Level 1:colcon.colcon_core.environment:checking '/home/hi/ros2_ws/install/bringup/bin'
[9.093s] INFO:colcon.colcon_core.shell:Creating package script '/home/hi/ros2_ws/install/bringup/share/bringup/package.ps1'
[9.103s] INFO:colcon.colcon_core.shell:Creating package descriptor '/home/hi/ros2_ws/install/bringup/share/bringup/package.dsv'
[9.108s] INFO:colcon.colcon_core.shell:Creating package script '/home/hi/ros2_ws/install/bringup/share/bringup/package.sh'
[9.117s] INFO:colcon.colcon_core.shell:Creating package script '/home/hi/ros2_ws/install/bringup/share/bringup/package.bash'
[9.124s] INFO:colcon.colcon_core.shell:Creating package script '/home/hi/ros2_ws/install/bringup/share/bringup/package.zsh'
[9.128s] Level 1:colcon.colcon_core.environment:create_file_with_runtime_dependencies(/home/hi/ros2_ws/install/bringup/share/colcon-core/packages/bringup)
[9.352s] Level 1:colcon.colcon_core.environment:create_environment_scripts_only(bringup)
[9.354s] Level 1:colcon.colcon_core.environment:checking '/home/hi/ros2_ws/install/bringup' for CMake module files
[9.361s] Level 1:colcon.colcon_core.environment:checking '/home/hi/ros2_ws/install/bringup' for CMake config files
[9.365s] Level 1:colcon.colcon_core.shell:create_environment_hook('bringup', 'cmake_prefix_path')
[9.368s] INFO:colcon.colcon_core.shell:Creating environment hook '/home/hi/ros2_ws/install/bringup/share/bringup/hook/cmake_prefix_path.ps1'
[9.373s] INFO:colcon.colcon_core.shell:Creating environment descriptor '/home/hi/ros2_ws/install/bringup/share/bringup/hook/cmake_prefix_path.dsv'
[9.376s] INFO:colcon.colcon_core.shell:Creating environment hook '/home/hi/ros2_ws/install/bringup/share/bringup/hook/cmake_prefix_path.sh'
[9.383s] Level 1:colcon.colcon_core.environment:checking '/home/hi/ros2_ws/install/bringup/bin'
[9.384s] Level 1:colcon.colcon_core.environment:checking '/home/hi/ros2_ws/install/bringup/lib/pkgconfig/bringup.pc'
[9.386s] Level 1:colcon.colcon_core.environment:checking '/home/hi/ros2_ws/install/bringup/lib/python3.10/site-packages'
[9.389s] Level 1:colcon.colcon_core.environment:checking '/home/hi/ros2_ws/install/bringup/bin'
[9.391s] INFO:colcon.colcon_core.shell:Creating package script '/home/hi/ros2_ws/install/bringup/share/bringup/package.ps1'
[9.400s] INFO:colcon.colcon_core.shell:Creating package descriptor '/home/hi/ros2_ws/install/bringup/share/bringup/package.dsv'
[9.404s] INFO:colcon.colcon_core.shell:Creating package script '/home/hi/ros2_ws/install/bringup/share/bringup/package.sh'
[9.421s] INFO:colcon.colcon_core.shell:Creating package script '/home/hi/ros2_ws/install/bringup/share/bringup/package.bash'
[9.426s] INFO:colcon.colcon_core.shell:Creating package script '/home/hi/ros2_ws/install/bringup/share/bringup/package.zsh'
[9.430s] Level 1:colcon.colcon_core.environment:create_file_with_runtime_dependencies(/home/hi/ros2_ws/install/bringup/share/colcon-core/packages/bringup)
[9.435s] DEBUG:colcon.colcon_parallel_executor.executor.parallel:closing loop
[9.443s] DEBUG:colcon.colcon_parallel_executor.executor.parallel:loop closed
[9.444s] DEBUG:colcon.colcon_parallel_executor.executor.parallel:run_until_complete finished with '0'
[9.445s] DEBUG:colcon.colcon_core.event_reactor:joining thread
[9.511s] INFO:colcon.colcon_core.plugin_system:Skipping extension 'colcon_notification.desktop_notification.terminal_notifier': Not used on non-Darwin systems
[9.513s] INFO:colcon.colcon_core.plugin_system:Skipping extension 'colcon_notification.desktop_notification.win32': Not used on non-Windows systems
[9.515s] INFO:colcon.colcon_notification.desktop_notification:Sending desktop notification using 'notify2'
[9.642s] DEBUG:colcon.colcon_core.event_reactor:joined thread
[9.645s] INFO:colcon.colcon_core.shell:Creating prefix script '/home/hi/ros2_ws/install/local_setup.ps1'
[9.657s] INFO:colcon.colcon_core.shell:Creating prefix util module '/home/hi/ros2_ws/install/_local_setup_util_ps1.py'
[9.668s] INFO:colcon.colcon_core.shell:Creating prefix chain script '/home/hi/ros2_ws/install/setup.ps1'
[9.682s] INFO:colcon.colcon_core.shell:Creating prefix script '/home/hi/ros2_ws/install/local_setup.sh'
[9.686s] INFO:colcon.colcon_core.shell:Creating prefix util module '/home/hi/ros2_ws/install/_local_setup_util_sh.py'
[9.689s] INFO:colcon.colcon_core.shell:Creating prefix chain script '/home/hi/ros2_ws/install/setup.sh'
[9.699s] INFO:colcon.colcon_core.shell:Creating prefix script '/home/hi/ros2_ws/install/local_setup.bash'
[9.706s] INFO:colcon.colcon_core.shell:Creating prefix chain script '/home/hi/ros2_ws/install/setup.bash'
[9.717s] INFO:colcon.colcon_core.shell:Creating prefix script '/home/hi/ros2_ws/install/local_setup.zsh'
[9.726s] INFO:colcon.colcon_core.shell:Creating prefix chain script '/home/hi/ros2_ws/install/setup.zsh'
