[0.032s] Invoking command in '/home/r/ros2_ws/build/bringup': CMAKE_PREFIX_PATH=/home/r/ros2_ws/install/robot_description:/home/r/ros2_ws/install/robot_navigation:/home/r/ros2_ws/install/bringup:/home/r/lidar_ws/install/sllidar_ros2:/opt/ros/humble /usr/bin/cmake --build /home/r/ros2_ws/build/bringup -- -j2 -l2
[0.152s] -- Found ament_cmake: 1.3.10 (/opt/ros/humble/share/ament_cmake/cmake)
[0.948s] -- Found ament_lint_auto: 0.12.11 (/opt/ros/humble/share/ament_lint_auto/cmake)
[1.155s] -- Added test 'flake8' to check Python code syntax and style conventions
[1.157s] -- Added test 'lint_cmake' to check CMake code style
[1.158s] -- Added test 'pep257' to check Python code against some of the docstring style conventions in PEP 257
[1.160s] -- Added test 'xmllint' to check XML markup files
[1.161s] -- Configuring done
[1.187s] -- Generating done
[1.195s] -- Build files have been written to: /home/r/ros2_ws/build/bringup
[1.247s] Invoked command in '/home/r/ros2_ws/build/bringup' returned '0': CMAKE_PREFIX_PATH=/home/r/ros2_ws/install/robot_description:/home/r/ros2_ws/install/robot_navigation:/home/r/ros2_ws/install/bringup:/home/r/lidar_ws/install/sllidar_ros2:/opt/ros/humble /usr/bin/cmake --build /home/r/ros2_ws/build/bringup -- -j2 -l2
[1.423s] Invoking command in '/home/r/ros2_ws/build/bringup': CMAKE_PREFIX_PATH=/home/r/ros2_ws/install/robot_description:/home/r/ros2_ws/install/robot_navigation:/home/r/ros2_ws/install/bringup:/home/r/lidar_ws/install/sllidar_ros2:/opt/ros/humble /usr/bin/cmake --install /home/r/ros2_ws/build/bringup
[1.438s] -- Install configuration: ""
[1.438s] -- Up-to-date: /home/r/ros2_ws/install/bringup/share/bringup/launch
[1.438s] -- Up-to-date: /home/r/ros2_ws/install/bringup/share/bringup/launch/rviz.launch.py
[1.438s] -- Up-to-date: /home/r/ros2_ws/install/bringup/share/bringup/launch/robot_state_publisher.launch.py
[1.438s] -- Up-to-date: /home/r/ros2_ws/install/bringup/share/bringup/launch/robot_localization.launch.py
[1.438s] -- Up-to-date: /home/r/ros2_ws/install/bringup/share/bringup/launch/robot.launch.py
[1.438s] -- Installing: /home/r/ros2_ws/install/bringup/share/ament_index/resource_index/package_run_dependencies/bringup
[1.439s] -- Installing: /home/r/ros2_ws/install/bringup/share/ament_index/resource_index/parent_prefix_path/bringup
[1.439s] -- Up-to-date: /home/r/ros2_ws/install/bringup/share/bringup/environment/ament_prefix_path.sh
[1.439s] -- Installing: /home/r/ros2_ws/install/bringup/share/bringup/environment/ament_prefix_path.dsv
[1.439s] -- Up-to-date: /home/r/ros2_ws/install/bringup/share/bringup/environment/path.sh
[1.439s] -- Installing: /home/r/ros2_ws/install/bringup/share/bringup/environment/path.dsv
[1.439s] -- Up-to-date: /home/r/ros2_ws/install/bringup/share/bringup/local_setup.bash
[1.439s] -- Up-to-date: /home/r/ros2_ws/install/bringup/share/bringup/local_setup.sh
[1.439s] -- Up-to-date: /home/r/ros2_ws/install/bringup/share/bringup/local_setup.zsh
[1.439s] -- Installing: /home/r/ros2_ws/install/bringup/share/bringup/local_setup.dsv
[1.439s] -- Installing: /home/r/ros2_ws/install/bringup/share/bringup/package.dsv
[1.440s] -- Up-to-date: /home/r/ros2_ws/install/bringup/share/ament_index/resource_index/packages/bringup
[1.440s] -- Up-to-date: /home/r/ros2_ws/install/bringup/share/bringup/cmake/bringupConfig.cmake
[1.440s] -- Up-to-date: /home/r/ros2_ws/install/bringup/share/bringup/cmake/bringupConfig-version.cmake
[1.440s] -- Installing: /home/r/ros2_ws/install/bringup/share/bringup/package.xml
[1.443s] Invoked command in '/home/r/ros2_ws/build/bringup' returned '0': CMAKE_PREFIX_PATH=/home/r/ros2_ws/install/robot_description:/home/r/ros2_ws/install/robot_navigation:/home/r/ros2_ws/install/bringup:/home/r/lidar_ws/install/sllidar_ros2:/opt/ros/humble /usr/bin/cmake --install /home/r/ros2_ws/build/bringup
