[0.103s] Invoking command in '/home/hi/ros2_ws/build/robot_node1': /usr/bin/cmake /home/hi/ros2_ws/src/robot_node1 -DCMAKE_INSTALL_PREFIX=/home/hi/ros2_ws/install/robot_node1
[0.491s] -- The C compiler identification is GNU 11.4.0
[0.910s] -- The CXX compiler identification is GNU 11.4.0
[0.941s] -- Detecting C compiler ABI info
[1.355s] -- Detecting C compiler ABI info - done
[1.381s] -- Check for working C compiler: /usr/bin/cc - skipped
[1.384s] -- Detecting C compile features
[1.385s] -- Detecting C compile features - done
[1.410s] -- Detecting CXX compiler ABI info
[1.921s] -- Detecting CXX compiler ABI info - done
[1.954s] -- Check for working CXX compiler: /usr/bin/c++ - skipped
[1.955s] -- Detecting CXX compile features
[1.957s] -- Detecting CXX compile features - done
[1.989s] -- Found ament_cmake: 1.3.9 (/opt/ros/humble/share/ament_cmake/cmake)
[3.172s] -- Found Python3: /usr/bin/python3 (found version "3.10.12") found components: Interpreter 
[3.950s] -- Found rclcpp: 16.0.9 (/opt/ros/humble/share/rclcpp/cmake)
[4.380s] -- Found rosidl_generator_c: 3.1.5 (/opt/ros/humble/share/rosidl_generator_c/cmake)
[4.431s] -- Found rosidl_adapter: 3.1.5 (/opt/ros/humble/share/rosidl_adapter/cmake)
[4.504s] -- Found rosidl_generator_cpp: 3.1.5 (/opt/ros/humble/share/rosidl_generator_cpp/cmake)
[4.606s] [31mCMake Error at /opt/ros/humble/share/rosidl_typesupport_c/cmake/get_used_typesupports.cmake:35 (message):
[4.606s]   No 'rosidl_typesupport_c' found
[4.607s] Call Stack (most recent call first):
[4.607s]   /opt/ros/humble/share/rosidl_typesupport_c/cmake/rosidl_typesupport_c-extras.cmake:8 (get_used_typesupports)
[4.608s]   /opt/ros/humble/share/rosidl_typesupport_c/cmake/rosidl_typesupport_cConfig.cmake:41 (include)
[4.608s]   /opt/ros/humble/share/builtin_interfaces/cmake/ament_cmake_export_dependencies-extras.cmake:21 (find_package)
[4.609s]   /opt/ros/humble/share/builtin_interfaces/cmake/builtin_interfacesConfig.cmake:41 (include)
[4.609s]   /opt/ros/humble/share/libstatistics_collector/cmake/ament_cmake_export_dependencies-extras.cmake:21 (find_package)
[4.610s]   /opt/ros/humble/share/libstatistics_collector/cmake/libstatistics_collectorConfig.cmake:41 (include)
[4.611s]   /opt/ros/humble/share/rclcpp/cmake/ament_cmake_export_dependencies-extras.cmake:21 (find_package)
[4.612s]   /opt/ros/humble/share/rclcpp/cmake/rclcppConfig.cmake:41 (include)
[4.613s]   CMakeLists.txt:10 (find_package)
[4.614s] 
[4.616s] [0m
[4.618s] -- Configuring incomplete, errors occurred!
[4.621s] See also "/home/hi/ros2_ws/build/robot_node1/CMakeFiles/CMakeOutput.log".
[4.642s] Invoked command in '/home/hi/ros2_ws/build/robot_node1' returned '1': /usr/bin/cmake /home/hi/ros2_ws/src/robot_node1 -DCMAKE_INSTALL_PREFIX=/home/hi/ros2_ws/install/robot_node1
